#
# There is insufficient memory for the Java Runtime Environment to continue.
# Native memory allocation (mmap) failed to map 23068672 bytes for committing reserved memory.
# Possible reasons:
#   The system is out of physical RAM or swap space
#   In 32 bit mode, the process size limit was hit
# Possible solutions:
#   Reduce memory load on the system
#   Increase physical memory or swap space
#   Check if swap backing store is full
#   Use 64 bit Java on a 64 bit OS
#   Decrease Java heap size (-Xmx/-Xms)
#   Decrease number of Java threads
#   Decrease Java thread stack sizes (-Xss)
#   Set larger code cache with -XX:ReservedCodeCacheSize=
# This output file may be truncated or incomplete.
#
#  Out of Memory Error (os_linux.cpp:2673), pid=16835, tid=140328009946880
#
# JRE version: OpenJDK Runtime Environment (8.0_40-b20) (build 1.8.0_40-b20)
# Java VM: OpenJDK 64-Bit Server VM (25.40-b23 mixed mode linux-amd64 compressed oops)
# Failed to write core dump. Core dumps have been disabled. To enable core dumping, try "ulimit -c unlimited" before starting Java again
#

---------------  T H R E A D  ---------------

Current thread (0x00007fa0a4071800):  VMThread [stack: 0x00007fa0a91f5000,0x00007fa0a92f6000] [id=16853]

Stack: [0x00007fa0a91f5000,0x00007fa0a92f6000],  sp=0x00007fa0a92f44d0,  free space=1021k
Native frames: (J=compiled Java code, j=interpreted, Vv=VM code, C=native code)
V  [libjvm.so+0xa8e69d]
V  [libjvm.so+0x4e856c]
V  [libjvm.so+0x8df110]
V  [libjvm.so+0x8d98de]
V  [libjvm.so+0x952cdb]
V  [libjvm.so+0x954043]
V  [libjvm.so+0x950cce]
V  [libjvm.so+0x950fbc]
V  [libjvm.so+0x903a63]
V  [libjvm.so+0xa90112]
V  [libjvm.so+0xa94c17]
V  [libjvm.so+0xa92f1c]
V  [libjvm.so+0xa93737]
V  [libjvm.so+0xa93c71]
V  [libjvm.so+0x8dc612]

VM_Operation (0x00007fa06b874300): ParallelGCFailedAllocation, mode: safepoint, requested by thread 0x00007fa0a41f6000


---------------  P R O C E S S  ---------------

Java Threads: ( => current thread )
  0x00007fa0a4008800 JavaThread "DestroyJavaVM" [_thread_blocked, id=16840, stack(0x00007fa0addec000,0x00007fa0adeed000)]
  0x00007fa0a41f6000 JavaThread "AWT-EventQueue-0" [_thread_blocked, id=17116, stack(0x00007fa06b776000,0x00007fa06b877000)]
  0x00007fa0a41f4800 JavaThread "AWT-Shutdown" [_thread_blocked, id=17115, stack(0x00007fa06b877000,0x00007fa06b978000)]
  0x00007fa0a41f0800 JavaThread "AWT-XAWT" daemon [_thread_blocked, id=17113, stack(0x00007fa090037000,0x00007fa090138000)]
  0x00007fa0a41c9800 JavaThread "Java2D Disposer" daemon [_thread_blocked, id=17098, stack(0x00007fa0a80b7000,0x00007fa0a81b8000)]
  0x00007fa0a40b2800 JavaThread "Service Thread" daemon [_thread_blocked, id=16863, stack(0x00007fa0a8a64000,0x00007fa0a8b65000)]
  0x00007fa0a40ad800 JavaThread "C1 CompilerThread1" daemon [_thread_blocked, id=16862, stack(0x00007fa0a8b65000,0x00007fa0a8c66000)]
  0x00007fa0a40aa800 JavaThread "C2 CompilerThread0" daemon [_thread_blocked, id=16861, stack(0x00007fa0a8c66000,0x00007fa0a8d67000)]
  0x00007fa0a40a9000 JavaThread "Signal Dispatcher" daemon [_thread_blocked, id=16860, stack(0x00007fa0a8d67000,0x00007fa0a8e68000)]
  0x00007fa0a4078800 JavaThread "Finalizer" daemon [_thread_blocked, id=16855, stack(0x00007fa0a8ff3000,0x00007fa0a90f4000)]
  0x00007fa0a4076800 JavaThread "Reference Handler" daemon [_thread_blocked, id=16854, stack(0x00007fa0a90f4000,0x00007fa0a91f5000)]

Other Threads:
=>0x00007fa0a4071800 VMThread [stack: 0x00007fa0a91f5000,0x00007fa0a92f6000] [id=16853]
  0x00007fa0a40b4800 WatcherThread [stack: 0x00007fa0a8963000,0x00007fa0a8a64000] [id=16864]

VM state:at safepoint (normal execution)

VM Mutex/Monitor currently owned by a thread:  ([mutex/lock_event])
[0x00007fa0a4006050] Threads_lock - owner thread: 0x00007fa0a4071800
[0x00007fa0a4006550] Heap_lock - owner thread: 0x00007fa0a41f6000

Heap:
 PSYoungGen      total 26112K, used 1536K [0x00000000e2b80000, 0x00000000e4880000, 0x0000000100000000)
  eden space 22528K, 0% used [0x00000000e2b80000,0x00000000e2b80000,0x00000000e4180000)
  from space 3584K, 42% used [0x00000000e4180000,0x00000000e4300000,0x00000000e4500000)
  to   space 3584K, 0% used [0x00000000e4500000,0x00000000e4500000,0x00000000e4880000)
 ParOldGen       total 60416K, used 16K [0x00000000a8200000, 0x00000000abd00000, 0x00000000e2b80000)
  object space 60416K, 0% used [0x00000000a8200000,0x00000000a8204000,0x00000000abd00000)
 Metaspace       used 8835K, capacity 9094K, committed 9344K, reserved 1056768K
  class space    used 944K, capacity 1025K, committed 1152K, reserved 1048576K

Card table byte_map: [0x00007fa0aad40000,0x00007fa0ab000000] byte_map_base: 0x00007fa0aa7ff000

Marking Bits: (ParMarkBitMap*) 0x00007fa0ad0a7580
 Begin Bits: [0x00007fa092410000, 0x00007fa093a08000)
 End Bits:   [0x00007fa093a08000, 0x00007fa095000000)

Polling page: 0x00007fa0addeb000

CodeCache: size=245760Kb used=2871Kb max_used=2882Kb free=242889Kb
 bounds [0x00007fa095000000, 0x00007fa0952e0000, 0x00007fa0a4000000]
 total_blobs=1117 nmethods=676 adapters=357
 compilation: enabled

Compilation events (10 events):
Event: 416,818 Thread 0x00007fa0a40ad800  674       3       sun.util.logging.LoggingSupport::isLoggable (14 bytes)
Event: 416,818 Thread 0x00007fa0a40ad800 nmethod 674 0x00007fa0952c6fd0 code [0x00007fa0952c7160, 0x00007fa0952c7750]
Event: 422,871 Thread 0x00007fa0a40ad800  675       3       java.util.Formatter::parse (151 bytes)
Event: 422,932 Thread 0x00007fa0a40ad800 nmethod 675 0x00007fa0952ccc50 code [0x00007fa0952cd060, 0x00007fa0952cf6d8]
Event: 422,932 Thread 0x00007fa0a40ad800  676       3       java.nio.Buffer::limit (62 bytes)
Event: 423,351 Thread 0x00007fa0a40ad800 nmethod 676 0x00007fa0952c8d10 code [0x00007fa0952c8e80, 0x00007fa0952c9188]
Event: 441,866 Thread 0x00007fa0a40aa800  678       4       java.lang.AbstractStringBuilder::append (62 bytes)
Event: 442,316 Thread 0x00007fa0a40aa800 nmethod 678 0x00007fa0952c8150 code [0x00007fa0952c82c0, 0x00007fa0952c88d8]
Event: 504,117 Thread 0x00007fa0a40aa800  679       4       java.lang.StackTraceElement::toString (140 bytes)
Event: 504,120 Thread 0x00007fa0a40ad800  680       3       java.lang.System::checkKey (34 bytes)

GC Heap History (1 events):
Event: 508,077 GC heap before
{Heap before GC invocations=1 (full 0):
 PSYoungGen      total 26112K, used 22528K [0x00000000e2b80000, 0x00000000e4880000, 0x0000000100000000)
  eden space 22528K, 100% used [0x00000000e2b80000,0x00000000e4180000,0x00000000e4180000)
  from space 3584K, 0% used [0x00000000e4500000,0x00000000e4500000,0x00000000e4880000)
  to   space 3584K, 0% used [0x00000000e4180000,0x00000000e4180000,0x00000000e4500000)
 ParOldGen       total 60416K, used 0K [0x00000000a8200000, 0x00000000abd00000, 0x00000000e2b80000)
  object space 60416K, 0% used [0x00000000a8200000,0x00000000a8200000,0x00000000abd00000)
 Metaspace       used 8835K, capacity 9094K, committed 9344K, reserved 1056768K
  class space    used 944K, capacity 1025K, committed 1152K, reserved 1048576K

Deoptimization events (5 events):
Event: 283,380 Thread 0x00007fa0a41f6000 Uncommon trap: reason=unloaded action=reinterpret pc=0x00007fa0951c5e44 method=cliente.SocketClient.escribir(Ljava/lang/String;)V @ 14
Event: 289,297 Thread 0x00007fa0a41f6000 Uncommon trap: reason=class_check action=maybe_recompile pc=0x00007fa0951f9658 method=java.net.SocketOutputStream.socketWrite([BII)V @ 61
Event: 289,591 Thread 0x00007fa0a41f6000 Uncommon trap: reason=class_check action=maybe_recompile pc=0x00007fa0951f9658 method=java.net.SocketOutputStream.socketWrite([BII)V @ 61
Event: 290,647 Thread 0x00007fa0a41f6000 Uncommon trap: reason=class_check action=maybe_recompile pc=0x00007fa0951f9658 method=java.net.SocketOutputStream.socketWrite([BII)V @ 61
Event: 291,307 Thread 0x00007fa0a41f6000 Uncommon trap: reason=class_check action=maybe_recompile pc=0x00007fa0951f9658 method=java.net.SocketOutputStream.socketWrite([BII)V @ 61

Internal exceptions (10 events):
Event: 504,117 Thread 0x00007fa0a41f6000 Exception <a 'java/io/IOException'> (0x00000000e4137978) thrown at [/build/java8-openjdk/src/jdk8u-jdk8u40-b20/hotspot/src/share/vm/prims/jni.cpp, line 709]
Event: 504,117 Thread 0x00007fa0a41f6000 Exception <a 'java/net/SocketException'> (0x00000000e4137bb8) thrown at [/build/java8-openjdk/src/jdk8u-jdk8u40-b20/hotspot/src/share/vm/prims/jni.cpp, line 709]
Event: 504,118 Thread 0x00007fa0a41f6000 Exception <a 'java/io/IOException'> (0x00000000e4149650) thrown at [/build/java8-openjdk/src/jdk8u-jdk8u40-b20/hotspot/src/share/vm/prims/jni.cpp, line 709]
Event: 504,118 Thread 0x00007fa0a41f6000 Exception <a 'java/net/SocketException'> (0x00000000e4149890) thrown at [/build/java8-openjdk/src/jdk8u-jdk8u40-b20/hotspot/src/share/vm/prims/jni.cpp, line 709]
Event: 504,118 Thread 0x00007fa0a41f6000 Exception <a 'java/io/IOException'> (0x00000000e415b280) thrown at [/build/java8-openjdk/src/jdk8u-jdk8u40-b20/hotspot/src/share/vm/prims/jni.cpp, line 709]
Event: 504,118 Thread 0x00007fa0a41f6000 Exception <a 'java/net/SocketException'> (0x00000000e415b4c0) thrown at [/build/java8-openjdk/src/jdk8u-jdk8u40-b20/hotspot/src/share/vm/prims/jni.cpp, line 709]
Event: 504,119 Thread 0x00007fa0a41f6000 Exception <a 'java/io/IOException'> (0x00000000e416ceb0) thrown at [/build/java8-openjdk/src/jdk8u-jdk8u40-b20/hotspot/src/share/vm/prims/jni.cpp, line 709]
Event: 504,119 Thread 0x00007fa0a41f6000 Exception <a 'java/net/SocketException'> (0x00000000e416d0f0) thrown at [/build/java8-openjdk/src/jdk8u-jdk8u40-b20/hotspot/src/share/vm/prims/jni.cpp, line 709]
Event: 504,120 Thread 0x00007fa0a41f6000 Exception <a 'java/io/IOException'> (0x00000000e417eae0) thrown at [/build/java8-openjdk/src/jdk8u-jdk8u40-b20/hotspot/src/share/vm/prims/jni.cpp, line 709]
Event: 504,120 Thread 0x00007fa0a41f6000 Exception <a 'java/net/SocketException'> (0x00000000e417ed20) thrown at [/build/java8-openjdk/src/jdk8u-jdk8u40-b20/hotspot/src/share/vm/prims/jni.cpp, line 709]

Events (10 events):
Event: 378,910 Thread 0x00007fa0a41f6000 DEOPT UNPACKING pc=0x00007fa095046f73 sp=0x00007fa06b874198 mode 0
Event: 379,676 Executing VM operation: BulkRevokeBias
Event: 379,676 Executing VM operation: BulkRevokeBias done
Event: 380,180 Thread 0x00007fa0a41f6000 DEOPT PACKING pc=0x00007fa095243371 sp=0x00007fa06b874360
Event: 380,180 Thread 0x00007fa0a41f6000 DEOPT UNPACKING pc=0x00007fa095046f73 sp=0x00007fa06b874198 mode 0
Event: 380,929 Thread 0x00007fa0a41f6000 DEOPT PACKING pc=0x00007fa095243371 sp=0x00007fa06b874360
Event: 380,929 Thread 0x00007fa0a41f6000 DEOPT UNPACKING pc=0x00007fa095046f73 sp=0x00007fa06b874198 mode 0
Event: 382,227 Thread 0x00007fa0a41f6000 DEOPT PACKING pc=0x00007fa095243371 sp=0x00007fa06b874360
Event: 382,227 Thread 0x00007fa0a41f6000 DEOPT UNPACKING pc=0x00007fa095046f73 sp=0x00007fa06b874198 mode 0
Event: 504,120 Executing VM operation: ParallelGCFailedAllocation


Dynamic libraries:
00400000-00401000 r-xp 00000000 08:07 428440                             /usr/lib/jvm/java-8-openjdk/jre/bin/java
00600000-00601000 rw-p 00000000 08:07 428440                             /usr/lib/jvm/java-8-openjdk/jre/bin/java
01193000-011b4000 rw-p 00000000 00:00 0                                  [heap]
a8200000-abd00000 rw-p 00000000 00:00 0 
abd00000-e2b80000 ---p 00000000 00:00 0 
e2b80000-e4880000 rw-p 00000000 00:00 0 
e5e80000-100000000 ---p 00000000 00:00 0 
100000000-100120000 rw-p 00000000 00:00 0 
100120000-140000000 ---p 00000000 00:00 0 
7fa050000000-7fa0500b2000 rw-p 00000000 00:00 0 
7fa0500b2000-7fa054000000 ---p 00000000 00:00 0 
7fa058000000-7fa058021000 rw-p 00000000 00:00 0 
7fa058021000-7fa05c000000 ---p 00000000 00:00 0 
7fa05c000000-7fa05c021000 rw-p 00000000 00:00 0 
7fa05c021000-7fa060000000 ---p 00000000 00:00 0 
7fa060000000-7fa060021000 rw-p 00000000 00:00 0 
7fa060021000-7fa064000000 ---p 00000000 00:00 0 
7fa064000000-7fa064021000 rw-p 00000000 00:00 0 
7fa064021000-7fa068000000 ---p 00000000 00:00 0 
7fa06b558000-7fa06b56e000 r-xp 00000000 08:07 428410                     /usr/lib/jvm/java-8-openjdk/jre/lib/amd64/libnet.so
7fa06b56e000-7fa06b76e000 ---p 00016000 08:07 428410                     /usr/lib/jvm/java-8-openjdk/jre/lib/amd64/libnet.so
7fa06b76e000-7fa06b76f000 rw-p 00016000 08:07 428410                     /usr/lib/jvm/java-8-openjdk/jre/lib/amd64/libnet.so
7fa06b776000-7fa06b779000 ---p 00000000 00:00 0 
7fa06b779000-7fa06b877000 rw-p 00000000 00:00 0                          [stack:17116]
7fa06b877000-7fa06b87a000 ---p 00000000 00:00 0 
7fa06b87a000-7fa06b978000 rw-p 00000000 00:00 0                          [stack:17115]
7fa06b978000-7fa06b97d000 r-xp 00000000 08:07 159396                     /usr/lib/libXfixes.so.3.1.0
7fa06b97d000-7fa06bb7c000 ---p 00005000 08:07 159396                     /usr/lib/libXfixes.so.3.1.0
7fa06bb7c000-7fa06bb7d000 r--p 00004000 08:07 159396                     /usr/lib/libXfixes.so.3.1.0
7fa06bb7d000-7fa06bb7e000 rw-p 00005000 08:07 159396                     /usr/lib/libXfixes.so.3.1.0
7fa06bb80000-7fa06bb8a000 r-xp 00000000 08:07 160813                     /usr/lib/libXcursor.so.1.0.2
7fa06bb8a000-7fa06bd89000 ---p 0000a000 08:07 160813                     /usr/lib/libXcursor.so.1.0.2
7fa06bd89000-7fa06bd8a000 r--p 00009000 08:07 160813                     /usr/lib/libXcursor.so.1.0.2
7fa06bd8a000-7fa06bd8b000 rw-p 0000a000 08:07 160813                     /usr/lib/libXcursor.so.1.0.2
7fa06bd90000-7fa06bdfe000 r-xp 00000000 08:07 141965                     /usr/lib/libpcre.so.1.2.4
7fa06bdfe000-7fa06bffd000 ---p 0006e000 08:07 141965                     /usr/lib/libpcre.so.1.2.4
7fa06bffd000-7fa06bffe000 r--p 0006d000 08:07 141965                     /usr/lib/libpcre.so.1.2.4
7fa06bffe000-7fa06bfff000 rw-p 0006e000 08:07 141965                     /usr/lib/libpcre.so.1.2.4
7fa06c000000-7fa06c021000 rw-p 00000000 00:00 0 
7fa06c021000-7fa070000000 ---p 00000000 00:00 0 
7fa070000000-7fa070385000 rw-p 00000000 00:00 0 
7fa070385000-7fa074000000 ---p 00000000 00:00 0 
7fa074000000-7fa074021000 rw-p 00000000 00:00 0 
7fa074021000-7fa078000000 ---p 00000000 00:00 0 
7fa078000000-7fa078238000 rw-p 00000000 00:00 0 
7fa078238000-7fa07c000000 ---p 00000000 00:00 0 
7fa07c000000-7fa07c021000 rw-p 00000000 00:00 0 
7fa07c021000-7fa080000000 ---p 00000000 00:00 0 
7fa080000000-7fa080021000 rw-p 00000000 00:00 0 
7fa080021000-7fa084000000 ---p 00000000 00:00 0 
7fa084000000-7fa084021000 rw-p 00000000 00:00 0 
7fa084021000-7fa088000000 ---p 00000000 00:00 0 
7fa088000000-7fa088021000 rw-p 00000000 00:00 0 
7fa088021000-7fa08c000000 ---p 00000000 00:00 0 
7fa08c000000-7fa08c021000 rw-p 00000000 00:00 0 
7fa08c021000-7fa090000000 ---p 00000000 00:00 0 
7fa090037000-7fa09003a000 ---p 00000000 00:00 0 
7fa09003a000-7fa090138000 rw-p 00000000 00:00 0                          [stack:17113]
7fa090138000-7fa090154000 r-xp 00000000 08:07 159932                     /usr/lib/libgraphite2.so.3.0.1
7fa090154000-7fa090353000 ---p 0001c000 08:07 159932                     /usr/lib/libgraphite2.so.3.0.1
7fa090353000-7fa090355000 r--p 0001b000 08:07 159932                     /usr/lib/libgraphite2.so.3.0.1
7fa090355000-7fa090356000 rw-p 0001d000 08:07 159932                     /usr/lib/libgraphite2.so.3.0.1
7fa090358000-7fa090464000 r-xp 00000000 08:07 186737                     /usr/lib/libglib-2.0.so.0.4200.2
7fa090464000-7fa090663000 ---p 0010c000 08:07 186737                     /usr/lib/libglib-2.0.so.0.4200.2
7fa090663000-7fa090664000 r--p 0010b000 08:07 186737                     /usr/lib/libglib-2.0.so.0.4200.2
7fa090664000-7fa090665000 rw-p 0010c000 08:07 186737                     /usr/lib/libglib-2.0.so.0.4200.2
7fa090665000-7fa090666000 rw-p 00000000 00:00 0 
7fa090668000-7fa0906c2000 r-xp 00000000 08:07 159941                     /usr/lib/libharfbuzz.so.0.940.0
7fa0906c2000-7fa0908c1000 ---p 0005a000 08:07 159941                     /usr/lib/libharfbuzz.so.0.940.0
7fa0908c1000-7fa0908c4000 r--p 00059000 08:07 159941                     /usr/lib/libharfbuzz.so.0.940.0
7fa0908c4000-7fa0908c5000 rw-p 0005c000 08:07 159941                     /usr/lib/libharfbuzz.so.0.940.0
7fa0908c8000-7fa0908fd000 r-xp 00000000 08:07 159517                     /usr/lib/libpng16.so.16.16.0
7fa0908fd000-7fa090afc000 ---p 00035000 08:07 159517                     /usr/lib/libpng16.so.16.16.0
7fa090afc000-7fa090afd000 r--p 00034000 08:07 159517                     /usr/lib/libpng16.so.16.16.0
7fa090afd000-7fa090afe000 rw-p 00035000 08:07 159517                     /usr/lib/libpng16.so.16.16.0
7fa090b00000-7fa090b0f000 r-xp 00000000 08:07 136853                     /usr/lib/libbz2.so.1.0.6
7fa090b0f000-7fa090d0e000 ---p 0000f000 08:07 136853                     /usr/lib/libbz2.so.1.0.6
7fa090d0e000-7fa090d10000 rw-p 0000e000 08:07 136853                     /usr/lib/libbz2.so.1.0.6
7fa090d10000-7fa090d26000 r-xp 00000000 08:07 134103                     /usr/lib/libgcc_s.so.1
7fa090d26000-7fa090f25000 ---p 00016000 08:07 134103                     /usr/lib/libgcc_s.so.1
7fa090f25000-7fa090f26000 rw-p 00015000 08:07 134103                     /usr/lib/libgcc_s.so.1
7fa090f28000-7fa090fde000 r-xp 00000000 08:07 159955                     /usr/lib/libfreetype.so.6.11.4
7fa090fde000-7fa0911de000 ---p 000b6000 08:07 159955                     /usr/lib/libfreetype.so.6.11.4
7fa0911de000-7fa0911e4000 r--p 000b6000 08:07 159955                     /usr/lib/libfreetype.so.6.11.4
7fa0911e4000-7fa0911e5000 rw-p 000bc000 08:07 159955                     /usr/lib/libfreetype.so.6.11.4
7fa0911e8000-7fa091249000 r-xp 00000000 08:07 428427                     /usr/lib/jvm/java-8-openjdk/jre/lib/amd64/libfontmanager.so
7fa091249000-7fa091448000 ---p 00061000 08:07 428427                     /usr/lib/jvm/java-8-openjdk/jre/lib/amd64/libfontmanager.so
7fa091448000-7fa09144c000 rw-p 00060000 08:07 428427                     /usr/lib/jvm/java-8-openjdk/jre/lib/amd64/libfontmanager.so
7fa09144c000-7fa09145f000 rw-p 00000000 00:00 0 
7fa091460000-7fa091465000 r-xp 00000000 08:07 156005                     /usr/lib/libXdmcp.so.6.0.0
7fa091465000-7fa091664000 ---p 00005000 08:07 156005                     /usr/lib/libXdmcp.so.6.0.0
7fa091664000-7fa091665000 r--p 00004000 08:07 156005                     /usr/lib/libXdmcp.so.6.0.0
7fa091665000-7fa091666000 rw-p 00005000 08:07 156005                     /usr/lib/libXdmcp.so.6.0.0
7fa091668000-7fa09166a000 r-xp 00000000 08:07 156010                     /usr/lib/libXau.so.6.0.0
7fa09166a000-7fa09186a000 ---p 00002000 08:07 156010                     /usr/lib/libXau.so.6.0.0
7fa09186a000-7fa09186b000 r--p 00002000 08:07 156010                     /usr/lib/libXau.so.6.0.0
7fa09186b000-7fa09186c000 rw-p 00003000 08:07 156010                     /usr/lib/libXau.so.6.0.0
7fa091870000-7fa091891000 r-xp 00000000 08:07 158332                     /usr/lib/libxcb.so.1.1.0
7fa091891000-7fa091a90000 ---p 00021000 08:07 158332                     /usr/lib/libxcb.so.1.1.0
7fa091a90000-7fa091a91000 r--p 00020000 08:07 158332                     /usr/lib/libxcb.so.1.1.0
7fa091a91000-7fa091a92000 rw-p 00021000 08:07 158332                     /usr/lib/libxcb.so.1.1.0
7fa091a98000-7fa091aa7000 r-xp 00000000 08:07 159390                     /usr/lib/libXi.so.6.1.0
7fa091aa7000-7fa091ca7000 ---p 0000f000 08:07 159390                     /usr/lib/libXi.so.6.1.0
7fa091ca7000-7fa091ca8000 r--p 0000f000 08:07 159390                     /usr/lib/libXi.so.6.1.0
7fa091ca8000-7fa091ca9000 rw-p 00010000 08:07 159390                     /usr/lib/libXi.so.6.1.0
7fa091cb0000-7fa091cb5000 r-xp 00000000 08:07 159412                     /usr/lib/libXtst.so.6.1.0
7fa091cb5000-7fa091eb4000 ---p 00005000 08:07 159412                     /usr/lib/libXtst.so.6.1.0
7fa091eb4000-7fa091eb5000 r--p 00004000 08:07 159412                     /usr/lib/libXtst.so.6.1.0
7fa091eb5000-7fa091eb6000 rw-p 00005000 08:07 159412                     /usr/lib/libXtst.so.6.1.0
7fa091eb8000-7fa091ec1000 r-xp 00000000 08:07 159929                     /usr/lib/libXrender.so.1.3.0
7fa091ec1000-7fa0920c0000 ---p 00009000 08:07 159929                     /usr/lib/libXrender.so.1.3.0
7fa0920c0000-7fa0920c1000 r--p 00008000 08:07 159929                     /usr/lib/libXrender.so.1.3.0
7fa0920c1000-7fa0920c2000 rw-p 00009000 08:07 159929                     /usr/lib/libXrender.so.1.3.0
7fa0920c8000-7fa092203000 r-xp 00000000 08:07 158413                     /usr/lib/libX11.so.6.3.0
7fa092203000-7fa092402000 ---p 0013b000 08:07 158413                     /usr/lib/libX11.so.6.3.0
7fa092402000-7fa092404000 r--p 0013a000 08:07 158413                     /usr/lib/libX11.so.6.3.0
7fa092404000-7fa092409000 rw-p 0013c000 08:07 158413                     /usr/lib/libX11.so.6.3.0
7fa092409000-7fa09240a000 rw-p 00000000 00:00 0 
7fa092410000-7fa095000000 rw-p 00000000 00:00 0 
7fa095000000-7fa0952e0000 rwxp 00000000 00:00 0 
7fa0952e0000-7fa0a4000000 ---p 00000000 00:00 0 
7fa0a4000000-7fa0a41f8000 rw-p 00000000 00:00 0 
7fa0a41f8000-7fa0a8000000 ---p 00000000 00:00 0 
7fa0a8006000-7fa0a8011000 r--s 00116000 08:07 428369                     /usr/lib/jvm/java-8-openjdk/jre/lib/ext/localedata.jar
7fa0a8013000-7fa0a802f000 r--s 00393000 08:07 428370                     /usr/lib/jvm/java-8-openjdk/jre/lib/ext/cldrdata.jar
7fa0a802f000-7fa0a8060000 rw-p 00000000 00:00 0 
7fa0a8060000-7fa0a8079000 r--s 00000000 08:07 669984                     /var/cache/fontconfig/8d4af663993b81a124ee82e610bb31f9-le64.cache-4
7fa0a8080000-7fa0a8082000 r--s 00000000 08:07 669321                     /var/cache/fontconfig/452f1fac34b224105d7acfae3034bcd5-le64.cache-4
7fa0a8088000-7fa0a8097000 r--s 00000000 08:07 658776                     /var/cache/fontconfig/5a02e0a9ca9b27d0aa4bd0c42ba2438d-le64.cache-4
7fa0a8098000-7fa0a80a2000 r--s 00000000 08:07 655257                     /var/cache/fontconfig/d62e99ef547d1d24cdb1bd22ec1a2976-le64.cache-4
7fa0a80a8000-7fa0a80b5000 r--s 00000000 08:07 675069                     /var/cache/fontconfig/f6b893a7224233d96cb72fd88691c0b4-le64.cache-4
7fa0a80b7000-7fa0a80ba000 ---p 00000000 00:00 0 
7fa0a80ba000-7fa0a81b8000 rw-p 00000000 00:00 0                          [stack:17098]
7fa0a81b8000-7fa0a81c9000 r-xp 00000000 08:07 159311                     /usr/lib/libXext.so.6.4.0
7fa0a81c9000-7fa0a83c8000 ---p 00011000 08:07 159311                     /usr/lib/libXext.so.6.4.0
7fa0a83c8000-7fa0a83c9000 r--p 00010000 08:07 159311                     /usr/lib/libXext.so.6.4.0
7fa0a83c9000-7fa0a83ca000 rw-p 00011000 08:07 159311                     /usr/lib/libXext.so.6.4.0
7fa0a83d0000-7fa0a83d1000 r--s 00000000 08:07 655184                     /var/cache/fontconfig/6ba42ae0000f58711b5caaf10d690066-le64.cache-4
7fa0a83d8000-7fa0a83e1000 r--s 00000000 08:07 669908                     /var/cache/fontconfig/f349e9996a5320f6dd491cedd2b1f964-le64.cache-4
7fa0a83e5000-7fa0a83f8000 r--s 00345000 08:07 428351                     /usr/lib/jvm/java-8-openjdk/jre/lib/resources.jar
7fa0a83f8000-7fa0a841e000 r--p 00000000 08:07 133714                     /usr/share/locale/es/LC_MESSAGES/libc.mo
7fa0a8420000-7fa0a8473000 r-xp 00000000 08:07 428425                     /usr/lib/jvm/java-8-openjdk/jre/lib/amd64/libawt_xawt.so
7fa0a8473000-7fa0a8672000 ---p 00053000 08:07 428425                     /usr/lib/jvm/java-8-openjdk/jre/lib/amd64/libawt_xawt.so
7fa0a8672000-7fa0a8676000 rw-p 00052000 08:07 428425                     /usr/lib/jvm/java-8-openjdk/jre/lib/amd64/libawt_xawt.so
7fa0a8676000-7fa0a8677000 rw-p 00000000 00:00 0 
7fa0a8678000-7fa0a8718000 r-xp 00000000 08:07 428422                     /usr/lib/jvm/java-8-openjdk/jre/lib/amd64/libawt.so
7fa0a8718000-7fa0a8918000 ---p 000a0000 08:07 428422                     /usr/lib/jvm/java-8-openjdk/jre/lib/amd64/libawt.so
7fa0a8918000-7fa0a8924000 rw-p 000a0000 08:07 428422                     /usr/lib/jvm/java-8-openjdk/jre/lib/amd64/libawt.so
7fa0a8924000-7fa0a8948000 rw-p 00000000 00:00 0 
7fa0a8948000-7fa0a894d000 r--s 002f8000 08:07 428349                     /usr/lib/jvm/java-8-openjdk/jre/lib/charsets.jar
7fa0a8954000-7fa0a895b000 r--s 00094000 08:07 565039                     /usr/share/netbeans/java/modules/ext/beansbinding-1.2.1.jar
7fa0a8960000-7fa0a8961000 r--s 00000000 08:07 565038                     /usr/share/netbeans/java/modules/ext/AbsoluteLayout.jar
7fa0a8963000-7fa0a8964000 ---p 00000000 00:00 0 
7fa0a8964000-7fa0a8a64000 rw-p 00000000 00:00 0                          [stack:16864]
7fa0a8a64000-7fa0a8a67000 ---p 00000000 00:00 0 
7fa0a8a67000-7fa0a8b65000 rw-p 00000000 00:00 0                          [stack:16863]
7fa0a8b65000-7fa0a8b68000 ---p 00000000 00:00 0 
7fa0a8b68000-7fa0a8c66000 rw-p 00000000 00:00 0                          [stack:16862]
7fa0a8c66000-7fa0a8c69000 ---p 00000000 00:00 0 
7fa0a8c69000-7fa0a8d67000 rw-p 00000000 00:00 0                          [stack:16861]
7fa0a8d67000-7fa0a8d6a000 ---p 00000000 00:00 0 
7fa0a8d6a000-7fa0a8e68000 rw-p 00000000 00:00 0                          [stack:16860]
7fa0a8e68000-7fa0a8ff1000 r--p 00000000 08:07 159448                     /usr/lib/locale/locale-archive
7fa0a8ff3000-7fa0a8ff6000 ---p 00000000 00:00 0 
7fa0a8ff6000-7fa0a90f4000 rw-p 00000000 00:00 0                          [stack:16855]
7fa0a90f4000-7fa0a90f7000 ---p 00000000 00:00 0 
7fa0a90f7000-7fa0a91f5000 rw-p 00000000 00:00 0                          [stack:16854]
7fa0a91f5000-7fa0a91f6000 ---p 00000000 00:00 0 
7fa0a91f6000-7fa0a9c62000 rw-p 00000000 00:00 0                          [stack:16853]
7fa0a9c62000-7fa0a9e30000 r--s 03bd2000 08:07 428353                     /usr/lib/jvm/java-8-openjdk/jre/lib/rt.jar
7fa0a9e34000-7fa0aa969000 rw-p 00000000 00:00 0 
7fa0aa969000-7fa0aa96a000 ---p 00000000 00:00 0 
7fa0aa96a000-7fa0aaa6a000 rw-p 00000000 00:00 0                          [stack:16846]
7fa0aaa6a000-7fa0aaa6b000 ---p 00000000 00:00 0 
7fa0aaa6b000-7fa0aab89000 rw-p 00000000 00:00 0                          [stack:16845]
7fa0aab89000-7fa0aad40000 ---p 00000000 00:00 0 
7fa0aad40000-7fa0aad5e000 rw-p 00000000 00:00 0 
7fa0aad5e000-7fa0aaf14000 ---p 00000000 00:00 0 
7fa0aaf14000-7fa0aaf24000 rw-p 00000000 00:00 0 
7fa0aaf24000-7fa0aafff000 ---p 00000000 00:00 0 
7fa0aafff000-7fa0ab00c000 rw-p 00000000 00:00 0 
7fa0ab00c000-7fa0ab3c0000 ---p 00000000 00:00 0 
7fa0ab3c0000-7fa0ab3c8000 r-xp 00000000 08:07 428408                     /usr/lib/jvm/java-8-openjdk/jre/lib/amd64/libzip.so
7fa0ab3c8000-7fa0ab5c7000 ---p 00008000 08:07 428408                     /usr/lib/jvm/java-8-openjdk/jre/lib/amd64/libzip.so
7fa0ab5c7000-7fa0ab5c8000 rw-p 00007000 08:07 428408                     /usr/lib/jvm/java-8-openjdk/jre/lib/amd64/libzip.so
7fa0ab5c8000-7fa0ab5d3000 r-xp 00000000 08:07 133754                     /usr/lib/libnss_files-2.21.so
7fa0ab5d3000-7fa0ab7d3000 ---p 0000b000 08:07 133754                     /usr/lib/libnss_files-2.21.so
7fa0ab7d3000-7fa0ab7d4000 r--p 0000b000 08:07 133754                     /usr/lib/libnss_files-2.21.so
7fa0ab7d4000-7fa0ab7d5000 rw-p 0000c000 08:07 133754                     /usr/lib/libnss_files-2.21.so
7fa0ab7d8000-7fa0ab805000 r-xp 00000000 08:07 428407                     /usr/lib/jvm/java-8-openjdk/jre/lib/amd64/libjava.so
7fa0ab805000-7fa0aba05000 ---p 0002d000 08:07 428407                     /usr/lib/jvm/java-8-openjdk/jre/lib/amd64/libjava.so
7fa0aba05000-7fa0aba07000 rw-p 0002d000 08:07 428407                     /usr/lib/jvm/java-8-openjdk/jre/lib/amd64/libjava.so
7fa0aba08000-7fa0aba15000 r-xp 00000000 08:07 428399                     /usr/lib/jvm/java-8-openjdk/jre/lib/amd64/libverify.so
7fa0aba15000-7fa0abc14000 ---p 0000d000 08:07 428399                     /usr/lib/jvm/java-8-openjdk/jre/lib/amd64/libverify.so
7fa0abc14000-7fa0abc16000 rw-p 0000c000 08:07 428399                     /usr/lib/jvm/java-8-openjdk/jre/lib/amd64/libverify.so
7fa0abc18000-7fa0abc1f000 r-xp 00000000 08:07 133786                     /usr/lib/librt-2.21.so
7fa0abc1f000-7fa0abe1e000 ---p 00007000 08:07 133786                     /usr/lib/librt-2.21.so
7fa0abe1e000-7fa0abe1f000 r--p 00006000 08:07 133786                     /usr/lib/librt-2.21.so
7fa0abe1f000-7fa0abe20000 rw-p 00007000 08:07 133786                     /usr/lib/librt-2.21.so
7fa0abe20000-7fa0abf23000 r-xp 00000000 08:07 133813                     /usr/lib/libm-2.21.so
7fa0abf23000-7fa0ac123000 ---p 00103000 08:07 133813                     /usr/lib/libm-2.21.so
7fa0ac123000-7fa0ac124000 r--p 00103000 08:07 133813                     /usr/lib/libm-2.21.so
7fa0ac124000-7fa0ac125000 rw-p 00104000 08:07 133813                     /usr/lib/libm-2.21.so
7fa0ac128000-7fa0acdc7000 r-xp 00000000 08:07 428431                     /usr/lib/jvm/java-8-openjdk/jre/lib/amd64/server/libjvm.so
7fa0acdc7000-7fa0acfc7000 ---p 00c9f000 08:07 428431                     /usr/lib/jvm/java-8-openjdk/jre/lib/amd64/server/libjvm.so
7fa0acfc7000-7fa0ad093000 rw-p 00c9f000 08:07 428431                     /usr/lib/jvm/java-8-openjdk/jre/lib/amd64/server/libjvm.so
7fa0ad093000-7fa0ad0d4000 rw-p 00000000 00:00 0 
7fa0ad0d8000-7fa0ad271000 r-xp 00000000 08:07 133765                     /usr/lib/libc-2.21.so
7fa0ad271000-7fa0ad471000 ---p 00199000 08:07 133765                     /usr/lib/libc-2.21.so
7fa0ad471000-7fa0ad475000 r--p 00199000 08:07 133765                     /usr/lib/libc-2.21.so
7fa0ad475000-7fa0ad477000 rw-p 0019d000 08:07 133765                     /usr/lib/libc-2.21.so
7fa0ad477000-7fa0ad47b000 rw-p 00000000 00:00 0 
7fa0ad480000-7fa0ad482000 r-xp 00000000 08:07 133795                     /usr/lib/libdl-2.21.so
7fa0ad482000-7fa0ad682000 ---p 00002000 08:07 133795                     /usr/lib/libdl-2.21.so
7fa0ad682000-7fa0ad683000 r--p 00002000 08:07 133795                     /usr/lib/libdl-2.21.so
7fa0ad683000-7fa0ad684000 rw-p 00003000 08:07 133795                     /usr/lib/libdl-2.21.so
7fa0ad688000-7fa0ad695000 r-xp 00000000 08:07 428428                     /usr/lib/jvm/java-8-openjdk/jre/lib/amd64/jli/libjli.so
7fa0ad695000-7fa0ad895000 ---p 0000d000 08:07 428428                     /usr/lib/jvm/java-8-openjdk/jre/lib/amd64/jli/libjli.so
7fa0ad895000-7fa0ad896000 rw-p 0000d000 08:07 428428                     /usr/lib/jvm/java-8-openjdk/jre/lib/amd64/jli/libjli.so
7fa0ad898000-7fa0ad8ad000 r-xp 00000000 08:07 136861                     /usr/lib/libz.so.1.2.8
7fa0ad8ad000-7fa0adaac000 ---p 00015000 08:07 136861                     /usr/lib/libz.so.1.2.8
7fa0adaac000-7fa0adaad000 r--p 00014000 08:07 136861                     /usr/lib/libz.so.1.2.8
7fa0adaad000-7fa0adaae000 rw-p 00015000 08:07 136861                     /usr/lib/libz.so.1.2.8
7fa0adab0000-7fa0adac8000 r-xp 00000000 08:07 133785                     /usr/lib/libpthread-2.21.so
7fa0adac8000-7fa0adcc7000 ---p 00018000 08:07 133785                     /usr/lib/libpthread-2.21.so
7fa0adcc7000-7fa0adcc8000 r--p 00017000 08:07 133785                     /usr/lib/libpthread-2.21.so
7fa0adcc8000-7fa0adcc9000 rw-p 00018000 08:07 133785                     /usr/lib/libpthread-2.21.so
7fa0adcc9000-7fa0adccd000 rw-p 00000000 00:00 0 
7fa0adcd0000-7fa0adcf2000 r-xp 00000000 08:07 133809                     /usr/lib/ld-2.21.so
7fa0adcf4000-7fa0adde0000 rw-p 00000000 00:00 0 
7fa0adde0000-7fa0adde8000 rw-s 00000000 00:1f 3783476                    /tmp/hsperfdata_maximiliano/16835
7fa0adde9000-7fa0addeb000 rw-p 00000000 00:00 0 
7fa0addeb000-7fa0addec000 ---p 00000000 00:00 0 
7fa0addec000-7fa0addef000 ---p 00000000 00:00 0 
7fa0addef000-7fa0adef1000 rw-p 00000000 00:00 0                          [stack:16840]
7fa0adef1000-7fa0adef2000 r--p 00021000 08:07 133809                     /usr/lib/ld-2.21.so
7fa0adef2000-7fa0adef3000 rw-p 00022000 08:07 133809                     /usr/lib/ld-2.21.so
7fa0adef3000-7fa0adef5000 rw-p 00000000 00:00 0 
7ffcaa724000-7ffcaa745000 rw-p 00000000 00:00 0                          [stack]
7ffcaa760000-7ffcaa762000 r--p 00000000 00:00 0                          [vvar]
7ffcaa762000-7ffcaa764000 r-xp 00000000 00:00 0                          [vdso]
ffffffffff600000-ffffffffff601000 r-xp 00000000 00:00 0                  [vsyscall]

VM Arguments:
jvm_args: -Dfile.encoding=UTF-8 
java_command: cliente.Cliente
java_class_path (initial): /usr/share/netbeans/java/modules/ext/AbsoluteLayout.jar:/usr/share/netbeans/java/modules/ext/beansbinding-1.2.1.jar:/home/maximiliano/NetBeansProjects/socket/build/classes
Launcher Type: SUN_STANDARD

Environment Variables:
PATH=/usr/local/sbin:/usr/local/bin:/usr/bin:/usr/lib/jvm/default/bin:/usr/bin/site_perl:/usr/bin/vendor_perl:/usr/bin/core_perl
LD_LIBRARY_PATH=/usr/lib/jvm/default/bin/../jre/lib/amd64:/usr/lib/jvm/default/bin/../jre/lib/i386:
SHELL=/bin/bash
DISPLAY=:0

Signal Handlers:
SIGSEGV: [libjvm.so+0xa8f160], sa_mask[0]=11111111011111111101111111111110, sa_flags=SA_RESTART|SA_SIGINFO
SIGBUS: [libjvm.so+0xa8f160], sa_mask[0]=11111111011111111101111111111110, sa_flags=SA_RESTART|SA_SIGINFO
SIGFPE: [libjvm.so+0x8daa30], sa_mask[0]=11111111011111111101111111111110, sa_flags=SA_RESTART|SA_SIGINFO
SIGPIPE: [libjvm.so+0x8daa30], sa_mask[0]=11111111011111111101111111111110, sa_flags=SA_RESTART|SA_SIGINFO
SIGXFSZ: [libjvm.so+0x8daa30], sa_mask[0]=11111111011111111101111111111110, sa_flags=SA_RESTART|SA_SIGINFO
SIGILL: [libjvm.so+0x8daa30], sa_mask[0]=11111111011111111101111111111110, sa_flags=SA_RESTART|SA_SIGINFO
SIGUSR1: SIG_DFL, sa_mask[0]=00000000000000000000000000000000, sa_flags=none
SIGUSR2: [libjvm.so+0x8da8e0], sa_mask[0]=00100000000000000000000000000000, sa_flags=SA_RESTART|SA_SIGINFO
SIGHUP: [libjvm.so+0x8dab00], sa_mask[0]=11111111011111111101111111111110, sa_flags=SA_RESTART|SA_SIGINFO
SIGINT: SIG_IGN, sa_mask[0]=00000000000000000000000000000000, sa_flags=none
SIGTERM: [libjvm.so+0x8dab00], sa_mask[0]=11111111011111111101111111111110, sa_flags=SA_RESTART|SA_SIGINFO
SIGQUIT: [libjvm.so+0x8dab00], sa_mask[0]=11111111011111111101111111111110, sa_flags=SA_RESTART|SA_SIGINFO


---------------  S Y S T E M  ---------------

OS:NAME="Arch Linux"
ID=arch
PRETTY_NAME="Arch Linux"
ANSI_COLOR="0;36"
HOME_URL="https://www.archlinux.org/"
SUPPORT_URL="https://bbs.archlinux.org/"
BUG_REPORT_URL="https://bugs.archlinux.org/"


uname:Linux 3.19.2-1-ARCH #1 SMP PREEMPT Wed Mar 18 16:21:02 CET 2015 x86_64
libc:glibc 2.21 NPTL 2.21 
rlimit: STACK 8192k, CORE 0k, NPROC 22460, NOFILE 4096, AS infinity
load average:278,49 136,60 57,18

/proc/meminfo:
MemTotal:        5755352 kB
MemFree:          180364 kB
MemAvailable:     123604 kB
Buffers:            1300 kB
Cached:            45204 kB
SwapCached:         2896 kB
Active:          4272084 kB
Inactive:         995876 kB
Active(anon):    4251264 kB
Inactive(anon):   987056 kB
Active(file):      20820 kB
Inactive(file):     8820 kB
Unevictable:          32 kB
Mlocked:              32 kB
SwapTotal:       1048572 kB
SwapFree:          26660 kB
Dirty:                60 kB
Writeback:          1116 kB
AnonPages:       5219472 kB
Mapped:            32604 kB
Shmem:             16224 kB
Slab:             107924 kB
SReclaimable:      25764 kB
SUnreclaim:        82160 kB
KernelStack:       32560 kB
PageTables:        81684 kB
NFS_Unstable:          0 kB
Bounce:                0 kB
WritebackTmp:          0 kB
CommitLimit:     3926248 kB
Committed_AS:   22772688 kB
VmallocTotal:   34359738367 kB
VmallocUsed:      308092 kB
VmallocChunk:   34359426940 kB
HardwareCorrupted:     0 kB
AnonHugePages:   1669120 kB
HugePages_Total:       0
HugePages_Free:        0
HugePages_Rsvd:        0
HugePages_Surp:        0
Hugepagesize:       2048 kB
DirectMap4k:      689540 kB
DirectMap2M:     5302272 kB
DirectMap1G:           0 kB


CPU:total 2 (2 cores per cpu, 1 threads per core) family 21 model 16 stepping 1, cmov, cx8, fxsr, mmx, sse, sse2, sse3, ssse3, sse4.1, sse4.2, popcnt, avx, aes, clmul, mmxext, 3dnowpref, lzcnt, sse4a, tsc, tscinvbit, tscinv, bmi1

/proc/cpuinfo:
processor	: 0
vendor_id	: AuthenticAMD
cpu family	: 21
model		: 16
model name	: AMD A6-4455M APU with Radeon(tm) HD Graphics
stepping	: 1
microcode	: 0x6001119
cpu MHz		: 2100.000
cache size	: 2048 KB
physical id	: 0
siblings	: 2
core id		: 0
cpu cores	: 1
apicid		: 16
initial apicid	: 0
fpu		: yes
fpu_exception	: yes
cpuid level	: 13
wp		: yes
flags		: fpu vme de pse tsc msr pae mce cx8 apic sep mtrr pge mca cmov pat pse36 clflush mmx fxsr sse sse2 ht syscall nx mmxext fxsr_opt pdpe1gb rdtscp lm constant_tsc rep_good nopl nonstop_tsc extd_apicid aperfmperf pni pclmulqdq monitor ssse3 fma cx16 sse4_1 sse4_2 popcnt aes xsave avx f16c lahf_lm cmp_legacy svm extapic cr8_legacy abm sse4a misalignsse 3dnowprefetch osvw ibs xop skinit wdt lwp fma4 tce nodeid_msr tbm topoext perfctr_core perfctr_nb arat cpb hw_pstate npt lbrv svm_lock nrip_save tsc_scale vmcb_clean flushbyasid decodeassists pausefilter pfthreshold vmmcall bmi1
bugs		: fxsave_leak
bogomips	: 4194.02
TLB size	: 1536 4K pages
clflush size	: 64
cache_alignment	: 64
address sizes	: 48 bits physical, 48 bits virtual
power management: ts ttp tm 100mhzsteps hwpstate cpb eff_freq_ro

processor	: 1
vendor_id	: AuthenticAMD
cpu family	: 21
model		: 16
model name	: AMD A6-4455M APU with Radeon(tm) HD Graphics   
stepping	: 1
microcode	: 0x6001119
cpu MHz		: 2100.000
cache size	: 2048 KB
physical id	: 0
siblings	: 2
core id		: 1
cpu cores	: 1
apicid		: 17
initial apicid	: 1
fpu		: yes
fpu_exception	: yes
cpuid level	: 13
wp		: yes
flags		: fpu vme de pse tsc msr pae mce cx8 apic sep mtrr pge mca cmov pat pse36 clflush mmx fxsr sse sse2 ht syscall nx mmxext fxsr_opt pdpe1gb rdtscp lm constant_tsc rep_good nopl nonstop_tsc extd_apicid aperfmperf pni pclmulqdq monitor ssse3 fma cx16 sse4_1 sse4_2 popcnt aes xsave avx f16c lahf_lm cmp_legacy svm extapic cr8_legacy abm sse4a misalignsse 3dnowprefetch osvw ibs xop skinit wdt lwp fma4 tce nodeid_msr tbm topoext perfctr_core perfctr_nb arat cpb hw_pstate npt lbrv svm_lock nrip_save tsc_scale vmcb_clean flushbyasid decodeassists pausefilter pfthreshold vmmcall bmi1
bugs		: fxsave_leak
bogomips	: 4194.02
TLB size	: 1536 4K pages
clflush size	: 64
cache_alignment	: 64
address sizes	: 48 bits physical, 48 bits virtual
power management: ts ttp tm 100mhzsteps hwpstate cpb eff_freq_ro



Memory: 4k page, physical 5755352k(167592k free), swap 1048572k(28140k free)

vm_info: OpenJDK 64-Bit Server VM (25.40-b23) for linux-amd64 JRE (1.8.0_40-b20), built on Mar 15 2015 09:37:38 by "builduser" with gcc 4.9.2 20150304 (prerelease)

time: Sat Mar 28 19:07:47 2015
elapsed time: 516 seconds (0d 0h 8m 36s)

