#
# There is insufficient memory for the Java Runtime Environment to continue.
# Native memory allocation (mmap) failed to map 262144 bytes for committing reserved memory.
# Possible reasons:
#   The system is out of physical RAM or swap space
#   In 32 bit mode, the process size limit was hit
# Possible solutions:
#   Reduce memory load on the system
#   Increase physical memory or swap space
#   Check if swap backing store is full
#   Use 64 bit Java on a 64 bit OS
#   Decrease Java heap size (-Xmx/-Xms)
#   Decrease number of Java threads
#   Decrease Java thread stack sizes (-Xss)
#   Set larger code cache with -XX:ReservedCodeCacheSize=
# This output file may be truncated or incomplete.
#
#  Out of Memory Error (os_linux.cpp:2673), pid=13117, tid=140587017991936
#
# JRE version: OpenJDK Runtime Environment (8.0_40-b20) (build 1.8.0_40-b20)
# Java VM: OpenJDK 64-Bit Server VM (25.40-b23 mixed mode linux-amd64 compressed oops)
# Failed to write core dump. Core dumps have been disabled. To enable core dumping, try "ulimit -c unlimited" before starting Java again
#

---------------  T H R E A D  ---------------

Current thread (0x00007fdd301fe800):  JavaThread "AWT-EventQueue-0" [_thread_in_vm, id=13519, stack(0x00007fdcf7347000,0x00007fdcf7448000)]

Stack: [0x00007fdcf7347000,0x00007fdcf7448000],  sp=0x00007fdcf7443ba0,  free space=1010k
Native frames: (J=compiled Java code, j=interpreted, Vv=VM code, C=native code)
V  [libjvm.so+0xa8e69d]
V  [libjvm.so+0x4e856c]
V  [libjvm.so+0x8df110]
V  [libjvm.so+0x8d98de]
V  [libjvm.so+0xa8b2b4]
V  [libjvm.so+0x85f8d9]
V  [libjvm.so+0x85fb4a]
V  [libjvm.so+0x860d64]
V  [libjvm.so+0x860ebb]
V  [libjvm.so+0x861b4b]
V  [libjvm.so+0x861f17]
V  [libjvm.so+0x4d57a1]
V  [libjvm.so+0x8684b8]
V  [libjvm.so+0x4459a1]
V  [libjvm.so+0x4472d3]
V  [libjvm.so+0x448442]
V  [libjvm.so+0x44f27a]
V  [libjvm.so+0xa0570a]
V  [libjvm.so+0xa04221]
V  [libjvm.so+0xa05e1a]
V  [libjvm.so+0x4d86a0]
V  [libjvm.so+0x67414f]
j  javax.swing.KeyboardManager.registerKeyStroke(Ljavax/swing/KeyStroke;Ljavax/swing/JComponent;)V+174
j  javax.swing.JComponent.registerWithKeyboardManager(Ljavax/swing/KeyStroke;)V+5
j  javax.swing.JComponent.registerWithKeyboardManager(Z)V+68
j  javax.swing.JComponent.addNotify()V+18
j  javax.swing.JMenuBar.addNotify()V+1
j  java.awt.Container.addNotify()V+61
j  javax.swing.JComponent.addNotify()V+1
j  java.awt.Container.addNotify()V+61
j  javax.swing.JComponent.addNotify()V+1
j  javax.swing.JRootPane.addNotify()V+1
j  java.awt.Container.addNotify()V+61
j  java.awt.Window.addNotify()V+73
j  java.awt.Frame.addNotify()V+70
j  java.awt.Window.show()V+8
j  java.awt.Component.show(Z)V+5
j  java.awt.Component.setVisible(Z)V+2
j  java.awt.Window.setVisible(Z)V+2
j  cliente.Cliente$5.run()V+8
j  java.awt.event.InvocationEvent.dispatch()V+47
j  java.awt.EventQueue.dispatchEventImpl(Ljava/awt/AWTEvent;Ljava/lang/Object;)V+21
j  java.awt.EventQueue.access$500(Ljava/awt/EventQueue;Ljava/awt/AWTEvent;Ljava/lang/Object;)V+3
j  java.awt.EventQueue$3.run()Ljava/lang/Void;+32
j  java.awt.EventQueue$3.run()Ljava/lang/Object;+1
v  ~StubRoutines::call_stub
V  [libjvm.so+0x685aa3]
V  [libjvm.so+0x6d55c4]  JVM_DoPrivileged+0x564
j  java.security.AccessController.doPrivileged(Ljava/security/PrivilegedAction;Ljava/security/AccessControlContext;)Ljava/lang/Object;+0
j  java.security.ProtectionDomain$1.doIntersectionPrivilege(Ljava/security/PrivilegedAction;Ljava/security/AccessControlContext;Ljava/security/AccessControlContext;)Ljava/lang/Object;+28
j  java.awt.EventQueue.dispatchEvent(Ljava/awt/AWTEvent;)V+46
j  java.awt.EventDispatchThread.pumpOneEventForFilters(I)V+245
j  java.awt.EventDispatchThread.pumpEventsForFilter(ILjava/awt/Conditional;Ljava/awt/EventFilter;)V+35
j  java.awt.EventDispatchThread.pumpEventsForHierarchy(ILjava/awt/Conditional;Ljava/awt/Component;)V+11
j  java.awt.EventDispatchThread.pumpEvents(ILjava/awt/Conditional;)V+4
j  java.awt.EventDispatchThread.pumpEvents(Ljava/awt/Conditional;)V+3
j  java.awt.EventDispatchThread.run()V+9
v  ~StubRoutines::call_stub
V  [libjvm.so+0x685aa3]
V  [libjvm.so+0x683284]
V  [libjvm.so+0x683829]
V  [libjvm.so+0x6c6b0d]
V  [libjvm.so+0xa330e8]
V  [libjvm.so+0x8dc612]
C  [libpthread.so.0+0x7374]  start_thread+0xc4

Java frames: (J=compiled Java code, j=interpreted, Vv=VM code)
j  javax.swing.KeyboardManager.registerKeyStroke(Ljavax/swing/KeyStroke;Ljavax/swing/JComponent;)V+174
j  javax.swing.JComponent.registerWithKeyboardManager(Ljavax/swing/KeyStroke;)V+5
j  javax.swing.JComponent.registerWithKeyboardManager(Z)V+68
j  javax.swing.JComponent.addNotify()V+18
j  javax.swing.JMenuBar.addNotify()V+1
j  java.awt.Container.addNotify()V+61
j  javax.swing.JComponent.addNotify()V+1
j  java.awt.Container.addNotify()V+61
j  javax.swing.JComponent.addNotify()V+1
j  javax.swing.JRootPane.addNotify()V+1
j  java.awt.Container.addNotify()V+61
j  java.awt.Window.addNotify()V+73
j  java.awt.Frame.addNotify()V+70
j  java.awt.Window.show()V+8
j  java.awt.Component.show(Z)V+5
j  java.awt.Component.setVisible(Z)V+2
j  java.awt.Window.setVisible(Z)V+2
j  cliente.Cliente$5.run()V+8
j  java.awt.event.InvocationEvent.dispatch()V+47
j  java.awt.EventQueue.dispatchEventImpl(Ljava/awt/AWTEvent;Ljava/lang/Object;)V+21
j  java.awt.EventQueue.access$500(Ljava/awt/EventQueue;Ljava/awt/AWTEvent;Ljava/lang/Object;)V+3
j  java.awt.EventQueue$3.run()Ljava/lang/Void;+32
j  java.awt.EventQueue$3.run()Ljava/lang/Object;+1
v  ~StubRoutines::call_stub
j  java.security.AccessController.doPrivileged(Ljava/security/PrivilegedAction;Ljava/security/AccessControlContext;)Ljava/lang/Object;+0
j  java.security.ProtectionDomain$1.doIntersectionPrivilege(Ljava/security/PrivilegedAction;Ljava/security/AccessControlContext;Ljava/security/AccessControlContext;)Ljava/lang/Object;+28
j  java.awt.EventQueue.dispatchEvent(Ljava/awt/AWTEvent;)V+46
j  java.awt.EventDispatchThread.pumpOneEventForFilters(I)V+245
j  java.awt.EventDispatchThread.pumpEventsForFilter(ILjava/awt/Conditional;Ljava/awt/EventFilter;)V+35
j  java.awt.EventDispatchThread.pumpEventsForHierarchy(ILjava/awt/Conditional;Ljava/awt/Component;)V+11
j  java.awt.EventDispatchThread.pumpEvents(ILjava/awt/Conditional;)V+4
j  java.awt.EventDispatchThread.pumpEvents(Ljava/awt/Conditional;)V+3
j  java.awt.EventDispatchThread.run()V+9
v  ~StubRoutines::call_stub

---------------  P R O C E S S  ---------------

Java Threads: ( => current thread )
  0x00007fdd30008800 JavaThread "DestroyJavaVM" [_thread_blocked, id=13119, stack(0x00007fdd39a1c000,0x00007fdd39b1d000)]
=>0x00007fdd301fe800 JavaThread "AWT-EventQueue-0" [_thread_in_vm, id=13519, stack(0x00007fdcf7347000,0x00007fdcf7448000)]
  0x00007fdd301fd000 JavaThread "AWT-Shutdown" [_thread_blocked, id=13510, stack(0x00007fdd18006000,0x00007fdd18107000)]
  0x00007fdd301f8800 JavaThread "AWT-XAWT" daemon [_thread_in_native, id=13505, stack(0x00007fdd18107000,0x00007fdd18208000)]
  0x00007fdd301c2000 JavaThread "Java2D Disposer" daemon [_thread_blocked, id=13438, stack(0x00007fdd200f7000,0x00007fdd201f8000)]
  0x00007fdd300ba000 JavaThread "Service Thread" daemon [_thread_blocked, id=13148, stack(0x00007fdd34694000,0x00007fdd34795000)]
  0x00007fdd300b5800 JavaThread "C1 CompilerThread1" daemon [_thread_in_native, id=13146, stack(0x00007fdd34795000,0x00007fdd34896000)]
  0x00007fdd300b2800 JavaThread "C2 CompilerThread0" daemon [_thread_blocked, id=13144, stack(0x00007fdd34896000,0x00007fdd34997000)]
  0x00007fdd300b1000 JavaThread "Signal Dispatcher" daemon [_thread_blocked, id=13141, stack(0x00007fdd34997000,0x00007fdd34a98000)]
  0x00007fdd30078800 JavaThread "Finalizer" daemon [_thread_blocked, id=13137, stack(0x00007fdd34c23000,0x00007fdd34d24000)]
  0x00007fdd30076800 JavaThread "Reference Handler" daemon [_thread_blocked, id=13136, stack(0x00007fdd34d24000,0x00007fdd34e25000)]

Other Threads:
  0x00007fdd30071800 VMThread [stack: 0x00007fdd34e25000,0x00007fdd34f26000] [id=13135]
  0x00007fdd300bd000 WatcherThread [stack: 0x00007fdd34593000,0x00007fdd34694000] [id=13149]

VM state:not at safepoint (normal execution)

VM Mutex/Monitor currently owned by a thread: None

Heap:
 PSYoungGen      total 26112K, used 5858K [0x00000000e2b80000, 0x00000000e4880000, 0x0000000100000000)
  eden space 22528K, 26% used [0x00000000e2b80000,0x00000000e31389d8,0x00000000e4180000)
  from space 3584K, 0% used [0x00000000e4500000,0x00000000e4500000,0x00000000e4880000)
  to   space 3584K, 0% used [0x00000000e4180000,0x00000000e4180000,0x00000000e4500000)
 ParOldGen       total 60416K, used 0K [0x00000000a8200000, 0x00000000abd00000, 0x00000000e2b80000)
  object space 60416K, 0% used [0x00000000a8200000,0x00000000a8200000,0x00000000abd00000)
 Metaspace       used 10480K, capacity 10668K, committed 10880K, reserved 1058816K
  class space    used 1224K, capacity 1314K, committed 1408K, reserved 1048576K

Card table byte_map: [0x00007fdd36970000,0x00007fdd36c30000] byte_map_base: 0x00007fdd3642f000

Marking Bits: (ParMarkBitMap*) 0x00007fdd38cd7580
 Begin Bits: [0x00007fdd19410000, 0x00007fdd1aa08000)
 End Bits:   [0x00007fdd1aa08000, 0x00007fdd1c000000)

Polling page: 0x00007fdd39a1b000

CodeCache: size=245760Kb used=1959Kb max_used=1959Kb free=243800Kb
 bounds [0x00007fdd21000000, 0x00007fdd21270000, 0x00007fdd30000000]
 total_blobs=884 nmethods=394 adapters=406
 compilation: enabled

Compilation events (10 events):
Event: 40,651 Thread 0x00007fdd300b5800 nmethod 389 0x00007fdd211e7050 code [0x00007fdd211e7200, 0x00007fdd211e76a8]
Event: 40,796 Thread 0x00007fdd300b5800  390       3       java.util.concurrent.locks.ReentrantLock$Sync::tryRelease (45 bytes)
Event: 40,797 Thread 0x00007fdd300b5800 nmethod 390 0x00007fdd211e7c90 code [0x00007fdd211e7e20, 0x00007fdd211e83c8]
Event: 40,805 Thread 0x00007fdd300b5800  392       3       java.util.concurrent.locks.ReentrantLock$Sync::nonfairTryAcquire (67 bytes)
Event: 40,806 Thread 0x00007fdd300b5800 nmethod 392 0x00007fdd211e8510 code [0x00007fdd211e86c0, 0x00007fdd211e8de8]
Event: 40,812 Thread 0x00007fdd300b5800  393       1       java.awt.Component::getPeer (5 bytes)
Event: 40,812 Thread 0x00007fdd300b5800 nmethod 393 0x00007fdd211e8f90 code [0x00007fdd211e90e0, 0x00007fdd211e91f0]
Event: 40,812 Thread 0x00007fdd300b5800  394       3       java.awt.Component::getContainer (5 bytes)
Event: 40,813 Thread 0x00007fdd300b5800 nmethod 394 0x00007fdd211e9250 code [0x00007fdd211e93c0, 0x00007fdd211e95b0]
Event: 44,840 Thread 0x00007fdd300b5800  396       3       java.awt.Component::isLightweight (8 bytes)

GC Heap History (0 events):
No events

Deoptimization events (0 events):
No events

Internal exceptions (10 events):
Event: 8,771 Thread 0x00007fdd30008800 Exception <a 'java/security/PrivilegedActionException'> (0x00000000e2d0a400) thrown at [/build/java8-openjdk/src/jdk8u-jdk8u40-b20/hotspot/src/share/vm/prims/jvm.cpp, line 1382]
Event: 8,777 Thread 0x00007fdd30008800 Exception <a 'java/security/PrivilegedActionException'> (0x00000000e2d0c1d0) thrown at [/build/java8-openjdk/src/jdk8u-jdk8u40-b20/hotspot/src/share/vm/prims/jvm.cpp, line 1382]
Event: 8,777 Thread 0x00007fdd30008800 Exception <a 'java/security/PrivilegedActionException'> (0x00000000e2d0c388) thrown at [/build/java8-openjdk/src/jdk8u-jdk8u40-b20/hotspot/src/share/vm/prims/jvm.cpp, line 1382]
Event: 8,783 Thread 0x00007fdd30008800 Exception <a 'java/security/PrivilegedActionException'> (0x00000000e2d0cd30) thrown at [/build/java8-openjdk/src/jdk8u-jdk8u40-b20/hotspot/src/share/vm/prims/jvm.cpp, line 1382]
Event: 8,783 Thread 0x00007fdd30008800 Exception <a 'java/security/PrivilegedActionException'> (0x00000000e2d0cee8) thrown at [/build/java8-openjdk/src/jdk8u-jdk8u40-b20/hotspot/src/share/vm/prims/jvm.cpp, line 1382]
Event: 8,983 Thread 0x00007fdd30008800 Exception <a 'java/io/FileNotFoundException'> (0x00000000e2d180c8) thrown at [/build/java8-openjdk/src/jdk8u-jdk8u40-b20/hotspot/src/share/vm/prims/jni.cpp, line 709]
Event: 8,986 Thread 0x00007fdd30008800 Exception <a 'java/io/FileNotFoundException'> (0x00000000e2d18b78) thrown at [/build/java8-openjdk/src/jdk8u-jdk8u40-b20/hotspot/src/share/vm/prims/jni.cpp, line 709]
Event: 10,250 Thread 0x00007fdd30008800 Exception <a 'java/lang/ClassNotFoundException': sun/dc/DuctusRenderingEngine> (0x00000000e2d28568) thrown at [/build/java8-openjdk/src/jdk8u-jdk8u40-b20/hotspot/src/share/vm/classfile/systemDictionary.cpp, line 210]
Event: 17,029 Thread 0x00007fdd30008800 Exception <a 'java/lang/NoSuchFieldError': method resolution failed> (0x00000000e2e335f0) thrown at [/build/java8-openjdk/src/jdk8u-jdk8u40-b20/hotspot/src/share/vm/prims/methodHandles.cpp, line 1125]
Event: 17,157 Thread 0x00007fdd30008800 Exception <a 'java/lang/NoSuchFieldError': method resolution failed> (0x00000000e2e42030) thrown at [/build/java8-openjdk/src/jdk8u-jdk8u40-b20/hotspot/src/share/vm/prims/methodHandles.cpp, line 1125]

Events (10 events):
Event: 41,869 loading class sun/awt/X11/MotifDnDConstants done
Event: 44,842 loading class java/applet/Applet
Event: 44,851 loading class java/awt/Panel
Event: 44,852 loading class java/awt/Panel done
Event: 45,101 loading class java/applet/Applet done
Event: 45,101 loading class javax/swing/JInternalFrame
Event: 45,131 loading class javax/swing/JInternalFrame done
Event: 45,131 loading class javax/swing/KeyboardManager$ComponentKeyStrokePair
Event: 45,133 loading class javax/swing/KeyboardManager$ComponentKeyStrokePair done
Event: 45,135 loading class sun/awt/EmbeddedFrame


Dynamic libraries:
00400000-00401000 r-xp 00000000 08:07 428440                             /usr/lib/jvm/java-8-openjdk/jre/bin/java
00600000-00601000 rw-p 00000000 08:07 428440                             /usr/lib/jvm/java-8-openjdk/jre/bin/java
023b3000-023d4000 rw-p 00000000 00:00 0                                  [heap]
a8200000-abd00000 rw-p 00000000 00:00 0 
abd00000-e2b80000 ---p 00000000 00:00 0 
e2b80000-e4880000 rw-p 00000000 00:00 0 
e4880000-100000000 ---p 00000000 00:00 0 
100000000-100160000 rw-p 00000000 00:00 0 
100160000-140000000 ---p 00000000 00:00 0 
7fdcdc000000-7fdcdc0af000 rw-p 00000000 00:00 0 
7fdcdc0af000-7fdce0000000 ---p 00000000 00:00 0 
7fdce4000000-7fdce4021000 rw-p 00000000 00:00 0 
7fdce4021000-7fdce8000000 ---p 00000000 00:00 0 
7fdce8000000-7fdce8021000 rw-p 00000000 00:00 0 
7fdce8021000-7fdcec000000 ---p 00000000 00:00 0 
7fdcec000000-7fdcec021000 rw-p 00000000 00:00 0 
7fdcec021000-7fdcf0000000 ---p 00000000 00:00 0 
7fdcf0000000-7fdcf027a000 rw-p 00000000 00:00 0 
7fdcf027a000-7fdcf4000000 ---p 00000000 00:00 0 
7fdcf6f30000-7fdcf7070000 rw-p 00000000 00:00 0 
7fdcf70b0000-7fdcf7130000 ---p 00000000 00:00 0 
7fdcf7130000-7fdcf7146000 r-xp 00000000 08:07 428410                     /usr/lib/jvm/java-8-openjdk/jre/lib/amd64/libnet.so
7fdcf7146000-7fdcf7346000 ---p 00016000 08:07 428410                     /usr/lib/jvm/java-8-openjdk/jre/lib/amd64/libnet.so
7fdcf7346000-7fdcf7347000 rw-p 00016000 08:07 428410                     /usr/lib/jvm/java-8-openjdk/jre/lib/amd64/libnet.so
7fdcf7347000-7fdcf734a000 ---p 00000000 00:00 0 
7fdcf734a000-7fdcf7448000 rw-p 00000000 00:00 0                          [stack:13519]
7fdcf7448000-7fdcf744d000 r-xp 00000000 08:07 159396                     /usr/lib/libXfixes.so.3.1.0
7fdcf744d000-7fdcf764c000 ---p 00005000 08:07 159396                     /usr/lib/libXfixes.so.3.1.0
7fdcf764c000-7fdcf764d000 r--p 00004000 08:07 159396                     /usr/lib/libXfixes.so.3.1.0
7fdcf764d000-7fdcf764e000 rw-p 00005000 08:07 159396                     /usr/lib/libXfixes.so.3.1.0
7fdcf7650000-7fdcf765a000 r-xp 00000000 08:07 160813                     /usr/lib/libXcursor.so.1.0.2
7fdcf765a000-7fdcf7859000 ---p 0000a000 08:07 160813                     /usr/lib/libXcursor.so.1.0.2
7fdcf7859000-7fdcf785a000 r--p 00009000 08:07 160813                     /usr/lib/libXcursor.so.1.0.2
7fdcf785a000-7fdcf785b000 rw-p 0000a000 08:07 160813                     /usr/lib/libXcursor.so.1.0.2
7fdcf7860000-7fdcf78ce000 r-xp 00000000 08:07 141965                     /usr/lib/libpcre.so.1.2.4
7fdcf78ce000-7fdcf7acd000 ---p 0006e000 08:07 141965                     /usr/lib/libpcre.so.1.2.4
7fdcf7acd000-7fdcf7ace000 r--p 0006d000 08:07 141965                     /usr/lib/libpcre.so.1.2.4
7fdcf7ace000-7fdcf7acf000 rw-p 0006e000 08:07 141965                     /usr/lib/libpcre.so.1.2.4
7fdcf7ad0000-7fdcf7aec000 r-xp 00000000 08:07 159932                     /usr/lib/libgraphite2.so.3.0.1
7fdcf7aec000-7fdcf7ceb000 ---p 0001c000 08:07 159932                     /usr/lib/libgraphite2.so.3.0.1
7fdcf7ceb000-7fdcf7ced000 r--p 0001b000 08:07 159932                     /usr/lib/libgraphite2.so.3.0.1
7fdcf7ced000-7fdcf7cee000 rw-p 0001d000 08:07 159932                     /usr/lib/libgraphite2.so.3.0.1
7fdcf7cf0000-7fdcf7dfc000 r-xp 00000000 08:07 186737                     /usr/lib/libglib-2.0.so.0.4200.2
7fdcf7dfc000-7fdcf7ffb000 ---p 0010c000 08:07 186737                     /usr/lib/libglib-2.0.so.0.4200.2
7fdcf7ffb000-7fdcf7ffc000 r--p 0010b000 08:07 186737                     /usr/lib/libglib-2.0.so.0.4200.2
7fdcf7ffc000-7fdcf7ffd000 rw-p 0010c000 08:07 186737                     /usr/lib/libglib-2.0.so.0.4200.2
7fdcf7ffd000-7fdcf7ffe000 rw-p 00000000 00:00 0 
7fdcf8000000-7fdcf8021000 rw-p 00000000 00:00 0 
7fdcf8021000-7fdcfc000000 ---p 00000000 00:00 0 
7fdcfc000000-7fdcfc021000 rw-p 00000000 00:00 0 
7fdcfc021000-7fdd00000000 ---p 00000000 00:00 0 
7fdd00000000-7fdd00021000 rw-p 00000000 00:00 0 
7fdd00021000-7fdd04000000 ---p 00000000 00:00 0 
7fdd04000000-7fdd04080000 rw-p 00000000 00:00 0 
7fdd04080000-7fdd08000000 ---p 00000000 00:00 0 
7fdd08000000-7fdd08021000 rw-p 00000000 00:00 0 
7fdd08021000-7fdd0c000000 ---p 00000000 00:00 0 
7fdd0c000000-7fdd0c021000 rw-p 00000000 00:00 0 
7fdd0c021000-7fdd10000000 ---p 00000000 00:00 0 
7fdd10000000-7fdd10021000 rw-p 00000000 00:00 0 
7fdd10021000-7fdd14000000 ---p 00000000 00:00 0 
7fdd14000000-7fdd14021000 rw-p 00000000 00:00 0 
7fdd14021000-7fdd18000000 ---p 00000000 00:00 0 
7fdd18006000-7fdd18009000 ---p 00000000 00:00 0 
7fdd18009000-7fdd18107000 rw-p 00000000 00:00 0                          [stack:13510]
7fdd18107000-7fdd1810a000 ---p 00000000 00:00 0 
7fdd1810a000-7fdd18208000 rw-p 00000000 00:00 0                          [stack:13505]
7fdd18208000-7fdd18262000 r-xp 00000000 08:07 159941                     /usr/lib/libharfbuzz.so.0.940.0
7fdd18262000-7fdd18461000 ---p 0005a000 08:07 159941                     /usr/lib/libharfbuzz.so.0.940.0
7fdd18461000-7fdd18464000 r--p 00059000 08:07 159941                     /usr/lib/libharfbuzz.so.0.940.0
7fdd18464000-7fdd18465000 rw-p 0005c000 08:07 159941                     /usr/lib/libharfbuzz.so.0.940.0
7fdd18468000-7fdd1849d000 r-xp 00000000 08:07 159517                     /usr/lib/libpng16.so.16.16.0
7fdd1849d000-7fdd1869c000 ---p 00035000 08:07 159517                     /usr/lib/libpng16.so.16.16.0
7fdd1869c000-7fdd1869d000 r--p 00034000 08:07 159517                     /usr/lib/libpng16.so.16.16.0
7fdd1869d000-7fdd1869e000 rw-p 00035000 08:07 159517                     /usr/lib/libpng16.so.16.16.0
7fdd186a0000-7fdd186af000 r-xp 00000000 08:07 136853                     /usr/lib/libbz2.so.1.0.6
7fdd186af000-7fdd188ae000 ---p 0000f000 08:07 136853                     /usr/lib/libbz2.so.1.0.6
7fdd188ae000-7fdd188b0000 rw-p 0000e000 08:07 136853                     /usr/lib/libbz2.so.1.0.6
7fdd188b0000-7fdd188c6000 r-xp 00000000 08:07 134103                     /usr/lib/libgcc_s.so.1
7fdd188c6000-7fdd18ac5000 ---p 00016000 08:07 134103                     /usr/lib/libgcc_s.so.1
7fdd18ac5000-7fdd18ac6000 rw-p 00015000 08:07 134103                     /usr/lib/libgcc_s.so.1
7fdd18ac8000-7fdd18b7e000 r-xp 00000000 08:07 159955                     /usr/lib/libfreetype.so.6.11.4
7fdd18b7e000-7fdd18d7e000 ---p 000b6000 08:07 159955                     /usr/lib/libfreetype.so.6.11.4
7fdd18d7e000-7fdd18d84000 r--p 000b6000 08:07 159955                     /usr/lib/libfreetype.so.6.11.4
7fdd18d84000-7fdd18d85000 rw-p 000bc000 08:07 159955                     /usr/lib/libfreetype.so.6.11.4
7fdd18d88000-7fdd18de9000 r-xp 00000000 08:07 428427                     /usr/lib/jvm/java-8-openjdk/jre/lib/amd64/libfontmanager.so
7fdd18de9000-7fdd18fe8000 ---p 00061000 08:07 428427                     /usr/lib/jvm/java-8-openjdk/jre/lib/amd64/libfontmanager.so
7fdd18fe8000-7fdd18fec000 rw-p 00060000 08:07 428427                     /usr/lib/jvm/java-8-openjdk/jre/lib/amd64/libfontmanager.so
7fdd18fec000-7fdd18fff000 rw-p 00000000 00:00 0 
7fdd19000000-7fdd19005000 r-xp 00000000 08:07 156005                     /usr/lib/libXdmcp.so.6.0.0
7fdd19005000-7fdd19204000 ---p 00005000 08:07 156005                     /usr/lib/libXdmcp.so.6.0.0
7fdd19204000-7fdd19205000 r--p 00004000 08:07 156005                     /usr/lib/libXdmcp.so.6.0.0
7fdd19205000-7fdd19206000 rw-p 00005000 08:07 156005                     /usr/lib/libXdmcp.so.6.0.0
7fdd19208000-7fdd1920a000 r-xp 00000000 08:07 156010                     /usr/lib/libXau.so.6.0.0
7fdd1920a000-7fdd1940a000 ---p 00002000 08:07 156010                     /usr/lib/libXau.so.6.0.0
7fdd1940a000-7fdd1940b000 r--p 00002000 08:07 156010                     /usr/lib/libXau.so.6.0.0
7fdd1940b000-7fdd1940c000 rw-p 00003000 08:07 156010                     /usr/lib/libXau.so.6.0.0
7fdd19410000-7fdd1c000000 rw-p 00000000 00:00 0 
7fdd1c000000-7fdd1c021000 rw-p 00000000 00:00 0 
7fdd1c021000-7fdd20000000 ---p 00000000 00:00 0 
7fdd200a7000-7fdd200d8000 rw-p 00000000 00:00 0 
7fdd200d8000-7fdd200f1000 r--s 00000000 08:07 669984                     /var/cache/fontconfig/8d4af663993b81a124ee82e610bb31f9-le64.cache-4
7fdd200f7000-7fdd200fa000 ---p 00000000 00:00 0 
7fdd200fa000-7fdd201f8000 rw-p 00000000 00:00 0                          [stack:13438]
7fdd201f8000-7fdd20219000 r-xp 00000000 08:07 158332                     /usr/lib/libxcb.so.1.1.0
7fdd20219000-7fdd20418000 ---p 00021000 08:07 158332                     /usr/lib/libxcb.so.1.1.0
7fdd20418000-7fdd20419000 r--p 00020000 08:07 158332                     /usr/lib/libxcb.so.1.1.0
7fdd20419000-7fdd2041a000 rw-p 00021000 08:07 158332                     /usr/lib/libxcb.so.1.1.0
7fdd20420000-7fdd2042f000 r-xp 00000000 08:07 159390                     /usr/lib/libXi.so.6.1.0
7fdd2042f000-7fdd2062f000 ---p 0000f000 08:07 159390                     /usr/lib/libXi.so.6.1.0
7fdd2062f000-7fdd20630000 r--p 0000f000 08:07 159390                     /usr/lib/libXi.so.6.1.0
7fdd20630000-7fdd20631000 rw-p 00010000 08:07 159390                     /usr/lib/libXi.so.6.1.0
7fdd20638000-7fdd2063d000 r-xp 00000000 08:07 159412                     /usr/lib/libXtst.so.6.1.0
7fdd2063d000-7fdd2083c000 ---p 00005000 08:07 159412                     /usr/lib/libXtst.so.6.1.0
7fdd2083c000-7fdd2083d000 r--p 00004000 08:07 159412                     /usr/lib/libXtst.so.6.1.0
7fdd2083d000-7fdd2083e000 rw-p 00005000 08:07 159412                     /usr/lib/libXtst.so.6.1.0
7fdd20840000-7fdd20849000 r-xp 00000000 08:07 159929                     /usr/lib/libXrender.so.1.3.0
7fdd20849000-7fdd20a48000 ---p 00009000 08:07 159929                     /usr/lib/libXrender.so.1.3.0
7fdd20a48000-7fdd20a49000 r--p 00008000 08:07 159929                     /usr/lib/libXrender.so.1.3.0
7fdd20a49000-7fdd20a4a000 rw-p 00009000 08:07 159929                     /usr/lib/libXrender.so.1.3.0
7fdd20a50000-7fdd20b8b000 r-xp 00000000 08:07 158413                     /usr/lib/libX11.so.6.3.0
7fdd20b8b000-7fdd20d8a000 ---p 0013b000 08:07 158413                     /usr/lib/libX11.so.6.3.0
7fdd20d8a000-7fdd20d8c000 r--p 0013a000 08:07 158413                     /usr/lib/libX11.so.6.3.0
7fdd20d8c000-7fdd20d91000 rw-p 0013c000 08:07 158413                     /usr/lib/libX11.so.6.3.0
7fdd20d91000-7fdd20d92000 rw-p 00000000 00:00 0 
7fdd20d98000-7fdd20da9000 r-xp 00000000 08:07 159311                     /usr/lib/libXext.so.6.4.0
7fdd20da9000-7fdd20fa8000 ---p 00011000 08:07 159311                     /usr/lib/libXext.so.6.4.0
7fdd20fa8000-7fdd20fa9000 r--p 00010000 08:07 159311                     /usr/lib/libXext.so.6.4.0
7fdd20fa9000-7fdd20faa000 rw-p 00011000 08:07 159311                     /usr/lib/libXext.so.6.4.0
7fdd20fc8000-7fdd20fca000 r--s 00000000 08:07 669321                     /var/cache/fontconfig/452f1fac34b224105d7acfae3034bcd5-le64.cache-4
7fdd20fd0000-7fdd20fdf000 r--s 00000000 08:07 658776                     /var/cache/fontconfig/5a02e0a9ca9b27d0aa4bd0c42ba2438d-le64.cache-4
7fdd20fe0000-7fdd20fea000 r--s 00000000 08:07 655257                     /var/cache/fontconfig/d62e99ef547d1d24cdb1bd22ec1a2976-le64.cache-4
7fdd20ff0000-7fdd20ffd000 r--s 00000000 08:07 675069                     /var/cache/fontconfig/f6b893a7224233d96cb72fd88691c0b4-le64.cache-4
7fdd21000000-7fdd21270000 rwxp 00000000 00:00 0 
7fdd21270000-7fdd30000000 ---p 00000000 00:00 0 
7fdd30000000-7fdd30201000 rw-p 00000000 00:00 0 
7fdd30201000-7fdd34000000 ---p 00000000 00:00 0 
7fdd34000000-7fdd34001000 r--s 00000000 08:07 655184                     /var/cache/fontconfig/6ba42ae0000f58711b5caaf10d690066-le64.cache-4
7fdd34008000-7fdd34011000 r--s 00000000 08:07 669908                     /var/cache/fontconfig/f349e9996a5320f6dd491cedd2b1f964-le64.cache-4
7fdd34015000-7fdd34028000 r--s 00345000 08:07 428351                     /usr/lib/jvm/java-8-openjdk/jre/lib/resources.jar
7fdd34028000-7fdd3404e000 r--p 00000000 08:07 133714                     /usr/share/locale/es/LC_MESSAGES/libc.mo
7fdd34050000-7fdd340a3000 r-xp 00000000 08:07 428425                     /usr/lib/jvm/java-8-openjdk/jre/lib/amd64/libawt_xawt.so
7fdd340a3000-7fdd342a2000 ---p 00053000 08:07 428425                     /usr/lib/jvm/java-8-openjdk/jre/lib/amd64/libawt_xawt.so
7fdd342a2000-7fdd342a6000 rw-p 00052000 08:07 428425                     /usr/lib/jvm/java-8-openjdk/jre/lib/amd64/libawt_xawt.so
7fdd342a6000-7fdd342a7000 rw-p 00000000 00:00 0 
7fdd342a8000-7fdd34348000 r-xp 00000000 08:07 428422                     /usr/lib/jvm/java-8-openjdk/jre/lib/amd64/libawt.so
7fdd34348000-7fdd34548000 ---p 000a0000 08:07 428422                     /usr/lib/jvm/java-8-openjdk/jre/lib/amd64/libawt.so
7fdd34548000-7fdd34554000 rw-p 000a0000 08:07 428422                     /usr/lib/jvm/java-8-openjdk/jre/lib/amd64/libawt.so
7fdd34554000-7fdd34578000 rw-p 00000000 00:00 0 
7fdd34578000-7fdd3457d000 r--s 002f8000 08:07 428349                     /usr/lib/jvm/java-8-openjdk/jre/lib/charsets.jar
7fdd34584000-7fdd3458b000 r--s 00094000 08:07 565039                     /usr/share/netbeans/java/modules/ext/beansbinding-1.2.1.jar
7fdd34590000-7fdd34591000 r--s 00000000 08:07 565038                     /usr/share/netbeans/java/modules/ext/AbsoluteLayout.jar
7fdd34593000-7fdd34594000 ---p 00000000 00:00 0 
7fdd34594000-7fdd34694000 rw-p 00000000 00:00 0                          [stack:13149]
7fdd34694000-7fdd34697000 ---p 00000000 00:00 0 
7fdd34697000-7fdd34795000 rw-p 00000000 00:00 0                          [stack:13148]
7fdd34795000-7fdd34798000 ---p 00000000 00:00 0 
7fdd34798000-7fdd34896000 rw-p 00000000 00:00 0                          [stack:13146]
7fdd34896000-7fdd34899000 ---p 00000000 00:00 0 
7fdd34899000-7fdd34997000 rw-p 00000000 00:00 0                          [stack:13144]
7fdd34997000-7fdd3499a000 ---p 00000000 00:00 0 
7fdd3499a000-7fdd34a98000 rw-p 00000000 00:00 0                          [stack:13141]
7fdd34a98000-7fdd34c21000 r--p 00000000 08:07 159448                     /usr/lib/locale/locale-archive
7fdd34c23000-7fdd34c26000 ---p 00000000 00:00 0 
7fdd34c26000-7fdd34d24000 rw-p 00000000 00:00 0                          [stack:13137]
7fdd34d24000-7fdd34d27000 ---p 00000000 00:00 0 
7fdd34d27000-7fdd34e25000 rw-p 00000000 00:00 0                          [stack:13136]
7fdd34e25000-7fdd34e26000 ---p 00000000 00:00 0 
7fdd34e26000-7fdd35892000 rw-p 00000000 00:00 0                          [stack:13135]
7fdd35892000-7fdd35a60000 r--s 03bd2000 08:07 428353                     /usr/lib/jvm/java-8-openjdk/jre/lib/rt.jar
7fdd35a64000-7fdd36599000 rw-p 00000000 00:00 0 
7fdd36599000-7fdd3659a000 ---p 00000000 00:00 0 
7fdd3659a000-7fdd3669a000 rw-p 00000000 00:00 0                          [stack:13122]
7fdd3669a000-7fdd3669b000 ---p 00000000 00:00 0 
7fdd3669b000-7fdd367b9000 rw-p 00000000 00:00 0                          [stack:13121]
7fdd367b9000-7fdd36970000 ---p 00000000 00:00 0 
7fdd36970000-7fdd3698e000 rw-p 00000000 00:00 0 
7fdd3698e000-7fdd36b44000 ---p 00000000 00:00 0 
7fdd36b44000-7fdd36b54000 rw-p 00000000 00:00 0 
7fdd36b54000-7fdd36c2f000 ---p 00000000 00:00 0 
7fdd36c2f000-7fdd36c3a000 rw-p 00000000 00:00 0 
7fdd36c3a000-7fdd36ff0000 ---p 00000000 00:00 0 
7fdd36ff0000-7fdd36ff8000 r-xp 00000000 08:07 428408                     /usr/lib/jvm/java-8-openjdk/jre/lib/amd64/libzip.so
7fdd36ff8000-7fdd371f7000 ---p 00008000 08:07 428408                     /usr/lib/jvm/java-8-openjdk/jre/lib/amd64/libzip.so
7fdd371f7000-7fdd371f8000 rw-p 00007000 08:07 428408                     /usr/lib/jvm/java-8-openjdk/jre/lib/amd64/libzip.so
7fdd371f8000-7fdd37203000 r-xp 00000000 08:07 133754                     /usr/lib/libnss_files-2.21.so
7fdd37203000-7fdd37403000 ---p 0000b000 08:07 133754                     /usr/lib/libnss_files-2.21.so
7fdd37403000-7fdd37404000 r--p 0000b000 08:07 133754                     /usr/lib/libnss_files-2.21.so
7fdd37404000-7fdd37405000 rw-p 0000c000 08:07 133754                     /usr/lib/libnss_files-2.21.so
7fdd37408000-7fdd37435000 r-xp 00000000 08:07 428407                     /usr/lib/jvm/java-8-openjdk/jre/lib/amd64/libjava.so
7fdd37435000-7fdd37635000 ---p 0002d000 08:07 428407                     /usr/lib/jvm/java-8-openjdk/jre/lib/amd64/libjava.so
7fdd37635000-7fdd37637000 rw-p 0002d000 08:07 428407                     /usr/lib/jvm/java-8-openjdk/jre/lib/amd64/libjava.so
7fdd37638000-7fdd37645000 r-xp 00000000 08:07 428399                     /usr/lib/jvm/java-8-openjdk/jre/lib/amd64/libverify.so
7fdd37645000-7fdd37844000 ---p 0000d000 08:07 428399                     /usr/lib/jvm/java-8-openjdk/jre/lib/amd64/libverify.so
7fdd37844000-7fdd37846000 rw-p 0000c000 08:07 428399                     /usr/lib/jvm/java-8-openjdk/jre/lib/amd64/libverify.so
7fdd37848000-7fdd3784f000 r-xp 00000000 08:07 133786                     /usr/lib/librt-2.21.so
7fdd3784f000-7fdd37a4e000 ---p 00007000 08:07 133786                     /usr/lib/librt-2.21.so
7fdd37a4e000-7fdd37a4f000 r--p 00006000 08:07 133786                     /usr/lib/librt-2.21.so
7fdd37a4f000-7fdd37a50000 rw-p 00007000 08:07 133786                     /usr/lib/librt-2.21.so
7fdd37a50000-7fdd37b53000 r-xp 00000000 08:07 133813                     /usr/lib/libm-2.21.so
7fdd37b53000-7fdd37d53000 ---p 00103000 08:07 133813                     /usr/lib/libm-2.21.so
7fdd37d53000-7fdd37d54000 r--p 00103000 08:07 133813                     /usr/lib/libm-2.21.so
7fdd37d54000-7fdd37d55000 rw-p 00104000 08:07 133813                     /usr/lib/libm-2.21.so
7fdd37d58000-7fdd389f7000 r-xp 00000000 08:07 428431                     /usr/lib/jvm/java-8-openjdk/jre/lib/amd64/server/libjvm.so
7fdd389f7000-7fdd38bf7000 ---p 00c9f000 08:07 428431                     /usr/lib/jvm/java-8-openjdk/jre/lib/amd64/server/libjvm.so
7fdd38bf7000-7fdd38cc3000 rw-p 00c9f000 08:07 428431                     /usr/lib/jvm/java-8-openjdk/jre/lib/amd64/server/libjvm.so
7fdd38cc3000-7fdd38d04000 rw-p 00000000 00:00 0 
7fdd38d08000-7fdd38ea1000 r-xp 00000000 08:07 133765                     /usr/lib/libc-2.21.so
7fdd38ea1000-7fdd390a1000 ---p 00199000 08:07 133765                     /usr/lib/libc-2.21.so
7fdd390a1000-7fdd390a5000 r--p 00199000 08:07 133765                     /usr/lib/libc-2.21.so
7fdd390a5000-7fdd390a7000 rw-p 0019d000 08:07 133765                     /usr/lib/libc-2.21.so
7fdd390a7000-7fdd390ab000 rw-p 00000000 00:00 0 
7fdd390b0000-7fdd390b2000 r-xp 00000000 08:07 133795                     /usr/lib/libdl-2.21.so
7fdd390b2000-7fdd392b2000 ---p 00002000 08:07 133795                     /usr/lib/libdl-2.21.so
7fdd392b2000-7fdd392b3000 r--p 00002000 08:07 133795                     /usr/lib/libdl-2.21.so
7fdd392b3000-7fdd392b4000 rw-p 00003000 08:07 133795                     /usr/lib/libdl-2.21.so
7fdd392b8000-7fdd392c5000 r-xp 00000000 08:07 428428                     /usr/lib/jvm/java-8-openjdk/jre/lib/amd64/jli/libjli.so
7fdd392c5000-7fdd394c5000 ---p 0000d000 08:07 428428                     /usr/lib/jvm/java-8-openjdk/jre/lib/amd64/jli/libjli.so
7fdd394c5000-7fdd394c6000 rw-p 0000d000 08:07 428428                     /usr/lib/jvm/java-8-openjdk/jre/lib/amd64/jli/libjli.so
7fdd394c8000-7fdd394dd000 r-xp 00000000 08:07 136861                     /usr/lib/libz.so.1.2.8
7fdd394dd000-7fdd396dc000 ---p 00015000 08:07 136861                     /usr/lib/libz.so.1.2.8
7fdd396dc000-7fdd396dd000 r--p 00014000 08:07 136861                     /usr/lib/libz.so.1.2.8
7fdd396dd000-7fdd396de000 rw-p 00015000 08:07 136861                     /usr/lib/libz.so.1.2.8
7fdd396e0000-7fdd396f8000 r-xp 00000000 08:07 133785                     /usr/lib/libpthread-2.21.so
7fdd396f8000-7fdd398f7000 ---p 00018000 08:07 133785                     /usr/lib/libpthread-2.21.so
7fdd398f7000-7fdd398f8000 r--p 00017000 08:07 133785                     /usr/lib/libpthread-2.21.so
7fdd398f8000-7fdd398f9000 rw-p 00018000 08:07 133785                     /usr/lib/libpthread-2.21.so
7fdd398f9000-7fdd398fd000 rw-p 00000000 00:00 0 
7fdd39900000-7fdd39922000 r-xp 00000000 08:07 133809                     /usr/lib/ld-2.21.so
7fdd39924000-7fdd39a10000 rw-p 00000000 00:00 0 
7fdd39a10000-7fdd39a18000 rw-s 00000000 00:1f 3507420                    /tmp/hsperfdata_maximiliano/13117
7fdd39a1a000-7fdd39a1b000 rw-p 00000000 00:00 0 
7fdd39a1b000-7fdd39a1c000 r--p 00000000 00:00 0 
7fdd39a1c000-7fdd39a1f000 ---p 00000000 00:00 0 
7fdd39a1f000-7fdd39b21000 rw-p 00000000 00:00 0                          [stack:13119]
7fdd39b21000-7fdd39b22000 r--p 00021000 08:07 133809                     /usr/lib/ld-2.21.so
7fdd39b22000-7fdd39b23000 rw-p 00022000 08:07 133809                     /usr/lib/ld-2.21.so
7fdd39b23000-7fdd39b25000 rw-p 00000000 00:00 0 
7ffff1d3a000-7ffff1d5b000 rw-p 00000000 00:00 0                          [stack]
7ffff1d68000-7ffff1d6a000 r--p 00000000 00:00 0                          [vvar]
7ffff1d6a000-7ffff1d6c000 r-xp 00000000 00:00 0                          [vdso]
ffffffffff600000-ffffffffff601000 r-xp 00000000 00:00 0                  [vsyscall]

VM Arguments:
jvm_args: -Dfile.encoding=UTF-8 
java_command: cliente.Cliente
java_class_path (initial): /usr/share/netbeans/java/modules/ext/AbsoluteLayout.jar:/usr/share/netbeans/java/modules/ext/beansbinding-1.2.1.jar:/home/maximiliano/NetBeansProjects/socket/build/classes
Launcher Type: SUN_STANDARD

Environment Variables:
PATH=/usr/local/sbin:/usr/local/bin:/usr/bin:/usr/lib/jvm/default/bin:/usr/bin/site_perl:/usr/bin/vendor_perl:/usr/bin/core_perl
LD_LIBRARY_PATH=/usr/lib/jvm/default/bin/../jre/lib/amd64:/usr/lib/jvm/default/bin/../jre/lib/i386:
SHELL=/bin/bash
DISPLAY=:0

Signal Handlers:
SIGSEGV: [libjvm.so+0xa8f160], sa_mask[0]=11111111011111111101111111111110, sa_flags=SA_RESTART|SA_SIGINFO
SIGBUS: [libjvm.so+0xa8f160], sa_mask[0]=11111111011111111101111111111110, sa_flags=SA_RESTART|SA_SIGINFO
SIGFPE: [libjvm.so+0x8daa30], sa_mask[0]=11111111011111111101111111111110, sa_flags=SA_RESTART|SA_SIGINFO
SIGPIPE: [libjvm.so+0x8daa30], sa_mask[0]=11111111011111111101111111111110, sa_flags=SA_RESTART|SA_SIGINFO
SIGXFSZ: [libjvm.so+0x8daa30], sa_mask[0]=11111111011111111101111111111110, sa_flags=SA_RESTART|SA_SIGINFO
SIGILL: [libjvm.so+0x8daa30], sa_mask[0]=11111111011111111101111111111110, sa_flags=SA_RESTART|SA_SIGINFO
SIGUSR1: SIG_DFL, sa_mask[0]=00000000000000000000000000000000, sa_flags=none
SIGUSR2: [libjvm.so+0x8da8e0], sa_mask[0]=00100000000000000000000000000000, sa_flags=SA_RESTART|SA_SIGINFO
SIGHUP: [libjvm.so+0x8dab00], sa_mask[0]=11111111011111111101111111111110, sa_flags=SA_RESTART|SA_SIGINFO
SIGINT: SIG_IGN, sa_mask[0]=00000000000000000000000000000000, sa_flags=none
SIGTERM: [libjvm.so+0x8dab00], sa_mask[0]=11111111011111111101111111111110, sa_flags=SA_RESTART|SA_SIGINFO
SIGQUIT: [libjvm.so+0x8dab00], sa_mask[0]=11111111011111111101111111111110, sa_flags=SA_RESTART|SA_SIGINFO


---------------  S Y S T E M  ---------------

OS:NAME="Arch Linux"
ID=arch
PRETTY_NAME="Arch Linux"
ANSI_COLOR="0;36"
HOME_URL="https://www.archlinux.org/"
SUPPORT_URL="https://bbs.archlinux.org/"
BUG_REPORT_URL="https://bugs.archlinux.org/"


uname:Linux 3.19.2-1-ARCH #1 SMP PREEMPT Wed Mar 18 16:21:02 CET 2015 x86_64
libc:glibc 2.21 NPTL 2.21 
rlimit: STACK 8192k, CORE 0k, NPROC 22460, NOFILE 4096, AS infinity
load average:33,93 14,28 5,80

/proc/meminfo:
MemTotal:        5755352 kB
MemFree:          123404 kB
MemAvailable:      63356 kB
Buffers:             428 kB
Cached:            41924 kB
SwapCached:          940 kB
Active:          4464724 kB
Inactive:         855020 kB
Active(anon):    4458264 kB
Inactive(anon):   841504 kB
Active(file):       6460 kB
Inactive(file):    13516 kB
Unevictable:          32 kB
Mlocked:              32 kB
SwapTotal:       1048572 kB
SwapFree:            300 kB
Dirty:                 0 kB
Writeback:           220 kB
AnonPages:       5276840 kB
Mapped:            17752 kB
Shmem:             22132 kB
Slab:              85104 kB
SReclaimable:      28856 kB
SUnreclaim:        56248 kB
KernelStack:       45712 kB
PageTables:        87848 kB
NFS_Unstable:          0 kB
Bounce:                0 kB
WritebackTmp:          0 kB
CommitLimit:     3926248 kB
Committed_AS:   25924872 kB
VmallocTotal:   34359738367 kB
VmallocUsed:      308208 kB
VmallocChunk:   34359426940 kB
HardwareCorrupted:     0 kB
AnonHugePages:   1843200 kB
HugePages_Total:       0
HugePages_Free:        0
HugePages_Rsvd:        0
HugePages_Surp:        0
Hugepagesize:       2048 kB
DirectMap4k:      214404 kB
DirectMap2M:     5777408 kB
DirectMap1G:           0 kB


CPU:total 2 (2 cores per cpu, 1 threads per core) family 21 model 16 stepping 1, cmov, cx8, fxsr, mmx, sse, sse2, sse3, ssse3, sse4.1, sse4.2, popcnt, avx, aes, clmul, mmxext, 3dnowpref, lzcnt, sse4a, tsc, tscinvbit, tscinv, bmi1

/proc/cpuinfo:
processor	: 0
vendor_id	: AuthenticAMD
cpu family	: 21
model		: 16
model name	: AMD A6-4455M APU with Radeon(tm) HD Graphics
stepping	: 1
microcode	: 0x6001119
cpu MHz		: 2100.000
cache size	: 2048 KB
physical id	: 0
siblings	: 2
core id		: 0
cpu cores	: 1
apicid		: 16
initial apicid	: 0
fpu		: yes
fpu_exception	: yes
cpuid level	: 13
wp		: yes
flags		: fpu vme de pse tsc msr pae mce cx8 apic sep mtrr pge mca cmov pat pse36 clflush mmx fxsr sse sse2 ht syscall nx mmxext fxsr_opt pdpe1gb rdtscp lm constant_tsc rep_good nopl nonstop_tsc extd_apicid aperfmperf pni pclmulqdq monitor ssse3 fma cx16 sse4_1 sse4_2 popcnt aes xsave avx f16c lahf_lm cmp_legacy svm extapic cr8_legacy abm sse4a misalignsse 3dnowprefetch osvw ibs xop skinit wdt lwp fma4 tce nodeid_msr tbm topoext perfctr_core perfctr_nb arat cpb hw_pstate npt lbrv svm_lock nrip_save tsc_scale vmcb_clean flushbyasid decodeassists pausefilter pfthreshold vmmcall bmi1
bugs		: fxsave_leak
bogomips	: 4194.02
TLB size	: 1536 4K pages
clflush size	: 64
cache_alignment	: 64
address sizes	: 48 bits physical, 48 bits virtual
power management: ts ttp tm 100mhzsteps hwpstate cpb eff_freq_ro

processor	: 1
vendor_id	: AuthenticAMD
cpu family	: 21
model		: 16
model name	: AMD A6-4455M APU with Radeon(tm) HD Graphics   
stepping	: 1
microcode	: 0x6001119
cpu MHz		: 2100.000
cache size	: 2048 KB
physical id	: 0
siblings	: 2
core id		: 1
cpu cores	: 1
apicid		: 17
initial apicid	: 1
fpu		: yes
fpu_exception	: yes
cpuid level	: 13
wp		: yes
flags		: fpu vme de pse tsc msr pae mce cx8 apic sep mtrr pge mca cmov pat pse36 clflush mmx fxsr sse sse2 ht syscall nx mmxext fxsr_opt pdpe1gb rdtscp lm constant_tsc rep_good nopl nonstop_tsc extd_apicid aperfmperf pni pclmulqdq monitor ssse3 fma cx16 sse4_1 sse4_2 popcnt aes xsave avx f16c lahf_lm cmp_legacy svm extapic cr8_legacy abm sse4a misalignsse 3dnowprefetch osvw ibs xop skinit wdt lwp fma4 tce nodeid_msr tbm topoext perfctr_core perfctr_nb arat cpb hw_pstate npt lbrv svm_lock nrip_save tsc_scale vmcb_clean flushbyasid decodeassists pausefilter pfthreshold vmmcall bmi1
bugs		: fxsave_leak
bogomips	: 4194.02
TLB size	: 1536 4K pages
clflush size	: 64
cache_alignment	: 64
address sizes	: 48 bits physical, 48 bits virtual
power management: ts ttp tm 100mhzsteps hwpstate cpb eff_freq_ro



Memory: 4k page, physical 5755352k(123280k free), swap 1048572k(300k free)

vm_info: OpenJDK 64-Bit Server VM (25.40-b23) for linux-amd64 JRE (1.8.0_40-b20), built on Mar 15 2015 09:37:38 by "builduser" with gcc 4.9.2 20150304 (prerelease)

time: Sat Mar 28 18:39:12 2015
elapsed time: 46 seconds (0d 0h 0m 46s)

