#
# There is insufficient memory for the Java Runtime Environment to continue.
# Native memory allocation (mmap) failed to map 65536 bytes for committing reserved memory.
# Possible reasons:
#   The system is out of physical RAM or swap space
#   In 32 bit mode, the process size limit was hit
# Possible solutions:
#   Reduce memory load on the system
#   Increase physical memory or swap space
#   Check if swap backing store is full
#   Use 64 bit Java on a 64 bit OS
#   Decrease Java heap size (-Xmx/-Xms)
#   Decrease number of Java threads
#   Decrease Java thread stack sizes (-Xss)
#   Set larger code cache with -XX:ReservedCodeCacheSize=
# This output file may be truncated or incomplete.
#
#  Out of Memory Error (os_linux.cpp:2673), pid=15188, tid=140662395852544
#
# JRE version: OpenJDK Runtime Environment (8.0_40-b20) (build 1.8.0_40-b20)
# Java VM: OpenJDK 64-Bit Server VM (25.40-b23 mixed mode linux-amd64 compressed oops)
# Failed to write core dump. Core dumps have been disabled. To enable core dumping, try "ulimit -c unlimited" before starting Java again
#

---------------  T H R E A D  ---------------

Current thread (0x00007fee800b5800):  JavaThread "C1 CompilerThread1" daemon [_thread_in_vm, id=15395, stack(0x00007fee84135000,0x00007fee84236000)]

Stack: [0x00007fee84135000,0x00007fee84236000],  sp=0x00007fee842340f0,  free space=1020k
Native frames: (J=compiled Java code, j=interpreted, Vv=VM code, C=native code)
V  [libjvm.so+0xa8e69d]
V  [libjvm.so+0x4e856c]
V  [libjvm.so+0x8df110]
V  [libjvm.so+0x8d98de]
V  [libjvm.so+0xa8b2b4]
V  [libjvm.so+0x60b0ed]
V  [libjvm.so+0x465666]
V  [libjvm.so+0x8ae7c5]
V  [libjvm.so+0x3faf7c]
V  [libjvm.so+0x33c6e4]
V  [libjvm.so+0x33ca2f]
V  [libjvm.so+0x33d767]
V  [libjvm.so+0x496586]
V  [libjvm.so+0x497b5f]
V  [libjvm.so+0xa330e8]
V  [libjvm.so+0x8dc612]
C  [libpthread.so.0+0x7374]  start_thread+0xc4


Current CompileTask:
C1: 555960  665       3       java.util.Formatter::parse (151 bytes)


---------------  P R O C E S S  ---------------

Java Threads: ( => current thread )
  0x00007fee80008800 JavaThread "DestroyJavaVM" [_thread_blocked, id=15208, stack(0x00007fee893c0000,0x00007fee894c1000)]
  0x00007fee801ec000 JavaThread "AWT-EventQueue-0" [_thread_blocked, id=15564, stack(0x00007fee46dae000,0x00007fee46eaf000)]
  0x00007fee801ea800 JavaThread "AWT-Shutdown" [_thread_blocked, id=15560, stack(0x00007fee46eaf000,0x00007fee46fb0000)]
  0x00007fee801e8800 JavaThread "AWT-XAWT" daemon [_thread_blocked, id=15551, stack(0x00007fee6c016000,0x00007fee6c117000)]
  0x00007fee801ce000 JavaThread "Java2D Disposer" daemon [_thread_blocked, id=15520, stack(0x00007fee6c117000,0x00007fee6c218000)]
  0x00007fee800ba000 JavaThread "Service Thread" daemon [_thread_blocked, id=15406, stack(0x00007fee84034000,0x00007fee84135000)]
=>0x00007fee800b5800 JavaThread "C1 CompilerThread1" daemon [_thread_in_vm, id=15395, stack(0x00007fee84135000,0x00007fee84236000)]
  0x00007fee800b2800 JavaThread "C2 CompilerThread0" daemon [_thread_in_native, id=15391, stack(0x00007fee84236000,0x00007fee84337000)]
  0x00007fee800b1000 JavaThread "Signal Dispatcher" daemon [_thread_blocked, id=15382, stack(0x00007fee84337000,0x00007fee84438000)]
  0x00007fee80078800 JavaThread "Finalizer" daemon [_thread_blocked, id=15286, stack(0x00007fee845c3000,0x00007fee846c4000)]
  0x00007fee80076800 JavaThread "Reference Handler" daemon [_thread_blocked, id=15276, stack(0x00007fee846c4000,0x00007fee847c5000)]

Other Threads:
  0x00007fee80071800 VMThread [stack: 0x00007fee847c5000,0x00007fee848c6000] [id=15258]
  0x00007fee800bc800 WatcherThread [stack: 0x00007fee6e30f000,0x00007fee6e410000] [id=15410]

VM state:synchronizing (normal execution)

VM Mutex/Monitor currently owned by a thread:  ([mutex/lock_event])
[0x00007fee800053d0] CodeCache_lock - owner thread: 0x00007fee800b5800
[0x00007fee80006050] Threads_lock - owner thread: 0x00007fee80071800
[0x00007fee80006a50] Compile_lock - owner thread: 0x00007fee800b5800
[0x00007fee80006b50] MethodCompileQueue_lock - owner thread: 0x00007fee800b5800

Heap:
 PSYoungGen      total 26112K, used 22528K [0x00000000e2b80000, 0x00000000e4880000, 0x0000000100000000)
  eden space 22528K, 100% used [0x00000000e2b80000,0x00000000e4180000,0x00000000e4180000)
  from space 3584K, 0% used [0x00000000e4500000,0x00000000e4500000,0x00000000e4880000)
  to   space 3584K, 0% used [0x00000000e4180000,0x00000000e4180000,0x00000000e4500000)
 ParOldGen       total 60416K, used 0K [0x00000000a8200000, 0x00000000abd00000, 0x00000000e2b80000)
  object space 60416K, 0% used [0x00000000a8200000,0x00000000a8200000,0x00000000abd00000)
 Metaspace       used 8818K, capacity 9094K, committed 9344K, reserved 1056768K
  class space    used 944K, capacity 1025K, committed 1152K, reserved 1048576K

Card table byte_map: [0x00007fee86310000,0x00007fee865d0000] byte_map_base: 0x00007fee85dcf000

Marking Bits: (ParMarkBitMap*) 0x00007fee88677580
 Begin Bits: [0x00007fee6e410000, 0x00007fee6fa08000)
 End Bits:   [0x00007fee6fa08000, 0x00007fee71000000)

Polling page: 0x00007fee894c4000

CodeCache: size=245760Kb used=2795Kb max_used=2799Kb free=242964Kb
 bounds [0x00007fee71000000, 0x00007fee712c0000, 0x00007fee80000000]
 total_blobs=1091 nmethods=649 adapters=357
 compilation: enabled

Compilation events (10 events):
Event: 457,785 Thread 0x00007fee800b5800 nmethod 660 0x00007fee712b76d0 code [0x00007fee712b7840, 0x00007fee712b79d0]
Event: 457,785 Thread 0x00007fee800b5800  659   !   3       java.util.logging.LogManager::getUserContext (119 bytes)
Event: 469,194 Thread 0x00007fee800b2800 nmethod 661 0x00007fee712a9110 code [0x00007fee712a92a0, 0x00007fee712a9548]
Event: 469,194 Thread 0x00007fee800b2800  663       4       java.util.concurrent.ConcurrentHashMap::get (162 bytes)
Event: 469,283 Thread 0x00007fee800b5800 nmethod 659 0x00007fee712bccd0 code [0x00007fee712bcf00, 0x00007fee712bda08]
Event: 469,283 Thread 0x00007fee800b5800  662       3       java.util.logging.LogManager::getLogManager (16 bytes)
Event: 469,283 Thread 0x00007fee800b5800 nmethod 662 0x00007fee712a7d10 code [0x00007fee712a7e80, 0x00007fee712a8088]
Event: 469,283 Thread 0x00007fee800b5800  664       3       java.lang.AbstractStringBuilder::insert (50 bytes)
Event: 469,284 Thread 0x00007fee800b5800 nmethod 664 0x00007fee712bc5d0 code [0x00007fee712bc760, 0x00007fee712bcb38]
Event: 469,373 Thread 0x00007fee800b5800  665       3       java.util.Formatter::parse (151 bytes)

GC Heap History (0 events):
No events

Deoptimization events (1 events):
Event: 310,432 Thread 0x00007fee801ec000 Uncommon trap: reason=unloaded action=reinterpret pc=0x00007fee711c4784 method=cliente.SocketClient.escribir(Ljava/lang/String;)V @ 14

Internal exceptions (10 events):
Event: 469,373 Thread 0x00007fee801ec000 Exception <a 'java/io/IOException'> (0x00000000e40cc358) thrown at [/build/java8-openjdk/src/jdk8u-jdk8u40-b20/hotspot/src/share/vm/prims/jni.cpp, line 709]
Event: 469,373 Thread 0x00007fee801ec000 Exception <a 'java/net/SocketException'> (0x00000000e40cc598) thrown at [/build/java8-openjdk/src/jdk8u-jdk8u40-b20/hotspot/src/share/vm/prims/jni.cpp, line 709]
Event: 471,997 Thread 0x00007fee801ec000 Exception <a 'java/io/IOException'> (0x00000000e40ddf88) thrown at [/build/java8-openjdk/src/jdk8u-jdk8u40-b20/hotspot/src/share/vm/prims/jni.cpp, line 709]
Event: 471,998 Thread 0x00007fee801ec000 Exception <a 'java/net/SocketException'> (0x00000000e40de1c8) thrown at [/build/java8-openjdk/src/jdk8u-jdk8u40-b20/hotspot/src/share/vm/prims/jni.cpp, line 709]
Event: 471,998 Thread 0x00007fee801ec000 Exception <a 'java/io/IOException'> (0x00000000e40efbb8) thrown at [/build/java8-openjdk/src/jdk8u-jdk8u40-b20/hotspot/src/share/vm/prims/jni.cpp, line 709]
Event: 471,998 Thread 0x00007fee801ec000 Exception <a 'java/net/SocketException'> (0x00000000e40efdf8) thrown at [/build/java8-openjdk/src/jdk8u-jdk8u40-b20/hotspot/src/share/vm/prims/jni.cpp, line 709]
Event: 471,999 Thread 0x00007fee801ec000 Exception <a 'java/io/IOException'> (0x00000000e41017e8) thrown at [/build/java8-openjdk/src/jdk8u-jdk8u40-b20/hotspot/src/share/vm/prims/jni.cpp, line 709]
Event: 471,999 Thread 0x00007fee801ec000 Exception <a 'java/net/SocketException'> (0x00000000e4101a28) thrown at [/build/java8-openjdk/src/jdk8u-jdk8u40-b20/hotspot/src/share/vm/prims/jni.cpp, line 709]
Event: 471,999 Thread 0x00007fee801ec000 Exception <a 'java/io/IOException'> (0x00000000e4113418) thrown at [/build/java8-openjdk/src/jdk8u-jdk8u40-b20/hotspot/src/share/vm/prims/jni.cpp, line 709]
Event: 471,999 Thread 0x00007fee801ec000 Exception <a 'java/net/SocketException'> (0x00000000e4113658) thrown at [/build/java8-openjdk/src/jdk8u-jdk8u40-b20/hotspot/src/share/vm/prims/jni.cpp, line 709]

Events (10 events):
Event: 427,517 Thread 0x00007fee801ec000 DEOPT PACKING pc=0x00007fee7124b9f1 sp=0x00007fee46eac360
Event: 427,517 Thread 0x00007fee801ec000 DEOPT UNPACKING pc=0x00007fee71046f73 sp=0x00007fee46eac198 mode 0
Event: 428,257 Executing VM operation: BulkRevokeBias
Event: 428,546 Executing VM operation: BulkRevokeBias done
Event: 428,564 Thread 0x00007fee801ec000 DEOPT PACKING pc=0x00007fee7124b9f1 sp=0x00007fee46eac360
Event: 428,564 Thread 0x00007fee801ec000 DEOPT UNPACKING pc=0x00007fee71046f73 sp=0x00007fee46eac198 mode 0
Event: 430,701 Thread 0x00007fee801ec000 DEOPT PACKING pc=0x00007fee7124b9f1 sp=0x00007fee46eac360
Event: 430,701 Thread 0x00007fee801ec000 DEOPT UNPACKING pc=0x00007fee71046f73 sp=0x00007fee46eac198 mode 0
Event: 431,244 Thread 0x00007fee801ec000 DEOPT PACKING pc=0x00007fee7124b9f1 sp=0x00007fee46eac360
Event: 431,245 Thread 0x00007fee801ec000 DEOPT UNPACKING pc=0x00007fee71046f73 sp=0x00007fee46eac198 mode 0


Dynamic libraries:
00400000-00401000 r-xp 00000000 08:07 428440                             /usr/lib/jvm/java-8-openjdk/jre/bin/java
00600000-00601000 rw-p 00000000 08:07 428440                             /usr/lib/jvm/java-8-openjdk/jre/bin/java
00e4d000-00e6e000 rw-p 00000000 00:00 0                                  [heap]
a8200000-abd00000 rw-p 00000000 00:00 0 
abd00000-e2b80000 ---p 00000000 00:00 0 
e2b80000-e4880000 rw-p 00000000 00:00 0 
e4880000-100000000 ---p 00000000 00:00 0 
100000000-100120000 rw-p 00000000 00:00 0 
100120000-140000000 ---p 00000000 00:00 0 
7fee2c000000-7fee2c0b8000 rw-p 00000000 00:00 0 
7fee2c0b8000-7fee30000000 ---p 00000000 00:00 0 
7fee34000000-7fee34021000 rw-p 00000000 00:00 0 
7fee34021000-7fee38000000 ---p 00000000 00:00 0 
7fee38000000-7fee38021000 rw-p 00000000 00:00 0 
7fee38021000-7fee3c000000 ---p 00000000 00:00 0 
7fee3c000000-7fee3c021000 rw-p 00000000 00:00 0 
7fee3c021000-7fee40000000 ---p 00000000 00:00 0 
7fee40000000-7fee40021000 rw-p 00000000 00:00 0 
7fee40021000-7fee44000000 ---p 00000000 00:00 0 
7fee46b43000-7fee46b5f000 r--s 00393000 08:07 428370                     /usr/lib/jvm/java-8-openjdk/jre/lib/ext/cldrdata.jar
7fee46b5f000-7fee46b90000 rw-p 00000000 00:00 0 
7fee46b90000-7fee46ba6000 r-xp 00000000 08:07 428410                     /usr/lib/jvm/java-8-openjdk/jre/lib/amd64/libnet.so
7fee46ba6000-7fee46da6000 ---p 00016000 08:07 428410                     /usr/lib/jvm/java-8-openjdk/jre/lib/amd64/libnet.so
7fee46da6000-7fee46da7000 rw-p 00016000 08:07 428410                     /usr/lib/jvm/java-8-openjdk/jre/lib/amd64/libnet.so
7fee46dae000-7fee46db1000 ---p 00000000 00:00 0 
7fee46db1000-7fee46eaf000 rw-p 00000000 00:00 0                          [stack:15564]
7fee46eaf000-7fee46eb2000 ---p 00000000 00:00 0 
7fee46eb2000-7fee46fb0000 rw-p 00000000 00:00 0                          [stack:15560]
7fee46fb0000-7fee46fb5000 r-xp 00000000 08:07 159396                     /usr/lib/libXfixes.so.3.1.0
7fee46fb5000-7fee471b4000 ---p 00005000 08:07 159396                     /usr/lib/libXfixes.so.3.1.0
7fee471b4000-7fee471b5000 r--p 00004000 08:07 159396                     /usr/lib/libXfixes.so.3.1.0
7fee471b5000-7fee471b6000 rw-p 00005000 08:07 159396                     /usr/lib/libXfixes.so.3.1.0
7fee471b8000-7fee471c2000 r-xp 00000000 08:07 160813                     /usr/lib/libXcursor.so.1.0.2
7fee471c2000-7fee473c1000 ---p 0000a000 08:07 160813                     /usr/lib/libXcursor.so.1.0.2
7fee473c1000-7fee473c2000 r--p 00009000 08:07 160813                     /usr/lib/libXcursor.so.1.0.2
7fee473c2000-7fee473c3000 rw-p 0000a000 08:07 160813                     /usr/lib/libXcursor.so.1.0.2
7fee473c8000-7fee47436000 r-xp 00000000 08:07 141965                     /usr/lib/libpcre.so.1.2.4
7fee47436000-7fee47635000 ---p 0006e000 08:07 141965                     /usr/lib/libpcre.so.1.2.4
7fee47635000-7fee47636000 r--p 0006d000 08:07 141965                     /usr/lib/libpcre.so.1.2.4
7fee47636000-7fee47637000 rw-p 0006e000 08:07 141965                     /usr/lib/libpcre.so.1.2.4
7fee47638000-7fee47654000 r-xp 00000000 08:07 159932                     /usr/lib/libgraphite2.so.3.0.1
7fee47654000-7fee47853000 ---p 0001c000 08:07 159932                     /usr/lib/libgraphite2.so.3.0.1
7fee47853000-7fee47855000 r--p 0001b000 08:07 159932                     /usr/lib/libgraphite2.so.3.0.1
7fee47855000-7fee47856000 rw-p 0001d000 08:07 159932                     /usr/lib/libgraphite2.so.3.0.1
7fee47858000-7fee47964000 r-xp 00000000 08:07 186737                     /usr/lib/libglib-2.0.so.0.4200.2
7fee47964000-7fee47b63000 ---p 0010c000 08:07 186737                     /usr/lib/libglib-2.0.so.0.4200.2
7fee47b63000-7fee47b64000 r--p 0010b000 08:07 186737                     /usr/lib/libglib-2.0.so.0.4200.2
7fee47b64000-7fee47b65000 rw-p 0010c000 08:07 186737                     /usr/lib/libglib-2.0.so.0.4200.2
7fee47b65000-7fee47b66000 rw-p 00000000 00:00 0 
7fee47b68000-7fee47bc2000 r-xp 00000000 08:07 159941                     /usr/lib/libharfbuzz.so.0.940.0
7fee47bc2000-7fee47dc1000 ---p 0005a000 08:07 159941                     /usr/lib/libharfbuzz.so.0.940.0
7fee47dc1000-7fee47dc4000 r--p 00059000 08:07 159941                     /usr/lib/libharfbuzz.so.0.940.0
7fee47dc4000-7fee47dc5000 rw-p 0005c000 08:07 159941                     /usr/lib/libharfbuzz.so.0.940.0
7fee47dc8000-7fee47dfd000 r-xp 00000000 08:07 159517                     /usr/lib/libpng16.so.16.16.0
7fee47dfd000-7fee47ffc000 ---p 00035000 08:07 159517                     /usr/lib/libpng16.so.16.16.0
7fee47ffc000-7fee47ffd000 r--p 00034000 08:07 159517                     /usr/lib/libpng16.so.16.16.0
7fee47ffd000-7fee47ffe000 rw-p 00035000 08:07 159517                     /usr/lib/libpng16.so.16.16.0
7fee48000000-7fee4834f000 rw-p 00000000 00:00 0 
7fee4834f000-7fee4c000000 ---p 00000000 00:00 0 
7fee4c000000-7fee4c021000 rw-p 00000000 00:00 0 
7fee4c021000-7fee50000000 ---p 00000000 00:00 0 
7fee50000000-7fee50021000 rw-p 00000000 00:00 0 
7fee50021000-7fee54000000 ---p 00000000 00:00 0 
7fee54000000-7fee541fc000 rw-p 00000000 00:00 0 
7fee541fc000-7fee58000000 ---p 00000000 00:00 0 
7fee58000000-7fee58021000 rw-p 00000000 00:00 0 
7fee58021000-7fee5c000000 ---p 00000000 00:00 0 
7fee5c000000-7fee5c021000 rw-p 00000000 00:00 0 
7fee5c021000-7fee60000000 ---p 00000000 00:00 0 
7fee60000000-7fee60021000 rw-p 00000000 00:00 0 
7fee60021000-7fee64000000 ---p 00000000 00:00 0 
7fee64000000-7fee64021000 rw-p 00000000 00:00 0 
7fee64021000-7fee68000000 ---p 00000000 00:00 0 
7fee68000000-7fee68021000 rw-p 00000000 00:00 0 
7fee68021000-7fee6c000000 ---p 00000000 00:00 0 
7fee6c016000-7fee6c019000 ---p 00000000 00:00 0 
7fee6c019000-7fee6c117000 rw-p 00000000 00:00 0                          [stack:15551]
7fee6c117000-7fee6c11a000 ---p 00000000 00:00 0 
7fee6c11a000-7fee6c218000 rw-p 00000000 00:00 0                          [stack:15520]
7fee6c218000-7fee6c227000 r-xp 00000000 08:07 136853                     /usr/lib/libbz2.so.1.0.6
7fee6c227000-7fee6c426000 ---p 0000f000 08:07 136853                     /usr/lib/libbz2.so.1.0.6
7fee6c426000-7fee6c428000 rw-p 0000e000 08:07 136853                     /usr/lib/libbz2.so.1.0.6
7fee6c428000-7fee6c43e000 r-xp 00000000 08:07 134103                     /usr/lib/libgcc_s.so.1
7fee6c43e000-7fee6c63d000 ---p 00016000 08:07 134103                     /usr/lib/libgcc_s.so.1
7fee6c63d000-7fee6c63e000 rw-p 00015000 08:07 134103                     /usr/lib/libgcc_s.so.1
7fee6c640000-7fee6c6f6000 r-xp 00000000 08:07 159955                     /usr/lib/libfreetype.so.6.11.4
7fee6c6f6000-7fee6c8f6000 ---p 000b6000 08:07 159955                     /usr/lib/libfreetype.so.6.11.4
7fee6c8f6000-7fee6c8fc000 r--p 000b6000 08:07 159955                     /usr/lib/libfreetype.so.6.11.4
7fee6c8fc000-7fee6c8fd000 rw-p 000bc000 08:07 159955                     /usr/lib/libfreetype.so.6.11.4
7fee6c8fe000-7fee6c909000 r--s 00116000 08:07 428369                     /usr/lib/jvm/java-8-openjdk/jre/lib/ext/localedata.jar
7fee6c910000-7fee6c929000 r--s 00000000 08:07 669984                     /var/cache/fontconfig/8d4af663993b81a124ee82e610bb31f9-le64.cache-4
7fee6c930000-7fee6c93f000 r--s 00000000 08:07 658776                     /var/cache/fontconfig/5a02e0a9ca9b27d0aa4bd0c42ba2438d-le64.cache-4
7fee6c940000-7fee6c94a000 r--s 00000000 08:07 655257                     /var/cache/fontconfig/d62e99ef547d1d24cdb1bd22ec1a2976-le64.cache-4
7fee6c950000-7fee6c9b1000 r-xp 00000000 08:07 428427                     /usr/lib/jvm/java-8-openjdk/jre/lib/amd64/libfontmanager.so
7fee6c9b1000-7fee6cbb0000 ---p 00061000 08:07 428427                     /usr/lib/jvm/java-8-openjdk/jre/lib/amd64/libfontmanager.so
7fee6cbb0000-7fee6cbb4000 rw-p 00060000 08:07 428427                     /usr/lib/jvm/java-8-openjdk/jre/lib/amd64/libfontmanager.so
7fee6cbb4000-7fee6cbc7000 rw-p 00000000 00:00 0 
7fee6cbc8000-7fee6cbcd000 r-xp 00000000 08:07 156005                     /usr/lib/libXdmcp.so.6.0.0
7fee6cbcd000-7fee6cdcc000 ---p 00005000 08:07 156005                     /usr/lib/libXdmcp.so.6.0.0
7fee6cdcc000-7fee6cdcd000 r--p 00004000 08:07 156005                     /usr/lib/libXdmcp.so.6.0.0
7fee6cdcd000-7fee6cdce000 rw-p 00005000 08:07 156005                     /usr/lib/libXdmcp.so.6.0.0
7fee6cdd0000-7fee6cdd2000 r-xp 00000000 08:07 156010                     /usr/lib/libXau.so.6.0.0
7fee6cdd2000-7fee6cfd2000 ---p 00002000 08:07 156010                     /usr/lib/libXau.so.6.0.0
7fee6cfd2000-7fee6cfd3000 r--p 00002000 08:07 156010                     /usr/lib/libXau.so.6.0.0
7fee6cfd3000-7fee6cfd4000 rw-p 00003000 08:07 156010                     /usr/lib/libXau.so.6.0.0
7fee6cfd8000-7fee6cff9000 r-xp 00000000 08:07 158332                     /usr/lib/libxcb.so.1.1.0
7fee6cff9000-7fee6d1f8000 ---p 00021000 08:07 158332                     /usr/lib/libxcb.so.1.1.0
7fee6d1f8000-7fee6d1f9000 r--p 00020000 08:07 158332                     /usr/lib/libxcb.so.1.1.0
7fee6d1f9000-7fee6d1fa000 rw-p 00021000 08:07 158332                     /usr/lib/libxcb.so.1.1.0
7fee6d200000-7fee6d20f000 r-xp 00000000 08:07 159390                     /usr/lib/libXi.so.6.1.0
7fee6d20f000-7fee6d40f000 ---p 0000f000 08:07 159390                     /usr/lib/libXi.so.6.1.0
7fee6d40f000-7fee6d410000 r--p 0000f000 08:07 159390                     /usr/lib/libXi.so.6.1.0
7fee6d410000-7fee6d411000 rw-p 00010000 08:07 159390                     /usr/lib/libXi.so.6.1.0
7fee6d418000-7fee6d41d000 r-xp 00000000 08:07 159412                     /usr/lib/libXtst.so.6.1.0
7fee6d41d000-7fee6d61c000 ---p 00005000 08:07 159412                     /usr/lib/libXtst.so.6.1.0
7fee6d61c000-7fee6d61d000 r--p 00004000 08:07 159412                     /usr/lib/libXtst.so.6.1.0
7fee6d61d000-7fee6d61e000 rw-p 00005000 08:07 159412                     /usr/lib/libXtst.so.6.1.0
7fee6d620000-7fee6d629000 r-xp 00000000 08:07 159929                     /usr/lib/libXrender.so.1.3.0
7fee6d629000-7fee6d828000 ---p 00009000 08:07 159929                     /usr/lib/libXrender.so.1.3.0
7fee6d828000-7fee6d829000 r--p 00008000 08:07 159929                     /usr/lib/libXrender.so.1.3.0
7fee6d829000-7fee6d82a000 rw-p 00009000 08:07 159929                     /usr/lib/libXrender.so.1.3.0
7fee6d830000-7fee6d96b000 r-xp 00000000 08:07 158413                     /usr/lib/libX11.so.6.3.0
7fee6d96b000-7fee6db6a000 ---p 0013b000 08:07 158413                     /usr/lib/libX11.so.6.3.0
7fee6db6a000-7fee6db6c000 r--p 0013a000 08:07 158413                     /usr/lib/libX11.so.6.3.0
7fee6db6c000-7fee6db71000 rw-p 0013c000 08:07 158413                     /usr/lib/libX11.so.6.3.0
7fee6db71000-7fee6db72000 rw-p 00000000 00:00 0 
7fee6db78000-7fee6db89000 r-xp 00000000 08:07 159311                     /usr/lib/libXext.so.6.4.0
7fee6db89000-7fee6dd88000 ---p 00011000 08:07 159311                     /usr/lib/libXext.so.6.4.0
7fee6dd88000-7fee6dd89000 r--p 00010000 08:07 159311                     /usr/lib/libXext.so.6.4.0
7fee6dd89000-7fee6dd8a000 rw-p 00011000 08:07 159311                     /usr/lib/libXext.so.6.4.0
7fee6dd90000-7fee6dd92000 r--s 00000000 08:07 669321                     /var/cache/fontconfig/452f1fac34b224105d7acfae3034bcd5-le64.cache-4
7fee6dd98000-7fee6dda5000 r--s 00000000 08:07 675069                     /var/cache/fontconfig/f6b893a7224233d96cb72fd88691c0b4-le64.cache-4
7fee6dda5000-7fee6ddb8000 r--s 00345000 08:07 428351                     /usr/lib/jvm/java-8-openjdk/jre/lib/resources.jar
7fee6ddb8000-7fee6ddde000 r--p 00000000 08:07 133714                     /usr/share/locale/es/LC_MESSAGES/libc.mo
7fee6dde0000-7fee6de33000 r-xp 00000000 08:07 428425                     /usr/lib/jvm/java-8-openjdk/jre/lib/amd64/libawt_xawt.so
7fee6de33000-7fee6e032000 ---p 00053000 08:07 428425                     /usr/lib/jvm/java-8-openjdk/jre/lib/amd64/libawt_xawt.so
7fee6e032000-7fee6e036000 rw-p 00052000 08:07 428425                     /usr/lib/jvm/java-8-openjdk/jre/lib/amd64/libawt_xawt.so
7fee6e036000-7fee6e037000 rw-p 00000000 00:00 0 
7fee6e038000-7fee6e0d8000 r-xp 00000000 08:07 428422                     /usr/lib/jvm/java-8-openjdk/jre/lib/amd64/libawt.so
7fee6e0d8000-7fee6e2d8000 ---p 000a0000 08:07 428422                     /usr/lib/jvm/java-8-openjdk/jre/lib/amd64/libawt.so
7fee6e2d8000-7fee6e2e4000 rw-p 000a0000 08:07 428422                     /usr/lib/jvm/java-8-openjdk/jre/lib/amd64/libawt.so
7fee6e2e4000-7fee6e308000 rw-p 00000000 00:00 0 
7fee6e30f000-7fee6e310000 ---p 00000000 00:00 0 
7fee6e310000-7fee71000000 rw-p 00000000 00:00 0                          [stack:15410]
7fee71000000-7fee712c0000 rwxp 00000000 00:00 0 
7fee712d0000-7fee80000000 ---p 00000000 00:00 0 
7fee80000000-7fee801ee000 rw-p 00000000 00:00 0 
7fee801ee000-7fee84000000 ---p 00000000 00:00 0 
7fee84000000-7fee84001000 r--s 00000000 08:07 655184                     /var/cache/fontconfig/6ba42ae0000f58711b5caaf10d690066-le64.cache-4
7fee84008000-7fee84011000 r--s 00000000 08:07 669908                     /var/cache/fontconfig/f349e9996a5320f6dd491cedd2b1f964-le64.cache-4
7fee84018000-7fee8401d000 r--s 002f8000 08:07 428349                     /usr/lib/jvm/java-8-openjdk/jre/lib/charsets.jar
7fee84024000-7fee8402b000 r--s 00094000 08:07 565039                     /usr/share/netbeans/java/modules/ext/beansbinding-1.2.1.jar
7fee84030000-7fee84031000 r--s 00000000 08:07 565038                     /usr/share/netbeans/java/modules/ext/AbsoluteLayout.jar
7fee84034000-7fee84037000 ---p 00000000 00:00 0 
7fee84037000-7fee84135000 rw-p 00000000 00:00 0                          [stack:15406]
7fee84135000-7fee84138000 ---p 00000000 00:00 0 
7fee84138000-7fee84236000 rw-p 00000000 00:00 0                          [stack:15395]
7fee84236000-7fee84239000 ---p 00000000 00:00 0 
7fee84239000-7fee84337000 rw-p 00000000 00:00 0                          [stack:15391]
7fee84337000-7fee8433a000 ---p 00000000 00:00 0 
7fee8433a000-7fee84438000 rw-p 00000000 00:00 0                          [stack:15382]
7fee84438000-7fee845c1000 r--p 00000000 08:07 159448                     /usr/lib/locale/locale-archive
7fee845c3000-7fee845c6000 ---p 00000000 00:00 0 
7fee845c6000-7fee846c4000 rw-p 00000000 00:00 0                          [stack:15286]
7fee846c4000-7fee846c7000 ---p 00000000 00:00 0 
7fee846c7000-7fee847c5000 rw-p 00000000 00:00 0                          [stack:15276]
7fee847c5000-7fee847c6000 ---p 00000000 00:00 0 
7fee847c6000-7fee85232000 rw-p 00000000 00:00 0                          [stack:15258]
7fee85232000-7fee85400000 r--s 03bd2000 08:07 428353                     /usr/lib/jvm/java-8-openjdk/jre/lib/rt.jar
7fee85404000-7fee85f39000 rw-p 00000000 00:00 0 
7fee85f39000-7fee85f3a000 ---p 00000000 00:00 0 
7fee85f3a000-7fee8603a000 rw-p 00000000 00:00 0                          [stack:15228]
7fee8603a000-7fee8603b000 ---p 00000000 00:00 0 
7fee8603b000-7fee86159000 rw-p 00000000 00:00 0                          [stack:15224]
7fee86159000-7fee86310000 ---p 00000000 00:00 0 
7fee86310000-7fee8632e000 rw-p 00000000 00:00 0 
7fee8632e000-7fee864e4000 ---p 00000000 00:00 0 
7fee864e4000-7fee864f4000 rw-p 00000000 00:00 0 
7fee864f4000-7fee865cf000 ---p 00000000 00:00 0 
7fee865cf000-7fee865db000 rw-p 00000000 00:00 0 
7fee865db000-7fee86990000 ---p 00000000 00:00 0 
7fee86990000-7fee86998000 r-xp 00000000 08:07 428408                     /usr/lib/jvm/java-8-openjdk/jre/lib/amd64/libzip.so
7fee86998000-7fee86b97000 ---p 00008000 08:07 428408                     /usr/lib/jvm/java-8-openjdk/jre/lib/amd64/libzip.so
7fee86b97000-7fee86b98000 rw-p 00007000 08:07 428408                     /usr/lib/jvm/java-8-openjdk/jre/lib/amd64/libzip.so
7fee86b98000-7fee86ba3000 r-xp 00000000 08:07 133754                     /usr/lib/libnss_files-2.21.so
7fee86ba3000-7fee86da3000 ---p 0000b000 08:07 133754                     /usr/lib/libnss_files-2.21.so
7fee86da3000-7fee86da4000 r--p 0000b000 08:07 133754                     /usr/lib/libnss_files-2.21.so
7fee86da4000-7fee86da5000 rw-p 0000c000 08:07 133754                     /usr/lib/libnss_files-2.21.so
7fee86da8000-7fee86dd5000 r-xp 00000000 08:07 428407                     /usr/lib/jvm/java-8-openjdk/jre/lib/amd64/libjava.so
7fee86dd5000-7fee86fd5000 ---p 0002d000 08:07 428407                     /usr/lib/jvm/java-8-openjdk/jre/lib/amd64/libjava.so
7fee86fd5000-7fee86fd7000 rw-p 0002d000 08:07 428407                     /usr/lib/jvm/java-8-openjdk/jre/lib/amd64/libjava.so
7fee86fd8000-7fee86fe5000 r-xp 00000000 08:07 428399                     /usr/lib/jvm/java-8-openjdk/jre/lib/amd64/libverify.so
7fee86fe5000-7fee871e4000 ---p 0000d000 08:07 428399                     /usr/lib/jvm/java-8-openjdk/jre/lib/amd64/libverify.so
7fee871e4000-7fee871e6000 rw-p 0000c000 08:07 428399                     /usr/lib/jvm/java-8-openjdk/jre/lib/amd64/libverify.so
7fee871e8000-7fee871ef000 r-xp 00000000 08:07 133786                     /usr/lib/librt-2.21.so
7fee871ef000-7fee873ee000 ---p 00007000 08:07 133786                     /usr/lib/librt-2.21.so
7fee873ee000-7fee873ef000 r--p 00006000 08:07 133786                     /usr/lib/librt-2.21.so
7fee873ef000-7fee873f0000 rw-p 00007000 08:07 133786                     /usr/lib/librt-2.21.so
7fee873f0000-7fee874f3000 r-xp 00000000 08:07 133813                     /usr/lib/libm-2.21.so
7fee874f3000-7fee876f3000 ---p 00103000 08:07 133813                     /usr/lib/libm-2.21.so
7fee876f3000-7fee876f4000 r--p 00103000 08:07 133813                     /usr/lib/libm-2.21.so
7fee876f4000-7fee876f5000 rw-p 00104000 08:07 133813                     /usr/lib/libm-2.21.so
7fee876f8000-7fee88397000 r-xp 00000000 08:07 428431                     /usr/lib/jvm/java-8-openjdk/jre/lib/amd64/server/libjvm.so
7fee88397000-7fee88597000 ---p 00c9f000 08:07 428431                     /usr/lib/jvm/java-8-openjdk/jre/lib/amd64/server/libjvm.so
7fee88597000-7fee88663000 rw-p 00c9f000 08:07 428431                     /usr/lib/jvm/java-8-openjdk/jre/lib/amd64/server/libjvm.so
7fee88663000-7fee886a4000 rw-p 00000000 00:00 0 
7fee886a8000-7fee88841000 r-xp 00000000 08:07 133765                     /usr/lib/libc-2.21.so
7fee88841000-7fee88a41000 ---p 00199000 08:07 133765                     /usr/lib/libc-2.21.so
7fee88a41000-7fee88a45000 r--p 00199000 08:07 133765                     /usr/lib/libc-2.21.so
7fee88a45000-7fee88a47000 rw-p 0019d000 08:07 133765                     /usr/lib/libc-2.21.so
7fee88a47000-7fee88a4b000 rw-p 00000000 00:00 0 
7fee88a50000-7fee88a52000 r-xp 00000000 08:07 133795                     /usr/lib/libdl-2.21.so
7fee88a52000-7fee88c52000 ---p 00002000 08:07 133795                     /usr/lib/libdl-2.21.so
7fee88c52000-7fee88c53000 r--p 00002000 08:07 133795                     /usr/lib/libdl-2.21.so
7fee88c53000-7fee88c54000 rw-p 00003000 08:07 133795                     /usr/lib/libdl-2.21.so
7fee88c58000-7fee88c65000 r-xp 00000000 08:07 428428                     /usr/lib/jvm/java-8-openjdk/jre/lib/amd64/jli/libjli.so
7fee88c65000-7fee88e65000 ---p 0000d000 08:07 428428                     /usr/lib/jvm/java-8-openjdk/jre/lib/amd64/jli/libjli.so
7fee88e65000-7fee88e66000 rw-p 0000d000 08:07 428428                     /usr/lib/jvm/java-8-openjdk/jre/lib/amd64/jli/libjli.so
7fee88e68000-7fee88e7d000 r-xp 00000000 08:07 136861                     /usr/lib/libz.so.1.2.8
7fee88e7d000-7fee8907c000 ---p 00015000 08:07 136861                     /usr/lib/libz.so.1.2.8
7fee8907c000-7fee8907d000 r--p 00014000 08:07 136861                     /usr/lib/libz.so.1.2.8
7fee8907d000-7fee8907e000 rw-p 00015000 08:07 136861                     /usr/lib/libz.so.1.2.8
7fee89080000-7fee89098000 r-xp 00000000 08:07 133785                     /usr/lib/libpthread-2.21.so
7fee89098000-7fee89297000 ---p 00018000 08:07 133785                     /usr/lib/libpthread-2.21.so
7fee89297000-7fee89298000 r--p 00017000 08:07 133785                     /usr/lib/libpthread-2.21.so
7fee89298000-7fee89299000 rw-p 00018000 08:07 133785                     /usr/lib/libpthread-2.21.so
7fee89299000-7fee8929d000 rw-p 00000000 00:00 0 
7fee892a0000-7fee892c2000 r-xp 00000000 08:07 133809                     /usr/lib/ld-2.21.so
7fee892c4000-7fee893b0000 rw-p 00000000 00:00 0 
7fee893b0000-7fee893b8000 rw-s 00000000 00:1f 3749501                    /tmp/hsperfdata_maximiliano/15188
7fee893bd000-7fee893c0000 rw-p 00000000 00:00 0 
7fee893c0000-7fee893c3000 ---p 00000000 00:00 0 
7fee893c3000-7fee894c1000 rw-p 00000000 00:00 0                          [stack:15208]
7fee894c1000-7fee894c2000 r--p 00021000 08:07 133809                     /usr/lib/ld-2.21.so
7fee894c2000-7fee894c3000 rw-p 00022000 08:07 133809                     /usr/lib/ld-2.21.so
7fee894c3000-7fee894c4000 rw-p 00000000 00:00 0 
7fee894c4000-7fee894c5000 ---p 00000000 00:00 0 
7fee894c5000-7fee894ca000 rw-p 00000000 00:00 0 
7ffeea803000-7ffeea824000 rw-p 00000000 00:00 0                          [stack]
7ffeea958000-7ffeea95a000 r--p 00000000 00:00 0                          [vvar]
7ffeea95a000-7ffeea95c000 r-xp 00000000 00:00 0                          [vdso]
ffffffffff600000-ffffffffff601000 r-xp 00000000 00:00 0                  [vsyscall]

VM Arguments:
jvm_args: -Dfile.encoding=UTF-8 
java_command: cliente.Cliente
java_class_path (initial): /usr/share/netbeans/java/modules/ext/AbsoluteLayout.jar:/usr/share/netbeans/java/modules/ext/beansbinding-1.2.1.jar:/home/maximiliano/NetBeansProjects/socket/build/classes
Launcher Type: SUN_STANDARD

Environment Variables:
PATH=/usr/local/sbin:/usr/local/bin:/usr/bin:/usr/lib/jvm/default/bin:/usr/bin/site_perl:/usr/bin/vendor_perl:/usr/bin/core_perl
LD_LIBRARY_PATH=/usr/lib/jvm/default/bin/../jre/lib/amd64:/usr/lib/jvm/default/bin/../jre/lib/i386:
SHELL=/bin/bash
DISPLAY=:0

Signal Handlers:
SIGSEGV: [libjvm.so+0xa8f160], sa_mask[0]=11111111011111111101111111111110, sa_flags=SA_RESTART|SA_SIGINFO
SIGBUS: [libjvm.so+0xa8f160], sa_mask[0]=11111111011111111101111111111110, sa_flags=SA_RESTART|SA_SIGINFO
SIGFPE: [libjvm.so+0x8daa30], sa_mask[0]=11111111011111111101111111111110, sa_flags=SA_RESTART|SA_SIGINFO
SIGPIPE: [libjvm.so+0x8daa30], sa_mask[0]=11111111011111111101111111111110, sa_flags=SA_RESTART|SA_SIGINFO
SIGXFSZ: [libjvm.so+0x8daa30], sa_mask[0]=11111111011111111101111111111110, sa_flags=SA_RESTART|SA_SIGINFO
SIGILL: [libjvm.so+0x8daa30], sa_mask[0]=11111111011111111101111111111110, sa_flags=SA_RESTART|SA_SIGINFO
SIGUSR1: SIG_DFL, sa_mask[0]=00000000000000000000000000000000, sa_flags=none
SIGUSR2: [libjvm.so+0x8da8e0], sa_mask[0]=00100000000000000000000000000000, sa_flags=SA_RESTART|SA_SIGINFO
SIGHUP: [libjvm.so+0x8dab00], sa_mask[0]=11111111011111111101111111111110, sa_flags=SA_RESTART|SA_SIGINFO
SIGINT: SIG_IGN, sa_mask[0]=00000000000000000000000000000000, sa_flags=none
SIGTERM: [libjvm.so+0x8dab00], sa_mask[0]=11111111011111111101111111111110, sa_flags=SA_RESTART|SA_SIGINFO
SIGQUIT: [libjvm.so+0x8dab00], sa_mask[0]=11111111011111111101111111111110, sa_flags=SA_RESTART|SA_SIGINFO


---------------  S Y S T E M  ---------------

OS:NAME="Arch Linux"
ID=arch
PRETTY_NAME="Arch Linux"
ANSI_COLOR="0;36"
HOME_URL="https://www.archlinux.org/"
SUPPORT_URL="https://bbs.archlinux.org/"
BUG_REPORT_URL="https://bugs.archlinux.org/"


uname:Linux 3.19.2-1-ARCH #1 SMP PREEMPT Wed Mar 18 16:21:02 CET 2015 x86_64
libc:glibc 2.21 NPTL 2.21 
rlimit: STACK 8192k, CORE 0k, NPROC 22460, NOFILE 4096, AS infinity
load average:278,49 136,60 57,18

/proc/meminfo:
MemTotal:        5755352 kB
MemFree:          191424 kB
MemAvailable:     128700 kB
Buffers:             416 kB
Cached:            35516 kB
SwapCached:         2016 kB
Active:          4272920 kB
Inactive:         979732 kB
Active(anon):    4266512 kB
Inactive(anon):   968420 kB
Active(file):       6408 kB
Inactive(file):    11312 kB
Unevictable:          32 kB
Mlocked:              32 kB
SwapTotal:       1048572 kB
SwapFree:           1876 kB
Dirty:                 0 kB
Writeback:           980 kB
AnonPages:       5217344 kB
Mapped:            25804 kB
Shmem:             16236 kB
Slab:             107904 kB
SReclaimable:      25756 kB
SUnreclaim:        82148 kB
KernelStack:       32560 kB
PageTables:        81608 kB
NFS_Unstable:          0 kB
Bounce:                0 kB
WritebackTmp:          0 kB
CommitLimit:     3926248 kB
Committed_AS:   22645204 kB
VmallocTotal:   34359738367 kB
VmallocUsed:      308092 kB
VmallocChunk:   34359426940 kB
HardwareCorrupted:     0 kB
AnonHugePages:   1626112 kB
HugePages_Total:       0
HugePages_Free:        0
HugePages_Rsvd:        0
HugePages_Surp:        0
Hugepagesize:       2048 kB
DirectMap4k:      689540 kB
DirectMap2M:     5302272 kB
DirectMap1G:           0 kB


CPU:total 2 (2 cores per cpu, 1 threads per core) family 21 model 16 stepping 1, cmov, cx8, fxsr, mmx, sse, sse2, sse3, ssse3, sse4.1, sse4.2, popcnt, avx, aes, clmul, mmxext, 3dnowpref, lzcnt, sse4a, tsc, tscinvbit, tscinv, bmi1

/proc/cpuinfo:
processor	: 0
vendor_id	: AuthenticAMD
cpu family	: 21
model		: 16
model name	: AMD A6-4455M APU with Radeon(tm) HD Graphics
stepping	: 1
microcode	: 0x6001119
cpu MHz		: 2100.000
cache size	: 2048 KB
physical id	: 0
siblings	: 2
core id		: 0
cpu cores	: 1
apicid		: 16
initial apicid	: 0
fpu		: yes
fpu_exception	: yes
cpuid level	: 13
wp		: yes
flags		: fpu vme de pse tsc msr pae mce cx8 apic sep mtrr pge mca cmov pat pse36 clflush mmx fxsr sse sse2 ht syscall nx mmxext fxsr_opt pdpe1gb rdtscp lm constant_tsc rep_good nopl nonstop_tsc extd_apicid aperfmperf pni pclmulqdq monitor ssse3 fma cx16 sse4_1 sse4_2 popcnt aes xsave avx f16c lahf_lm cmp_legacy svm extapic cr8_legacy abm sse4a misalignsse 3dnowprefetch osvw ibs xop skinit wdt lwp fma4 tce nodeid_msr tbm topoext perfctr_core perfctr_nb arat cpb hw_pstate npt lbrv svm_lock nrip_save tsc_scale vmcb_clean flushbyasid decodeassists pausefilter pfthreshold vmmcall bmi1
bugs		: fxsave_leak
bogomips	: 4194.02
TLB size	: 1536 4K pages
clflush size	: 64
cache_alignment	: 64
address sizes	: 48 bits physical, 48 bits virtual
power management: ts ttp tm 100mhzsteps hwpstate cpb eff_freq_ro

processor	: 1
vendor_id	: AuthenticAMD
cpu family	: 21
model		: 16
model name	: AMD A6-4455M APU with Radeon(tm) HD Graphics   
stepping	: 1
microcode	: 0x6001119
cpu MHz		: 2100.000
cache size	: 2048 KB
physical id	: 0
siblings	: 2
core id		: 1
cpu cores	: 1
apicid		: 17
initial apicid	: 1
fpu		: yes
fpu_exception	: yes
cpuid level	: 13
wp		: yes
flags		: fpu vme de pse tsc msr pae mce cx8 apic sep mtrr pge mca cmov pat pse36 clflush mmx fxsr sse sse2 ht syscall nx mmxext fxsr_opt pdpe1gb rdtscp lm constant_tsc rep_good nopl nonstop_tsc extd_apicid aperfmperf pni pclmulqdq monitor ssse3 fma cx16 sse4_1 sse4_2 popcnt aes xsave avx f16c lahf_lm cmp_legacy svm extapic cr8_legacy abm sse4a misalignsse 3dnowprefetch osvw ibs xop skinit wdt lwp fma4 tce nodeid_msr tbm topoext perfctr_core perfctr_nb arat cpb hw_pstate npt lbrv svm_lock nrip_save tsc_scale vmcb_clean flushbyasid decodeassists pausefilter pfthreshold vmmcall bmi1
bugs		: fxsave_leak
bogomips	: 4194.02
TLB size	: 1536 4K pages
clflush size	: 64
cache_alignment	: 64
address sizes	: 48 bits physical, 48 bits virtual
power management: ts ttp tm 100mhzsteps hwpstate cpb eff_freq_ro



Memory: 4k page, physical 5755352k(191424k free), swap 1048572k(1900k free)

vm_info: OpenJDK 64-Bit Server VM (25.40-b23) for linux-amd64 JRE (1.8.0_40-b20), built on Mar 15 2015 09:37:38 by "builduser" with gcc 4.9.2 20150304 (prerelease)

time: Sat Mar 28 19:07:46 2015
elapsed time: 563 seconds (0d 0h 9m 23s)

