#
# There is insufficient memory for the Java Runtime Environment to continue.
# Native memory allocation (mmap) failed to map 262144 bytes for committing reserved memory.
# Possible reasons:
#   The system is out of physical RAM or swap space
#   In 32 bit mode, the process size limit was hit
# Possible solutions:
#   Reduce memory load on the system
#   Increase physical memory or swap space
#   Check if swap backing store is full
#   Use 64 bit Java on a 64 bit OS
#   Decrease Java heap size (-Xmx/-Xms)
#   Decrease number of Java threads
#   Decrease Java thread stack sizes (-Xss)
#   Set larger code cache with -XX:ReservedCodeCacheSize=
# This output file may be truncated or incomplete.
#
#  Out of Memory Error (os_linux.cpp:2673), pid=17117, tid=139984425703168
#
# JRE version: OpenJDK Runtime Environment (8.0_40-b20) (build 1.8.0_40-b20)
# Java VM: OpenJDK 64-Bit Server VM (25.40-b23 mixed mode linux-amd64 compressed oops)
# Failed to write core dump. Core dumps have been disabled. To enable core dumping, try "ulimit -c unlimited" before starting Java again
#

---------------  T H R E A D  ---------------

Current thread (0x00007f50bc0b3800):  JavaThread "C1 CompilerThread1" daemon [_thread_in_vm, id=17195, stack(0x00007f50a9e7d000,0x00007f50a9f7e000)]

Stack: [0x00007f50a9e7d000,0x00007f50a9f7e000],  sp=0x00007f50a9f7ba60,  free space=1018k
Native frames: (J=compiled Java code, j=interpreted, Vv=VM code, C=native code)
V  [libjvm.so+0xa8e69d]
V  [libjvm.so+0x4e856c]
V  [libjvm.so+0x8df110]
V  [libjvm.so+0x8d98de]
V  [libjvm.so+0xa8b2b4]
V  [libjvm.so+0x85f8d9]
V  [libjvm.so+0x85fb4a]
V  [libjvm.so+0x860d64]
V  [libjvm.so+0x860ebb]
V  [libjvm.so+0x861b4b]
V  [libjvm.so+0x861f17]
V  [libjvm.so+0x883da7]
V  [libjvm.so+0x869b22]
V  [libjvm.so+0x40c7ab]
V  [libjvm.so+0x40cae5]
V  [libjvm.so+0x351e3c]
V  [libjvm.so+0x35275d]
V  [libjvm.so+0x352fdb]
V  [libjvm.so+0x350968]
V  [libjvm.so+0x350dc5]
V  [libjvm.so+0x35130d]
V  [libjvm.so+0x357e0e]
V  [libjvm.so+0x33a986]
V  [libjvm.so+0x33c493]
V  [libjvm.so+0x33c582]
V  [libjvm.so+0x33ca2f]
V  [libjvm.so+0x33d767]
V  [libjvm.so+0x496586]
V  [libjvm.so+0x497b5f]
V  [libjvm.so+0xa330e8]
V  [libjvm.so+0x8dc612]
C  [libpthread.so.0+0x7374]  start_thread+0xc4


Current CompileTask:
C1: 300323  474       3       java.util.GregorianCalendar::computeFields (1571 bytes)


---------------  P R O C E S S  ---------------

Java Threads: ( => current thread )
  0x00007f50bc008800 JavaThread "DestroyJavaVM" [_thread_blocked, id=17118, stack(0x00007f50c4d68000,0x00007f50c4e69000)]
  0x00007f50bc214000 JavaThread "AWT-EventQueue-0" [_thread_in_Java, id=17358, stack(0x00007f50826dd000,0x00007f50827de000)]
  0x00007f50bc212800 JavaThread "AWT-Shutdown" [_thread_blocked, id=17351, stack(0x00007f50827de000,0x00007f50828df000)]
  0x00007f50bc20e800 JavaThread "AWT-XAWT" daemon [_thread_in_native, id=17350, stack(0x00007f50828df000,0x00007f50829e0000)]
  0x00007f50bc1e6000 JavaThread "Java2D Disposer" daemon [_thread_blocked, id=17338, stack(0x00007f5082df7000,0x00007f5082ef8000)]
  0x00007f50bc0b8800 JavaThread "Service Thread" daemon [_thread_blocked, id=17198, stack(0x00007f50a9d7c000,0x00007f50a9e7d000)]
=>0x00007f50bc0b3800 JavaThread "C1 CompilerThread1" daemon [_thread_in_vm, id=17195, stack(0x00007f50a9e7d000,0x00007f50a9f7e000)]
  0x00007f50bc0b0800 JavaThread "C2 CompilerThread0" daemon [_thread_blocked, id=17194, stack(0x00007f50a9f7e000,0x00007f50aa07f000)]
  0x00007f50bc0af000 JavaThread "Signal Dispatcher" daemon [_thread_blocked, id=17193, stack(0x00007f50aa07f000,0x00007f50aa180000)]
  0x00007f50bc078800 JavaThread "Finalizer" daemon [_thread_blocked, id=17160, stack(0x00007f50aa30f000,0x00007f50aa410000)]
  0x00007f50bc076800 JavaThread "Reference Handler" daemon [_thread_blocked, id=17152, stack(0x00007f50c006c000,0x00007f50c016d000)]

Other Threads:
  0x00007f50bc071800 VMThread [stack: 0x00007f50c016d000,0x00007f50c026e000] [id=17147]
  0x00007f50bc0ba800 WatcherThread [stack: 0x00007f50a9c7b000,0x00007f50a9d7c000] [id=17199]

VM state:not at safepoint (normal execution)

VM Mutex/Monitor currently owned by a thread:  ([mutex/lock_event])
[0x00007f50bc006ad0] MethodData_lock - owner thread: 0x00007f50bc0b3800

Heap:
 PSYoungGen      total 26112K, used 8118K [0x00000000e2b80000, 0x00000000e4880000, 0x0000000100000000)
  eden space 22528K, 36% used [0x00000000e2b80000,0x00000000e336d980,0x00000000e4180000)
  from space 3584K, 0% used [0x00000000e4500000,0x00000000e4500000,0x00000000e4880000)
  to   space 3584K, 0% used [0x00000000e4180000,0x00000000e4180000,0x00000000e4500000)
 ParOldGen       total 60416K, used 0K [0x00000000a8200000, 0x00000000abd00000, 0x00000000e2b80000)
  object space 60416K, 0% used [0x00000000a8200000,0x00000000a8200000,0x00000000abd00000)
 Metaspace       used 8675K, capacity 8902K, committed 9088K, reserved 1056768K
  class space    used 943K, capacity 1025K, committed 1152K, reserved 1048576K

Card table byte_map: [0x00007f50c1cb8000,0x00007f50c1f78000] byte_map_base: 0x00007f50c1777000

Marking Bits: (ParMarkBitMap*) 0x00007f50c401f580
 Begin Bits: [0x00007f50aa410000, 0x00007f50aba08000)
 End Bits:   [0x00007f50aba08000, 0x00007f50ad000000)

Polling page: 0x00007f50c4e6d000

CodeCache: size=245760Kb used=2118Kb max_used=2118Kb free=243641Kb
 bounds [0x00007f50ad000000, 0x00007f50ad270000, 0x00007f50bc000000]
 total_blobs=913 nmethods=472 adapters=357
 compilation: enabled

Compilation events (10 events):
Event: 295,746 Thread 0x00007f50bc0b3800 nmethod 469 0x00007f50ad20f290 code [0x00007f50ad20f4e0, 0x00007f50ad210518]
Event: 296,279 Thread 0x00007f50bc0b3800  470       3       java.util.Formatter$Conversion::isText (32 bytes)
Event: 296,279 Thread 0x00007f50bc0b3800 nmethod 470 0x00007f50ad210e90 code [0x00007f50ad210fe0, 0x00007f50ad211130]
Event: 296,417 Thread 0x00007f50bc0b3800  471       3       sun.util.calendar.ZoneInfo::getTransitionIndex (156 bytes)
Event: 296,418 Thread 0x00007f50bc0b3800 nmethod 471 0x00007f50ad211190 code [0x00007f50ad211320, 0x00007f50ad2117f0]
Event: 296,418 Thread 0x00007f50bc0b3800  472       1       java.util.Formatter::access$300 (5 bytes)
Event: 296,418 Thread 0x00007f50bc0b3800 nmethod 472 0x00007f50ad211b90 code [0x00007f50ad211ce0, 0x00007f50ad211dd0]
Event: 296,418 Thread 0x00007f50bc0b3800  473       3       java.util.Locale::getCountry (8 bytes)
Event: 296,419 Thread 0x00007f50bc0b3800 nmethod 473 0x00007f50ad211e50 code [0x00007f50ad211fc0, 0x00007f50ad2121b0]
Event: 296,939 Thread 0x00007f50bc0b3800  474       3       java.util.GregorianCalendar::computeFields (1571 bytes)

GC Heap History (0 events):
No events

Deoptimization events (1 events):
Event: 274,129 Thread 0x00007f50bc214000 Uncommon trap: reason=unloaded action=reinterpret pc=0x00007f50ad1c2704 method=cliente.SocketClient.escribir(Ljava/lang/String;)V @ 14

Internal exceptions (10 events):
Event: 284,357 Thread 0x00007f50bc214000 Exception <a 'java/net/SocketException'> (0x00000000e325cb68) thrown at [/build/java8-openjdk/src/jdk8u-jdk8u40-b20/hotspot/src/share/vm/prims/jni.cpp, line 709]
Event: 287,772 Thread 0x00007f50bc214000 Exception <a 'java/net/SocketException'> (0x00000000e326e558) thrown at [/build/java8-openjdk/src/jdk8u-jdk8u40-b20/hotspot/src/share/vm/prims/jni.cpp, line 709]
Event: 295,583 Thread 0x00007f50bc214000 Exception <a 'java/net/SocketException'> (0x00000000e327ff48) thrown at [/build/java8-openjdk/src/jdk8u-jdk8u40-b20/hotspot/src/share/vm/prims/jni.cpp, line 709]
Event: 295,585 Thread 0x00007f50bc214000 Exception <a 'java/net/SocketException'> (0x00000000e3291980) thrown at [/build/java8-openjdk/src/jdk8u-jdk8u40-b20/hotspot/src/share/vm/prims/jni.cpp, line 709]
Event: 295,740 Thread 0x00007f50bc214000 Exception <a 'java/net/SocketException'> (0x00000000e32a3370) thrown at [/build/java8-openjdk/src/jdk8u-jdk8u40-b20/hotspot/src/share/vm/prims/jni.cpp, line 709]
Event: 295,936 Thread 0x00007f50bc214000 Exception <a 'java/net/SocketException'> (0x00000000e32b4d60) thrown at [/build/java8-openjdk/src/jdk8u-jdk8u40-b20/hotspot/src/share/vm/prims/jni.cpp, line 709]
Event: 296,169 Thread 0x00007f50bc214000 Exception <a 'java/net/SocketException'> (0x00000000e32c6750) thrown at [/build/java8-openjdk/src/jdk8u-jdk8u40-b20/hotspot/src/share/vm/prims/jni.cpp, line 709]
Event: 296,419 Thread 0x00007f50bc214000 Exception <a 'java/net/SocketException'> (0x00000000e32d8140) thrown at [/build/java8-openjdk/src/jdk8u-jdk8u40-b20/hotspot/src/share/vm/prims/jni.cpp, line 709]
Event: 296,551 Thread 0x00007f50bc214000 Exception <a 'java/net/SocketException'> (0x00000000e32e9b30) thrown at [/build/java8-openjdk/src/jdk8u-jdk8u40-b20/hotspot/src/share/vm/prims/jni.cpp, line 709]
Event: 296,941 Thread 0x00007f50bc214000 Exception <a 'java/net/SocketException'> (0x00000000e32fb520) thrown at [/build/java8-openjdk/src/jdk8u-jdk8u40-b20/hotspot/src/share/vm/prims/jni.cpp, line 709]

Events (10 events):
Event: 273,516 loading class java/text/DateFormatSymbols done
Event: 273,517 loading class sun/util/locale/provider/DateFormatSymbolsProviderImpl
Event: 273,517 loading class sun/util/locale/provider/DateFormatSymbolsProviderImpl done
Event: 273,519 loading class java/util/Formattable
Event: 273,519 loading class java/util/Formattable done
Event: 274,129 Thread 0x00007f50bc214000 Uncommon trap: trap_request=0x0000005b fr.pc=0x00007f50ad1c2704
Event: 274,129 Thread 0x00007f50bc214000 DEOPT PACKING pc=0x00007f50ad1c2704 sp=0x00007f50827dbad0
Event: 274,129 Thread 0x00007f50bc214000 DEOPT UNPACKING pc=0x00007f50ad004f69 sp=0x00007f50827dba80 mode 2
Event: 284,484 Executing VM operation: BulkRevokeBias
Event: 284,485 Executing VM operation: BulkRevokeBias done


Dynamic libraries:
00400000-00401000 r-xp 00000000 08:07 428440                             /usr/lib/jvm/java-8-openjdk/jre/bin/java
00600000-00601000 rw-p 00000000 08:07 428440                             /usr/lib/jvm/java-8-openjdk/jre/bin/java
01494000-014b5000 rw-p 00000000 00:00 0                                  [heap]
a8200000-abd00000 rw-p 00000000 00:00 0 
abd00000-e2b80000 ---p 00000000 00:00 0 
e2b80000-e4880000 rw-p 00000000 00:00 0 
e4880000-100000000 ---p 00000000 00:00 0 
100000000-100120000 rw-p 00000000 00:00 0 
100120000-140000000 ---p 00000000 00:00 0 
7f5068000000-7f50680c0000 rw-p 00000000 00:00 0 
7f50680c0000-7f506c000000 ---p 00000000 00:00 0 
7f5070000000-7f5070021000 rw-p 00000000 00:00 0 
7f5070021000-7f5074000000 ---p 00000000 00:00 0 
7f5074000000-7f5074021000 rw-p 00000000 00:00 0 
7f5074021000-7f5078000000 ---p 00000000 00:00 0 
7f5078000000-7f5078021000 rw-p 00000000 00:00 0 
7f5078021000-7f507c000000 ---p 00000000 00:00 0 
7f507c000000-7f507c021000 rw-p 00000000 00:00 0 
7f507c021000-7f5080000000 ---p 00000000 00:00 0 
7f50824c0000-7f50824d6000 r-xp 00000000 08:07 428410                     /usr/lib/jvm/java-8-openjdk/jre/lib/amd64/libnet.so
7f50824d6000-7f50826d6000 ---p 00016000 08:07 428410                     /usr/lib/jvm/java-8-openjdk/jre/lib/amd64/libnet.so
7f50826d6000-7f50826d7000 rw-p 00016000 08:07 428410                     /usr/lib/jvm/java-8-openjdk/jre/lib/amd64/libnet.so
7f50826dd000-7f50826e0000 ---p 00000000 00:00 0 
7f50826e0000-7f50827de000 rw-p 00000000 00:00 0                          [stack:17358]
7f50827de000-7f50827e1000 ---p 00000000 00:00 0 
7f50827e1000-7f50828df000 rw-p 00000000 00:00 0                          [stack:17351]
7f50828df000-7f50828e2000 ---p 00000000 00:00 0 
7f50828e2000-7f50829e0000 rw-p 00000000 00:00 0                          [stack:17350]
7f50829e0000-7f50829e5000 r-xp 00000000 08:07 159396                     /usr/lib/libXfixes.so.3.1.0
7f50829e5000-7f5082be4000 ---p 00005000 08:07 159396                     /usr/lib/libXfixes.so.3.1.0
7f5082be4000-7f5082be5000 r--p 00004000 08:07 159396                     /usr/lib/libXfixes.so.3.1.0
7f5082be5000-7f5082be6000 rw-p 00005000 08:07 159396                     /usr/lib/libXfixes.so.3.1.0
7f5082be8000-7f5082bf2000 r-xp 00000000 08:07 160813                     /usr/lib/libXcursor.so.1.0.2
7f5082bf2000-7f5082df1000 ---p 0000a000 08:07 160813                     /usr/lib/libXcursor.so.1.0.2
7f5082df1000-7f5082df2000 r--p 00009000 08:07 160813                     /usr/lib/libXcursor.so.1.0.2
7f5082df2000-7f5082df3000 rw-p 0000a000 08:07 160813                     /usr/lib/libXcursor.so.1.0.2
7f5082df7000-7f5082dfa000 ---p 00000000 00:00 0 
7f5082dfa000-7f5082ef8000 rw-p 00000000 00:00 0                          [stack:17338]
7f5082ef8000-7f5082f66000 r-xp 00000000 08:07 141965                     /usr/lib/libpcre.so.1.2.4
7f5082f66000-7f5083165000 ---p 0006e000 08:07 141965                     /usr/lib/libpcre.so.1.2.4
7f5083165000-7f5083166000 r--p 0006d000 08:07 141965                     /usr/lib/libpcre.so.1.2.4
7f5083166000-7f5083167000 rw-p 0006e000 08:07 141965                     /usr/lib/libpcre.so.1.2.4
7f5083168000-7f5083184000 r-xp 00000000 08:07 159932                     /usr/lib/libgraphite2.so.3.0.1
7f5083184000-7f5083383000 ---p 0001c000 08:07 159932                     /usr/lib/libgraphite2.so.3.0.1
7f5083383000-7f5083385000 r--p 0001b000 08:07 159932                     /usr/lib/libgraphite2.so.3.0.1
7f5083385000-7f5083386000 rw-p 0001d000 08:07 159932                     /usr/lib/libgraphite2.so.3.0.1
7f5083388000-7f5083494000 r-xp 00000000 08:07 186737                     /usr/lib/libglib-2.0.so.0.4200.2
7f5083494000-7f5083693000 ---p 0010c000 08:07 186737                     /usr/lib/libglib-2.0.so.0.4200.2
7f5083693000-7f5083694000 r--p 0010b000 08:07 186737                     /usr/lib/libglib-2.0.so.0.4200.2
7f5083694000-7f5083695000 rw-p 0010c000 08:07 186737                     /usr/lib/libglib-2.0.so.0.4200.2
7f5083695000-7f5083696000 rw-p 00000000 00:00 0 
7f5083698000-7f50836f2000 r-xp 00000000 08:07 159941                     /usr/lib/libharfbuzz.so.0.940.0
7f50836f2000-7f50838f1000 ---p 0005a000 08:07 159941                     /usr/lib/libharfbuzz.so.0.940.0
7f50838f1000-7f50838f4000 r--p 00059000 08:07 159941                     /usr/lib/libharfbuzz.so.0.940.0
7f50838f4000-7f50838f5000 rw-p 0005c000 08:07 159941                     /usr/lib/libharfbuzz.so.0.940.0
7f50838f8000-7f508392d000 r-xp 00000000 08:07 159517                     /usr/lib/libpng16.so.16.16.0
7f508392d000-7f5083b2c000 ---p 00035000 08:07 159517                     /usr/lib/libpng16.so.16.16.0
7f5083b2c000-7f5083b2d000 r--p 00034000 08:07 159517                     /usr/lib/libpng16.so.16.16.0
7f5083b2d000-7f5083b2e000 rw-p 00035000 08:07 159517                     /usr/lib/libpng16.so.16.16.0
7f5083b30000-7f5083b3f000 r-xp 00000000 08:07 136853                     /usr/lib/libbz2.so.1.0.6
7f5083b3f000-7f5083d3e000 ---p 0000f000 08:07 136853                     /usr/lib/libbz2.so.1.0.6
7f5083d3e000-7f5083d40000 rw-p 0000e000 08:07 136853                     /usr/lib/libbz2.so.1.0.6
7f5083d40000-7f5083df6000 r-xp 00000000 08:07 159955                     /usr/lib/libfreetype.so.6.11.4
7f5083df6000-7f5083ff6000 ---p 000b6000 08:07 159955                     /usr/lib/libfreetype.so.6.11.4
7f5083ff6000-7f5083ffc000 r--p 000b6000 08:07 159955                     /usr/lib/libfreetype.so.6.11.4
7f5083ffc000-7f5083ffd000 rw-p 000bc000 08:07 159955                     /usr/lib/libfreetype.so.6.11.4
7f5084000000-7f50842c2000 rw-p 00000000 00:00 0 
7f50842c2000-7f5088000000 ---p 00000000 00:00 0 
7f5088000000-7f5088021000 rw-p 00000000 00:00 0 
7f5088021000-7f508c000000 ---p 00000000 00:00 0 
7f508c000000-7f508c021000 rw-p 00000000 00:00 0 
7f508c021000-7f5090000000 ---p 00000000 00:00 0 
7f5090000000-7f5090201000 rw-p 00000000 00:00 0 
7f5090201000-7f5094000000 ---p 00000000 00:00 0 
7f5094000000-7f5094021000 rw-p 00000000 00:00 0 
7f5094021000-7f5098000000 ---p 00000000 00:00 0 
7f5098000000-7f5098021000 rw-p 00000000 00:00 0 
7f5098021000-7f509c000000 ---p 00000000 00:00 0 
7f509c000000-7f509c021000 rw-p 00000000 00:00 0 
7f509c021000-7f50a0000000 ---p 00000000 00:00 0 
7f50a0000000-7f50a0021000 rw-p 00000000 00:00 0 
7f50a0021000-7f50a4000000 ---p 00000000 00:00 0 
7f50a4000000-7f50a4021000 rw-p 00000000 00:00 0 
7f50a4021000-7f50a8000000 ---p 00000000 00:00 0 
7f50a803b000-7f50a8057000 r--s 00393000 08:07 428370                     /usr/lib/jvm/java-8-openjdk/jre/lib/ext/cldrdata.jar
7f50a8057000-7f50a8088000 rw-p 00000000 00:00 0 
7f50a8088000-7f50a80a1000 r--s 00000000 08:07 669984                     /var/cache/fontconfig/8d4af663993b81a124ee82e610bb31f9-le64.cache-4
7f50a80a8000-7f50a80be000 r-xp 00000000 08:07 134103                     /usr/lib/libgcc_s.so.1
7f50a80be000-7f50a82bd000 ---p 00016000 08:07 134103                     /usr/lib/libgcc_s.so.1
7f50a82bd000-7f50a82be000 rw-p 00015000 08:07 134103                     /usr/lib/libgcc_s.so.1
7f50a82c6000-7f50a82d1000 r--s 00116000 08:07 428369                     /usr/lib/jvm/java-8-openjdk/jre/lib/ext/localedata.jar
7f50a82d8000-7f50a82da000 r--s 00000000 08:07 669321                     /var/cache/fontconfig/452f1fac34b224105d7acfae3034bcd5-le64.cache-4
7f50a82e0000-7f50a82ef000 r--s 00000000 08:07 658776                     /var/cache/fontconfig/5a02e0a9ca9b27d0aa4bd0c42ba2438d-le64.cache-4
7f50a82f0000-7f50a82fa000 r--s 00000000 08:07 655257                     /var/cache/fontconfig/d62e99ef547d1d24cdb1bd22ec1a2976-le64.cache-4
7f50a8300000-7f50a830d000 r--s 00000000 08:07 675069                     /var/cache/fontconfig/f6b893a7224233d96cb72fd88691c0b4-le64.cache-4
7f50a8310000-7f50a8371000 r-xp 00000000 08:07 428427                     /usr/lib/jvm/java-8-openjdk/jre/lib/amd64/libfontmanager.so
7f50a8371000-7f50a8570000 ---p 00061000 08:07 428427                     /usr/lib/jvm/java-8-openjdk/jre/lib/amd64/libfontmanager.so
7f50a8570000-7f50a8574000 rw-p 00060000 08:07 428427                     /usr/lib/jvm/java-8-openjdk/jre/lib/amd64/libfontmanager.so
7f50a8574000-7f50a8587000 rw-p 00000000 00:00 0 
7f50a8588000-7f50a858d000 r-xp 00000000 08:07 156005                     /usr/lib/libXdmcp.so.6.0.0
7f50a858d000-7f50a878c000 ---p 00005000 08:07 156005                     /usr/lib/libXdmcp.so.6.0.0
7f50a878c000-7f50a878d000 r--p 00004000 08:07 156005                     /usr/lib/libXdmcp.so.6.0.0
7f50a878d000-7f50a878e000 rw-p 00005000 08:07 156005                     /usr/lib/libXdmcp.so.6.0.0
7f50a8790000-7f50a8792000 r-xp 00000000 08:07 156010                     /usr/lib/libXau.so.6.0.0
7f50a8792000-7f50a8992000 ---p 00002000 08:07 156010                     /usr/lib/libXau.so.6.0.0
7f50a8992000-7f50a8993000 r--p 00002000 08:07 156010                     /usr/lib/libXau.so.6.0.0
7f50a8993000-7f50a8994000 rw-p 00003000 08:07 156010                     /usr/lib/libXau.so.6.0.0
7f50a8998000-7f50a89b9000 r-xp 00000000 08:07 158332                     /usr/lib/libxcb.so.1.1.0
7f50a89b9000-7f50a8bb8000 ---p 00021000 08:07 158332                     /usr/lib/libxcb.so.1.1.0
7f50a8bb8000-7f50a8bb9000 r--p 00020000 08:07 158332                     /usr/lib/libxcb.so.1.1.0
7f50a8bb9000-7f50a8bba000 rw-p 00021000 08:07 158332                     /usr/lib/libxcb.so.1.1.0
7f50a8bc0000-7f50a8bcf000 r-xp 00000000 08:07 159390                     /usr/lib/libXi.so.6.1.0
7f50a8bcf000-7f50a8dcf000 ---p 0000f000 08:07 159390                     /usr/lib/libXi.so.6.1.0
7f50a8dcf000-7f50a8dd0000 r--p 0000f000 08:07 159390                     /usr/lib/libXi.so.6.1.0
7f50a8dd0000-7f50a8dd1000 rw-p 00010000 08:07 159390                     /usr/lib/libXi.so.6.1.0
7f50a8dd8000-7f50a8ddd000 r-xp 00000000 08:07 159412                     /usr/lib/libXtst.so.6.1.0
7f50a8ddd000-7f50a8fdc000 ---p 00005000 08:07 159412                     /usr/lib/libXtst.so.6.1.0
7f50a8fdc000-7f50a8fdd000 r--p 00004000 08:07 159412                     /usr/lib/libXtst.so.6.1.0
7f50a8fdd000-7f50a8fde000 rw-p 00005000 08:07 159412                     /usr/lib/libXtst.so.6.1.0
7f50a8fe0000-7f50a8fe9000 r-xp 00000000 08:07 159929                     /usr/lib/libXrender.so.1.3.0
7f50a8fe9000-7f50a91e8000 ---p 00009000 08:07 159929                     /usr/lib/libXrender.so.1.3.0
7f50a91e8000-7f50a91e9000 r--p 00008000 08:07 159929                     /usr/lib/libXrender.so.1.3.0
7f50a91e9000-7f50a91ea000 rw-p 00009000 08:07 159929                     /usr/lib/libXrender.so.1.3.0
7f50a91f0000-7f50a932b000 r-xp 00000000 08:07 158413                     /usr/lib/libX11.so.6.3.0
7f50a932b000-7f50a952a000 ---p 0013b000 08:07 158413                     /usr/lib/libX11.so.6.3.0
7f50a952a000-7f50a952c000 r--p 0013a000 08:07 158413                     /usr/lib/libX11.so.6.3.0
7f50a952c000-7f50a9531000 rw-p 0013c000 08:07 158413                     /usr/lib/libX11.so.6.3.0
7f50a9531000-7f50a9532000 rw-p 00000000 00:00 0 
7f50a9538000-7f50a9549000 r-xp 00000000 08:07 159311                     /usr/lib/libXext.so.6.4.0
7f50a9549000-7f50a9748000 ---p 00011000 08:07 159311                     /usr/lib/libXext.so.6.4.0
7f50a9748000-7f50a9749000 r--p 00010000 08:07 159311                     /usr/lib/libXext.so.6.4.0
7f50a9749000-7f50a974a000 rw-p 00011000 08:07 159311                     /usr/lib/libXext.so.6.4.0
7f50a9750000-7f50a97a3000 r-xp 00000000 08:07 428425                     /usr/lib/jvm/java-8-openjdk/jre/lib/amd64/libawt_xawt.so
7f50a97a3000-7f50a99a2000 ---p 00053000 08:07 428425                     /usr/lib/jvm/java-8-openjdk/jre/lib/amd64/libawt_xawt.so
7f50a99a2000-7f50a99a6000 rw-p 00052000 08:07 428425                     /usr/lib/jvm/java-8-openjdk/jre/lib/amd64/libawt_xawt.so
7f50a99a6000-7f50a99a7000 rw-p 00000000 00:00 0 
7f50a99a8000-7f50a9a48000 r-xp 00000000 08:07 428422                     /usr/lib/jvm/java-8-openjdk/jre/lib/amd64/libawt.so
7f50a9a48000-7f50a9c48000 ---p 000a0000 08:07 428422                     /usr/lib/jvm/java-8-openjdk/jre/lib/amd64/libawt.so
7f50a9c48000-7f50a9c54000 rw-p 000a0000 08:07 428422                     /usr/lib/jvm/java-8-openjdk/jre/lib/amd64/libawt.so
7f50a9c54000-7f50a9c78000 rw-p 00000000 00:00 0 
7f50a9c7b000-7f50a9c7c000 ---p 00000000 00:00 0 
7f50a9c7c000-7f50a9d7c000 rw-p 00000000 00:00 0                          [stack:17199]
7f50a9d7c000-7f50a9d7f000 ---p 00000000 00:00 0 
7f50a9d7f000-7f50a9e7d000 rw-p 00000000 00:00 0                          [stack:17198]
7f50a9e7d000-7f50a9e80000 ---p 00000000 00:00 0 
7f50a9e80000-7f50a9f7e000 rw-p 00000000 00:00 0                          [stack:17195]
7f50a9f7e000-7f50a9f81000 ---p 00000000 00:00 0 
7f50a9f81000-7f50aa07f000 rw-p 00000000 00:00 0                          [stack:17194]
7f50aa07f000-7f50aa082000 ---p 00000000 00:00 0 
7f50aa082000-7f50aa180000 rw-p 00000000 00:00 0                          [stack:17193]
7f50aa180000-7f50aa309000 r--p 00000000 08:07 159448                     /usr/lib/locale/locale-archive
7f50aa30f000-7f50aa312000 ---p 00000000 00:00 0 
7f50aa312000-7f50ad000000 rw-p 00000000 00:00 0                          [stack:17160]
7f50ad000000-7f50ad270000 rwxp 00000000 00:00 0 
7f50ad270000-7f50bc000000 ---p 00000000 00:00 0 
7f50bc000000-7f50bc216000 rw-p 00000000 00:00 0 
7f50bc216000-7f50c0000000 ---p 00000000 00:00 0 
7f50c0008000-7f50c0009000 r--s 00000000 08:07 655184                     /var/cache/fontconfig/6ba42ae0000f58711b5caaf10d690066-le64.cache-4
7f50c0010000-7f50c0019000 r--s 00000000 08:07 669908                     /var/cache/fontconfig/f349e9996a5320f6dd491cedd2b1f964-le64.cache-4
7f50c001d000-7f50c0030000 r--s 00345000 08:07 428351                     /usr/lib/jvm/java-8-openjdk/jre/lib/resources.jar
7f50c0030000-7f50c0056000 r--p 00000000 08:07 133714                     /usr/share/locale/es/LC_MESSAGES/libc.mo
7f50c0058000-7f50c005d000 r--s 002f8000 08:07 428349                     /usr/lib/jvm/java-8-openjdk/jre/lib/charsets.jar
7f50c0064000-7f50c006b000 r--s 00094000 08:07 565039                     /usr/share/netbeans/java/modules/ext/beansbinding-1.2.1.jar
7f50c006c000-7f50c006f000 ---p 00000000 00:00 0 
7f50c006f000-7f50c016d000 rw-p 00000000 00:00 0                          [stack:17152]
7f50c016d000-7f50c016e000 ---p 00000000 00:00 0 
7f50c016e000-7f50c0bda000 rw-p 00000000 00:00 0                          [stack:17147]
7f50c0bda000-7f50c0da8000 r--s 03bd2000 08:07 428353                     /usr/lib/jvm/java-8-openjdk/jre/lib/rt.jar
7f50c0dac000-7f50c15e2000 rw-p 00000000 00:00 0 
7f50c1622000-7f50c18e1000 rw-p 00000000 00:00 0 
7f50c18e1000-7f50c18e2000 ---p 00000000 00:00 0 
7f50c18e2000-7f50c19e2000 rw-p 00000000 00:00 0                          [stack:17124]
7f50c19e2000-7f50c19e3000 ---p 00000000 00:00 0 
7f50c19e3000-7f50c1b01000 rw-p 00000000 00:00 0                          [stack:17123]
7f50c1b01000-7f50c1cb8000 ---p 00000000 00:00 0 
7f50c1cb8000-7f50c1cd6000 rw-p 00000000 00:00 0 
7f50c1cd6000-7f50c1e8c000 ---p 00000000 00:00 0 
7f50c1e8c000-7f50c1e9c000 rw-p 00000000 00:00 0 
7f50c1e9c000-7f50c1f77000 ---p 00000000 00:00 0 
7f50c1f77000-7f50c1f82000 rw-p 00000000 00:00 0 
7f50c1f82000-7f50c2338000 ---p 00000000 00:00 0 
7f50c2338000-7f50c2340000 r-xp 00000000 08:07 428408                     /usr/lib/jvm/java-8-openjdk/jre/lib/amd64/libzip.so
7f50c2340000-7f50c253f000 ---p 00008000 08:07 428408                     /usr/lib/jvm/java-8-openjdk/jre/lib/amd64/libzip.so
7f50c253f000-7f50c2540000 rw-p 00007000 08:07 428408                     /usr/lib/jvm/java-8-openjdk/jre/lib/amd64/libzip.so
7f50c2540000-7f50c254b000 r-xp 00000000 08:07 133754                     /usr/lib/libnss_files-2.21.so
7f50c254b000-7f50c274b000 ---p 0000b000 08:07 133754                     /usr/lib/libnss_files-2.21.so
7f50c274b000-7f50c274c000 r--p 0000b000 08:07 133754                     /usr/lib/libnss_files-2.21.so
7f50c274c000-7f50c274d000 rw-p 0000c000 08:07 133754                     /usr/lib/libnss_files-2.21.so
7f50c2750000-7f50c277d000 r-xp 00000000 08:07 428407                     /usr/lib/jvm/java-8-openjdk/jre/lib/amd64/libjava.so
7f50c277d000-7f50c297d000 ---p 0002d000 08:07 428407                     /usr/lib/jvm/java-8-openjdk/jre/lib/amd64/libjava.so
7f50c297d000-7f50c297f000 rw-p 0002d000 08:07 428407                     /usr/lib/jvm/java-8-openjdk/jre/lib/amd64/libjava.so
7f50c2980000-7f50c298d000 r-xp 00000000 08:07 428399                     /usr/lib/jvm/java-8-openjdk/jre/lib/amd64/libverify.so
7f50c298d000-7f50c2b8c000 ---p 0000d000 08:07 428399                     /usr/lib/jvm/java-8-openjdk/jre/lib/amd64/libverify.so
7f50c2b8c000-7f50c2b8e000 rw-p 0000c000 08:07 428399                     /usr/lib/jvm/java-8-openjdk/jre/lib/amd64/libverify.so
7f50c2b90000-7f50c2b97000 r-xp 00000000 08:07 133786                     /usr/lib/librt-2.21.so
7f50c2b97000-7f50c2d96000 ---p 00007000 08:07 133786                     /usr/lib/librt-2.21.so
7f50c2d96000-7f50c2d97000 r--p 00006000 08:07 133786                     /usr/lib/librt-2.21.so
7f50c2d97000-7f50c2d98000 rw-p 00007000 08:07 133786                     /usr/lib/librt-2.21.so
7f50c2d98000-7f50c2e9b000 r-xp 00000000 08:07 133813                     /usr/lib/libm-2.21.so
7f50c2e9b000-7f50c309b000 ---p 00103000 08:07 133813                     /usr/lib/libm-2.21.so
7f50c309b000-7f50c309c000 r--p 00103000 08:07 133813                     /usr/lib/libm-2.21.so
7f50c309c000-7f50c309d000 rw-p 00104000 08:07 133813                     /usr/lib/libm-2.21.so
7f50c30a0000-7f50c3d3f000 r-xp 00000000 08:07 428431                     /usr/lib/jvm/java-8-openjdk/jre/lib/amd64/server/libjvm.so
7f50c3d3f000-7f50c3f3f000 ---p 00c9f000 08:07 428431                     /usr/lib/jvm/java-8-openjdk/jre/lib/amd64/server/libjvm.so
7f50c3f3f000-7f50c400b000 rw-p 00c9f000 08:07 428431                     /usr/lib/jvm/java-8-openjdk/jre/lib/amd64/server/libjvm.so
7f50c400b000-7f50c404c000 rw-p 00000000 00:00 0 
7f50c4050000-7f50c41e9000 r-xp 00000000 08:07 133765                     /usr/lib/libc-2.21.so
7f50c41e9000-7f50c43e9000 ---p 00199000 08:07 133765                     /usr/lib/libc-2.21.so
7f50c43e9000-7f50c43ed000 r--p 00199000 08:07 133765                     /usr/lib/libc-2.21.so
7f50c43ed000-7f50c43ef000 rw-p 0019d000 08:07 133765                     /usr/lib/libc-2.21.so
7f50c43ef000-7f50c43f3000 rw-p 00000000 00:00 0 
7f50c43f8000-7f50c43fa000 r-xp 00000000 08:07 133795                     /usr/lib/libdl-2.21.so
7f50c43fa000-7f50c45fa000 ---p 00002000 08:07 133795                     /usr/lib/libdl-2.21.so
7f50c45fa000-7f50c45fb000 r--p 00002000 08:07 133795                     /usr/lib/libdl-2.21.so
7f50c45fb000-7f50c45fc000 rw-p 00003000 08:07 133795                     /usr/lib/libdl-2.21.so
7f50c4600000-7f50c460d000 r-xp 00000000 08:07 428428                     /usr/lib/jvm/java-8-openjdk/jre/lib/amd64/jli/libjli.so
7f50c460d000-7f50c480d000 ---p 0000d000 08:07 428428                     /usr/lib/jvm/java-8-openjdk/jre/lib/amd64/jli/libjli.so
7f50c480d000-7f50c480e000 rw-p 0000d000 08:07 428428                     /usr/lib/jvm/java-8-openjdk/jre/lib/amd64/jli/libjli.so
7f50c4810000-7f50c4825000 r-xp 00000000 08:07 136861                     /usr/lib/libz.so.1.2.8
7f50c4825000-7f50c4a24000 ---p 00015000 08:07 136861                     /usr/lib/libz.so.1.2.8
7f50c4a24000-7f50c4a25000 r--p 00014000 08:07 136861                     /usr/lib/libz.so.1.2.8
7f50c4a25000-7f50c4a26000 rw-p 00015000 08:07 136861                     /usr/lib/libz.so.1.2.8
7f50c4a28000-7f50c4a40000 r-xp 00000000 08:07 133785                     /usr/lib/libpthread-2.21.so
7f50c4a40000-7f50c4c3f000 ---p 00018000 08:07 133785                     /usr/lib/libpthread-2.21.so
7f50c4c3f000-7f50c4c40000 r--p 00017000 08:07 133785                     /usr/lib/libpthread-2.21.so
7f50c4c40000-7f50c4c41000 rw-p 00018000 08:07 133785                     /usr/lib/libpthread-2.21.so
7f50c4c41000-7f50c4c45000 rw-p 00000000 00:00 0 
7f50c4c48000-7f50c4c6a000 r-xp 00000000 08:07 133809                     /usr/lib/ld-2.21.so
7f50c4c70000-7f50c4c71000 r--s 00000000 08:07 565038                     /usr/share/netbeans/java/modules/ext/AbsoluteLayout.jar
7f50c4c74000-7f50c4d60000 rw-p 00000000 00:00 0 
7f50c4d60000-7f50c4d68000 rw-s 00000000 00:1f 3793836                    /tmp/hsperfdata_maximiliano/17117
7f50c4d68000-7f50c4d6b000 ---p 00000000 00:00 0 
7f50c4d6b000-7f50c4e69000 rw-p 00000000 00:00 0                          [stack:17118]
7f50c4e69000-7f50c4e6a000 r--p 00021000 08:07 133809                     /usr/lib/ld-2.21.so
7f50c4e6a000-7f50c4e6b000 rw-p 00022000 08:07 133809                     /usr/lib/ld-2.21.so
7f50c4e6b000-7f50c4e6d000 rw-p 00000000 00:00 0 
7f50c4e6d000-7f50c4e6e000 r--p 00000000 00:00 0 
7f50c4e6e000-7f50c4e73000 rw-p 00000000 00:00 0 
7fff54d7b000-7fff54d9c000 rw-p 00000000 00:00 0                          [stack]
7fff54dd0000-7fff54dd2000 r--p 00000000 00:00 0                          [vvar]
7fff54dd2000-7fff54dd4000 r-xp 00000000 00:00 0                          [vdso]
ffffffffff600000-ffffffffff601000 r-xp 00000000 00:00 0                  [vsyscall]

VM Arguments:
jvm_args: -Dfile.encoding=UTF-8 
java_command: cliente.Cliente
java_class_path (initial): /usr/share/netbeans/java/modules/ext/AbsoluteLayout.jar:/usr/share/netbeans/java/modules/ext/beansbinding-1.2.1.jar:/home/maximiliano/NetBeansProjects/socket/build/classes
Launcher Type: SUN_STANDARD

Environment Variables:
PATH=/usr/local/sbin:/usr/local/bin:/usr/bin:/usr/lib/jvm/default/bin:/usr/bin/site_perl:/usr/bin/vendor_perl:/usr/bin/core_perl
LD_LIBRARY_PATH=/usr/lib/jvm/default/bin/../jre/lib/amd64:/usr/lib/jvm/default/bin/../jre/lib/i386:
SHELL=/bin/bash
DISPLAY=:0

Signal Handlers:
SIGSEGV: [libjvm.so+0xa8f160], sa_mask[0]=11111111011111111101111111111110, sa_flags=SA_RESTART|SA_SIGINFO
SIGBUS: [libjvm.so+0xa8f160], sa_mask[0]=11111111011111111101111111111110, sa_flags=SA_RESTART|SA_SIGINFO
SIGFPE: [libjvm.so+0x8daa30], sa_mask[0]=11111111011111111101111111111110, sa_flags=SA_RESTART|SA_SIGINFO
SIGPIPE: [libjvm.so+0x8daa30], sa_mask[0]=11111111011111111101111111111110, sa_flags=SA_RESTART|SA_SIGINFO
SIGXFSZ: [libjvm.so+0x8daa30], sa_mask[0]=11111111011111111101111111111110, sa_flags=SA_RESTART|SA_SIGINFO
SIGILL: [libjvm.so+0x8daa30], sa_mask[0]=11111111011111111101111111111110, sa_flags=SA_RESTART|SA_SIGINFO
SIGUSR1: SIG_DFL, sa_mask[0]=00000000000000000000000000000000, sa_flags=none
SIGUSR2: [libjvm.so+0x8da8e0], sa_mask[0]=00100000000000000000000000000000, sa_flags=SA_RESTART|SA_SIGINFO
SIGHUP: [libjvm.so+0x8dab00], sa_mask[0]=11111111011111111101111111111110, sa_flags=SA_RESTART|SA_SIGINFO
SIGINT: SIG_IGN, sa_mask[0]=00000000000000000000000000000000, sa_flags=none
SIGTERM: [libjvm.so+0x8dab00], sa_mask[0]=11111111011111111101111111111110, sa_flags=SA_RESTART|SA_SIGINFO
SIGQUIT: [libjvm.so+0x8dab00], sa_mask[0]=11111111011111111101111111111110, sa_flags=SA_RESTART|SA_SIGINFO


---------------  S Y S T E M  ---------------

OS:NAME="Arch Linux"
ID=arch
PRETTY_NAME="Arch Linux"
ANSI_COLOR="0;36"
HOME_URL="https://www.archlinux.org/"
SUPPORT_URL="https://bbs.archlinux.org/"
BUG_REPORT_URL="https://bugs.archlinux.org/"


uname:Linux 3.19.2-1-ARCH #1 SMP PREEMPT Wed Mar 18 16:21:02 CET 2015 x86_64
libc:glibc 2.21 NPTL 2.21 
rlimit: STACK 8192k, CORE 0k, NPROC 22460, NOFILE 4096, AS infinity
load average:144,08 42,33 17,36

/proc/meminfo:
MemTotal:        5755352 kB
MemFree:          170056 kB
MemAvailable:     121664 kB
Buffers:             912 kB
Cached:            51948 kB
SwapCached:          376 kB
Active:          4230652 kB
Inactive:        1011252 kB
Active(anon):    4201780 kB
Inactive(anon):   996424 kB
Active(file):      28872 kB
Inactive(file):    14828 kB
Unevictable:          32 kB
Mlocked:              32 kB
SwapTotal:       1048572 kB
SwapFree:            280 kB
Dirty:                 0 kB
Writeback:             0 kB
AnonPages:       5190504 kB
Mapped:            43228 kB
Shmem:              8148 kB
Slab:             111148 kB
SReclaimable:      28440 kB
SUnreclaim:        82708 kB
KernelStack:       49376 kB
PageTables:        89768 kB
NFS_Unstable:          0 kB
Bounce:                0 kB
WritebackTmp:          0 kB
CommitLimit:     3926248 kB
Committed_AS:   26723296 kB
VmallocTotal:   34359738367 kB
VmallocUsed:      308136 kB
VmallocChunk:   34359426940 kB
HardwareCorrupted:     0 kB
AnonHugePages:   1638400 kB
HugePages_Total:       0
HugePages_Free:        0
HugePages_Rsvd:        0
HugePages_Surp:        0
Hugepagesize:       2048 kB
DirectMap4k:      689540 kB
DirectMap2M:     5302272 kB
DirectMap1G:           0 kB


CPU:total 2 (2 cores per cpu, 1 threads per core) family 21 model 16 stepping 1, cmov, cx8, fxsr, mmx, sse, sse2, sse3, ssse3, sse4.1, sse4.2, popcnt, avx, aes, clmul, mmxext, 3dnowpref, lzcnt, sse4a, tsc, tscinvbit, tscinv, bmi1

/proc/cpuinfo:
processor	: 0
vendor_id	: AuthenticAMD
cpu family	: 21
model		: 16
model name	: AMD A6-4455M APU with Radeon(tm) HD Graphics
stepping	: 1
microcode	: 0x6001119
cpu MHz		: 2100.000
cache size	: 2048 KB
physical id	: 0
siblings	: 2
core id		: 0
cpu cores	: 1
apicid		: 16
initial apicid	: 0
fpu		: yes
fpu_exception	: yes
cpuid level	: 13
wp		: yes
flags		: fpu vme de pse tsc msr pae mce cx8 apic sep mtrr pge mca cmov pat pse36 clflush mmx fxsr sse sse2 ht syscall nx mmxext fxsr_opt pdpe1gb rdtscp lm constant_tsc rep_good nopl nonstop_tsc extd_apicid aperfmperf pni pclmulqdq monitor ssse3 fma cx16 sse4_1 sse4_2 popcnt aes xsave avx f16c lahf_lm cmp_legacy svm extapic cr8_legacy abm sse4a misalignsse 3dnowprefetch osvw ibs xop skinit wdt lwp fma4 tce nodeid_msr tbm topoext perfctr_core perfctr_nb arat cpb hw_pstate npt lbrv svm_lock nrip_save tsc_scale vmcb_clean flushbyasid decodeassists pausefilter pfthreshold vmmcall bmi1
bugs		: fxsave_leak
bogomips	: 4194.02
TLB size	: 1536 4K pages
clflush size	: 64
cache_alignment	: 64
address sizes	: 48 bits physical, 48 bits virtual
power management: ts ttp tm 100mhzsteps hwpstate cpb eff_freq_ro

processor	: 1
vendor_id	: AuthenticAMD
cpu family	: 21
model		: 16
model name	: AMD A6-4455M APU with Radeon(tm) HD Graphics   
stepping	: 1
microcode	: 0x6001119
cpu MHz		: 2100.000
cache size	: 2048 KB
physical id	: 0
siblings	: 2
core id		: 1
cpu cores	: 1
apicid		: 17
initial apicid	: 1
fpu		: yes
fpu_exception	: yes
cpuid level	: 13
wp		: yes
flags		: fpu vme de pse tsc msr pae mce cx8 apic sep mtrr pge mca cmov pat pse36 clflush mmx fxsr sse sse2 ht syscall nx mmxext fxsr_opt pdpe1gb rdtscp lm constant_tsc rep_good nopl nonstop_tsc extd_apicid aperfmperf pni pclmulqdq monitor ssse3 fma cx16 sse4_1 sse4_2 popcnt aes xsave avx f16c lahf_lm cmp_legacy svm extapic cr8_legacy abm sse4a misalignsse 3dnowprefetch osvw ibs xop skinit wdt lwp fma4 tce nodeid_msr tbm topoext perfctr_core perfctr_nb arat cpb hw_pstate npt lbrv svm_lock nrip_save tsc_scale vmcb_clean flushbyasid decodeassists pausefilter pfthreshold vmmcall bmi1
bugs		: fxsave_leak
bogomips	: 4194.02
TLB size	: 1536 4K pages
clflush size	: 64
cache_alignment	: 64
address sizes	: 48 bits physical, 48 bits virtual
power management: ts ttp tm 100mhzsteps hwpstate cpb eff_freq_ro



Memory: 4k page, physical 5755352k(170056k free), swap 1048572k(280k free)

vm_info: OpenJDK 64-Bit Server VM (25.40-b23) for linux-amd64 JRE (1.8.0_40-b20), built on Mar 15 2015 09:37:38 by "builduser" with gcc 4.9.2 20150304 (prerelease)

time: Sat Mar 28 19:04:27 2015
elapsed time: 308 seconds (0d 0h 5m 8s)

