#
# There is insufficient memory for the Java Runtime Environment to continue.
# Native memory allocation (mmap) failed to map 65536 bytes for committing reserved memory.
# Possible reasons:
#   The system is out of physical RAM or swap space
#   In 32 bit mode, the process size limit was hit
# Possible solutions:
#   Reduce memory load on the system
#   Increase physical memory or swap space
#   Check if swap backing store is full
#   Use 64 bit Java on a 64 bit OS
#   Decrease Java heap size (-Xmx/-Xms)
#   Decrease number of Java threads
#   Decrease Java thread stack sizes (-Xss)
#   Set larger code cache with -XX:ReservedCodeCacheSize=
# This output file may be truncated or incomplete.
#
#  Out of Memory Error (os_linux.cpp:2673), pid=16220, tid=139973817263872
#
# JRE version: OpenJDK Runtime Environment (8.0_40-b20) (build 1.8.0_40-b20)
# Java VM: OpenJDK 64-Bit Server VM (25.40-b23 mixed mode linux-amd64 compressed oops)
# Failed to write core dump. Core dumps have been disabled. To enable core dumping, try "ulimit -c unlimited" before starting Java again
#

---------------  T H R E A D  ---------------

Current thread (0x00007f4e440b2800):  JavaThread "C2 CompilerThread0" daemon [_thread_in_vm, id=16320, stack(0x00007f4e3197e000,0x00007f4e31a7f000)]

Stack: [0x00007f4e3197e000,0x00007f4e31a7f000],  sp=0x00007f4e31a7a700,  free space=1009k
Native frames: (J=compiled Java code, j=interpreted, Vv=VM code, C=native code)
V  [libjvm.so+0xa8e69d]
V  [libjvm.so+0x4e856c]
V  [libjvm.so+0x8df110]
V  [libjvm.so+0x8d98de]
V  [libjvm.so+0xa8b2b4]
V  [libjvm.so+0x60b0ed]
V  [libjvm.so+0x465666]
V  [libjvm.so+0x45f4e5]
V  [libjvm.so+0x464171]
V  [libjvm.so+0x8eee4d]
V  [libjvm.so+0x8f65e1]
V  [libjvm.so+0x48966e]
V  [libjvm.so+0x48a94a]
V  [libjvm.so+0x3d5041]
V  [libjvm.so+0x496586]
V  [libjvm.so+0x497b5f]
V  [libjvm.so+0xa330e8]
V  [libjvm.so+0x8dc612]
C  [libpthread.so.0+0x7374]  start_thread+0xc4


Current CompileTask:
C2: 757668  756       4       java.util.Calendar::setTimeInMillis (84 bytes)


---------------  P R O C E S S  ---------------

Java Threads: ( => current thread )
  0x00007f4e44008800 JavaThread "DestroyJavaVM" [_thread_blocked, id=16225, stack(0x00007f4e4c715000,0x00007f4e4c816000)]
  0x00007f4e4420c000 JavaThread "AWT-EventQueue-0" [_thread_blocked, id=16664, stack(0x00007f4e0a0f5000,0x00007f4e0a1f6000)]
  0x00007f4e4420a000 JavaThread "AWT-Shutdown" [_thread_blocked, id=16661, stack(0x00007f4e0a1f6000,0x00007f4e0a2f7000)]
  0x00007f4e44208000 JavaThread "AWT-XAWT" daemon [_thread_blocked, id=16659, stack(0x00007f4e0a2f7000,0x00007f4e0a3f8000)]
  0x00007f4e441df800 JavaThread "Java2D Disposer" daemon [_thread_blocked, id=16636, stack(0x00007f4e3003f000,0x00007f4e30140000)]
  0x00007f4e440ba000 JavaThread "Service Thread" daemon [_thread_blocked, id=16325, stack(0x00007f4e3177c000,0x00007f4e3187d000)]
  0x00007f4e440b5800 JavaThread "C1 CompilerThread1" daemon [_thread_blocked, id=16323, stack(0x00007f4e3187d000,0x00007f4e3197e000)]
=>0x00007f4e440b2800 JavaThread "C2 CompilerThread0" daemon [_thread_in_vm, id=16320, stack(0x00007f4e3197e000,0x00007f4e31a7f000)]
  0x00007f4e440b1000 JavaThread "Signal Dispatcher" daemon [_thread_blocked, id=16317, stack(0x00007f4e31a7f000,0x00007f4e31b80000)]
  0x00007f4e44078800 JavaThread "Finalizer" daemon [_thread_blocked, id=16257, stack(0x00007f4e31d09000,0x00007f4e31e0a000)]
  0x00007f4e44076800 JavaThread "Reference Handler" daemon [_thread_blocked, id=16255, stack(0x00007f4e31e0a000,0x00007f4e31f0b000)]

Other Threads:
  0x00007f4e44071800 VMThread [stack: 0x00007f4e31f0b000,0x00007f4e3200c000] [id=16248]
  0x00007f4e440bc800 WatcherThread [stack: 0x00007f4e3167b000,0x00007f4e3177c000] [id=16327]

VM state:synchronizing (normal execution)

VM Mutex/Monitor currently owned by a thread:  ([mutex/lock_event])
[0x00007f4e440053d0] CodeCache_lock - owner thread: 0x00007f4e440b2800
[0x00007f4e44006050] Threads_lock - owner thread: 0x00007f4e44071800

Heap:
 PSYoungGen      total 26112K, used 13215K [0x00000000e2b80000, 0x00000000e5e80000, 0x0000000100000000)
  eden space 22528K, 51% used [0x00000000e2b80000,0x00000000e36e7e80,0x00000000e4180000)
  from space 3584K, 42% used [0x00000000e4180000,0x00000000e4300000,0x00000000e4500000)
  to   space 3584K, 0% used [0x00000000e5b00000,0x00000000e5b00000,0x00000000e5e80000)
 ParOldGen       total 60416K, used 16K [0x00000000a8200000, 0x00000000abd00000, 0x00000000e2b80000)
  object space 60416K, 0% used [0x00000000a8200000,0x00000000a8204000,0x00000000abd00000)
 Metaspace       used 8886K, capacity 9158K, committed 9344K, reserved 1056768K
  class space    used 944K, capacity 1025K, committed 1152K, reserved 1048576K

Card table byte_map: [0x00007f4e49668000,0x00007f4e49928000] byte_map_base: 0x00007f4e49127000

Marking Bits: (ParMarkBitMap*) 0x00007f4e4b9cf580
 Begin Bits: [0x00007f4e32410000, 0x00007f4e33a08000)
 End Bits:   [0x00007f4e33a08000, 0x00007f4e35000000)

Polling page: 0x00007f4e4c714000

CodeCache: size=245760Kb used=3063Kb max_used=3063Kb free=242696Kb
 bounds [0x00007f4e35000000, 0x00007f4e35300000, 0x00007f4e44000000]
 total_blobs=1196 nmethods=753 adapters=357
 compilation: enabled

Compilation events (10 events):
Event: 728,980 Thread 0x00007f4e440b5800  757       3       java.util.Formatter::toString (12 bytes)
Event: 728,980 Thread 0x00007f4e440b5800 nmethod 757 0x00007f4e352fad10 code [0x00007f4e352faea0, 0x00007f4e352fb1d8]
Event: 728,980 Thread 0x00007f4e440b5800  758   !   3       java.nio.charset.CharsetEncoder::encode (285 bytes)
Event: 737,931 Thread 0x00007f4e440b5800 nmethod 758 0x00007f4e352fb310 code [0x00007f4e352fb5e0, 0x00007f4e352fcbd8]
Event: 737,939 Thread 0x00007f4e440b5800  759       3       sun.nio.cs.UTF_8$Encoder::encodeLoop (28 bytes)
Event: 737,947 Thread 0x00007f4e440b5800 nmethod 759 0x00007f4e352fd490 code [0x00007f4e352fd640, 0x00007f4e352fdb78]
Event: 737,947 Thread 0x00007f4e440b5800  760       3       java.io.OutputStreamWriter::flush (8 bytes)
Event: 737,959 Thread 0x00007f4e440b5800 nmethod 760 0x00007f4e352fdcd0 code [0x00007f4e352fdea0, 0x00007f4e352fe668]
Event: 737,959 Thread 0x00007f4e440b5800  761   !   3       sun.nio.cs.StreamEncoder::flush (26 bytes)
Event: 738,047 Thread 0x00007f4e440b5800 nmethod 761 0x00007f4e352feb50 code [0x00007f4e352fed20, 0x00007f4e352ff468]

GC Heap History (2 events):
Event: 441,435 GC heap before
{Heap before GC invocations=1 (full 0):
 PSYoungGen      total 26112K, used 22528K [0x00000000e2b80000, 0x00000000e4880000, 0x0000000100000000)
  eden space 22528K, 100% used [0x00000000e2b80000,0x00000000e4180000,0x00000000e4180000)
  from space 3584K, 0% used [0x00000000e4500000,0x00000000e4500000,0x00000000e4880000)
  to   space 3584K, 0% used [0x00000000e4180000,0x00000000e4180000,0x00000000e4500000)
 ParOldGen       total 60416K, used 0K [0x00000000a8200000, 0x00000000abd00000, 0x00000000e2b80000)
  object space 60416K, 0% used [0x00000000a8200000,0x00000000a8200000,0x00000000abd00000)
 Metaspace       used 8829K, capacity 9094K, committed 9344K, reserved 1056768K
  class space    used 944K, capacity 1025K, committed 1152K, reserved 1048576K
Event: 529,777 GC heap after
Heap after GC invocations=1 (full 0):
 PSYoungGen      total 26112K, used 1536K [0x00000000e2b80000, 0x00000000e5e80000, 0x0000000100000000)
  eden space 22528K, 0% used [0x00000000e2b80000,0x00000000e2b80000,0x00000000e4180000)
  from space 3584K, 42% used [0x00000000e4180000,0x00000000e4300000,0x00000000e4500000)
  to   space 3584K, 0% used [0x00000000e5b00000,0x00000000e5b00000,0x00000000e5e80000)
 ParOldGen       total 60416K, used 16K [0x00000000a8200000, 0x00000000abd00000, 0x00000000e2b80000)
  object space 60416K, 0% used [0x00000000a8200000,0x00000000a8204000,0x00000000abd00000)
 Metaspace       used 8829K, capacity 9094K, committed 9344K, reserved 1056768K
  class space    used 944K, capacity 1025K, committed 1152K, reserved 1048576K
}

Deoptimization events (1 events):
Event: 281,267 Thread 0x00007f4e4420c000 Uncommon trap: reason=unloaded action=reinterpret pc=0x00007f4e351cc2c4 method=cliente.SocketClient.escribir(Ljava/lang/String;)V @ 14

Internal exceptions (10 events):
Event: 737,959 Thread 0x00007f4e4420c000 Exception <a 'java/io/IOException'> (0x00000000e3668388) thrown at [/build/java8-openjdk/src/jdk8u-jdk8u40-b20/hotspot/src/share/vm/prims/jni.cpp, line 709]
Event: 737,959 Thread 0x00007f4e4420c000 Exception <a 'java/net/SocketException'> (0x00000000e36685c8) thrown at [/build/java8-openjdk/src/jdk8u-jdk8u40-b20/hotspot/src/share/vm/prims/jni.cpp, line 709]
Event: 738,025 Thread 0x00007f4e4420c000 Exception <a 'java/io/IOException'> (0x00000000e3679298) thrown at [/build/java8-openjdk/src/jdk8u-jdk8u40-b20/hotspot/src/share/vm/prims/jni.cpp, line 709]
Event: 738,025 Thread 0x00007f4e4420c000 Exception <a 'java/net/SocketException'> (0x00000000e36794d8) thrown at [/build/java8-openjdk/src/jdk8u-jdk8u40-b20/hotspot/src/share/vm/prims/jni.cpp, line 709]
Event: 738,114 Thread 0x00007f4e4420c000 Exception <a 'java/io/IOException'> (0x00000000e368b0d8) thrown at [/build/java8-openjdk/src/jdk8u-jdk8u40-b20/hotspot/src/share/vm/prims/jni.cpp, line 709]
Event: 738,148 Thread 0x00007f4e4420c000 Exception <a 'java/net/SocketException'> (0x00000000e368b318) thrown at [/build/java8-openjdk/src/jdk8u-jdk8u40-b20/hotspot/src/share/vm/prims/jni.cpp, line 709]
Event: 738,249 Thread 0x00007f4e4420c000 Exception <a 'java/io/IOException'> (0x00000000e369bfe8) thrown at [/build/java8-openjdk/src/jdk8u-jdk8u40-b20/hotspot/src/share/vm/prims/jni.cpp, line 709]
Event: 738,250 Thread 0x00007f4e4420c000 Exception <a 'java/net/SocketException'> (0x00000000e369c228) thrown at [/build/java8-openjdk/src/jdk8u-jdk8u40-b20/hotspot/src/share/vm/prims/jni.cpp, line 709]
Event: 738,326 Thread 0x00007f4e4420c000 Exception <a 'java/io/IOException'> (0x00000000e36acef8) thrown at [/build/java8-openjdk/src/jdk8u-jdk8u40-b20/hotspot/src/share/vm/prims/jni.cpp, line 709]
Event: 738,326 Thread 0x00007f4e4420c000 Exception <a 'java/net/SocketException'> (0x00000000e36ad138) thrown at [/build/java8-openjdk/src/jdk8u-jdk8u40-b20/hotspot/src/share/vm/prims/jni.cpp, line 709]

Events (10 events):
Event: 529,783 loading class sun/misc/Cleaner done
Event: 529,785 Thread 0x00007f4e440b2800 flushing nmethod 0x00007f4e35107b10
Event: 529,790 Executing VM operation: RevokeBias
Event: 533,875 Executing VM operation: RevokeBias done
Event: 533,900 Executing VM operation: RevokeBias
Event: 533,947 Executing VM operation: RevokeBias done
Event: 533,947 Executing VM operation: RevokeBias
Event: 533,947 Executing VM operation: RevokeBias done
Event: 533,947 Executing VM operation: RevokeBias
Event: 533,947 Executing VM operation: RevokeBias done


Dynamic libraries:
00400000-00401000 r-xp 00000000 08:07 428440                             /usr/lib/jvm/java-8-openjdk/jre/bin/java
00600000-00601000 rw-p 00000000 08:07 428440                             /usr/lib/jvm/java-8-openjdk/jre/bin/java
01202000-01223000 rw-p 00000000 00:00 0                                  [heap]
a8200000-abd00000 rw-p 00000000 00:00 0 
abd00000-e2b80000 ---p 00000000 00:00 0 
e2b80000-e5e80000 rw-p 00000000 00:00 0 
e5e80000-100000000 ---p 00000000 00:00 0 
100000000-100120000 rw-p 00000000 00:00 0 
100120000-140000000 ---p 00000000 00:00 0 
7f4df0000000-7f4df00b8000 rw-p 00000000 00:00 0 
7f4df00b8000-7f4df4000000 ---p 00000000 00:00 0 
7f4df8000000-7f4df8021000 rw-p 00000000 00:00 0 
7f4df8021000-7f4dfc000000 ---p 00000000 00:00 0 
7f4dfc000000-7f4dfc021000 rw-p 00000000 00:00 0 
7f4dfc021000-7f4e00000000 ---p 00000000 00:00 0 
7f4e00000000-7f4e00021000 rw-p 00000000 00:00 0 
7f4e00021000-7f4e04000000 ---p 00000000 00:00 0 
7f4e04000000-7f4e04021000 rw-p 00000000 00:00 0 
7f4e04021000-7f4e08000000 ---p 00000000 00:00 0 
7f4e09eae000-7f4e09eb9000 r--s 00116000 08:07 428369                     /usr/lib/jvm/java-8-openjdk/jre/lib/ext/localedata.jar
7f4e09ebb000-7f4e09ed7000 r--s 00393000 08:07 428370                     /usr/lib/jvm/java-8-openjdk/jre/lib/ext/cldrdata.jar
7f4e09ed8000-7f4e09eee000 r-xp 00000000 08:07 428410                     /usr/lib/jvm/java-8-openjdk/jre/lib/amd64/libnet.so
7f4e09eee000-7f4e0a0ee000 ---p 00016000 08:07 428410                     /usr/lib/jvm/java-8-openjdk/jre/lib/amd64/libnet.so
7f4e0a0ee000-7f4e0a0ef000 rw-p 00016000 08:07 428410                     /usr/lib/jvm/java-8-openjdk/jre/lib/amd64/libnet.so
7f4e0a0f5000-7f4e0a0f8000 ---p 00000000 00:00 0 
7f4e0a0f8000-7f4e0a1f6000 rw-p 00000000 00:00 0                          [stack:16664]
7f4e0a1f6000-7f4e0a1f9000 ---p 00000000 00:00 0 
7f4e0a1f9000-7f4e0a2f7000 rw-p 00000000 00:00 0                          [stack:16661]
7f4e0a2f7000-7f4e0a2fa000 ---p 00000000 00:00 0 
7f4e0a2fa000-7f4e0a3f8000 rw-p 00000000 00:00 0                          [stack:16659]
7f4e0a3f8000-7f4e0a3fd000 r-xp 00000000 08:07 159396                     /usr/lib/libXfixes.so.3.1.0
7f4e0a3fd000-7f4e0a5fc000 ---p 00005000 08:07 159396                     /usr/lib/libXfixes.so.3.1.0
7f4e0a5fc000-7f4e0a5fd000 r--p 00004000 08:07 159396                     /usr/lib/libXfixes.so.3.1.0
7f4e0a5fd000-7f4e0a5fe000 rw-p 00005000 08:07 159396                     /usr/lib/libXfixes.so.3.1.0
7f4e0a600000-7f4e0a60a000 r-xp 00000000 08:07 160813                     /usr/lib/libXcursor.so.1.0.2
7f4e0a60a000-7f4e0a809000 ---p 0000a000 08:07 160813                     /usr/lib/libXcursor.so.1.0.2
7f4e0a809000-7f4e0a80a000 r--p 00009000 08:07 160813                     /usr/lib/libXcursor.so.1.0.2
7f4e0a80a000-7f4e0a80b000 rw-p 0000a000 08:07 160813                     /usr/lib/libXcursor.so.1.0.2
7f4e0a80f000-7f4e0a840000 rw-p 00000000 00:00 0 
7f4e0a840000-7f4e0a859000 r--s 00000000 08:07 669984                     /var/cache/fontconfig/8d4af663993b81a124ee82e610bb31f9-le64.cache-4
7f4e0a860000-7f4e0a8ce000 r-xp 00000000 08:07 141965                     /usr/lib/libpcre.so.1.2.4
7f4e0a8ce000-7f4e0aacd000 ---p 0006e000 08:07 141965                     /usr/lib/libpcre.so.1.2.4
7f4e0aacd000-7f4e0aace000 r--p 0006d000 08:07 141965                     /usr/lib/libpcre.so.1.2.4
7f4e0aace000-7f4e0aacf000 rw-p 0006e000 08:07 141965                     /usr/lib/libpcre.so.1.2.4
7f4e0aad0000-7f4e0aaec000 r-xp 00000000 08:07 159932                     /usr/lib/libgraphite2.so.3.0.1
7f4e0aaec000-7f4e0aceb000 ---p 0001c000 08:07 159932                     /usr/lib/libgraphite2.so.3.0.1
7f4e0aceb000-7f4e0aced000 r--p 0001b000 08:07 159932                     /usr/lib/libgraphite2.so.3.0.1
7f4e0aced000-7f4e0acee000 rw-p 0001d000 08:07 159932                     /usr/lib/libgraphite2.so.3.0.1
7f4e0acf0000-7f4e0adfc000 r-xp 00000000 08:07 186737                     /usr/lib/libglib-2.0.so.0.4200.2
7f4e0adfc000-7f4e0affb000 ---p 0010c000 08:07 186737                     /usr/lib/libglib-2.0.so.0.4200.2
7f4e0affb000-7f4e0affc000 r--p 0010b000 08:07 186737                     /usr/lib/libglib-2.0.so.0.4200.2
7f4e0affc000-7f4e0affd000 rw-p 0010c000 08:07 186737                     /usr/lib/libglib-2.0.so.0.4200.2
7f4e0affd000-7f4e0affe000 rw-p 00000000 00:00 0 
7f4e0b000000-7f4e0b05a000 r-xp 00000000 08:07 159941                     /usr/lib/libharfbuzz.so.0.940.0
7f4e0b05a000-7f4e0b259000 ---p 0005a000 08:07 159941                     /usr/lib/libharfbuzz.so.0.940.0
7f4e0b259000-7f4e0b25c000 r--p 00059000 08:07 159941                     /usr/lib/libharfbuzz.so.0.940.0
7f4e0b25c000-7f4e0b25d000 rw-p 0005c000 08:07 159941                     /usr/lib/libharfbuzz.so.0.940.0
7f4e0b260000-7f4e0b295000 r-xp 00000000 08:07 159517                     /usr/lib/libpng16.so.16.16.0
7f4e0b295000-7f4e0b494000 ---p 00035000 08:07 159517                     /usr/lib/libpng16.so.16.16.0
7f4e0b494000-7f4e0b495000 r--p 00034000 08:07 159517                     /usr/lib/libpng16.so.16.16.0
7f4e0b495000-7f4e0b496000 rw-p 00035000 08:07 159517                     /usr/lib/libpng16.so.16.16.0
7f4e0b498000-7f4e0b4a7000 r-xp 00000000 08:07 136853                     /usr/lib/libbz2.so.1.0.6
7f4e0b4a7000-7f4e0b6a6000 ---p 0000f000 08:07 136853                     /usr/lib/libbz2.so.1.0.6
7f4e0b6a6000-7f4e0b6a8000 rw-p 0000e000 08:07 136853                     /usr/lib/libbz2.so.1.0.6
7f4e0b6a8000-7f4e0b6be000 r-xp 00000000 08:07 134103                     /usr/lib/libgcc_s.so.1
7f4e0b6be000-7f4e0b8bd000 ---p 00016000 08:07 134103                     /usr/lib/libgcc_s.so.1
7f4e0b8bd000-7f4e0b8be000 rw-p 00015000 08:07 134103                     /usr/lib/libgcc_s.so.1
7f4e0b8c0000-7f4e0b976000 r-xp 00000000 08:07 159955                     /usr/lib/libfreetype.so.6.11.4
7f4e0b976000-7f4e0bb76000 ---p 000b6000 08:07 159955                     /usr/lib/libfreetype.so.6.11.4
7f4e0bb76000-7f4e0bb7c000 r--p 000b6000 08:07 159955                     /usr/lib/libfreetype.so.6.11.4
7f4e0bb7c000-7f4e0bb7d000 rw-p 000bc000 08:07 159955                     /usr/lib/libfreetype.so.6.11.4
7f4e0bb80000-7f4e0bbe1000 r-xp 00000000 08:07 428427                     /usr/lib/jvm/java-8-openjdk/jre/lib/amd64/libfontmanager.so
7f4e0bbe1000-7f4e0bde0000 ---p 00061000 08:07 428427                     /usr/lib/jvm/java-8-openjdk/jre/lib/amd64/libfontmanager.so
7f4e0bde0000-7f4e0bde4000 rw-p 00060000 08:07 428427                     /usr/lib/jvm/java-8-openjdk/jre/lib/amd64/libfontmanager.so
7f4e0bde4000-7f4e0bdf7000 rw-p 00000000 00:00 0 
7f4e0bdf8000-7f4e0bdfd000 r-xp 00000000 08:07 156005                     /usr/lib/libXdmcp.so.6.0.0
7f4e0bdfd000-7f4e0bffc000 ---p 00005000 08:07 156005                     /usr/lib/libXdmcp.so.6.0.0
7f4e0bffc000-7f4e0bffd000 r--p 00004000 08:07 156005                     /usr/lib/libXdmcp.so.6.0.0
7f4e0bffd000-7f4e0bffe000 rw-p 00005000 08:07 156005                     /usr/lib/libXdmcp.so.6.0.0
7f4e0c000000-7f4e0c39a000 rw-p 00000000 00:00 0 
7f4e0c39a000-7f4e10000000 ---p 00000000 00:00 0 
7f4e10000000-7f4e10021000 rw-p 00000000 00:00 0 
7f4e10021000-7f4e14000000 ---p 00000000 00:00 0 
7f4e14000000-7f4e14021000 rw-p 00000000 00:00 0 
7f4e14021000-7f4e18000000 ---p 00000000 00:00 0 
7f4e18000000-7f4e182fb000 rw-p 00000000 00:00 0 
7f4e182fb000-7f4e1c000000 ---p 00000000 00:00 0 
7f4e1c000000-7f4e1c021000 rw-p 00000000 00:00 0 
7f4e1c021000-7f4e20000000 ---p 00000000 00:00 0 
7f4e20000000-7f4e20021000 rw-p 00000000 00:00 0 
7f4e20021000-7f4e24000000 ---p 00000000 00:00 0 
7f4e24000000-7f4e24021000 rw-p 00000000 00:00 0 
7f4e24021000-7f4e28000000 ---p 00000000 00:00 0 
7f4e28000000-7f4e28021000 rw-p 00000000 00:00 0 
7f4e28021000-7f4e2c000000 ---p 00000000 00:00 0 
7f4e2c000000-7f4e2c021000 rw-p 00000000 00:00 0 
7f4e2c021000-7f4e30000000 ---p 00000000 00:00 0 
7f4e30010000-7f4e3001f000 r--s 00000000 08:07 658776                     /var/cache/fontconfig/5a02e0a9ca9b27d0aa4bd0c42ba2438d-le64.cache-4
7f4e30020000-7f4e3002a000 r--s 00000000 08:07 655257                     /var/cache/fontconfig/d62e99ef547d1d24cdb1bd22ec1a2976-le64.cache-4
7f4e30030000-7f4e3003d000 r--s 00000000 08:07 675069                     /var/cache/fontconfig/f6b893a7224233d96cb72fd88691c0b4-le64.cache-4
7f4e3003f000-7f4e30042000 ---p 00000000 00:00 0 
7f4e30042000-7f4e30140000 rw-p 00000000 00:00 0                          [stack:16636]
7f4e30140000-7f4e30142000 r-xp 00000000 08:07 156010                     /usr/lib/libXau.so.6.0.0
7f4e30142000-7f4e30342000 ---p 00002000 08:07 156010                     /usr/lib/libXau.so.6.0.0
7f4e30342000-7f4e30343000 r--p 00002000 08:07 156010                     /usr/lib/libXau.so.6.0.0
7f4e30343000-7f4e30344000 rw-p 00003000 08:07 156010                     /usr/lib/libXau.so.6.0.0
7f4e30348000-7f4e30369000 r-xp 00000000 08:07 158332                     /usr/lib/libxcb.so.1.1.0
7f4e30369000-7f4e30568000 ---p 00021000 08:07 158332                     /usr/lib/libxcb.so.1.1.0
7f4e30568000-7f4e30569000 r--p 00020000 08:07 158332                     /usr/lib/libxcb.so.1.1.0
7f4e30569000-7f4e3056a000 rw-p 00021000 08:07 158332                     /usr/lib/libxcb.so.1.1.0
7f4e30570000-7f4e3057f000 r-xp 00000000 08:07 159390                     /usr/lib/libXi.so.6.1.0
7f4e3057f000-7f4e3077f000 ---p 0000f000 08:07 159390                     /usr/lib/libXi.so.6.1.0
7f4e3077f000-7f4e30780000 r--p 0000f000 08:07 159390                     /usr/lib/libXi.so.6.1.0
7f4e30780000-7f4e30781000 rw-p 00010000 08:07 159390                     /usr/lib/libXi.so.6.1.0
7f4e30788000-7f4e3078d000 r-xp 00000000 08:07 159412                     /usr/lib/libXtst.so.6.1.0
7f4e3078d000-7f4e3098c000 ---p 00005000 08:07 159412                     /usr/lib/libXtst.so.6.1.0
7f4e3098c000-7f4e3098d000 r--p 00004000 08:07 159412                     /usr/lib/libXtst.so.6.1.0
7f4e3098d000-7f4e3098e000 rw-p 00005000 08:07 159412                     /usr/lib/libXtst.so.6.1.0
7f4e30990000-7f4e30999000 r-xp 00000000 08:07 159929                     /usr/lib/libXrender.so.1.3.0
7f4e30999000-7f4e30b98000 ---p 00009000 08:07 159929                     /usr/lib/libXrender.so.1.3.0
7f4e30b98000-7f4e30b99000 r--p 00008000 08:07 159929                     /usr/lib/libXrender.so.1.3.0
7f4e30b99000-7f4e30b9a000 rw-p 00009000 08:07 159929                     /usr/lib/libXrender.so.1.3.0
7f4e30ba0000-7f4e30cdb000 r-xp 00000000 08:07 158413                     /usr/lib/libX11.so.6.3.0
7f4e30cdb000-7f4e30eda000 ---p 0013b000 08:07 158413                     /usr/lib/libX11.so.6.3.0
7f4e30eda000-7f4e30edc000 r--p 0013a000 08:07 158413                     /usr/lib/libX11.so.6.3.0
7f4e30edc000-7f4e30ee1000 rw-p 0013c000 08:07 158413                     /usr/lib/libX11.so.6.3.0
7f4e30ee1000-7f4e30ee2000 rw-p 00000000 00:00 0 
7f4e30ee8000-7f4e30ef9000 r-xp 00000000 08:07 159311                     /usr/lib/libXext.so.6.4.0
7f4e30ef9000-7f4e310f8000 ---p 00011000 08:07 159311                     /usr/lib/libXext.so.6.4.0
7f4e310f8000-7f4e310f9000 r--p 00010000 08:07 159311                     /usr/lib/libXext.so.6.4.0
7f4e310f9000-7f4e310fa000 rw-p 00011000 08:07 159311                     /usr/lib/libXext.so.6.4.0
7f4e31100000-7f4e31102000 r--s 00000000 08:07 669321                     /var/cache/fontconfig/452f1fac34b224105d7acfae3034bcd5-le64.cache-4
7f4e31108000-7f4e31111000 r--s 00000000 08:07 669908                     /var/cache/fontconfig/f349e9996a5320f6dd491cedd2b1f964-le64.cache-4
7f4e31115000-7f4e31128000 r--s 00345000 08:07 428351                     /usr/lib/jvm/java-8-openjdk/jre/lib/resources.jar
7f4e31128000-7f4e3114e000 r--p 00000000 08:07 133714                     /usr/share/locale/es/LC_MESSAGES/libc.mo
7f4e31150000-7f4e311a3000 r-xp 00000000 08:07 428425                     /usr/lib/jvm/java-8-openjdk/jre/lib/amd64/libawt_xawt.so
7f4e311a3000-7f4e313a2000 ---p 00053000 08:07 428425                     /usr/lib/jvm/java-8-openjdk/jre/lib/amd64/libawt_xawt.so
7f4e313a2000-7f4e313a6000 rw-p 00052000 08:07 428425                     /usr/lib/jvm/java-8-openjdk/jre/lib/amd64/libawt_xawt.so
7f4e313a6000-7f4e313a7000 rw-p 00000000 00:00 0 
7f4e313a8000-7f4e31448000 r-xp 00000000 08:07 428422                     /usr/lib/jvm/java-8-openjdk/jre/lib/amd64/libawt.so
7f4e31448000-7f4e31648000 ---p 000a0000 08:07 428422                     /usr/lib/jvm/java-8-openjdk/jre/lib/amd64/libawt.so
7f4e31648000-7f4e31654000 rw-p 000a0000 08:07 428422                     /usr/lib/jvm/java-8-openjdk/jre/lib/amd64/libawt.so
7f4e31654000-7f4e31678000 rw-p 00000000 00:00 0 
7f4e3167b000-7f4e3167c000 ---p 00000000 00:00 0 
7f4e3167c000-7f4e3177c000 rw-p 00000000 00:00 0                          [stack:16327]
7f4e3177c000-7f4e3177f000 ---p 00000000 00:00 0 
7f4e3177f000-7f4e3187d000 rw-p 00000000 00:00 0                          [stack:16325]
7f4e3187d000-7f4e31880000 ---p 00000000 00:00 0 
7f4e31880000-7f4e3197e000 rw-p 00000000 00:00 0                          [stack:16323]
7f4e3197e000-7f4e31981000 ---p 00000000 00:00 0 
7f4e31981000-7f4e31a7f000 rw-p 00000000 00:00 0                          [stack:16320]
7f4e31a7f000-7f4e31a82000 ---p 00000000 00:00 0 
7f4e31a82000-7f4e31b80000 rw-p 00000000 00:00 0                          [stack:16317]
7f4e31b80000-7f4e31d09000 r--p 00000000 08:07 159448                     /usr/lib/locale/locale-archive
7f4e31d09000-7f4e31d0c000 ---p 00000000 00:00 0 
7f4e31d0c000-7f4e31e0a000 rw-p 00000000 00:00 0                          [stack:16257]
7f4e31e0a000-7f4e31e0d000 ---p 00000000 00:00 0 
7f4e31e0d000-7f4e31f0b000 rw-p 00000000 00:00 0                          [stack:16255]
7f4e31f0b000-7f4e31f0c000 ---p 00000000 00:00 0 
7f4e31f0c000-7f4e35000000 rw-p 00000000 00:00 0                          [stack:16248]
7f4e35000000-7f4e35300000 rwxp 00000000 00:00 0 
7f4e35310000-7f4e44000000 ---p 00000000 00:00 0 
7f4e44000000-7f4e4420e000 rw-p 00000000 00:00 0 
7f4e4420e000-7f4e48000000 ---p 00000000 00:00 0 
7f4e48000000-7f4e48001000 r--s 00000000 08:07 655184                     /var/cache/fontconfig/6ba42ae0000f58711b5caaf10d690066-le64.cache-4
7f4e48008000-7f4e4800d000 r--s 002f8000 08:07 428349                     /usr/lib/jvm/java-8-openjdk/jre/lib/charsets.jar
7f4e48014000-7f4e4801b000 r--s 00094000 08:07 565039                     /usr/share/netbeans/java/modules/ext/beansbinding-1.2.1.jar
7f4e48020000-7f4e48021000 r--s 00000000 08:07 565038                     /usr/share/netbeans/java/modules/ext/AbsoluteLayout.jar
7f4e48022000-7f4e4858a000 rw-p 00000000 00:00 0 
7f4e4858a000-7f4e48758000 r--s 03bd2000 08:07 428353                     /usr/lib/jvm/java-8-openjdk/jre/lib/rt.jar
7f4e4875c000-7f4e49291000 rw-p 00000000 00:00 0 
7f4e49291000-7f4e49292000 ---p 00000000 00:00 0 
7f4e49292000-7f4e49392000 rw-p 00000000 00:00 0                          [stack:16232]
7f4e49392000-7f4e49393000 ---p 00000000 00:00 0 
7f4e49393000-7f4e494b1000 rw-p 00000000 00:00 0                          [stack:16228]
7f4e494b1000-7f4e49668000 ---p 00000000 00:00 0 
7f4e49668000-7f4e49686000 rw-p 00000000 00:00 0 
7f4e49686000-7f4e4983c000 ---p 00000000 00:00 0 
7f4e4983c000-7f4e49857000 rw-p 00000000 00:00 0 
7f4e49857000-7f4e49927000 ---p 00000000 00:00 0 
7f4e49927000-7f4e49934000 rw-p 00000000 00:00 0 
7f4e49934000-7f4e49ce8000 ---p 00000000 00:00 0 
7f4e49ce8000-7f4e49cf0000 r-xp 00000000 08:07 428408                     /usr/lib/jvm/java-8-openjdk/jre/lib/amd64/libzip.so
7f4e49cf0000-7f4e49eef000 ---p 00008000 08:07 428408                     /usr/lib/jvm/java-8-openjdk/jre/lib/amd64/libzip.so
7f4e49eef000-7f4e49ef0000 rw-p 00007000 08:07 428408                     /usr/lib/jvm/java-8-openjdk/jre/lib/amd64/libzip.so
7f4e49ef0000-7f4e49efb000 r-xp 00000000 08:07 133754                     /usr/lib/libnss_files-2.21.so
7f4e49efb000-7f4e4a0fb000 ---p 0000b000 08:07 133754                     /usr/lib/libnss_files-2.21.so
7f4e4a0fb000-7f4e4a0fc000 r--p 0000b000 08:07 133754                     /usr/lib/libnss_files-2.21.so
7f4e4a0fc000-7f4e4a0fd000 rw-p 0000c000 08:07 133754                     /usr/lib/libnss_files-2.21.so
7f4e4a100000-7f4e4a12d000 r-xp 00000000 08:07 428407                     /usr/lib/jvm/java-8-openjdk/jre/lib/amd64/libjava.so
7f4e4a12d000-7f4e4a32d000 ---p 0002d000 08:07 428407                     /usr/lib/jvm/java-8-openjdk/jre/lib/amd64/libjava.so
7f4e4a32d000-7f4e4a32f000 rw-p 0002d000 08:07 428407                     /usr/lib/jvm/java-8-openjdk/jre/lib/amd64/libjava.so
7f4e4a330000-7f4e4a33d000 r-xp 00000000 08:07 428399                     /usr/lib/jvm/java-8-openjdk/jre/lib/amd64/libverify.so
7f4e4a33d000-7f4e4a53c000 ---p 0000d000 08:07 428399                     /usr/lib/jvm/java-8-openjdk/jre/lib/amd64/libverify.so
7f4e4a53c000-7f4e4a53e000 rw-p 0000c000 08:07 428399                     /usr/lib/jvm/java-8-openjdk/jre/lib/amd64/libverify.so
7f4e4a540000-7f4e4a547000 r-xp 00000000 08:07 133786                     /usr/lib/librt-2.21.so
7f4e4a547000-7f4e4a746000 ---p 00007000 08:07 133786                     /usr/lib/librt-2.21.so
7f4e4a746000-7f4e4a747000 r--p 00006000 08:07 133786                     /usr/lib/librt-2.21.so
7f4e4a747000-7f4e4a748000 rw-p 00007000 08:07 133786                     /usr/lib/librt-2.21.so
7f4e4a748000-7f4e4a84b000 r-xp 00000000 08:07 133813                     /usr/lib/libm-2.21.so
7f4e4a84b000-7f4e4aa4b000 ---p 00103000 08:07 133813                     /usr/lib/libm-2.21.so
7f4e4aa4b000-7f4e4aa4c000 r--p 00103000 08:07 133813                     /usr/lib/libm-2.21.so
7f4e4aa4c000-7f4e4aa4d000 rw-p 00104000 08:07 133813                     /usr/lib/libm-2.21.so
7f4e4aa50000-7f4e4b6ef000 r-xp 00000000 08:07 428431                     /usr/lib/jvm/java-8-openjdk/jre/lib/amd64/server/libjvm.so
7f4e4b6ef000-7f4e4b8ef000 ---p 00c9f000 08:07 428431                     /usr/lib/jvm/java-8-openjdk/jre/lib/amd64/server/libjvm.so
7f4e4b8ef000-7f4e4b9bb000 rw-p 00c9f000 08:07 428431                     /usr/lib/jvm/java-8-openjdk/jre/lib/amd64/server/libjvm.so
7f4e4b9bb000-7f4e4b9fc000 rw-p 00000000 00:00 0 
7f4e4ba00000-7f4e4bb99000 r-xp 00000000 08:07 133765                     /usr/lib/libc-2.21.so
7f4e4bb99000-7f4e4bd99000 ---p 00199000 08:07 133765                     /usr/lib/libc-2.21.so
7f4e4bd99000-7f4e4bd9d000 r--p 00199000 08:07 133765                     /usr/lib/libc-2.21.so
7f4e4bd9d000-7f4e4bd9f000 rw-p 0019d000 08:07 133765                     /usr/lib/libc-2.21.so
7f4e4bd9f000-7f4e4bda3000 rw-p 00000000 00:00 0 
7f4e4bda8000-7f4e4bdaa000 r-xp 00000000 08:07 133795                     /usr/lib/libdl-2.21.so
7f4e4bdaa000-7f4e4bfaa000 ---p 00002000 08:07 133795                     /usr/lib/libdl-2.21.so
7f4e4bfaa000-7f4e4bfab000 r--p 00002000 08:07 133795                     /usr/lib/libdl-2.21.so
7f4e4bfab000-7f4e4bfac000 rw-p 00003000 08:07 133795                     /usr/lib/libdl-2.21.so
7f4e4bfb0000-7f4e4bfbd000 r-xp 00000000 08:07 428428                     /usr/lib/jvm/java-8-openjdk/jre/lib/amd64/jli/libjli.so
7f4e4bfbd000-7f4e4c1bd000 ---p 0000d000 08:07 428428                     /usr/lib/jvm/java-8-openjdk/jre/lib/amd64/jli/libjli.so
7f4e4c1bd000-7f4e4c1be000 rw-p 0000d000 08:07 428428                     /usr/lib/jvm/java-8-openjdk/jre/lib/amd64/jli/libjli.so
7f4e4c1c0000-7f4e4c1d5000 r-xp 00000000 08:07 136861                     /usr/lib/libz.so.1.2.8
7f4e4c1d5000-7f4e4c3d4000 ---p 00015000 08:07 136861                     /usr/lib/libz.so.1.2.8
7f4e4c3d4000-7f4e4c3d5000 r--p 00014000 08:07 136861                     /usr/lib/libz.so.1.2.8
7f4e4c3d5000-7f4e4c3d6000 rw-p 00015000 08:07 136861                     /usr/lib/libz.so.1.2.8
7f4e4c3d8000-7f4e4c3f0000 r-xp 00000000 08:07 133785                     /usr/lib/libpthread-2.21.so
7f4e4c3f0000-7f4e4c5ef000 ---p 00018000 08:07 133785                     /usr/lib/libpthread-2.21.so
7f4e4c5ef000-7f4e4c5f0000 r--p 00017000 08:07 133785                     /usr/lib/libpthread-2.21.so
7f4e4c5f0000-7f4e4c5f1000 rw-p 00018000 08:07 133785                     /usr/lib/libpthread-2.21.so
7f4e4c5f1000-7f4e4c5f5000 rw-p 00000000 00:00 0 
7f4e4c5f8000-7f4e4c61a000 r-xp 00000000 08:07 133809                     /usr/lib/ld-2.21.so
7f4e4c61c000-7f4e4c708000 rw-p 00000000 00:00 0 
7f4e4c708000-7f4e4c710000 rw-s 00000000 00:1f 3767035                    /tmp/hsperfdata_maximiliano/16220
7f4e4c711000-7f4e4c714000 rw-p 00000000 00:00 0 
7f4e4c714000-7f4e4c715000 ---p 00000000 00:00 0 
7f4e4c715000-7f4e4c718000 ---p 00000000 00:00 0 
7f4e4c718000-7f4e4c819000 rw-p 00000000 00:00 0                          [stack:16225]
7f4e4c819000-7f4e4c81a000 r--p 00021000 08:07 133809                     /usr/lib/ld-2.21.so
7f4e4c81a000-7f4e4c81b000 rw-p 00022000 08:07 133809                     /usr/lib/ld-2.21.so
7f4e4c81b000-7f4e4c81d000 rw-p 00000000 00:00 0 
7f4e4c81d000-7f4e4c81e000 rw-p 00000000 00:00 0 
7fff63dac000-7fff63dcd000 rw-p 00000000 00:00 0                          [stack]
7fff63df0000-7fff63df2000 r--p 00000000 00:00 0                          [vvar]
7fff63df2000-7fff63df4000 r-xp 00000000 00:00 0                          [vdso]
ffffffffff600000-ffffffffff601000 r-xp 00000000 00:00 0                  [vsyscall]

VM Arguments:
jvm_args: -Dfile.encoding=UTF-8 
java_command: cliente.Cliente
java_class_path (initial): /usr/share/netbeans/java/modules/ext/AbsoluteLayout.jar:/usr/share/netbeans/java/modules/ext/beansbinding-1.2.1.jar:/home/maximiliano/NetBeansProjects/socket/build/classes
Launcher Type: SUN_STANDARD

Environment Variables:
PATH=/usr/local/sbin:/usr/local/bin:/usr/bin:/usr/lib/jvm/default/bin:/usr/bin/site_perl:/usr/bin/vendor_perl:/usr/bin/core_perl
LD_LIBRARY_PATH=/usr/lib/jvm/default/bin/../jre/lib/amd64:/usr/lib/jvm/default/bin/../jre/lib/i386:
SHELL=/bin/bash
DISPLAY=:0

Signal Handlers:
SIGSEGV: [libjvm.so+0xa8f160], sa_mask[0]=11111111011111111101111111111110, sa_flags=SA_RESTART|SA_SIGINFO
SIGBUS: [libjvm.so+0xa8f160], sa_mask[0]=11111111011111111101111111111110, sa_flags=SA_RESTART|SA_SIGINFO
SIGFPE: [libjvm.so+0x8daa30], sa_mask[0]=11111111011111111101111111111110, sa_flags=SA_RESTART|SA_SIGINFO
SIGPIPE: [libjvm.so+0x8daa30], sa_mask[0]=11111111011111111101111111111110, sa_flags=SA_RESTART|SA_SIGINFO
SIGXFSZ: [libjvm.so+0x8daa30], sa_mask[0]=11111111011111111101111111111110, sa_flags=SA_RESTART|SA_SIGINFO
SIGILL: [libjvm.so+0x8daa30], sa_mask[0]=11111111011111111101111111111110, sa_flags=SA_RESTART|SA_SIGINFO
SIGUSR1: SIG_DFL, sa_mask[0]=00000000000000000000000000000000, sa_flags=none
SIGUSR2: [libjvm.so+0x8da8e0], sa_mask[0]=00100000000000000000000000000000, sa_flags=SA_RESTART|SA_SIGINFO
SIGHUP: [libjvm.so+0x8dab00], sa_mask[0]=11111111011111111101111111111110, sa_flags=SA_RESTART|SA_SIGINFO
SIGINT: SIG_IGN, sa_mask[0]=00000000000000000000000000000000, sa_flags=none
SIGTERM: [libjvm.so+0x8dab00], sa_mask[0]=11111111011111111101111111111110, sa_flags=SA_RESTART|SA_SIGINFO
SIGQUIT: [libjvm.so+0x8dab00], sa_mask[0]=11111111011111111101111111111110, sa_flags=SA_RESTART|SA_SIGINFO


---------------  S Y S T E M  ---------------

OS:NAME="Arch Linux"
ID=arch
PRETTY_NAME="Arch Linux"
ANSI_COLOR="0;36"
HOME_URL="https://www.archlinux.org/"
SUPPORT_URL="https://bbs.archlinux.org/"
BUG_REPORT_URL="https://bugs.archlinux.org/"


uname:Linux 3.19.2-1-ARCH #1 SMP PREEMPT Wed Mar 18 16:21:02 CET 2015 x86_64
libc:glibc 2.21 NPTL 2.21 
rlimit: STACK 8192k, CORE 0k, NPROC 22460, NOFILE 4096, AS infinity
load average:229,75 181,44 92,39

/proc/meminfo:
MemTotal:        5755352 kB
MemFree:           95824 kB
MemAvailable:      53828 kB
Buffers:            1332 kB
Cached:            70860 kB
SwapCached:        14084 kB
Active:          4269424 kB
Inactive:        1087820 kB
Active(anon):    4238380 kB
Inactive(anon):  1060040 kB
Active(file):      31044 kB
Inactive(file):    27780 kB
Unevictable:          32 kB
Mlocked:              32 kB
SwapTotal:       1048572 kB
SwapFree:          48880 kB
Dirty:                 0 kB
Writeback:          1888 kB
AnonPages:       5283228 kB
Mapped:            51708 kB
Shmem:             13252 kB
Slab:             106568 kB
SReclaimable:      26108 kB
SUnreclaim:        80460 kB
KernelStack:       27440 kB
PageTables:        75348 kB
NFS_Unstable:          0 kB
Bounce:                0 kB
WritebackTmp:          0 kB
CommitLimit:     3926248 kB
Committed_AS:   20341876 kB
VmallocTotal:   34359738367 kB
VmallocUsed:      308068 kB
VmallocChunk:   34359426940 kB
HardwareCorrupted:     0 kB
AnonHugePages:   1531904 kB
HugePages_Total:       0
HugePages_Free:        0
HugePages_Rsvd:        0
HugePages_Surp:        0
Hugepagesize:       2048 kB
DirectMap4k:      689540 kB
DirectMap2M:     5302272 kB
DirectMap1G:           0 kB


CPU:total 2 (2 cores per cpu, 1 threads per core) family 21 model 16 stepping 1, cmov, cx8, fxsr, mmx, sse, sse2, sse3, ssse3, sse4.1, sse4.2, popcnt, avx, aes, clmul, mmxext, 3dnowpref, lzcnt, sse4a, tsc, tscinvbit, tscinv, bmi1

/proc/cpuinfo:
processor	: 0
vendor_id	: AuthenticAMD
cpu family	: 21
model		: 16
model name	: AMD A6-4455M APU with Radeon(tm) HD Graphics
stepping	: 1
microcode	: 0x6001119
cpu MHz		: 2100.000
cache size	: 2048 KB
physical id	: 0
siblings	: 2
core id		: 0
cpu cores	: 1
apicid		: 16
initial apicid	: 0
fpu		: yes
fpu_exception	: yes
cpuid level	: 13
wp		: yes
flags		: fpu vme de pse tsc msr pae mce cx8 apic sep mtrr pge mca cmov pat pse36 clflush mmx fxsr sse sse2 ht syscall nx mmxext fxsr_opt pdpe1gb rdtscp lm constant_tsc rep_good nopl nonstop_tsc extd_apicid aperfmperf pni pclmulqdq monitor ssse3 fma cx16 sse4_1 sse4_2 popcnt aes xsave avx f16c lahf_lm cmp_legacy svm extapic cr8_legacy abm sse4a misalignsse 3dnowprefetch osvw ibs xop skinit wdt lwp fma4 tce nodeid_msr tbm topoext perfctr_core perfctr_nb arat cpb hw_pstate npt lbrv svm_lock nrip_save tsc_scale vmcb_clean flushbyasid decodeassists pausefilter pfthreshold vmmcall bmi1
bugs		: fxsave_leak
bogomips	: 4194.02
TLB size	: 1536 4K pages
clflush size	: 64
cache_alignment	: 64
address sizes	: 48 bits physical, 48 bits virtual
power management: ts ttp tm 100mhzsteps hwpstate cpb eff_freq_ro

processor	: 1
vendor_id	: AuthenticAMD
cpu family	: 21
model		: 16
model name	: AMD A6-4455M APU with Radeon(tm) HD Graphics   
stepping	: 1
microcode	: 0x6001119
cpu MHz		: 2100.000
cache size	: 2048 KB
physical id	: 0
siblings	: 2
core id		: 1
cpu cores	: 1
apicid		: 17
initial apicid	: 1
fpu		: yes
fpu_exception	: yes
cpuid level	: 13
wp		: yes
flags		: fpu vme de pse tsc msr pae mce cx8 apic sep mtrr pge mca cmov pat pse36 clflush mmx fxsr sse sse2 ht syscall nx mmxext fxsr_opt pdpe1gb rdtscp lm constant_tsc rep_good nopl nonstop_tsc extd_apicid aperfmperf pni pclmulqdq monitor ssse3 fma cx16 sse4_1 sse4_2 popcnt aes xsave avx f16c lahf_lm cmp_legacy svm extapic cr8_legacy abm sse4a misalignsse 3dnowprefetch osvw ibs xop skinit wdt lwp fma4 tce nodeid_msr tbm topoext perfctr_core perfctr_nb arat cpb hw_pstate npt lbrv svm_lock nrip_save tsc_scale vmcb_clean flushbyasid decodeassists pausefilter pfthreshold vmmcall bmi1
bugs		: fxsave_leak
bogomips	: 4194.02
TLB size	: 1536 4K pages
clflush size	: 64
cache_alignment	: 64
address sizes	: 48 bits physical, 48 bits virtual
power management: ts ttp tm 100mhzsteps hwpstate cpb eff_freq_ro



Memory: 4k page, physical 5755352k(95824k free), swap 1048572k(48880k free)

vm_info: OpenJDK 64-Bit Server VM (25.40-b23) for linux-amd64 JRE (1.8.0_40-b20), built on Mar 15 2015 09:37:38 by "builduser" with gcc 4.9.2 20150304 (prerelease)

time: Sat Mar 28 19:11:30 2015
elapsed time: 757 seconds (0d 0h 12m 37s)

