#
# There is insufficient memory for the Java Runtime Environment to continue.
# Native memory allocation (mmap) failed to map 89128960 bytes for committing reserved memory.
# Possible reasons:
#   The system is out of physical RAM or swap space
#   In 32 bit mode, the process size limit was hit
# Possible solutions:
#   Reduce memory load on the system
#   Increase physical memory or swap space
#   Check if swap backing store is full
#   Use 64 bit Java on a 64 bit OS
#   Decrease Java heap size (-Xmx/-Xms)
#   Decrease number of Java threads
#   Decrease Java thread stack sizes (-Xss)
#   Set larger code cache with -XX:ReservedCodeCacheSize=
# This output file may be truncated or incomplete.
#
#  Out of Memory Error (os_linux.cpp:2673), pid=16048, tid=140211373692672
#
# JRE version: OpenJDK Runtime Environment (8.0_40-b20) (build 1.8.0_40-b20)
# Java VM: OpenJDK 64-Bit Server VM (25.40-b23 mixed mode linux-amd64 compressed oops)
# Failed to write core dump. Core dumps have been disabled. To enable core dumping, try "ulimit -c unlimited" before starting Java again
#

---------------  T H R E A D  ---------------

Current thread (0x00007f857c071800):  VMThread [stack: 0x00007f85810f5000,0x00007f85811f6000] [id=16072]

Stack: [0x00007f85810f5000,0x00007f85811f6000],  sp=0x00007f85811f44d0,  free space=1021k
Native frames: (J=compiled Java code, j=interpreted, Vv=VM code, C=native code)
V  [libjvm.so+0xa8e69d]
V  [libjvm.so+0x4e856c]
V  [libjvm.so+0x8df110]
V  [libjvm.so+0x8d98de]
V  [libjvm.so+0x952cdb]
V  [libjvm.so+0x954043]
V  [libjvm.so+0x950cce]
V  [libjvm.so+0x950fbc]
V  [libjvm.so+0x903a63]
V  [libjvm.so+0xa90112]
V  [libjvm.so+0xa94c17]
V  [libjvm.so+0xa92f1c]
V  [libjvm.so+0xa93737]
V  [libjvm.so+0xa93c71]
V  [libjvm.so+0x8dc612]

VM_Operation (0x00007f8543773350): ParallelGCFailedAllocation, mode: safepoint, requested by thread 0x00007f857c1fd800


---------------  P R O C E S S  ---------------

Java Threads: ( => current thread )
  0x00007f857c008800 JavaThread "DestroyJavaVM" [_thread_blocked, id=16052, stack(0x00007f8585cf0000,0x00007f8585df1000)]
  0x00007f857c1fd800 JavaThread "AWT-EventQueue-0" [_thread_blocked, id=16229, stack(0x00007f8543675000,0x00007f8543776000)]
  0x00007f857c1fc000 JavaThread "AWT-Shutdown" [_thread_blocked, id=16227, stack(0x00007f8543776000,0x00007f8543877000)]
  0x00007f857c1f8000 JavaThread "AWT-XAWT" daemon [_thread_blocked, id=16222, stack(0x00007f8543877000,0x00007f8543978000)]
  0x00007f857c1cf800 JavaThread "Java2D Disposer" daemon [_thread_blocked, id=16208, stack(0x00007f8568037000,0x00007f8568138000)]
  0x00007f857c0ba000 JavaThread "Service Thread" daemon [_thread_blocked, id=16100, stack(0x00007f8580964000,0x00007f8580a65000)]
  0x00007f857c0b5800 JavaThread "C1 CompilerThread1" daemon [_thread_blocked, id=16099, stack(0x00007f8580a65000,0x00007f8580b66000)]
  0x00007f857c0b2800 JavaThread "C2 CompilerThread0" daemon [_thread_in_native, id=16098, stack(0x00007f8580b66000,0x00007f8580c67000)]
  0x00007f857c0b1000 JavaThread "Signal Dispatcher" daemon [_thread_blocked, id=16094, stack(0x00007f8580c67000,0x00007f8580d68000)]
  0x00007f857c078800 JavaThread "Finalizer" daemon [_thread_blocked, id=16074, stack(0x00007f8580ef3000,0x00007f8580ff4000)]
  0x00007f857c076800 JavaThread "Reference Handler" daemon [_thread_blocked, id=16073, stack(0x00007f8580ff4000,0x00007f85810f5000)]

Other Threads:
=>0x00007f857c071800 VMThread [stack: 0x00007f85810f5000,0x00007f85811f6000] [id=16072]
  0x00007f857c0bc800 WatcherThread [stack: 0x00007f8580863000,0x00007f8580964000] [id=16101]

VM state:at safepoint (normal execution)

VM Mutex/Monitor currently owned by a thread:  ([mutex/lock_event])
[0x00007f857c006050] Threads_lock - owner thread: 0x00007f857c071800
[0x00007f857c006550] Heap_lock - owner thread: 0x00007f857c1fd800

Heap:
 PSYoungGen      total 93696K, used 1504K [0x00000000e2b80000, 0x00000000e8a80000, 0x0000000100000000)
  eden space 90112K, 0% used [0x00000000e2b80000,0x00000000e2b80000,0x00000000e8380000)
  from space 3584K, 41% used [0x00000000e8380000,0x00000000e84f8000,0x00000000e8700000)
  to   space 3584K, 0% used [0x00000000e8700000,0x00000000e8700000,0x00000000e8a80000)
 ParOldGen       total 60416K, used 40K [0x00000000a8200000, 0x00000000abd00000, 0x00000000e2b80000)
  object space 60416K, 0% used [0x00000000a8200000,0x00000000a820a000,0x00000000abd00000)
 Metaspace       used 8908K, capacity 9158K, committed 9344K, reserved 1056768K
  class space    used 944K, capacity 1025K, committed 1152K, reserved 1048576K

Card table byte_map: [0x00007f8582c40000,0x00007f8582f00000] byte_map_base: 0x00007f85826ff000

Marking Bits: (ParMarkBitMap*) 0x00007f8584fa7580
 Begin Bits: [0x00007f856a410000, 0x00007f856ba08000)
 End Bits:   [0x00007f856ba08000, 0x00007f856d000000)

Polling page: 0x00007f8585cef000

CodeCache: size=245760Kb used=3351Kb max_used=3367Kb free=242408Kb
 bounds [0x00007f856d000000, 0x00007f856d350000, 0x00007f857c000000]
 total_blobs=1237 nmethods=796 adapters=357
 compilation: enabled

Compilation events (10 events):
Event: 837,833 Thread 0x00007f857c0b2800 nmethod 811 0x00007f856d33e150 code [0x00007f856d33e300, 0x00007f856d33e938]
Event: 837,833 Thread 0x00007f857c0b2800  809       4       java.util.Calendar$Builder::build (635 bytes)
Event: 856,955 Thread 0x00007f857c0b2800 nmethod 809 0x00007f856d33ba50 code [0x00007f856d33bce0, 0x00007f856d33cdd8]
Event: 856,955 Thread 0x00007f857c0b2800  815   !   4       java.lang.Throwable::printStackTrace (177 bytes)
Event: 872,450 Thread 0x00007f857c0b2800 nmethod 815 0x00007f856d34a3d0 code [0x00007f856d34a6c0, 0x00007f856d34c7a0]
Event: 872,450 Thread 0x00007f857c0b2800  814  s    4       java.lang.Throwable::getOurStackTrace (80 bytes)
Event: 872,477 Thread 0x00007f857c0b2800 nmethod 814 0x00007f856d349bd0 code [0x00007f856d349d40, 0x00007f856d34a1d8]
Event: 872,477 Thread 0x00007f857c0b2800  816       4       java.lang.Long::stringSize (38 bytes)
Event: 872,490 Thread 0x00007f857c0b2800 nmethod 816 0x00007f856d33f2d0 code [0x00007f856d33f420, 0x00007f856d33f598]
Event: 872,490 Thread 0x00007f857c0b2800  817       4       java.util.Formatter$FormatSpecifier::print (1536 bytes)

GC Heap History (9 events):
Event: 444,028 GC heap before
{Heap before GC invocations=1 (full 0):
 PSYoungGen      total 26112K, used 22528K [0x00000000e2b80000, 0x00000000e4880000, 0x0000000100000000)
  eden space 22528K, 100% used [0x00000000e2b80000,0x00000000e4180000,0x00000000e4180000)
  from space 3584K, 0% used [0x00000000e4500000,0x00000000e4500000,0x00000000e4880000)
  to   space 3584K, 0% used [0x00000000e4180000,0x00000000e4180000,0x00000000e4500000)
 ParOldGen       total 60416K, used 0K [0x00000000a8200000, 0x00000000abd00000, 0x00000000e2b80000)
  object space 60416K, 0% used [0x00000000a8200000,0x00000000a8200000,0x00000000abd00000)
 Metaspace       used 8825K, capacity 9094K, committed 9344K, reserved 1056768K
  class space    used 944K, capacity 1025K, committed 1152K, reserved 1048576K
Event: 531,421 GC heap after
Heap after GC invocations=1 (full 0):
 PSYoungGen      total 26112K, used 1536K [0x00000000e2b80000, 0x00000000e5e80000, 0x0000000100000000)
  eden space 22528K, 0% used [0x00000000e2b80000,0x00000000e2b80000,0x00000000e4180000)
  from space 3584K, 42% used [0x00000000e4180000,0x00000000e4300000,0x00000000e4500000)
  to   space 3584K, 0% used [0x00000000e5b00000,0x00000000e5b00000,0x00000000e5e80000)
 ParOldGen       total 60416K, used 8K [0x00000000a8200000, 0x00000000abd00000, 0x00000000e2b80000)
  object space 60416K, 0% used [0x00000000a8200000,0x00000000a8202000,0x00000000abd00000)
 Metaspace       used 8825K, capacity 9094K, committed 9344K, reserved 1056768K
  class space    used 944K, capacity 1025K, committed 1152K, reserved 1048576K
}
Event: 553,107 GC heap before
{Heap before GC invocations=2 (full 0):
 PSYoungGen      total 26112K, used 24064K [0x00000000e2b80000, 0x00000000e5e80000, 0x0000000100000000)
  eden space 22528K, 100% used [0x00000000e2b80000,0x00000000e4180000,0x00000000e4180000)
  from space 3584K, 42% used [0x00000000e4180000,0x00000000e4300000,0x00000000e4500000)
  to   space 3584K, 0% used [0x00000000e5b00000,0x00000000e5b00000,0x00000000e5e80000)
 ParOldGen       total 60416K, used 8K [0x00000000a8200000, 0x00000000abd00000, 0x00000000e2b80000)
  object space 60416K, 0% used [0x00000000a8200000,0x00000000a8202000,0x00000000abd00000)
 Metaspace       used 8903K, capacity 9158K, committed 9344K, reserved 1056768K
  class space    used 944K, capacity 1025K, committed 1152K, reserved 1048576K
Event: 595,108 GC heap after
Heap after GC invocations=2 (full 0):
 PSYoungGen      total 48640K, used 1536K [0x00000000e2b80000, 0x00000000e5e80000, 0x0000000100000000)
  eden space 45056K, 0% used [0x00000000e2b80000,0x00000000e2b80000,0x00000000e5780000)
  from space 3584K, 42% used [0x00000000e5b00000,0x00000000e5c80000,0x00000000e5e80000)
  to   space 3584K, 0% used [0x00000000e5780000,0x00000000e5780000,0x00000000e5b00000)
 ParOldGen       total 60416K, used 16K [0x00000000a8200000, 0x00000000abd00000, 0x00000000e2b80000)
  object space 60416K, 0% used [0x00000000a8200000,0x00000000a8204000,0x00000000abd00000)
 Metaspace       used 8903K, capacity 9158K, committed 9344K, reserved 1056768K
  class space    used 944K, capacity 1025K, committed 1152K, reserved 1048576K
}
Event: 703,431 GC heap before
{Heap before GC invocations=3 (full 0):
 PSYoungGen      total 48640K, used 46592K [0x00000000e2b80000, 0x00000000e5e80000, 0x0000000100000000)
  eden space 45056K, 100% used [0x00000000e2b80000,0x00000000e5780000,0x00000000e5780000)
  from space 3584K, 42% used [0x00000000e5b00000,0x00000000e5c80000,0x00000000e5e80000)
  to   space 3584K, 0% used [0x00000000e5780000,0x00000000e5780000,0x00000000e5b00000)
 ParOldGen       total 60416K, used 16K [0x00000000a8200000, 0x00000000abd00000, 0x00000000e2b80000)
  object space 60416K, 0% used [0x00000000a8200000,0x00000000a8204000,0x00000000abd00000)
 Metaspace       used 8908K, capacity 9158K, committed 9344K, reserved 1056768K
  class space    used 944K, capacity 1025K, committed 1152K, reserved 1048576K
Event: 731,060 GC heap after
Heap after GC invocations=3 (full 0):
 PSYoungGen      total 48640K, used 1504K [0x00000000e2b80000, 0x00000000e8a80000, 0x0000000100000000)
  eden space 45056K, 0% used [0x00000000e2b80000,0x00000000e2b80000,0x00000000e5780000)
  from space 3584K, 41% used [0x00000000e5780000,0x00000000e58f8000,0x00000000e5b00000)
  to   space 3584K, 0% used [0x00000000e8700000,0x00000000e8700000,0x00000000e8a80000)
 ParOldGen       total 60416K, used 24K [0x00000000a8200000, 0x00000000abd00000, 0x00000000e2b80000)
  object space 60416K, 0% used [0x00000000a8200000,0x00000000a8206000,0x00000000abd00000)
 Metaspace       used 8908K, capacity 9158K, committed 9344K, reserved 1056768K
  class space    used 944K, capacity 1025K, committed 1152K, reserved 1048576K
}
Event: 837,851 GC heap before
{Heap before GC invocations=4 (full 0):
 PSYoungGen      total 48640K, used 46560K [0x00000000e2b80000, 0x00000000e8a80000, 0x0000000100000000)
  eden space 45056K, 100% used [0x00000000e2b80000,0x00000000e5780000,0x00000000e5780000)
  from space 3584K, 41% used [0x00000000e5780000,0x00000000e58f8000,0x00000000e5b00000)
  to   space 3584K, 0% used [0x00000000e8700000,0x00000000e8700000,0x00000000e8a80000)
 ParOldGen       total 60416K, used 24K [0x00000000a8200000, 0x00000000abd00000, 0x00000000e2b80000)
  object space 60416K, 0% used [0x00000000a8200000,0x00000000a8206000,0x00000000abd00000)
 Metaspace       used 8908K, capacity 9158K, committed 9344K, reserved 1056768K
  class space    used 944K, capacity 1025K, committed 1152K, reserved 1048576K
Event: 855,786 GC heap after
Heap after GC invocations=4 (full 0):
 PSYoungGen      total 93696K, used 1504K [0x00000000e2b80000, 0x00000000e8a80000, 0x0000000100000000)
  eden space 90112K, 0% used [0x00000000e2b80000,0x00000000e2b80000,0x00000000e8380000)
  from space 3584K, 41% used [0x00000000e8700000,0x00000000e8878000,0x00000000e8a80000)
  to   space 3584K, 0% used [0x00000000e8380000,0x00000000e8380000,0x00000000e8700000)
 ParOldGen       total 60416K, used 32K [0x00000000a8200000, 0x00000000abd00000, 0x00000000e2b80000)
  object space 60416K, 0% used [0x00000000a8200000,0x00000000a8208000,0x00000000abd00000)
 Metaspace       used 8908K, capacity 9158K, committed 9344K, reserved 1056768K
  class space    used 944K, capacity 1025K, committed 1152K, reserved 1048576K
}
Event: 1129,037 GC heap before
{Heap before GC invocations=5 (full 0):
 PSYoungGen      total 93696K, used 91616K [0x00000000e2b80000, 0x00000000e8a80000, 0x0000000100000000)
  eden space 90112K, 100% used [0x00000000e2b80000,0x00000000e8380000,0x00000000e8380000)
  from space 3584K, 41% used [0x00000000e8700000,0x00000000e8878000,0x00000000e8a80000)
  to   space 3584K, 0% used [0x00000000e8380000,0x00000000e8380000,0x00000000e8700000)
 ParOldGen       total 60416K, used 32K [0x00000000a8200000, 0x00000000abd00000, 0x00000000e2b80000)
  object space 60416K, 0% used [0x00000000a8200000,0x00000000a8208000,0x00000000abd00000)
 Metaspace       used 8908K, capacity 9158K, committed 9344K, reserved 1056768K
  class space    used 944K, capacity 1025K, committed 1152K, reserved 1048576K

Deoptimization events (1 events):
Event: 285,597 Thread 0x00007f857c1fd800 Uncommon trap: reason=unloaded action=reinterpret pc=0x00007f856d1c8204 method=cliente.SocketClient.escribir(Ljava/lang/String;)V @ 14

Internal exceptions (10 events):
Event: 1107,479 Thread 0x00007f857c1fd800 Exception <a 'java/io/IOException'> (0x00000000e8335958) thrown at [/build/java8-openjdk/src/jdk8u-jdk8u40-b20/hotspot/src/share/vm/prims/jni.cpp, line 709]
Event: 1107,479 Thread 0x00007f857c1fd800 Exception <a 'java/net/SocketException'> (0x00000000e8335b98) thrown at [/build/java8-openjdk/src/jdk8u-jdk8u40-b20/hotspot/src/share/vm/prims/jni.cpp, line 709]
Event: 1107,479 Thread 0x00007f857c1fd800 Exception <a 'java/io/IOException'> (0x00000000e83466f8) thrown at [/build/java8-openjdk/src/jdk8u-jdk8u40-b20/hotspot/src/share/vm/prims/jni.cpp, line 709]
Event: 1107,479 Thread 0x00007f857c1fd800 Exception <a 'java/net/SocketException'> (0x00000000e8346938) thrown at [/build/java8-openjdk/src/jdk8u-jdk8u40-b20/hotspot/src/share/vm/prims/jni.cpp, line 709]
Event: 1107,479 Thread 0x00007f857c1fd800 Exception <a 'java/io/IOException'> (0x00000000e8357498) thrown at [/build/java8-openjdk/src/jdk8u-jdk8u40-b20/hotspot/src/share/vm/prims/jni.cpp, line 709]
Event: 1107,479 Thread 0x00007f857c1fd800 Exception <a 'java/net/SocketException'> (0x00000000e83576d8) thrown at [/build/java8-openjdk/src/jdk8u-jdk8u40-b20/hotspot/src/share/vm/prims/jni.cpp, line 709]
Event: 1107,612 Thread 0x00007f857c1fd800 Exception <a 'java/io/IOException'> (0x00000000e8368238) thrown at [/build/java8-openjdk/src/jdk8u-jdk8u40-b20/hotspot/src/share/vm/prims/jni.cpp, line 709]
Event: 1107,612 Thread 0x00007f857c1fd800 Exception <a 'java/net/SocketException'> (0x00000000e8368478) thrown at [/build/java8-openjdk/src/jdk8u-jdk8u40-b20/hotspot/src/share/vm/prims/jni.cpp, line 709]
Event: 1107,613 Thread 0x00007f857c1fd800 Exception <a 'java/io/IOException'> (0x00000000e8378fd8) thrown at [/build/java8-openjdk/src/jdk8u-jdk8u40-b20/hotspot/src/share/vm/prims/jni.cpp, line 709]
Event: 1107,613 Thread 0x00007f857c1fd800 Exception <a 'java/net/SocketException'> (0x00000000e8379218) thrown at [/build/java8-openjdk/src/jdk8u-jdk8u40-b20/hotspot/src/share/vm/prims/jni.cpp, line 709]

Events (10 events):
Event: 531,567 Executing VM operation: RevokeBias
Event: 531,567 Executing VM operation: RevokeBias done
Event: 536,080 Thread 0x00007f857c0b5800 flushing nmethod 0x00007f856d10a910
Event: 553,107 Executing VM operation: ParallelGCFailedAllocation
Event: 595,108 Executing VM operation: ParallelGCFailedAllocation done
Event: 703,431 Executing VM operation: ParallelGCFailedAllocation
Event: 731,061 Executing VM operation: ParallelGCFailedAllocation done
Event: 837,849 Executing VM operation: ParallelGCFailedAllocation
Event: 855,786 Executing VM operation: ParallelGCFailedAllocation done
Event: 1128,647 Executing VM operation: ParallelGCFailedAllocation


Dynamic libraries:
00400000-00401000 r-xp 00000000 08:07 428440                             /usr/lib/jvm/java-8-openjdk/jre/bin/java
00600000-00601000 rw-p 00000000 08:07 428440                             /usr/lib/jvm/java-8-openjdk/jre/bin/java
00cc3000-00ce4000 rw-p 00000000 00:00 0                                  [heap]
a8200000-abd00000 rw-p 00000000 00:00 0 
abd00000-e2b80000 ---p 00000000 00:00 0 
e2b80000-e8a80000 rw-p 00000000 00:00 0 
edf80000-100000000 ---p 00000000 00:00 0 
100000000-100120000 rw-p 00000000 00:00 0 
100120000-140000000 ---p 00000000 00:00 0 
7f8528000000-7f85280a0000 rw-p 00000000 00:00 0 
7f85280a0000-7f852c000000 ---p 00000000 00:00 0 
7f8530000000-7f8530021000 rw-p 00000000 00:00 0 
7f8530021000-7f8534000000 ---p 00000000 00:00 0 
7f8534000000-7f8534021000 rw-p 00000000 00:00 0 
7f8534021000-7f8538000000 ---p 00000000 00:00 0 
7f8538000000-7f8538021000 rw-p 00000000 00:00 0 
7f8538021000-7f853c000000 ---p 00000000 00:00 0 
7f853c000000-7f853c021000 rw-p 00000000 00:00 0 
7f853c021000-7f8540000000 ---p 00000000 00:00 0 
7f8543458000-7f854346e000 r-xp 00000000 08:07 428410                     /usr/lib/jvm/java-8-openjdk/jre/lib/amd64/libnet.so
7f854346e000-7f854366e000 ---p 00016000 08:07 428410                     /usr/lib/jvm/java-8-openjdk/jre/lib/amd64/libnet.so
7f854366e000-7f854366f000 rw-p 00016000 08:07 428410                     /usr/lib/jvm/java-8-openjdk/jre/lib/amd64/libnet.so
7f8543675000-7f8543678000 ---p 00000000 00:00 0 
7f8543678000-7f8543776000 rw-p 00000000 00:00 0                          [stack:16229]
7f8543776000-7f8543779000 ---p 00000000 00:00 0 
7f8543779000-7f8543877000 rw-p 00000000 00:00 0                          [stack:16227]
7f8543877000-7f854387a000 ---p 00000000 00:00 0 
7f854387a000-7f8543978000 rw-p 00000000 00:00 0                          [stack:16222]
7f8543978000-7f854397d000 r-xp 00000000 08:07 159396                     /usr/lib/libXfixes.so.3.1.0
7f854397d000-7f8543b7c000 ---p 00005000 08:07 159396                     /usr/lib/libXfixes.so.3.1.0
7f8543b7c000-7f8543b7d000 r--p 00004000 08:07 159396                     /usr/lib/libXfixes.so.3.1.0
7f8543b7d000-7f8543b7e000 rw-p 00005000 08:07 159396                     /usr/lib/libXfixes.so.3.1.0
7f8543b80000-7f8543b8a000 r-xp 00000000 08:07 160813                     /usr/lib/libXcursor.so.1.0.2
7f8543b8a000-7f8543d89000 ---p 0000a000 08:07 160813                     /usr/lib/libXcursor.so.1.0.2
7f8543d89000-7f8543d8a000 r--p 00009000 08:07 160813                     /usr/lib/libXcursor.so.1.0.2
7f8543d8a000-7f8543d8b000 rw-p 0000a000 08:07 160813                     /usr/lib/libXcursor.so.1.0.2
7f8543d90000-7f8543dfe000 r-xp 00000000 08:07 141965                     /usr/lib/libpcre.so.1.2.4
7f8543dfe000-7f8543ffd000 ---p 0006e000 08:07 141965                     /usr/lib/libpcre.so.1.2.4
7f8543ffd000-7f8543ffe000 r--p 0006d000 08:07 141965                     /usr/lib/libpcre.so.1.2.4
7f8543ffe000-7f8543fff000 rw-p 0006e000 08:07 141965                     /usr/lib/libpcre.so.1.2.4
7f8544000000-7f8544375000 rw-p 00000000 00:00 0 
7f8544375000-7f8548000000 ---p 00000000 00:00 0 
7f8548000000-7f8548021000 rw-p 00000000 00:00 0 
7f8548021000-7f854c000000 ---p 00000000 00:00 0 
7f854c000000-7f854c021000 rw-p 00000000 00:00 0 
7f854c021000-7f8550000000 ---p 00000000 00:00 0 
7f8550000000-7f8550e02000 rw-p 00000000 00:00 0 
7f8550e02000-7f8554000000 ---p 00000000 00:00 0 
7f8554000000-7f8554021000 rw-p 00000000 00:00 0 
7f8554021000-7f8558000000 ---p 00000000 00:00 0 
7f8558000000-7f8558021000 rw-p 00000000 00:00 0 
7f8558021000-7f855c000000 ---p 00000000 00:00 0 
7f855c000000-7f855c021000 rw-p 00000000 00:00 0 
7f855c021000-7f8560000000 ---p 00000000 00:00 0 
7f8560000000-7f8560021000 rw-p 00000000 00:00 0 
7f8560021000-7f8564000000 ---p 00000000 00:00 0 
7f8564000000-7f8564021000 rw-p 00000000 00:00 0 
7f8564021000-7f8568000000 ---p 00000000 00:00 0 
7f8568037000-7f856803a000 ---p 00000000 00:00 0 
7f856803a000-7f8568138000 rw-p 00000000 00:00 0                          [stack:16208]
7f8568138000-7f8568154000 r-xp 00000000 08:07 159932                     /usr/lib/libgraphite2.so.3.0.1
7f8568154000-7f8568353000 ---p 0001c000 08:07 159932                     /usr/lib/libgraphite2.so.3.0.1
7f8568353000-7f8568355000 r--p 0001b000 08:07 159932                     /usr/lib/libgraphite2.so.3.0.1
7f8568355000-7f8568356000 rw-p 0001d000 08:07 159932                     /usr/lib/libgraphite2.so.3.0.1
7f8568358000-7f8568464000 r-xp 00000000 08:07 186737                     /usr/lib/libglib-2.0.so.0.4200.2
7f8568464000-7f8568663000 ---p 0010c000 08:07 186737                     /usr/lib/libglib-2.0.so.0.4200.2
7f8568663000-7f8568664000 r--p 0010b000 08:07 186737                     /usr/lib/libglib-2.0.so.0.4200.2
7f8568664000-7f8568665000 rw-p 0010c000 08:07 186737                     /usr/lib/libglib-2.0.so.0.4200.2
7f8568665000-7f8568666000 rw-p 00000000 00:00 0 
7f8568668000-7f85686c2000 r-xp 00000000 08:07 159941                     /usr/lib/libharfbuzz.so.0.940.0
7f85686c2000-7f85688c1000 ---p 0005a000 08:07 159941                     /usr/lib/libharfbuzz.so.0.940.0
7f85688c1000-7f85688c4000 r--p 00059000 08:07 159941                     /usr/lib/libharfbuzz.so.0.940.0
7f85688c4000-7f85688c5000 rw-p 0005c000 08:07 159941                     /usr/lib/libharfbuzz.so.0.940.0
7f85688c8000-7f85688fd000 r-xp 00000000 08:07 159517                     /usr/lib/libpng16.so.16.16.0
7f85688fd000-7f8568afc000 ---p 00035000 08:07 159517                     /usr/lib/libpng16.so.16.16.0
7f8568afc000-7f8568afd000 r--p 00034000 08:07 159517                     /usr/lib/libpng16.so.16.16.0
7f8568afd000-7f8568afe000 rw-p 00035000 08:07 159517                     /usr/lib/libpng16.so.16.16.0
7f8568b00000-7f8568b0f000 r-xp 00000000 08:07 136853                     /usr/lib/libbz2.so.1.0.6
7f8568b0f000-7f8568d0e000 ---p 0000f000 08:07 136853                     /usr/lib/libbz2.so.1.0.6
7f8568d0e000-7f8568d10000 rw-p 0000e000 08:07 136853                     /usr/lib/libbz2.so.1.0.6
7f8568d10000-7f8568d26000 r-xp 00000000 08:07 134103                     /usr/lib/libgcc_s.so.1
7f8568d26000-7f8568f25000 ---p 00016000 08:07 134103                     /usr/lib/libgcc_s.so.1
7f8568f25000-7f8568f26000 rw-p 00015000 08:07 134103                     /usr/lib/libgcc_s.so.1
7f8568f28000-7f8568fde000 r-xp 00000000 08:07 159955                     /usr/lib/libfreetype.so.6.11.4
7f8568fde000-7f85691de000 ---p 000b6000 08:07 159955                     /usr/lib/libfreetype.so.6.11.4
7f85691de000-7f85691e4000 r--p 000b6000 08:07 159955                     /usr/lib/libfreetype.so.6.11.4
7f85691e4000-7f85691e5000 rw-p 000bc000 08:07 159955                     /usr/lib/libfreetype.so.6.11.4
7f85691e8000-7f8569249000 r-xp 00000000 08:07 428427                     /usr/lib/jvm/java-8-openjdk/jre/lib/amd64/libfontmanager.so
7f8569249000-7f8569448000 ---p 00061000 08:07 428427                     /usr/lib/jvm/java-8-openjdk/jre/lib/amd64/libfontmanager.so
7f8569448000-7f856944c000 rw-p 00060000 08:07 428427                     /usr/lib/jvm/java-8-openjdk/jre/lib/amd64/libfontmanager.so
7f856944c000-7f856945f000 rw-p 00000000 00:00 0 
7f8569460000-7f8569465000 r-xp 00000000 08:07 156005                     /usr/lib/libXdmcp.so.6.0.0
7f8569465000-7f8569664000 ---p 00005000 08:07 156005                     /usr/lib/libXdmcp.so.6.0.0
7f8569664000-7f8569665000 r--p 00004000 08:07 156005                     /usr/lib/libXdmcp.so.6.0.0
7f8569665000-7f8569666000 rw-p 00005000 08:07 156005                     /usr/lib/libXdmcp.so.6.0.0
7f8569668000-7f856966a000 r-xp 00000000 08:07 156010                     /usr/lib/libXau.so.6.0.0
7f856966a000-7f856986a000 ---p 00002000 08:07 156010                     /usr/lib/libXau.so.6.0.0
7f856986a000-7f856986b000 r--p 00002000 08:07 156010                     /usr/lib/libXau.so.6.0.0
7f856986b000-7f856986c000 rw-p 00003000 08:07 156010                     /usr/lib/libXau.so.6.0.0
7f8569870000-7f8569891000 r-xp 00000000 08:07 158332                     /usr/lib/libxcb.so.1.1.0
7f8569891000-7f8569a90000 ---p 00021000 08:07 158332                     /usr/lib/libxcb.so.1.1.0
7f8569a90000-7f8569a91000 r--p 00020000 08:07 158332                     /usr/lib/libxcb.so.1.1.0
7f8569a91000-7f8569a92000 rw-p 00021000 08:07 158332                     /usr/lib/libxcb.so.1.1.0
7f8569a98000-7f8569aa7000 r-xp 00000000 08:07 159390                     /usr/lib/libXi.so.6.1.0
7f8569aa7000-7f8569ca7000 ---p 0000f000 08:07 159390                     /usr/lib/libXi.so.6.1.0
7f8569ca7000-7f8569ca8000 r--p 0000f000 08:07 159390                     /usr/lib/libXi.so.6.1.0
7f8569ca8000-7f8569ca9000 rw-p 00010000 08:07 159390                     /usr/lib/libXi.so.6.1.0
7f8569cb0000-7f8569cb5000 r-xp 00000000 08:07 159412                     /usr/lib/libXtst.so.6.1.0
7f8569cb5000-7f8569eb4000 ---p 00005000 08:07 159412                     /usr/lib/libXtst.so.6.1.0
7f8569eb4000-7f8569eb5000 r--p 00004000 08:07 159412                     /usr/lib/libXtst.so.6.1.0
7f8569eb5000-7f8569eb6000 rw-p 00005000 08:07 159412                     /usr/lib/libXtst.so.6.1.0
7f8569eb8000-7f8569ec1000 r-xp 00000000 08:07 159929                     /usr/lib/libXrender.so.1.3.0
7f8569ec1000-7f856a0c0000 ---p 00009000 08:07 159929                     /usr/lib/libXrender.so.1.3.0
7f856a0c0000-7f856a0c1000 r--p 00008000 08:07 159929                     /usr/lib/libXrender.so.1.3.0
7f856a0c1000-7f856a0c2000 rw-p 00009000 08:07 159929                     /usr/lib/libXrender.so.1.3.0
7f856a0c8000-7f856a203000 r-xp 00000000 08:07 158413                     /usr/lib/libX11.so.6.3.0
7f856a203000-7f856a402000 ---p 0013b000 08:07 158413                     /usr/lib/libX11.so.6.3.0
7f856a402000-7f856a404000 r--p 0013a000 08:07 158413                     /usr/lib/libX11.so.6.3.0
7f856a404000-7f856a409000 rw-p 0013c000 08:07 158413                     /usr/lib/libX11.so.6.3.0
7f856a409000-7f856a40a000 rw-p 00000000 00:00 0 
7f856a410000-7f856d000000 rw-p 00000000 00:00 0 
7f856d000000-7f856d350000 rwxp 00000000 00:00 0 
7f856d350000-7f857c000000 ---p 00000000 00:00 0 
7f857c000000-7f857c200000 rw-p 00000000 00:00 0 
7f857c200000-7f8580000000 ---p 00000000 00:00 0 
7f8580006000-7f8580011000 r--s 00116000 08:07 428369                     /usr/lib/jvm/java-8-openjdk/jre/lib/ext/localedata.jar
7f8580013000-7f858002f000 r--s 00393000 08:07 428370                     /usr/lib/jvm/java-8-openjdk/jre/lib/ext/cldrdata.jar
7f858002f000-7f8580060000 rw-p 00000000 00:00 0 
7f8580060000-7f8580079000 r--s 00000000 08:07 669984                     /var/cache/fontconfig/8d4af663993b81a124ee82e610bb31f9-le64.cache-4
7f8580080000-7f8580082000 r--s 00000000 08:07 669321                     /var/cache/fontconfig/452f1fac34b224105d7acfae3034bcd5-le64.cache-4
7f8580088000-7f8580097000 r--s 00000000 08:07 658776                     /var/cache/fontconfig/5a02e0a9ca9b27d0aa4bd0c42ba2438d-le64.cache-4
7f8580098000-7f85800a2000 r--s 00000000 08:07 655257                     /var/cache/fontconfig/d62e99ef547d1d24cdb1bd22ec1a2976-le64.cache-4
7f85800a8000-7f85800b5000 r--s 00000000 08:07 675069                     /var/cache/fontconfig/f6b893a7224233d96cb72fd88691c0b4-le64.cache-4
7f85800b8000-7f85800c9000 r-xp 00000000 08:07 159311                     /usr/lib/libXext.so.6.4.0
7f85800c9000-7f85802c8000 ---p 00011000 08:07 159311                     /usr/lib/libXext.so.6.4.0
7f85802c8000-7f85802c9000 r--p 00010000 08:07 159311                     /usr/lib/libXext.so.6.4.0
7f85802c9000-7f85802ca000 rw-p 00011000 08:07 159311                     /usr/lib/libXext.so.6.4.0
7f85802d0000-7f85802d1000 r--s 00000000 08:07 655184                     /var/cache/fontconfig/6ba42ae0000f58711b5caaf10d690066-le64.cache-4
7f85802d8000-7f85802e1000 r--s 00000000 08:07 669908                     /var/cache/fontconfig/f349e9996a5320f6dd491cedd2b1f964-le64.cache-4
7f85802e5000-7f85802f8000 r--s 00345000 08:07 428351                     /usr/lib/jvm/java-8-openjdk/jre/lib/resources.jar
7f85802f8000-7f858031e000 r--p 00000000 08:07 133714                     /usr/share/locale/es/LC_MESSAGES/libc.mo
7f8580320000-7f8580373000 r-xp 00000000 08:07 428425                     /usr/lib/jvm/java-8-openjdk/jre/lib/amd64/libawt_xawt.so
7f8580373000-7f8580572000 ---p 00053000 08:07 428425                     /usr/lib/jvm/java-8-openjdk/jre/lib/amd64/libawt_xawt.so
7f8580572000-7f8580576000 rw-p 00052000 08:07 428425                     /usr/lib/jvm/java-8-openjdk/jre/lib/amd64/libawt_xawt.so
7f8580576000-7f8580577000 rw-p 00000000 00:00 0 
7f8580578000-7f8580618000 r-xp 00000000 08:07 428422                     /usr/lib/jvm/java-8-openjdk/jre/lib/amd64/libawt.so
7f8580618000-7f8580818000 ---p 000a0000 08:07 428422                     /usr/lib/jvm/java-8-openjdk/jre/lib/amd64/libawt.so
7f8580818000-7f8580824000 rw-p 000a0000 08:07 428422                     /usr/lib/jvm/java-8-openjdk/jre/lib/amd64/libawt.so
7f8580824000-7f8580848000 rw-p 00000000 00:00 0 
7f8580848000-7f858084d000 r--s 002f8000 08:07 428349                     /usr/lib/jvm/java-8-openjdk/jre/lib/charsets.jar
7f8580854000-7f858085b000 r--s 00094000 08:07 565039                     /usr/share/netbeans/java/modules/ext/beansbinding-1.2.1.jar
7f8580860000-7f8580861000 r--s 00000000 08:07 565038                     /usr/share/netbeans/java/modules/ext/AbsoluteLayout.jar
7f8580863000-7f8580864000 ---p 00000000 00:00 0 
7f8580864000-7f8580964000 rw-p 00000000 00:00 0                          [stack:16101]
7f8580964000-7f8580967000 ---p 00000000 00:00 0 
7f8580967000-7f8580a65000 rw-p 00000000 00:00 0                          [stack:16100]
7f8580a65000-7f8580a68000 ---p 00000000 00:00 0 
7f8580a68000-7f8580b66000 rw-p 00000000 00:00 0                          [stack:16099]
7f8580b66000-7f8580b69000 ---p 00000000 00:00 0 
7f8580b69000-7f8580c67000 rw-p 00000000 00:00 0                          [stack:16098]
7f8580c67000-7f8580c6a000 ---p 00000000 00:00 0 
7f8580c6a000-7f8580d68000 rw-p 00000000 00:00 0                          [stack:16094]
7f8580d68000-7f8580ef1000 r--p 00000000 08:07 159448                     /usr/lib/locale/locale-archive
7f8580ef3000-7f8580ef6000 ---p 00000000 00:00 0 
7f8580ef6000-7f8580ff4000 rw-p 00000000 00:00 0                          [stack:16074]
7f8580ff4000-7f8580ff7000 ---p 00000000 00:00 0 
7f8580ff7000-7f85810f5000 rw-p 00000000 00:00 0                          [stack:16073]
7f85810f5000-7f85810f6000 ---p 00000000 00:00 0 
7f85810f6000-7f8581b62000 rw-p 00000000 00:00 0                          [stack:16072]
7f8581b62000-7f8581d30000 r--s 03bd2000 08:07 428353                     /usr/lib/jvm/java-8-openjdk/jre/lib/rt.jar
7f8581d34000-7f8582869000 rw-p 00000000 00:00 0 
7f8582869000-7f858286a000 ---p 00000000 00:00 0 
7f858286a000-7f858296a000 rw-p 00000000 00:00 0                          [stack:16064]
7f858296a000-7f858296b000 ---p 00000000 00:00 0 
7f858296b000-7f8582a89000 rw-p 00000000 00:00 0                          [stack:16063]
7f8582a89000-7f8582c40000 ---p 00000000 00:00 0 
7f8582c40000-7f8582c5e000 rw-p 00000000 00:00 0 
7f8582c5e000-7f8582e14000 ---p 00000000 00:00 0 
7f8582e14000-7f8582e45000 rw-p 00000000 00:00 0 
7f8582e45000-7f8582eff000 ---p 00000000 00:00 0 
7f8582eff000-7f8582f0e000 rw-p 00000000 00:00 0 
7f8582f0e000-7f85832c0000 ---p 00000000 00:00 0 
7f85832c0000-7f85832c8000 r-xp 00000000 08:07 428408                     /usr/lib/jvm/java-8-openjdk/jre/lib/amd64/libzip.so
7f85832c8000-7f85834c7000 ---p 00008000 08:07 428408                     /usr/lib/jvm/java-8-openjdk/jre/lib/amd64/libzip.so
7f85834c7000-7f85834c8000 rw-p 00007000 08:07 428408                     /usr/lib/jvm/java-8-openjdk/jre/lib/amd64/libzip.so
7f85834c8000-7f85834d3000 r-xp 00000000 08:07 133754                     /usr/lib/libnss_files-2.21.so
7f85834d3000-7f85836d3000 ---p 0000b000 08:07 133754                     /usr/lib/libnss_files-2.21.so
7f85836d3000-7f85836d4000 r--p 0000b000 08:07 133754                     /usr/lib/libnss_files-2.21.so
7f85836d4000-7f85836d5000 rw-p 0000c000 08:07 133754                     /usr/lib/libnss_files-2.21.so
7f85836d8000-7f8583705000 r-xp 00000000 08:07 428407                     /usr/lib/jvm/java-8-openjdk/jre/lib/amd64/libjava.so
7f8583705000-7f8583905000 ---p 0002d000 08:07 428407                     /usr/lib/jvm/java-8-openjdk/jre/lib/amd64/libjava.so
7f8583905000-7f8583907000 rw-p 0002d000 08:07 428407                     /usr/lib/jvm/java-8-openjdk/jre/lib/amd64/libjava.so
7f8583908000-7f8583915000 r-xp 00000000 08:07 428399                     /usr/lib/jvm/java-8-openjdk/jre/lib/amd64/libverify.so
7f8583915000-7f8583b14000 ---p 0000d000 08:07 428399                     /usr/lib/jvm/java-8-openjdk/jre/lib/amd64/libverify.so
7f8583b14000-7f8583b16000 rw-p 0000c000 08:07 428399                     /usr/lib/jvm/java-8-openjdk/jre/lib/amd64/libverify.so
7f8583b18000-7f8583b1f000 r-xp 00000000 08:07 133786                     /usr/lib/librt-2.21.so
7f8583b1f000-7f8583d1e000 ---p 00007000 08:07 133786                     /usr/lib/librt-2.21.so
7f8583d1e000-7f8583d1f000 r--p 00006000 08:07 133786                     /usr/lib/librt-2.21.so
7f8583d1f000-7f8583d20000 rw-p 00007000 08:07 133786                     /usr/lib/librt-2.21.so
7f8583d20000-7f8583e23000 r-xp 00000000 08:07 133813                     /usr/lib/libm-2.21.so
7f8583e23000-7f8584023000 ---p 00103000 08:07 133813                     /usr/lib/libm-2.21.so
7f8584023000-7f8584024000 r--p 00103000 08:07 133813                     /usr/lib/libm-2.21.so
7f8584024000-7f8584025000 rw-p 00104000 08:07 133813                     /usr/lib/libm-2.21.so
7f8584028000-7f8584cc7000 r-xp 00000000 08:07 428431                     /usr/lib/jvm/java-8-openjdk/jre/lib/amd64/server/libjvm.so
7f8584cc7000-7f8584ec7000 ---p 00c9f000 08:07 428431                     /usr/lib/jvm/java-8-openjdk/jre/lib/amd64/server/libjvm.so
7f8584ec7000-7f8584f93000 rw-p 00c9f000 08:07 428431                     /usr/lib/jvm/java-8-openjdk/jre/lib/amd64/server/libjvm.so
7f8584f93000-7f8584fd4000 rw-p 00000000 00:00 0 
7f8584fd8000-7f8585171000 r-xp 00000000 08:07 133765                     /usr/lib/libc-2.21.so
7f8585171000-7f8585371000 ---p 00199000 08:07 133765                     /usr/lib/libc-2.21.so
7f8585371000-7f8585375000 r--p 00199000 08:07 133765                     /usr/lib/libc-2.21.so
7f8585375000-7f8585377000 rw-p 0019d000 08:07 133765                     /usr/lib/libc-2.21.so
7f8585377000-7f858537b000 rw-p 00000000 00:00 0 
7f8585380000-7f8585382000 r-xp 00000000 08:07 133795                     /usr/lib/libdl-2.21.so
7f8585382000-7f8585582000 ---p 00002000 08:07 133795                     /usr/lib/libdl-2.21.so
7f8585582000-7f8585583000 r--p 00002000 08:07 133795                     /usr/lib/libdl-2.21.so
7f8585583000-7f8585584000 rw-p 00003000 08:07 133795                     /usr/lib/libdl-2.21.so
7f8585588000-7f8585595000 r-xp 00000000 08:07 428428                     /usr/lib/jvm/java-8-openjdk/jre/lib/amd64/jli/libjli.so
7f8585595000-7f8585795000 ---p 0000d000 08:07 428428                     /usr/lib/jvm/java-8-openjdk/jre/lib/amd64/jli/libjli.so
7f8585795000-7f8585796000 rw-p 0000d000 08:07 428428                     /usr/lib/jvm/java-8-openjdk/jre/lib/amd64/jli/libjli.so
7f8585798000-7f85857ad000 r-xp 00000000 08:07 136861                     /usr/lib/libz.so.1.2.8
7f85857ad000-7f85859ac000 ---p 00015000 08:07 136861                     /usr/lib/libz.so.1.2.8
7f85859ac000-7f85859ad000 r--p 00014000 08:07 136861                     /usr/lib/libz.so.1.2.8
7f85859ad000-7f85859ae000 rw-p 00015000 08:07 136861                     /usr/lib/libz.so.1.2.8
7f85859b0000-7f85859c8000 r-xp 00000000 08:07 133785                     /usr/lib/libpthread-2.21.so
7f85859c8000-7f8585bc7000 ---p 00018000 08:07 133785                     /usr/lib/libpthread-2.21.so
7f8585bc7000-7f8585bc8000 r--p 00017000 08:07 133785                     /usr/lib/libpthread-2.21.so
7f8585bc8000-7f8585bc9000 rw-p 00018000 08:07 133785                     /usr/lib/libpthread-2.21.so
7f8585bc9000-7f8585bcd000 rw-p 00000000 00:00 0 
7f8585bd0000-7f8585bf2000 r-xp 00000000 08:07 133809                     /usr/lib/ld-2.21.so
7f8585bf4000-7f8585ce0000 rw-p 00000000 00:00 0 
7f8585ce0000-7f8585ce8000 rw-s 00000000 00:1f 3761737                    /tmp/hsperfdata_maximiliano/16048
7f8585ced000-7f8585cef000 rw-p 00000000 00:00 0 
7f8585cef000-7f8585cf0000 ---p 00000000 00:00 0 
7f8585cf0000-7f8585cf3000 ---p 00000000 00:00 0 
7f8585cf3000-7f8585df1000 rw-p 00000000 00:00 0                          [stack:16052]
7f8585df1000-7f8585df2000 r--p 00021000 08:07 133809                     /usr/lib/ld-2.21.so
7f8585df2000-7f8585df3000 rw-p 00022000 08:07 133809                     /usr/lib/ld-2.21.so
7f8585df3000-7f8585df5000 rw-p 00000000 00:00 0 
7f8585df5000-7f8585df9000 rw-p 00000000 00:00 0 
7ffcd4b36000-7ffcd4b57000 rw-p 00000000 00:00 0                          [stack]
7ffcd4b68000-7ffcd4b6a000 r--p 00000000 00:00 0                          [vvar]
7ffcd4b6a000-7ffcd4b6c000 r-xp 00000000 00:00 0                          [vdso]
ffffffffff600000-ffffffffff601000 r-xp 00000000 00:00 0                  [vsyscall]

VM Arguments:
jvm_args: -Dfile.encoding=UTF-8 
java_command: cliente.Cliente
java_class_path (initial): /usr/share/netbeans/java/modules/ext/AbsoluteLayout.jar:/usr/share/netbeans/java/modules/ext/beansbinding-1.2.1.jar:/home/maximiliano/NetBeansProjects/socket/build/classes
Launcher Type: SUN_STANDARD

Environment Variables:
PATH=/usr/local/sbin:/usr/local/bin:/usr/bin:/usr/lib/jvm/default/bin:/usr/bin/site_perl:/usr/bin/vendor_perl:/usr/bin/core_perl
LD_LIBRARY_PATH=/usr/lib/jvm/default/bin/../jre/lib/amd64:/usr/lib/jvm/default/bin/../jre/lib/i386:
SHELL=/bin/bash
DISPLAY=:0

Signal Handlers:
SIGSEGV: [libjvm.so+0xa8f160], sa_mask[0]=11111111011111111101111111111110, sa_flags=SA_RESTART|SA_SIGINFO
SIGBUS: [libjvm.so+0xa8f160], sa_mask[0]=11111111011111111101111111111110, sa_flags=SA_RESTART|SA_SIGINFO
SIGFPE: [libjvm.so+0x8daa30], sa_mask[0]=11111111011111111101111111111110, sa_flags=SA_RESTART|SA_SIGINFO
SIGPIPE: [libjvm.so+0x8daa30], sa_mask[0]=11111111011111111101111111111110, sa_flags=SA_RESTART|SA_SIGINFO
SIGXFSZ: [libjvm.so+0x8daa30], sa_mask[0]=11111111011111111101111111111110, sa_flags=SA_RESTART|SA_SIGINFO
SIGILL: [libjvm.so+0x8daa30], sa_mask[0]=11111111011111111101111111111110, sa_flags=SA_RESTART|SA_SIGINFO
SIGUSR1: SIG_DFL, sa_mask[0]=00000000000000000000000000000000, sa_flags=none
SIGUSR2: [libjvm.so+0x8da8e0], sa_mask[0]=00100000000000000000000000000000, sa_flags=SA_RESTART|SA_SIGINFO
SIGHUP: [libjvm.so+0x8dab00], sa_mask[0]=11111111011111111101111111111110, sa_flags=SA_RESTART|SA_SIGINFO
SIGINT: SIG_IGN, sa_mask[0]=00000000000000000000000000000000, sa_flags=none
SIGTERM: [libjvm.so+0x8dab00], sa_mask[0]=11111111011111111101111111111110, sa_flags=SA_RESTART|SA_SIGINFO
SIGQUIT: [libjvm.so+0x8dab00], sa_mask[0]=11111111011111111101111111111110, sa_flags=SA_RESTART|SA_SIGINFO


---------------  S Y S T E M  ---------------

OS:NAME="Arch Linux"
ID=arch
PRETTY_NAME="Arch Linux"
ANSI_COLOR="0;36"
HOME_URL="https://www.archlinux.org/"
SUPPORT_URL="https://bbs.archlinux.org/"
BUG_REPORT_URL="https://bugs.archlinux.org/"


uname:Linux 3.19.2-1-ARCH #1 SMP PREEMPT Wed Mar 18 16:21:02 CET 2015 x86_64
libc:glibc 2.21 NPTL 2.21 
rlimit: STACK 8192k, CORE 0k, NPROC 22460, NOFILE 4096, AS infinity
load average:151,41 170,91 119,10

/proc/meminfo:
MemTotal:        5755352 kB
MemFree:          202660 kB
MemAvailable:     143928 kB
Buffers:             420 kB
Cached:            37008 kB
SwapCached:         2500 kB
Active:          4204716 kB
Inactive:        1082404 kB
Active(anon):    4198552 kB
Inactive(anon):  1062216 kB
Active(file):       6164 kB
Inactive(file):    20188 kB
Unevictable:          32 kB
Mlocked:              32 kB
SwapTotal:       1048572 kB
SwapFree:           8828 kB
Dirty:                12 kB
Writeback:           704 kB
AnonPages:       5247928 kB
Mapped:            26672 kB
Shmem:             10884 kB
Slab:             101616 kB
SReclaimable:      25112 kB
SUnreclaim:        76504 kB
KernelStack:       20544 kB
PageTables:        65584 kB
NFS_Unstable:          0 kB
Bounce:                0 kB
WritebackTmp:          0 kB
CommitLimit:     3926248 kB
Committed_AS:   17179812 kB
VmallocTotal:   34359738367 kB
VmallocUsed:      308092 kB
VmallocChunk:   34359426940 kB
HardwareCorrupted:     0 kB
AnonHugePages:   1239040 kB
HugePages_Total:       0
HugePages_Free:        0
HugePages_Rsvd:        0
HugePages_Surp:        0
Hugepagesize:       2048 kB
DirectMap4k:      689540 kB
DirectMap2M:     5302272 kB
DirectMap1G:           0 kB


CPU:total 2 (2 cores per cpu, 1 threads per core) family 21 model 16 stepping 1, cmov, cx8, fxsr, mmx, sse, sse2, sse3, ssse3, sse4.1, sse4.2, popcnt, avx, aes, clmul, mmxext, 3dnowpref, lzcnt, sse4a, tsc, tscinvbit, tscinv, bmi1

/proc/cpuinfo:
processor	: 0
vendor_id	: AuthenticAMD
cpu family	: 21
model		: 16
model name	: AMD A6-4455M APU with Radeon(tm) HD Graphics
stepping	: 1
microcode	: 0x6001119
cpu MHz		: 2100.000
cache size	: 2048 KB
physical id	: 0
siblings	: 2
core id		: 0
cpu cores	: 1
apicid		: 16
initial apicid	: 0
fpu		: yes
fpu_exception	: yes
cpuid level	: 13
wp		: yes
flags		: fpu vme de pse tsc msr pae mce cx8 apic sep mtrr pge mca cmov pat pse36 clflush mmx fxsr sse sse2 ht syscall nx mmxext fxsr_opt pdpe1gb rdtscp lm constant_tsc rep_good nopl nonstop_tsc extd_apicid aperfmperf pni pclmulqdq monitor ssse3 fma cx16 sse4_1 sse4_2 popcnt aes xsave avx f16c lahf_lm cmp_legacy svm extapic cr8_legacy abm sse4a misalignsse 3dnowprefetch osvw ibs xop skinit wdt lwp fma4 tce nodeid_msr tbm topoext perfctr_core perfctr_nb arat cpb hw_pstate npt lbrv svm_lock nrip_save tsc_scale vmcb_clean flushbyasid decodeassists pausefilter pfthreshold vmmcall bmi1
bugs		: fxsave_leak
bogomips	: 4194.02
TLB size	: 1536 4K pages
clflush size	: 64
cache_alignment	: 64
address sizes	: 48 bits physical, 48 bits virtual
power management: ts ttp tm 100mhzsteps hwpstate cpb eff_freq_ro

processor	: 1
vendor_id	: AuthenticAMD
cpu family	: 21
model		: 16
model name	: AMD A6-4455M APU with Radeon(tm) HD Graphics   
stepping	: 1
microcode	: 0x6001119
cpu MHz		: 2100.000
cache size	: 2048 KB
physical id	: 0
siblings	: 2
core id		: 1
cpu cores	: 1
apicid		: 17
initial apicid	: 1
fpu		: yes
fpu_exception	: yes
cpuid level	: 13
wp		: yes
flags		: fpu vme de pse tsc msr pae mce cx8 apic sep mtrr pge mca cmov pat pse36 clflush mmx fxsr sse sse2 ht syscall nx mmxext fxsr_opt pdpe1gb rdtscp lm constant_tsc rep_good nopl nonstop_tsc extd_apicid aperfmperf pni pclmulqdq monitor ssse3 fma cx16 sse4_1 sse4_2 popcnt aes xsave avx f16c lahf_lm cmp_legacy svm extapic cr8_legacy abm sse4a misalignsse 3dnowprefetch osvw ibs xop skinit wdt lwp fma4 tce nodeid_msr tbm topoext perfctr_core perfctr_nb arat cpb hw_pstate npt lbrv svm_lock nrip_save tsc_scale vmcb_clean flushbyasid decodeassists pausefilter pfthreshold vmmcall bmi1
bugs		: fxsave_leak
bogomips	: 4194.02
TLB size	: 1536 4K pages
clflush size	: 64
cache_alignment	: 64
address sizes	: 48 bits physical, 48 bits virtual
power management: ts ttp tm 100mhzsteps hwpstate cpb eff_freq_ro



Memory: 4k page, physical 5755352k(371940k free), swap 1048572k(45932k free)

vm_info: OpenJDK 64-Bit Server VM (25.40-b23) for linux-amd64 JRE (1.8.0_40-b20), built on Mar 15 2015 09:37:38 by "builduser" with gcc 4.9.2 20150304 (prerelease)

time: Sat Mar 28 19:17:52 2015
elapsed time: 1144 seconds (0d 0h 19m 4s)

