#
# There is insufficient memory for the Java Runtime Environment to continue.
# Native memory allocation (mmap) failed to map 8912896 bytes for committing reserved memory.
# Possible reasons:
#   The system is out of physical RAM or swap space
#   In 32 bit mode, the process size limit was hit
# Possible solutions:
#   Reduce memory load on the system
#   Increase physical memory or swap space
#   Check if swap backing store is full
#   Use 64 bit Java on a 64 bit OS
#   Decrease Java heap size (-Xmx/-Xms)
#   Decrease number of Java threads
#   Decrease Java thread stack sizes (-Xss)
#   Set larger code cache with -XX:ReservedCodeCacheSize=
# This output file may be truncated or incomplete.
#
#  Out of Memory Error (os_linux.cpp:2673), pid=17391, tid=139925401884416
#
# JRE version: OpenJDK Runtime Environment (8.0_40-b20) (build 1.8.0_40-b20)
# Java VM: OpenJDK 64-Bit Server VM (25.40-b23 mixed mode linux-amd64 compressed oops)
# Failed to write core dump. Core dumps have been disabled. To enable core dumping, try "ulimit -c unlimited" before starting Java again
#

---------------  T H R E A D  ---------------

Current thread (0x00007f4304071800):  VMThread [stack: 0x00007f42ebcfd000,0x00007f42ebdfe000] [id=17429]

Stack: [0x00007f42ebcfd000,0x00007f42ebdfe000],  sp=0x00007f42ebdfc4d0,  free space=1021k
Native frames: (J=compiled Java code, j=interpreted, Vv=VM code, C=native code)
V  [libjvm.so+0xa8e69d]
V  [libjvm.so+0x4e856c]
V  [libjvm.so+0x8df110]
V  [libjvm.so+0x8d98de]
V  [libjvm.so+0x952cdb]
V  [libjvm.so+0x954043]
V  [libjvm.so+0x950cce]
V  [libjvm.so+0x950fbc]
V  [libjvm.so+0x903a63]
V  [libjvm.so+0xa90112]
V  [libjvm.so+0xa94c17]
V  [libjvm.so+0xa92f1c]
V  [libjvm.so+0xa93737]
V  [libjvm.so+0xa93c71]
V  [libjvm.so+0x8dc612]

VM_Operation (0x00007f42b7ffd330): ParallelGCFailedAllocation, mode: safepoint, requested by thread 0x00007f4304206800


---------------  P R O C E S S  ---------------

Java Threads: ( => current thread )
  0x00007f4304008800 JavaThread "DestroyJavaVM" [_thread_blocked, id=17403, stack(0x00007f430a5af000,0x00007f430a6b0000)]
  0x00007f4304206800 JavaThread "AWT-EventQueue-0" [_thread_blocked, id=17709, stack(0x00007f42b7eff000,0x00007f42b8000000)]
  0x00007f4304204800 JavaThread "AWT-Shutdown" [_thread_blocked, id=17708, stack(0x00007f42e80c6000,0x00007f42e81c7000)]
  0x00007f4304200800 JavaThread "AWT-XAWT" daemon [_thread_blocked, id=17707, stack(0x00007f42e81c7000,0x00007f42e82c8000)]
  0x00007f43041d8000 JavaThread "Java2D Disposer" daemon [_thread_blocked, id=17674, stack(0x00007f42e86df000,0x00007f42e87e0000)]
  0x00007f43040c2800 JavaThread "Service Thread" daemon [_thread_blocked, id=17475, stack(0x00007f42eb56c000,0x00007f42eb66d000)]
  0x00007f43040b5800 JavaThread "C1 CompilerThread1" daemon [_thread_blocked, id=17474, stack(0x00007f42eb66d000,0x00007f42eb76e000)]
  0x00007f43040b2800 JavaThread "C2 CompilerThread0" daemon [_thread_in_native, id=17472, stack(0x00007f42eb76e000,0x00007f42eb86f000)]
  0x00007f43040b1000 JavaThread "Signal Dispatcher" daemon [_thread_blocked, id=17470, stack(0x00007f42eb86f000,0x00007f42eb970000)]
  0x00007f4304078800 JavaThread "Finalizer" daemon [_thread_blocked, id=17434, stack(0x00007f42ebafb000,0x00007f42ebbfc000)]
  0x00007f4304076800 JavaThread "Reference Handler" daemon [_thread_blocked, id=17433, stack(0x00007f42ebbfc000,0x00007f42ebcfd000)]

Other Threads:
=>0x00007f4304071800 VMThread [stack: 0x00007f42ebcfd000,0x00007f42ebdfe000] [id=17429]
  0x00007f43040c4800 WatcherThread [stack: 0x00007f42eb46b000,0x00007f42eb56c000] [id=17478]

VM state:at safepoint (normal execution)

VM Mutex/Monitor currently owned by a thread:  ([mutex/lock_event])
[0x00007f4304006050] Threads_lock - owner thread: 0x00007f4304071800
[0x00007f4304006550] Heap_lock - owner thread: 0x00007f4304206800

Heap:
 PSYoungGen      total 40448K, used 32K [0x00000000e2b80000, 0x00000000e5380000, 0x0000000100000000)
  eden space 39936K, 0% used [0x00000000e2b80000,0x00000000e2b80000,0x00000000e5280000)
  from space 512K, 6% used [0x00000000e5280000,0x00000000e5288000,0x00000000e5300000)
  to   space 512K, 0% used [0x00000000e5300000,0x00000000e5300000,0x00000000e5380000)
 ParOldGen       total 60416K, used 1576K [0x00000000a8200000, 0x00000000abd00000, 0x00000000e2b80000)
  object space 60416K, 2% used [0x00000000a8200000,0x00000000a838a398,0x00000000abd00000)
 Metaspace       used 8899K, capacity 9158K, committed 9344K, reserved 1056768K
  class space    used 944K, capacity 1025K, committed 1152K, reserved 1048576K

Card table byte_map: [0x00007f42f4338000,0x00007f42f45f8000] byte_map_base: 0x00007f42f3df7000

Marking Bits: (ParMarkBitMap*) 0x00007f4309867580
 Begin Bits: [0x00007f42f1472000, 0x00007f42f2a6a000)
 End Bits:   [0x00007f42f2a6a000, 0x00007f42f4062000)

Polling page: 0x00007f430a5ae000

CodeCache: size=245760Kb used=3498Kb max_used=3517Kb free=242261Kb
 bounds [0x00007f42f49b8000, 0x00007f42f4d38000, 0x00007f43039b8000]
 total_blobs=1264 nmethods=823 adapters=357
 compilation: enabled

Compilation events (10 events):
Event: 604,622 Thread 0x00007f43040b2800 nmethod 839 0x00007f42f4d132d0 code [0x00007f42f4d13420, 0x00007f42f4d136b8]
Event: 604,622 Thread 0x00007f43040b2800  767       4       java.lang.Character::codePointAt (51 bytes)
Event: 604,654 Thread 0x00007f43040b2800 nmethod 767 0x00007f42f4d12e90 code [0x00007f42f4d12fe0, 0x00007f42f4d130f8]
Event: 617,952 Thread 0x00007f43040b2800  851       4       sun.util.locale.provider.JRELocaleProviderAdapter::getLocaleResources (51 bytes)
Event: 617,970 Thread 0x00007f43040b2800 nmethod 851 0x00007f42f4d14450 code [0x00007f42f4d14600, 0x00007f42f4d14ab8]
Event: 617,970 Thread 0x00007f43040b2800  852  s    4       java.util.logging.LogManager::initializeGlobalHandlers (33 bytes)
Event: 617,998 Thread 0x00007f43040b2800 nmethod 852 0x00007f42f4cf0110 code [0x00007f42f4cf0260, 0x00007f42f4cf0478]
Event: 617,998 Thread 0x00007f43040b2800  854       4       java.util.logging.Logger::demandLogger (42 bytes)
Event: 619,942 Thread 0x00007f43040b2800 nmethod 854 0x00007f42f4d28190 code [0x00007f42f4d28420, 0x00007f42f4d2a478]
Event: 619,944 Thread 0x00007f43040b2800  856       4       java.util.logging.Logger::log (147 bytes)

GC Heap History (10 events):
Event: 596,929 GC heap after
Heap after GC invocations=46 (full 0):
 PSYoungGen      total 27136K, used 32K [0x00000000e2b80000, 0x00000000e4680000, 0x0000000100000000)
  eden space 26624K, 0% used [0x00000000e2b80000,0x00000000e2b80000,0x00000000e4580000)
  from space 512K, 6% used [0x00000000e4600000,0x00000000e4608000,0x00000000e4680000)
  to   space 512K, 0% used [0x00000000e4580000,0x00000000e4580000,0x00000000e4600000)
 ParOldGen       total 60416K, used 1560K [0x00000000a8200000, 0x00000000abd00000, 0x00000000e2b80000)
  object space 60416K, 2% used [0x00000000a8200000,0x00000000a8386398,0x00000000abd00000)
 Metaspace       used 8899K, capacity 9158K, committed 9344K, reserved 1056768K
  class space    used 944K, capacity 1025K, committed 1152K, reserved 1048576K
}
Event: 617,985 GC heap before
{Heap before GC invocations=47 (full 0):
 PSYoungGen      total 27136K, used 26656K [0x00000000e2b80000, 0x00000000e4680000, 0x0000000100000000)
  eden space 26624K, 100% used [0x00000000e2b80000,0x00000000e4580000,0x00000000e4580000)
  from space 512K, 6% used [0x00000000e4600000,0x00000000e4608000,0x00000000e4680000)
  to   space 512K, 0% used [0x00000000e4580000,0x00000000e4580000,0x00000000e4600000)
 ParOldGen       total 60416K, used 1560K [0x00000000a8200000, 0x00000000abd00000, 0x00000000e2b80000)
  object space 60416K, 2% used [0x00000000a8200000,0x00000000a8386398,0x00000000abd00000)
 Metaspace       used 8899K, capacity 9158K, committed 9344K, reserved 1056768K
  class space    used 944K, capacity 1025K, committed 1152K, reserved 1048576K
Event: 617,986 GC heap after
Heap after GC invocations=47 (full 0):
 PSYoungGen      total 27136K, used 32K [0x00000000e2b80000, 0x00000000e4c80000, 0x0000000100000000)
  eden space 26624K, 0% used [0x00000000e2b80000,0x00000000e2b80000,0x00000000e4580000)
  from space 512K, 6% used [0x00000000e4580000,0x00000000e4588000,0x00000000e4600000)
  to   space 512K, 0% used [0x00000000e4c00000,0x00000000e4c00000,0x00000000e4c80000)
 ParOldGen       total 60416K, used 1560K [0x00000000a8200000, 0x00000000abd00000, 0x00000000e2b80000)
  object space 60416K, 2% used [0x00000000a8200000,0x00000000a8386398,0x00000000abd00000)
 Metaspace       used 8899K, capacity 9158K, committed 9344K, reserved 1056768K
  class space    used 944K, capacity 1025K, committed 1152K, reserved 1048576K
}
Event: 618,861 GC heap before
{Heap before GC invocations=48 (full 0):
 PSYoungGen      total 27136K, used 26656K [0x00000000e2b80000, 0x00000000e4c80000, 0x0000000100000000)
  eden space 26624K, 100% used [0x00000000e2b80000,0x00000000e4580000,0x00000000e4580000)
  from space 512K, 6% used [0x00000000e4580000,0x00000000e4588000,0x00000000e4600000)
  to   space 512K, 0% used [0x00000000e4c00000,0x00000000e4c00000,0x00000000e4c80000)
 ParOldGen       total 60416K, used 1560K [0x00000000a8200000, 0x00000000abd00000, 0x00000000e2b80000)
  object space 60416K, 2% used [0x00000000a8200000,0x00000000a8386398,0x00000000abd00000)
 Metaspace       used 8899K, capacity 9158K, committed 9344K, reserved 1056768K
  class space    used 944K, capacity 1025K, committed 1152K, reserved 1048576K
Event: 618,862 GC heap after
Heap after GC invocations=48 (full 0):
 PSYoungGen      total 33280K, used 32K [0x00000000e2b80000, 0x00000000e4c80000, 0x0000000100000000)
  eden space 32768K, 0% used [0x00000000e2b80000,0x00000000e2b80000,0x00000000e4b80000)
  from space 512K, 6% used [0x00000000e4c00000,0x00000000e4c08000,0x00000000e4c80000)
  to   space 512K, 0% used [0x00000000e4b80000,0x00000000e4b80000,0x00000000e4c00000)
 ParOldGen       total 60416K, used 1568K [0x00000000a8200000, 0x00000000abd00000, 0x00000000e2b80000)
  object space 60416K, 2% used [0x00000000a8200000,0x00000000a8388398,0x00000000abd00000)
 Metaspace       used 8899K, capacity 9158K, committed 9344K, reserved 1056768K
  class space    used 944K, capacity 1025K, committed 1152K, reserved 1048576K
}
Event: 619,247 GC heap before
{Heap before GC invocations=49 (full 0):
 PSYoungGen      total 33280K, used 32800K [0x00000000e2b80000, 0x00000000e4c80000, 0x0000000100000000)
  eden space 32768K, 100% used [0x00000000e2b80000,0x00000000e4b80000,0x00000000e4b80000)
  from space 512K, 6% used [0x00000000e4c00000,0x00000000e4c08000,0x00000000e4c80000)
  to   space 512K, 0% used [0x00000000e4b80000,0x00000000e4b80000,0x00000000e4c00000)
 ParOldGen       total 60416K, used 1568K [0x00000000a8200000, 0x00000000abd00000, 0x00000000e2b80000)
  object space 60416K, 2% used [0x00000000a8200000,0x00000000a8388398,0x00000000abd00000)
 Metaspace       used 8899K, capacity 9158K, committed 9344K, reserved 1056768K
  class space    used 944K, capacity 1025K, committed 1152K, reserved 1048576K
Event: 619,249 GC heap after
Heap after GC invocations=49 (full 0):
 PSYoungGen      total 33280K, used 32K [0x00000000e2b80000, 0x00000000e5380000, 0x0000000100000000)
  eden space 32768K, 0% used [0x00000000e2b80000,0x00000000e2b80000,0x00000000e4b80000)
  from space 512K, 6% used [0x00000000e4b80000,0x00000000e4b88000,0x00000000e4c00000)
  to   space 512K, 0% used [0x00000000e5300000,0x00000000e5300000,0x00000000e5380000)
 ParOldGen       total 60416K, used 1576K [0x00000000a8200000, 0x00000000abd00000, 0x00000000e2b80000)
  object space 60416K, 2% used [0x00000000a8200000,0x00000000a838a398,0x00000000abd00000)
 Metaspace       used 8899K, capacity 9158K, committed 9344K, reserved 1056768K
  class space    used 944K, capacity 1025K, committed 1152K, reserved 1048576K
}
Event: 619,677 GC heap before
{Heap before GC invocations=50 (full 0):
 PSYoungGen      total 33280K, used 32800K [0x00000000e2b80000, 0x00000000e5380000, 0x0000000100000000)
  eden space 32768K, 100% used [0x00000000e2b80000,0x00000000e4b80000,0x00000000e4b80000)
  from space 512K, 6% used [0x00000000e4b80000,0x00000000e4b88000,0x00000000e4c00000)
  to   space 512K, 0% used [0x00000000e5300000,0x00000000e5300000,0x00000000e5380000)
 ParOldGen       total 60416K, used 1576K [0x00000000a8200000, 0x00000000abd00000, 0x00000000e2b80000)
  object space 60416K, 2% used [0x00000000a8200000,0x00000000a838a398,0x00000000abd00000)
 Metaspace       used 8899K, capacity 9158K, committed 9344K, reserved 1056768K
  class space    used 944K, capacity 1025K, committed 1152K, reserved 1048576K
Event: 619,678 GC heap after
Heap after GC invocations=50 (full 0):
 PSYoungGen      total 40448K, used 32K [0x00000000e2b80000, 0x00000000e5380000, 0x0000000100000000)
  eden space 39936K, 0% used [0x00000000e2b80000,0x00000000e2b80000,0x00000000e5280000)
  from space 512K, 6% used [0x00000000e5300000,0x00000000e5308000,0x00000000e5380000)
  to   space 512K, 0% used [0x00000000e5280000,0x00000000e5280000,0x00000000e5300000)
 ParOldGen       total 60416K, used 1576K [0x00000000a8200000, 0x00000000abd00000, 0x00000000e2b80000)
  object space 60416K, 2% used [0x00000000a8200000,0x00000000a838a398,0x00000000abd00000)
 Metaspace       used 8899K, capacity 9158K, committed 9344K, reserved 1056768K
  class space    used 944K, capacity 1025K, committed 1152K, reserved 1048576K
}
Event: 690,630 GC heap before
{Heap before GC invocations=51 (full 0):
 PSYoungGen      total 40448K, used 39968K [0x00000000e2b80000, 0x00000000e5380000, 0x0000000100000000)
  eden space 39936K, 100% used [0x00000000e2b80000,0x00000000e5280000,0x00000000e5280000)
  from space 512K, 6% used [0x00000000e5300000,0x00000000e5308000,0x00000000e5380000)
  to   space 512K, 0% used [0x00000000e5280000,0x00000000e5280000,0x00000000e5300000)
 ParOldGen       total 60416K, used 1576K [0x00000000a8200000, 0x00000000abd00000, 0x00000000e2b80000)
  object space 60416K, 2% used [0x00000000a8200000,0x00000000a838a398,0x00000000abd00000)
 Metaspace       used 8899K, capacity 9158K, committed 9344K, reserved 1056768K
  class space    used 944K, capacity 1025K, committed 1152K, reserved 1048576K

Deoptimization events (4 events):
Event: 269,798 Thread 0x00007f4304206800 Uncommon trap: reason=class_check action=maybe_recompile pc=0x00007f42f4ba9098 method=java.net.SocketOutputStream.socketWrite([BII)V @ 61
Event: 270,492 Thread 0x00007f4304206800 Uncommon trap: reason=class_check action=maybe_recompile pc=0x00007f42f4ba9098 method=java.net.SocketOutputStream.socketWrite([BII)V @ 61
Event: 270,494 Thread 0x00007f4304206800 Uncommon trap: reason=class_check action=maybe_recompile pc=0x00007f42f4ba9098 method=java.net.SocketOutputStream.socketWrite([BII)V @ 61
Event: 271,499 Thread 0x00007f4304206800 Uncommon trap: reason=class_check action=maybe_recompile pc=0x00007f42f4ba9098 method=java.net.SocketOutputStream.socketWrite([BII)V @ 61

Internal exceptions (10 events):
Event: 678,353 Thread 0x00007f4304206800 Exception <a 'java/io/IOException'> (0x00000000e5233698) thrown at [/build/java8-openjdk/src/jdk8u-jdk8u40-b20/hotspot/src/share/vm/prims/jni.cpp, line 709]
Event: 678,353 Thread 0x00007f4304206800 Exception <a 'java/net/SocketException'> (0x00000000e52338d8) thrown at [/build/java8-openjdk/src/jdk8u-jdk8u40-b20/hotspot/src/share/vm/prims/jni.cpp, line 709]
Event: 678,353 Thread 0x00007f4304206800 Exception <a 'java/io/IOException'> (0x00000000e5244468) thrown at [/build/java8-openjdk/src/jdk8u-jdk8u40-b20/hotspot/src/share/vm/prims/jni.cpp, line 709]
Event: 678,354 Thread 0x00007f4304206800 Exception <a 'java/net/SocketException'> (0x00000000e52446a8) thrown at [/build/java8-openjdk/src/jdk8u-jdk8u40-b20/hotspot/src/share/vm/prims/jni.cpp, line 709]
Event: 678,354 Thread 0x00007f4304206800 Exception <a 'java/io/IOException'> (0x00000000e5255238) thrown at [/build/java8-openjdk/src/jdk8u-jdk8u40-b20/hotspot/src/share/vm/prims/jni.cpp, line 709]
Event: 678,354 Thread 0x00007f4304206800 Exception <a 'java/net/SocketException'> (0x00000000e5255478) thrown at [/build/java8-openjdk/src/jdk8u-jdk8u40-b20/hotspot/src/share/vm/prims/jni.cpp, line 709]
Event: 678,354 Thread 0x00007f4304206800 Exception <a 'java/io/IOException'> (0x00000000e5266008) thrown at [/build/java8-openjdk/src/jdk8u-jdk8u40-b20/hotspot/src/share/vm/prims/jni.cpp, line 709]
Event: 678,354 Thread 0x00007f4304206800 Exception <a 'java/net/SocketException'> (0x00000000e5266248) thrown at [/build/java8-openjdk/src/jdk8u-jdk8u40-b20/hotspot/src/share/vm/prims/jni.cpp, line 709]
Event: 685,921 Thread 0x00007f4304206800 Exception <a 'java/io/IOException'> (0x00000000e5276dd8) thrown at [/build/java8-openjdk/src/jdk8u-jdk8u40-b20/hotspot/src/share/vm/prims/jni.cpp, line 709]
Event: 685,921 Thread 0x00007f4304206800 Exception <a 'java/net/SocketException'> (0x00000000e5277018) thrown at [/build/java8-openjdk/src/jdk8u-jdk8u40-b20/hotspot/src/share/vm/prims/jni.cpp, line 709]

Events (10 events):
Event: 596,929 Executing VM operation: ParallelGCFailedAllocation done
Event: 617,985 Executing VM operation: ParallelGCFailedAllocation
Event: 617,986 Executing VM operation: ParallelGCFailedAllocation done
Event: 618,861 Executing VM operation: ParallelGCFailedAllocation
Event: 618,862 Executing VM operation: ParallelGCFailedAllocation done
Event: 619,247 Executing VM operation: ParallelGCFailedAllocation
Event: 619,249 Executing VM operation: ParallelGCFailedAllocation done
Event: 619,677 Executing VM operation: ParallelGCFailedAllocation
Event: 619,678 Executing VM operation: ParallelGCFailedAllocation done
Event: 685,922 Executing VM operation: ParallelGCFailedAllocation


Dynamic libraries:
00400000-00401000 r-xp 00000000 08:07 428440                             /usr/lib/jvm/java-8-openjdk/jre/bin/java
00600000-00601000 rw-p 00000000 08:07 428440                             /usr/lib/jvm/java-8-openjdk/jre/bin/java
025d1000-025f2000 rw-p 00000000 00:00 0                                  [heap]
a8200000-abd00000 rw-p 00000000 00:00 0 
abd00000-e2b80000 ---p 00000000 00:00 0 
e2b80000-e5380000 rw-p 00000000 00:00 0 
e5c00000-100000000 ---p 00000000 00:00 0 
100000000-100120000 rw-p 00000000 00:00 0 
100120000-140000000 ---p 00000000 00:00 0 
7f42b0000000-7f42b009a000 rw-p 00000000 00:00 0 
7f42b009a000-7f42b4000000 ---p 00000000 00:00 0 
7f42b7ce8000-7f42b7cfe000 r-xp 00000000 08:07 428410                     /usr/lib/jvm/java-8-openjdk/jre/lib/amd64/libnet.so
7f42b7cfe000-7f42b7efe000 ---p 00016000 08:07 428410                     /usr/lib/jvm/java-8-openjdk/jre/lib/amd64/libnet.so
7f42b7efe000-7f42b7eff000 rw-p 00016000 08:07 428410                     /usr/lib/jvm/java-8-openjdk/jre/lib/amd64/libnet.so
7f42b7eff000-7f42b7f02000 ---p 00000000 00:00 0 
7f42b7f02000-7f42b8000000 rw-p 00000000 00:00 0                          [stack:17709]
7f42b8000000-7f42b8021000 rw-p 00000000 00:00 0 
7f42b8021000-7f42bc000000 ---p 00000000 00:00 0 
7f42bc000000-7f42bc021000 rw-p 00000000 00:00 0 
7f42bc021000-7f42c0000000 ---p 00000000 00:00 0 
7f42c0000000-7f42c0021000 rw-p 00000000 00:00 0 
7f42c0021000-7f42c4000000 ---p 00000000 00:00 0 
7f42c4000000-7f42c4021000 rw-p 00000000 00:00 0 
7f42c4021000-7f42c8000000 ---p 00000000 00:00 0 
7f42c8000000-7f42c8348000 rw-p 00000000 00:00 0 
7f42c8348000-7f42cc000000 ---p 00000000 00:00 0 
7f42cc000000-7f42cc021000 rw-p 00000000 00:00 0 
7f42cc021000-7f42d0000000 ---p 00000000 00:00 0 
7f42d0000000-7f42d0021000 rw-p 00000000 00:00 0 
7f42d0021000-7f42d4000000 ---p 00000000 00:00 0 
7f42d4000000-7f42d5270000 rw-p 00000000 00:00 0 
7f42d5270000-7f42d8000000 ---p 00000000 00:00 0 
7f42d8000000-7f42d8021000 rw-p 00000000 00:00 0 
7f42d8021000-7f42dc000000 ---p 00000000 00:00 0 
7f42dc000000-7f42dc021000 rw-p 00000000 00:00 0 
7f42dc021000-7f42e0000000 ---p 00000000 00:00 0 
7f42e0000000-7f42e0039000 rw-p 00000000 00:00 0 
7f42e0039000-7f42e4000000 ---p 00000000 00:00 0 
7f42e4000000-7f42e4021000 rw-p 00000000 00:00 0 
7f42e4021000-7f42e8000000 ---p 00000000 00:00 0 
7f42e8066000-7f42e8071000 r--s 00116000 08:07 428369                     /usr/lib/jvm/java-8-openjdk/jre/lib/ext/localedata.jar
7f42e8073000-7f42e808f000 r--s 00393000 08:07 428370                     /usr/lib/jvm/java-8-openjdk/jre/lib/ext/cldrdata.jar
7f42e8095000-7f42e80c6000 rw-p 00000000 00:00 0 
7f42e80c6000-7f42e80c9000 ---p 00000000 00:00 0 
7f42e80c9000-7f42e81c7000 rw-p 00000000 00:00 0                          [stack:17708]
7f42e81c7000-7f42e81ca000 ---p 00000000 00:00 0 
7f42e81ca000-7f42e82c8000 rw-p 00000000 00:00 0                          [stack:17707]
7f42e82c8000-7f42e82cd000 r-xp 00000000 08:07 159396                     /usr/lib/libXfixes.so.3.1.0
7f42e82cd000-7f42e84cc000 ---p 00005000 08:07 159396                     /usr/lib/libXfixes.so.3.1.0
7f42e84cc000-7f42e84cd000 r--p 00004000 08:07 159396                     /usr/lib/libXfixes.so.3.1.0
7f42e84cd000-7f42e84ce000 rw-p 00005000 08:07 159396                     /usr/lib/libXfixes.so.3.1.0
7f42e84d0000-7f42e84da000 r-xp 00000000 08:07 160813                     /usr/lib/libXcursor.so.1.0.2
7f42e84da000-7f42e86d9000 ---p 0000a000 08:07 160813                     /usr/lib/libXcursor.so.1.0.2
7f42e86d9000-7f42e86da000 r--p 00009000 08:07 160813                     /usr/lib/libXcursor.so.1.0.2
7f42e86da000-7f42e86db000 rw-p 0000a000 08:07 160813                     /usr/lib/libXcursor.so.1.0.2
7f42e86df000-7f42e86e2000 ---p 00000000 00:00 0 
7f42e86e2000-7f42e87e0000 rw-p 00000000 00:00 0                          [stack:17674]
7f42e87e0000-7f42e884e000 r-xp 00000000 08:07 141965                     /usr/lib/libpcre.so.1.2.4
7f42e884e000-7f42e8a4d000 ---p 0006e000 08:07 141965                     /usr/lib/libpcre.so.1.2.4
7f42e8a4d000-7f42e8a4e000 r--p 0006d000 08:07 141965                     /usr/lib/libpcre.so.1.2.4
7f42e8a4e000-7f42e8a4f000 rw-p 0006e000 08:07 141965                     /usr/lib/libpcre.so.1.2.4
7f42e8a50000-7f42e8a6c000 r-xp 00000000 08:07 159932                     /usr/lib/libgraphite2.so.3.0.1
7f42e8a6c000-7f42e8c6b000 ---p 0001c000 08:07 159932                     /usr/lib/libgraphite2.so.3.0.1
7f42e8c6b000-7f42e8c6d000 r--p 0001b000 08:07 159932                     /usr/lib/libgraphite2.so.3.0.1
7f42e8c6d000-7f42e8c6e000 rw-p 0001d000 08:07 159932                     /usr/lib/libgraphite2.so.3.0.1
7f42e8c70000-7f42e8d7c000 r-xp 00000000 08:07 186737                     /usr/lib/libglib-2.0.so.0.4200.2
7f42e8d7c000-7f42e8f7b000 ---p 0010c000 08:07 186737                     /usr/lib/libglib-2.0.so.0.4200.2
7f42e8f7b000-7f42e8f7c000 r--p 0010b000 08:07 186737                     /usr/lib/libglib-2.0.so.0.4200.2
7f42e8f7c000-7f42e8f7d000 rw-p 0010c000 08:07 186737                     /usr/lib/libglib-2.0.so.0.4200.2
7f42e8f7d000-7f42e8f7e000 rw-p 00000000 00:00 0 
7f42e8f80000-7f42e8fda000 r-xp 00000000 08:07 159941                     /usr/lib/libharfbuzz.so.0.940.0
7f42e8fda000-7f42e91d9000 ---p 0005a000 08:07 159941                     /usr/lib/libharfbuzz.so.0.940.0
7f42e91d9000-7f42e91dc000 r--p 00059000 08:07 159941                     /usr/lib/libharfbuzz.so.0.940.0
7f42e91dc000-7f42e91dd000 rw-p 0005c000 08:07 159941                     /usr/lib/libharfbuzz.so.0.940.0
7f42e91e0000-7f42e9215000 r-xp 00000000 08:07 159517                     /usr/lib/libpng16.so.16.16.0
7f42e9215000-7f42e9414000 ---p 00035000 08:07 159517                     /usr/lib/libpng16.so.16.16.0
7f42e9414000-7f42e9415000 r--p 00034000 08:07 159517                     /usr/lib/libpng16.so.16.16.0
7f42e9415000-7f42e9416000 rw-p 00035000 08:07 159517                     /usr/lib/libpng16.so.16.16.0
7f42e9418000-7f42e9427000 r-xp 00000000 08:07 136853                     /usr/lib/libbz2.so.1.0.6
7f42e9427000-7f42e9626000 ---p 0000f000 08:07 136853                     /usr/lib/libbz2.so.1.0.6
7f42e9626000-7f42e9628000 rw-p 0000e000 08:07 136853                     /usr/lib/libbz2.so.1.0.6
7f42e9628000-7f42e963e000 r-xp 00000000 08:07 134103                     /usr/lib/libgcc_s.so.1
7f42e963e000-7f42e983d000 ---p 00016000 08:07 134103                     /usr/lib/libgcc_s.so.1
7f42e983d000-7f42e983e000 rw-p 00015000 08:07 134103                     /usr/lib/libgcc_s.so.1
7f42e9840000-7f42e98f6000 r-xp 00000000 08:07 159955                     /usr/lib/libfreetype.so.6.11.4
7f42e98f6000-7f42e9af6000 ---p 000b6000 08:07 159955                     /usr/lib/libfreetype.so.6.11.4
7f42e9af6000-7f42e9afc000 r--p 000b6000 08:07 159955                     /usr/lib/libfreetype.so.6.11.4
7f42e9afc000-7f42e9afd000 rw-p 000bc000 08:07 159955                     /usr/lib/libfreetype.so.6.11.4
7f42e9b00000-7f42e9b61000 r-xp 00000000 08:07 428427                     /usr/lib/jvm/java-8-openjdk/jre/lib/amd64/libfontmanager.so
7f42e9b61000-7f42e9d60000 ---p 00061000 08:07 428427                     /usr/lib/jvm/java-8-openjdk/jre/lib/amd64/libfontmanager.so
7f42e9d60000-7f42e9d64000 rw-p 00060000 08:07 428427                     /usr/lib/jvm/java-8-openjdk/jre/lib/amd64/libfontmanager.so
7f42e9d64000-7f42e9d77000 rw-p 00000000 00:00 0 
7f42e9d78000-7f42e9d7d000 r-xp 00000000 08:07 156005                     /usr/lib/libXdmcp.so.6.0.0
7f42e9d7d000-7f42e9f7c000 ---p 00005000 08:07 156005                     /usr/lib/libXdmcp.so.6.0.0
7f42e9f7c000-7f42e9f7d000 r--p 00004000 08:07 156005                     /usr/lib/libXdmcp.so.6.0.0
7f42e9f7d000-7f42e9f7e000 rw-p 00005000 08:07 156005                     /usr/lib/libXdmcp.so.6.0.0
7f42e9f80000-7f42e9f82000 r-xp 00000000 08:07 156010                     /usr/lib/libXau.so.6.0.0
7f42e9f82000-7f42ea182000 ---p 00002000 08:07 156010                     /usr/lib/libXau.so.6.0.0
7f42ea182000-7f42ea183000 r--p 00002000 08:07 156010                     /usr/lib/libXau.so.6.0.0
7f42ea183000-7f42ea184000 rw-p 00003000 08:07 156010                     /usr/lib/libXau.so.6.0.0
7f42ea188000-7f42ea1a9000 r-xp 00000000 08:07 158332                     /usr/lib/libxcb.so.1.1.0
7f42ea1a9000-7f42ea3a8000 ---p 00021000 08:07 158332                     /usr/lib/libxcb.so.1.1.0
7f42ea3a8000-7f42ea3a9000 r--p 00020000 08:07 158332                     /usr/lib/libxcb.so.1.1.0
7f42ea3a9000-7f42ea3aa000 rw-p 00021000 08:07 158332                     /usr/lib/libxcb.so.1.1.0
7f42ea3b0000-7f42ea3bf000 r-xp 00000000 08:07 159390                     /usr/lib/libXi.so.6.1.0
7f42ea3bf000-7f42ea5bf000 ---p 0000f000 08:07 159390                     /usr/lib/libXi.so.6.1.0
7f42ea5bf000-7f42ea5c0000 r--p 0000f000 08:07 159390                     /usr/lib/libXi.so.6.1.0
7f42ea5c0000-7f42ea5c1000 rw-p 00010000 08:07 159390                     /usr/lib/libXi.so.6.1.0
7f42ea5c8000-7f42ea5cd000 r-xp 00000000 08:07 159412                     /usr/lib/libXtst.so.6.1.0
7f42ea5cd000-7f42ea7cc000 ---p 00005000 08:07 159412                     /usr/lib/libXtst.so.6.1.0
7f42ea7cc000-7f42ea7cd000 r--p 00004000 08:07 159412                     /usr/lib/libXtst.so.6.1.0
7f42ea7cd000-7f42ea7ce000 rw-p 00005000 08:07 159412                     /usr/lib/libXtst.so.6.1.0
7f42ea7d0000-7f42ea7d9000 r-xp 00000000 08:07 159929                     /usr/lib/libXrender.so.1.3.0
7f42ea7d9000-7f42ea9d8000 ---p 00009000 08:07 159929                     /usr/lib/libXrender.so.1.3.0
7f42ea9d8000-7f42ea9d9000 r--p 00008000 08:07 159929                     /usr/lib/libXrender.so.1.3.0
7f42ea9d9000-7f42ea9da000 rw-p 00009000 08:07 159929                     /usr/lib/libXrender.so.1.3.0
7f42ea9e0000-7f42eab1b000 r-xp 00000000 08:07 158413                     /usr/lib/libX11.so.6.3.0
7f42eab1b000-7f42ead1a000 ---p 0013b000 08:07 158413                     /usr/lib/libX11.so.6.3.0
7f42ead1a000-7f42ead1c000 r--p 0013a000 08:07 158413                     /usr/lib/libX11.so.6.3.0
7f42ead1c000-7f42ead21000 rw-p 0013c000 08:07 158413                     /usr/lib/libX11.so.6.3.0
7f42ead21000-7f42ead22000 rw-p 00000000 00:00 0 
7f42ead28000-7f42ead39000 r-xp 00000000 08:07 159311                     /usr/lib/libXext.so.6.4.0
7f42ead39000-7f42eaf38000 ---p 00011000 08:07 159311                     /usr/lib/libXext.so.6.4.0
7f42eaf38000-7f42eaf39000 r--p 00010000 08:07 159311                     /usr/lib/libXext.so.6.4.0
7f42eaf39000-7f42eaf3a000 rw-p 00011000 08:07 159311                     /usr/lib/libXext.so.6.4.0
7f42eaf40000-7f42eaf93000 r-xp 00000000 08:07 428425                     /usr/lib/jvm/java-8-openjdk/jre/lib/amd64/libawt_xawt.so
7f42eaf93000-7f42eb192000 ---p 00053000 08:07 428425                     /usr/lib/jvm/java-8-openjdk/jre/lib/amd64/libawt_xawt.so
7f42eb192000-7f42eb196000 rw-p 00052000 08:07 428425                     /usr/lib/jvm/java-8-openjdk/jre/lib/amd64/libawt_xawt.so
7f42eb196000-7f42eb197000 rw-p 00000000 00:00 0 
7f42eb198000-7f42eb238000 r-xp 00000000 08:07 428422                     /usr/lib/jvm/java-8-openjdk/jre/lib/amd64/libawt.so
7f42eb238000-7f42eb438000 ---p 000a0000 08:07 428422                     /usr/lib/jvm/java-8-openjdk/jre/lib/amd64/libawt.so
7f42eb438000-7f42eb444000 rw-p 000a0000 08:07 428422                     /usr/lib/jvm/java-8-openjdk/jre/lib/amd64/libawt.so
7f42eb444000-7f42eb468000 rw-p 00000000 00:00 0 
7f42eb46b000-7f42eb46c000 ---p 00000000 00:00 0 
7f42eb46c000-7f42eb56c000 rw-p 00000000 00:00 0                          [stack:17478]
7f42eb56c000-7f42eb56f000 ---p 00000000 00:00 0 
7f42eb56f000-7f42eb66d000 rw-p 00000000 00:00 0                          [stack:17475]
7f42eb66d000-7f42eb670000 ---p 00000000 00:00 0 
7f42eb670000-7f42eb76e000 rw-p 00000000 00:00 0                          [stack:17474]
7f42eb76e000-7f42eb771000 ---p 00000000 00:00 0 
7f42eb771000-7f42eb86f000 rw-p 00000000 00:00 0                          [stack:17472]
7f42eb86f000-7f42eb872000 ---p 00000000 00:00 0 
7f42eb872000-7f42eb970000 rw-p 00000000 00:00 0                          [stack:17470]
7f42eb970000-7f42ebaf9000 r--p 00000000 08:07 159448                     /usr/lib/locale/locale-archive
7f42ebafb000-7f42ebafe000 ---p 00000000 00:00 0 
7f42ebafe000-7f42ebbfc000 rw-p 00000000 00:00 0                          [stack:17434]
7f42ebbfc000-7f42ebbff000 ---p 00000000 00:00 0 
7f42ebbff000-7f42ebcfd000 rw-p 00000000 00:00 0                          [stack:17433]
7f42ebcfd000-7f42ebcfe000 ---p 00000000 00:00 0 
7f42ebcfe000-7f42ec000000 rw-p 00000000 00:00 0                          [stack:17429]
7f42ec000000-7f42ec021000 rw-p 00000000 00:00 0 
7f42ec021000-7f42f0000000 ---p 00000000 00:00 0 
7f42f0000000-7f42f0019000 r--s 00000000 08:07 669984                     /var/cache/fontconfig/8d4af663993b81a124ee82e610bb31f9-le64.cache-4
7f42f0020000-7f42f0022000 r--s 00000000 08:07 669321                     /var/cache/fontconfig/452f1fac34b224105d7acfae3034bcd5-le64.cache-4
7f42f0028000-7f42f0037000 r--s 00000000 08:07 658776                     /var/cache/fontconfig/5a02e0a9ca9b27d0aa4bd0c42ba2438d-le64.cache-4
7f42f0038000-7f42f0042000 r--s 00000000 08:07 655257                     /var/cache/fontconfig/d62e99ef547d1d24cdb1bd22ec1a2976-le64.cache-4
7f42f0048000-7f42f0055000 r--s 00000000 08:07 675069                     /var/cache/fontconfig/f6b893a7224233d96cb72fd88691c0b4-le64.cache-4
7f42f0058000-7f42f0061000 r--s 00000000 08:07 669908                     /var/cache/fontconfig/f349e9996a5320f6dd491cedd2b1f964-le64.cache-4
7f42f0065000-7f42f0078000 r--s 00345000 08:07 428351                     /usr/lib/jvm/java-8-openjdk/jre/lib/resources.jar
7f42f0078000-7f42f009e000 r--p 00000000 08:07 133714                     /usr/share/locale/es/LC_MESSAGES/libc.mo
7f42f00a0000-7f42f00a5000 r--s 002f8000 08:07 428349                     /usr/lib/jvm/java-8-openjdk/jre/lib/charsets.jar
7f42f00ac000-7f42f00b3000 r--s 00094000 08:07 565039                     /usr/share/netbeans/java/modules/ext/beansbinding-1.2.1.jar
7f42f00ba000-7f42f07e2000 rw-p 00000000 00:00 0 
7f42f07e2000-7f42f09b0000 r--s 03bd2000 08:07 428353                     /usr/lib/jvm/java-8-openjdk/jre/lib/rt.jar
7f42f09b3000-7f42f4062000 rw-p 00000000 00:00 0 
7f42f4062000-7f42f4063000 ---p 00000000 00:00 0 
7f42f4063000-7f42f4181000 rw-p 00000000 00:00 0                          [stack:17405]
7f42f4181000-7f42f4338000 ---p 00000000 00:00 0 
7f42f4338000-7f42f4356000 rw-p 00000000 00:00 0 
7f42f4356000-7f42f450c000 ---p 00000000 00:00 0 
7f42f450c000-7f42f4521000 rw-p 00000000 00:00 0 
7f42f4521000-7f42f45f7000 ---p 00000000 00:00 0 
7f42f45f7000-7f42f4606000 rw-p 00000000 00:00 0 
7f42f4606000-7f42f49b8000 ---p 00000000 00:00 0 
7f42f49b8000-7f42f4d38000 rwxp 00000000 00:00 0 
7f42f4d38000-7f43039b8000 ---p 00000000 00:00 0 
7f43039b8000-7f43039c0000 r-xp 00000000 08:07 428408                     /usr/lib/jvm/java-8-openjdk/jre/lib/amd64/libzip.so
7f43039c0000-7f4303bbf000 ---p 00008000 08:07 428408                     /usr/lib/jvm/java-8-openjdk/jre/lib/amd64/libzip.so
7f4303bbf000-7f4303bc0000 rw-p 00007000 08:07 428408                     /usr/lib/jvm/java-8-openjdk/jre/lib/amd64/libzip.so
7f4303bc0000-7f4303bcb000 r-xp 00000000 08:07 133754                     /usr/lib/libnss_files-2.21.so
7f4303bcb000-7f4303dcb000 ---p 0000b000 08:07 133754                     /usr/lib/libnss_files-2.21.so
7f4303dcb000-7f4303dcc000 r--p 0000b000 08:07 133754                     /usr/lib/libnss_files-2.21.so
7f4303dcc000-7f4303dcd000 rw-p 0000c000 08:07 133754                     /usr/lib/libnss_files-2.21.so
7f4303dd0000-7f4303dfd000 r-xp 00000000 08:07 428407                     /usr/lib/jvm/java-8-openjdk/jre/lib/amd64/libjava.so
7f4303dfd000-7f4303ffd000 ---p 0002d000 08:07 428407                     /usr/lib/jvm/java-8-openjdk/jre/lib/amd64/libjava.so
7f4303ffd000-7f4303fff000 rw-p 0002d000 08:07 428407                     /usr/lib/jvm/java-8-openjdk/jre/lib/amd64/libjava.so
7f4304000000-7f4304208000 rw-p 00000000 00:00 0 
7f4304208000-7f4308000000 ---p 00000000 00:00 0 
7f4308000000-7f4308001000 r--s 00000000 08:07 655184                     /var/cache/fontconfig/6ba42ae0000f58711b5caaf10d690066-le64.cache-4
7f4308008000-7f4308009000 r--s 00000000 08:07 565038                     /usr/share/netbeans/java/modules/ext/AbsoluteLayout.jar
7f430800f000-7f43080c7000 rw-p 00000000 00:00 0 
7f43080c7000-7f43080c8000 ---p 00000000 00:00 0 
7f43080c8000-7f43081c8000 rw-p 00000000 00:00 0                          [stack:17404]
7f43081c8000-7f43081d5000 r-xp 00000000 08:07 428399                     /usr/lib/jvm/java-8-openjdk/jre/lib/amd64/libverify.so
7f43081d5000-7f43083d4000 ---p 0000d000 08:07 428399                     /usr/lib/jvm/java-8-openjdk/jre/lib/amd64/libverify.so
7f43083d4000-7f43083d6000 rw-p 0000c000 08:07 428399                     /usr/lib/jvm/java-8-openjdk/jre/lib/amd64/libverify.so
7f43083d8000-7f43083df000 r-xp 00000000 08:07 133786                     /usr/lib/librt-2.21.so
7f43083df000-7f43085de000 ---p 00007000 08:07 133786                     /usr/lib/librt-2.21.so
7f43085de000-7f43085df000 r--p 00006000 08:07 133786                     /usr/lib/librt-2.21.so
7f43085df000-7f43085e0000 rw-p 00007000 08:07 133786                     /usr/lib/librt-2.21.so
7f43085e0000-7f43086e3000 r-xp 00000000 08:07 133813                     /usr/lib/libm-2.21.so
7f43086e3000-7f43088e3000 ---p 00103000 08:07 133813                     /usr/lib/libm-2.21.so
7f43088e3000-7f43088e4000 r--p 00103000 08:07 133813                     /usr/lib/libm-2.21.so
7f43088e4000-7f43088e5000 rw-p 00104000 08:07 133813                     /usr/lib/libm-2.21.so
7f43088e8000-7f4309587000 r-xp 00000000 08:07 428431                     /usr/lib/jvm/java-8-openjdk/jre/lib/amd64/server/libjvm.so
7f4309587000-7f4309787000 ---p 00c9f000 08:07 428431                     /usr/lib/jvm/java-8-openjdk/jre/lib/amd64/server/libjvm.so
7f4309787000-7f4309853000 rw-p 00c9f000 08:07 428431                     /usr/lib/jvm/java-8-openjdk/jre/lib/amd64/server/libjvm.so
7f4309853000-7f4309894000 rw-p 00000000 00:00 0 
7f4309898000-7f4309a31000 r-xp 00000000 08:07 133765                     /usr/lib/libc-2.21.so
7f4309a31000-7f4309c31000 ---p 00199000 08:07 133765                     /usr/lib/libc-2.21.so
7f4309c31000-7f4309c35000 r--p 00199000 08:07 133765                     /usr/lib/libc-2.21.so
7f4309c35000-7f4309c37000 rw-p 0019d000 08:07 133765                     /usr/lib/libc-2.21.so
7f4309c37000-7f4309c3b000 rw-p 00000000 00:00 0 
7f4309c40000-7f4309c42000 r-xp 00000000 08:07 133795                     /usr/lib/libdl-2.21.so
7f4309c42000-7f4309e42000 ---p 00002000 08:07 133795                     /usr/lib/libdl-2.21.so
7f4309e42000-7f4309e43000 r--p 00002000 08:07 133795                     /usr/lib/libdl-2.21.so
7f4309e43000-7f4309e44000 rw-p 00003000 08:07 133795                     /usr/lib/libdl-2.21.so
7f4309e48000-7f4309e55000 r-xp 00000000 08:07 428428                     /usr/lib/jvm/java-8-openjdk/jre/lib/amd64/jli/libjli.so
7f4309e55000-7f430a055000 ---p 0000d000 08:07 428428                     /usr/lib/jvm/java-8-openjdk/jre/lib/amd64/jli/libjli.so
7f430a055000-7f430a056000 rw-p 0000d000 08:07 428428                     /usr/lib/jvm/java-8-openjdk/jre/lib/amd64/jli/libjli.so
7f430a058000-7f430a06d000 r-xp 00000000 08:07 136861                     /usr/lib/libz.so.1.2.8
7f430a06d000-7f430a26c000 ---p 00015000 08:07 136861                     /usr/lib/libz.so.1.2.8
7f430a26c000-7f430a26d000 r--p 00014000 08:07 136861                     /usr/lib/libz.so.1.2.8
7f430a26d000-7f430a26e000 rw-p 00015000 08:07 136861                     /usr/lib/libz.so.1.2.8
7f430a270000-7f430a288000 r-xp 00000000 08:07 133785                     /usr/lib/libpthread-2.21.so
7f430a288000-7f430a487000 ---p 00018000 08:07 133785                     /usr/lib/libpthread-2.21.so
7f430a487000-7f430a488000 r--p 00017000 08:07 133785                     /usr/lib/libpthread-2.21.so
7f430a488000-7f430a489000 rw-p 00018000 08:07 133785                     /usr/lib/libpthread-2.21.so
7f430a489000-7f430a48d000 rw-p 00000000 00:00 0 
7f430a490000-7f430a4b2000 r-xp 00000000 08:07 133809                     /usr/lib/ld-2.21.so
7f430a4b4000-7f430a5a0000 rw-p 00000000 00:00 0 
7f430a5a0000-7f430a5a8000 rw-s 00000000 00:1f 3805399                    /tmp/hsperfdata_maximiliano/17391
7f430a5ac000-7f430a5ae000 rw-p 00000000 00:00 0 
7f430a5ae000-7f430a5af000 ---p 00000000 00:00 0 
7f430a5af000-7f430a5b2000 ---p 00000000 00:00 0 
7f430a5b2000-7f430a6b1000 rw-p 00000000 00:00 0                          [stack:17403]
7f430a6b1000-7f430a6b2000 r--p 00021000 08:07 133809                     /usr/lib/ld-2.21.so
7f430a6b2000-7f430a6b3000 rw-p 00022000 08:07 133809                     /usr/lib/ld-2.21.so
7f430a6b3000-7f430a6b5000 rw-p 00000000 00:00 0 
7f430a6b5000-7f430a6b8000 rw-p 00000000 00:00 0 
7ffd91a41000-7ffd91a62000 rw-p 00000000 00:00 0                          [stack]
7ffd91bc0000-7ffd91bc2000 r--p 00000000 00:00 0                          [vvar]
7ffd91bc2000-7ffd91bc4000 r-xp 00000000 00:00 0                          [vdso]
ffffffffff600000-ffffffffff601000 r-xp 00000000 00:00 0                  [vsyscall]

VM Arguments:
jvm_args: -Dfile.encoding=UTF-8 
java_command: cliente.Cliente
java_class_path (initial): /usr/share/netbeans/java/modules/ext/AbsoluteLayout.jar:/usr/share/netbeans/java/modules/ext/beansbinding-1.2.1.jar:/home/maximiliano/NetBeansProjects/socket/build/classes
Launcher Type: SUN_STANDARD

Environment Variables:
PATH=/usr/local/sbin:/usr/local/bin:/usr/bin:/usr/lib/jvm/default/bin:/usr/bin/site_perl:/usr/bin/vendor_perl:/usr/bin/core_perl
LD_LIBRARY_PATH=/usr/lib/jvm/default/bin/../jre/lib/amd64:/usr/lib/jvm/default/bin/../jre/lib/i386:
SHELL=/bin/bash
DISPLAY=:0

Signal Handlers:
SIGSEGV: [libjvm.so+0xa8f160], sa_mask[0]=11111111011111111101111111111110, sa_flags=SA_RESTART|SA_SIGINFO
SIGBUS: [libjvm.so+0xa8f160], sa_mask[0]=11111111011111111101111111111110, sa_flags=SA_RESTART|SA_SIGINFO
SIGFPE: [libjvm.so+0x8daa30], sa_mask[0]=11111111011111111101111111111110, sa_flags=SA_RESTART|SA_SIGINFO
SIGPIPE: [libjvm.so+0x8daa30], sa_mask[0]=11111111011111111101111111111110, sa_flags=SA_RESTART|SA_SIGINFO
SIGXFSZ: [libjvm.so+0x8daa30], sa_mask[0]=11111111011111111101111111111110, sa_flags=SA_RESTART|SA_SIGINFO
SIGILL: [libjvm.so+0x8daa30], sa_mask[0]=11111111011111111101111111111110, sa_flags=SA_RESTART|SA_SIGINFO
SIGUSR1: SIG_DFL, sa_mask[0]=00000000000000000000000000000000, sa_flags=none
SIGUSR2: [libjvm.so+0x8da8e0], sa_mask[0]=00100000000000000000000000000000, sa_flags=SA_RESTART|SA_SIGINFO
SIGHUP: [libjvm.so+0x8dab00], sa_mask[0]=11111111011111111101111111111110, sa_flags=SA_RESTART|SA_SIGINFO
SIGINT: SIG_IGN, sa_mask[0]=00000000000000000000000000000000, sa_flags=none
SIGTERM: [libjvm.so+0x8dab00], sa_mask[0]=11111111011111111101111111111110, sa_flags=SA_RESTART|SA_SIGINFO
SIGQUIT: [libjvm.so+0x8dab00], sa_mask[0]=11111111011111111101111111111110, sa_flags=SA_RESTART|SA_SIGINFO


---------------  S Y S T E M  ---------------

OS:NAME="Arch Linux"
ID=arch
PRETTY_NAME="Arch Linux"
ANSI_COLOR="0;36"
HOME_URL="https://www.archlinux.org/"
SUPPORT_URL="https://bbs.archlinux.org/"
BUG_REPORT_URL="https://bugs.archlinux.org/"


uname:Linux 3.19.2-1-ARCH #1 SMP PREEMPT Wed Mar 18 16:21:02 CET 2015 x86_64
libc:glibc 2.21 NPTL 2.21 
rlimit: STACK 8192k, CORE 0k, NPROC 22460, NOFILE 4096, AS infinity
load average:225,44 178,18 89,91

/proc/meminfo:
MemTotal:        5755352 kB
MemFree:          140416 kB
MemAvailable:      81768 kB
Buffers:             560 kB
Cached:            39244 kB
SwapCached:         3612 kB
Active:          4243316 kB
Inactive:        1066472 kB
Active(anon):    4227140 kB
Inactive(anon):  1056612 kB
Active(file):      16176 kB
Inactive(file):     9860 kB
Unevictable:          32 kB
Mlocked:              32 kB
SwapTotal:       1048572 kB
SwapFree:          16312 kB
Dirty:                 0 kB
Writeback:          1332 kB
AnonPages:       5278460 kB
Mapped:            25780 kB
Shmem:             13536 kB
Slab:             106152 kB
SReclaimable:      25592 kB
SUnreclaim:        80560 kB
KernelStack:       27984 kB
PageTables:        75964 kB
NFS_Unstable:          0 kB
Bounce:                0 kB
WritebackTmp:          0 kB
CommitLimit:     3926248 kB
Committed_AS:   20769404 kB
VmallocTotal:   34359738367 kB
VmallocUsed:      308068 kB
VmallocChunk:   34359426940 kB
HardwareCorrupted:     0 kB
AnonHugePages:   1531904 kB
HugePages_Total:       0
HugePages_Free:        0
HugePages_Rsvd:        0
HugePages_Surp:        0
Hugepagesize:       2048 kB
DirectMap4k:      689540 kB
DirectMap2M:     5302272 kB
DirectMap1G:           0 kB


CPU:total 2 (2 cores per cpu, 1 threads per core) family 21 model 16 stepping 1, cmov, cx8, fxsr, mmx, sse, sse2, sse3, ssse3, sse4.1, sse4.2, popcnt, avx, aes, clmul, mmxext, 3dnowpref, lzcnt, sse4a, tsc, tscinvbit, tscinv, bmi1

/proc/cpuinfo:
processor	: 0
vendor_id	: AuthenticAMD
cpu family	: 21
model		: 16
model name	: AMD A6-4455M APU with Radeon(tm) HD Graphics
stepping	: 1
microcode	: 0x6001119
cpu MHz		: 2100.000
cache size	: 2048 KB
physical id	: 0
siblings	: 2
core id		: 0
cpu cores	: 1
apicid		: 16
initial apicid	: 0
fpu		: yes
fpu_exception	: yes
cpuid level	: 13
wp		: yes
flags		: fpu vme de pse tsc msr pae mce cx8 apic sep mtrr pge mca cmov pat pse36 clflush mmx fxsr sse sse2 ht syscall nx mmxext fxsr_opt pdpe1gb rdtscp lm constant_tsc rep_good nopl nonstop_tsc extd_apicid aperfmperf pni pclmulqdq monitor ssse3 fma cx16 sse4_1 sse4_2 popcnt aes xsave avx f16c lahf_lm cmp_legacy svm extapic cr8_legacy abm sse4a misalignsse 3dnowprefetch osvw ibs xop skinit wdt lwp fma4 tce nodeid_msr tbm topoext perfctr_core perfctr_nb arat cpb hw_pstate npt lbrv svm_lock nrip_save tsc_scale vmcb_clean flushbyasid decodeassists pausefilter pfthreshold vmmcall bmi1
bugs		: fxsave_leak
bogomips	: 4194.02
TLB size	: 1536 4K pages
clflush size	: 64
cache_alignment	: 64
address sizes	: 48 bits physical, 48 bits virtual
power management: ts ttp tm 100mhzsteps hwpstate cpb eff_freq_ro

processor	: 1
vendor_id	: AuthenticAMD
cpu family	: 21
model		: 16
model name	: AMD A6-4455M APU with Radeon(tm) HD Graphics   
stepping	: 1
microcode	: 0x6001119
cpu MHz		: 2100.000
cache size	: 2048 KB
physical id	: 0
siblings	: 2
core id		: 1
cpu cores	: 1
apicid		: 17
initial apicid	: 1
fpu		: yes
fpu_exception	: yes
cpuid level	: 13
wp		: yes
flags		: fpu vme de pse tsc msr pae mce cx8 apic sep mtrr pge mca cmov pat pse36 clflush mmx fxsr sse sse2 ht syscall nx mmxext fxsr_opt pdpe1gb rdtscp lm constant_tsc rep_good nopl nonstop_tsc extd_apicid aperfmperf pni pclmulqdq monitor ssse3 fma cx16 sse4_1 sse4_2 popcnt aes xsave avx f16c lahf_lm cmp_legacy svm extapic cr8_legacy abm sse4a misalignsse 3dnowprefetch osvw ibs xop skinit wdt lwp fma4 tce nodeid_msr tbm topoext perfctr_core perfctr_nb arat cpb hw_pstate npt lbrv svm_lock nrip_save tsc_scale vmcb_clean flushbyasid decodeassists pausefilter pfthreshold vmmcall bmi1
bugs		: fxsave_leak
bogomips	: 4194.02
TLB size	: 1536 4K pages
clflush size	: 64
cache_alignment	: 64
address sizes	: 48 bits physical, 48 bits virtual
power management: ts ttp tm 100mhzsteps hwpstate cpb eff_freq_ro



Memory: 4k page, physical 5755352k(138100k free), swap 1048572k(16792k free)

vm_info: OpenJDK 64-Bit Server VM (25.40-b23) for linux-amd64 JRE (1.8.0_40-b20), built on Mar 15 2015 09:37:38 by "builduser" with gcc 4.9.2 20150304 (prerelease)

time: Sat Mar 28 19:11:16 2015
elapsed time: 706 seconds (0d 0h 11m 46s)

