#
# There is insufficient memory for the Java Runtime Environment to continue.
# Native memory allocation (mmap) failed to map 46661632 bytes for committing reserved memory.
# Possible reasons:
#   The system is out of physical RAM or swap space
#   In 32 bit mode, the process size limit was hit
# Possible solutions:
#   Reduce memory load on the system
#   Increase physical memory or swap space
#   Check if swap backing store is full
#   Use 64 bit Java on a 64 bit OS
#   Decrease Java heap size (-Xmx/-Xms)
#   Decrease number of Java threads
#   Decrease Java thread stack sizes (-Xss)
#   Set larger code cache with -XX:ReservedCodeCacheSize=
# This output file may be truncated or incomplete.
#
#  Out of Memory Error (os_linux.cpp:2673), pid=16108, tid=140144876152576
#
# JRE version: OpenJDK Runtime Environment (8.0_40-b20) (build 1.8.0_40-b20)
# Java VM: OpenJDK 64-Bit Server VM (25.40-b23 mixed mode linux-amd64 compressed oops)
# Failed to write core dump. Core dumps have been disabled. To enable core dumping, try "ulimit -c unlimited" before starting Java again
#

---------------  T H R E A D  ---------------

Current thread (0x00007f7618071800):  VMThread [stack: 0x00007f76057f6000,0x00007f76058f7000] [id=16141]

Stack: [0x00007f76057f6000,0x00007f76058f7000],  sp=0x00007f76058f54d0,  free space=1021k
Native frames: (J=compiled Java code, j=interpreted, Vv=VM code, C=native code)
V  [libjvm.so+0xa8e69d]
V  [libjvm.so+0x4e856c]
V  [libjvm.so+0x8df110]
V  [libjvm.so+0x8d98de]
V  [libjvm.so+0x952cdb]
V  [libjvm.so+0x954043]
V  [libjvm.so+0x950cce]
V  [libjvm.so+0x950fbc]
V  [libjvm.so+0x903a63]
V  [libjvm.so+0xa90112]
V  [libjvm.so+0xa94c17]
V  [libjvm.so+0xa92f1c]
V  [libjvm.so+0xa93737]
V  [libjvm.so+0xa93c71]
V  [libjvm.so+0x8dc612]

VM_Operation (0x00007f75ddafb1c0): ParallelGCFailedAllocation, mode: safepoint, requested by thread 0x00007f76181fa800


---------------  P R O C E S S  ---------------

Java Threads: ( => current thread )
  0x00007f7618008800 JavaThread "DestroyJavaVM" [_thread_blocked, id=16117, stack(0x00007f761ffe6000,0x00007f76200e7000)]
  0x00007f76181fa800 JavaThread "AWT-EventQueue-0" [_thread_blocked, id=16418, stack(0x00007f75dd9fd000,0x00007f75ddafe000)]
  0x00007f76181f8800 JavaThread "AWT-Shutdown" [_thread_blocked, id=16415, stack(0x00007f75ddafe000,0x00007f75ddbff000)]
  0x00007f76181f6800 JavaThread "AWT-XAWT" daemon [_thread_blocked, id=16410, stack(0x00007f75ddbff000,0x00007f75ddd00000)]
  0x00007f76181ce000 JavaThread "Java2D Disposer" daemon [_thread_blocked, id=16374, stack(0x00007f75de117000,0x00007f75de218000)]
  0x00007f76180b8800 JavaThread "Service Thread" daemon [_thread_blocked, id=16164, stack(0x00007f7605064000,0x00007f7605165000)]
  0x00007f76180b3800 JavaThread "C1 CompilerThread1" daemon [_thread_blocked, id=16163, stack(0x00007f7605165000,0x00007f7605266000)]
  0x00007f76180b0800 JavaThread "C2 CompilerThread0" daemon [_thread_blocked, id=16162, stack(0x00007f7605266000,0x00007f7605367000)]
  0x00007f76180af000 JavaThread "Signal Dispatcher" daemon [_thread_blocked, id=16161, stack(0x00007f7605367000,0x00007f7605468000)]
  0x00007f7618078800 JavaThread "Finalizer" daemon [_thread_blocked, id=16147, stack(0x00007f76055f4000,0x00007f76056f5000)]
  0x00007f7618076800 JavaThread "Reference Handler" daemon [_thread_blocked, id=16144, stack(0x00007f76056f5000,0x00007f76057f6000)]

Other Threads:
=>0x00007f7618071800 VMThread [stack: 0x00007f76057f6000,0x00007f76058f7000] [id=16141]
  0x00007f76180bb000 WatcherThread [stack: 0x00007f7604f63000,0x00007f7605064000] [id=16165]

VM state:at safepoint (normal execution)

VM Mutex/Monitor currently owned by a thread:  ([mutex/lock_event])
[0x00007f7618006050] Threads_lock - owner thread: 0x00007f7618071800
[0x00007f7618006550] Heap_lock - owner thread: 0x00007f76181fa800

Heap:
 PSYoungGen      total 46592K, used 32K [0x00000000e2b80000, 0x00000000e5b00000, 0x0000000100000000)
  eden space 45056K, 0% used [0x00000000e2b80000,0x00000000e2b80000,0x00000000e5780000)
  from space 1536K, 2% used [0x00000000e5800000,0x00000000e5808000,0x00000000e5980000)
  to   space 1536K, 0% used [0x00000000e5980000,0x00000000e5980000,0x00000000e5b00000)
 ParOldGen       total 60416K, used 1508K [0x00000000a8200000, 0x00000000abd00000, 0x00000000e2b80000)
  object space 60416K, 2% used [0x00000000a8200000,0x00000000a8379388,0x00000000abd00000)
 Metaspace       used 8904K, capacity 9158K, committed 9344K, reserved 1056768K
  class space    used 944K, capacity 1025K, committed 1152K, reserved 1048576K

Card table byte_map: [0x00007f761cf38000,0x00007f761d1f8000] byte_map_base: 0x00007f761c9f7000

Marking Bits: (ParMarkBitMap*) 0x00007f761f29f580
 Begin Bits: [0x00007f7606410000, 0x00007f7607a08000)
 End Bits:   [0x00007f7607a08000, 0x00007f7609000000)

Polling page: 0x00007f761ffe5000

CodeCache: size=245760Kb used=3226Kb max_used=3230Kb free=242533Kb
 bounds [0x00007f7609000000, 0x00007f7609330000, 0x00007f7618000000]
 total_blobs=1217 nmethods=776 adapters=357
 compilation: enabled

Compilation events (10 events):
Event: 664,220 Thread 0x00007f76180b3800  793  s    3       java.io.BufferedOutputStream::write (67 bytes)
Event: 664,223 Thread 0x00007f76180b3800 nmethod 793 0x00007f7609326f90 code [0x00007f7609327160, 0x00007f7609327998]
Event: 664,223 Thread 0x00007f76180b3800  794       3       java.io.FileOutputStream::write (12 bytes)
Event: 664,223 Thread 0x00007f76180b3800 nmethod 794 0x00007f7609326c10 code [0x00007f7609326d80, 0x00007f7609326f08]
Event: 664,223 Thread 0x00007f76180b3800  796   !   3       java.io.PrintStream::flush (35 bytes)
Event: 664,224 Thread 0x00007f76180b3800 nmethod 796 0x00007f7609326250 code [0x00007f7609326400, 0x00007f7609326958]
Event: 680,134 Thread 0x00007f76180b3800  799       1       java.io.OutputStream::flush (1 bytes)
Event: 680,134 Thread 0x00007f76180b3800 nmethod 799 0x00007f7609325f90 code [0x00007f76093260e0, 0x00007f76093261f0]
Event: 680,150 Thread 0x00007f76180b3800  800       1       java.io.StringWriter::close (1 bytes)
Event: 680,150 Thread 0x00007f76180b3800 nmethod 800 0x00007f7609325cd0 code [0x00007f7609325e20, 0x00007f7609325f30]

GC Heap History (10 events):
Event: 646,763 GC heap after
Heap after GC invocations=2 (full 0):
 PSYoungGen      total 26112K, used 1504K [0x00000000e2b80000, 0x00000000e4880000, 0x0000000100000000)
  eden space 22528K, 0% used [0x00000000e2b80000,0x00000000e2b80000,0x00000000e4180000)
  from space 3584K, 41% used [0x00000000e4500000,0x00000000e4678000,0x00000000e4880000)
  to   space 3584K, 0% used [0x00000000e4180000,0x00000000e4180000,0x00000000e4500000)
 ParOldGen       total 60416K, used 24K [0x00000000a8200000, 0x00000000abd00000, 0x00000000e2b80000)
  object space 60416K, 0% used [0x00000000a8200000,0x00000000a8206000,0x00000000abd00000)
 Metaspace       used 8892K, capacity 9158K, committed 9344K, reserved 1056768K
  class space    used 944K, capacity 1025K, committed 1152K, reserved 1048576K
}
Event: 664,033 GC heap before
{Heap before GC invocations=3 (full 0):
 PSYoungGen      total 26112K, used 24032K [0x00000000e2b80000, 0x00000000e4880000, 0x0000000100000000)
  eden space 22528K, 100% used [0x00000000e2b80000,0x00000000e4180000,0x00000000e4180000)
  from space 3584K, 41% used [0x00000000e4500000,0x00000000e4678000,0x00000000e4880000)
  to   space 3584K, 0% used [0x00000000e4180000,0x00000000e4180000,0x00000000e4500000)
 ParOldGen       total 60416K, used 24K [0x00000000a8200000, 0x00000000abd00000, 0x00000000e2b80000)
  object space 60416K, 0% used [0x00000000a8200000,0x00000000a8206000,0x00000000abd00000)
 Metaspace       used 8900K, capacity 9158K, committed 9344K, reserved 1056768K
  class space    used 944K, capacity 1025K, committed 1152K, reserved 1048576K
Event: 664,039 GC heap after
Heap after GC invocations=3 (full 0):
 PSYoungGen      total 26112K, used 1504K [0x00000000e2b80000, 0x00000000e4880000, 0x0000000100000000)
  eden space 22528K, 0% used [0x00000000e2b80000,0x00000000e2b80000,0x00000000e4180000)
  from space 3584K, 41% used [0x00000000e4180000,0x00000000e42f8000,0x00000000e4500000)
  to   space 3584K, 0% used [0x00000000e4500000,0x00000000e4500000,0x00000000e4880000)
 ParOldGen       total 60416K, used 32K [0x00000000a8200000, 0x00000000abd00000, 0x00000000e2b80000)
  object space 60416K, 0% used [0x00000000a8200000,0x00000000a8208000,0x00000000abd00000)
 Metaspace       used 8900K, capacity 9158K, committed 9344K, reserved 1056768K
  class space    used 944K, capacity 1025K, committed 1152K, reserved 1048576K
}
Event: 680,056 GC heap before
{Heap before GC invocations=4 (full 0):
 PSYoungGen      total 26112K, used 24032K [0x00000000e2b80000, 0x00000000e4880000, 0x0000000100000000)
  eden space 22528K, 100% used [0x00000000e2b80000,0x00000000e4180000,0x00000000e4180000)
  from space 3584K, 41% used [0x00000000e4180000,0x00000000e42f8000,0x00000000e4500000)
  to   space 3584K, 0% used [0x00000000e4500000,0x00000000e4500000,0x00000000e4880000)
 ParOldGen       total 60416K, used 32K [0x00000000a8200000, 0x00000000abd00000, 0x00000000e2b80000)
  object space 60416K, 0% used [0x00000000a8200000,0x00000000a8208000,0x00000000abd00000)
 Metaspace       used 8904K, capacity 9158K, committed 9344K, reserved 1056768K
  class space    used 944K, capacity 1025K, committed 1152K, reserved 1048576K
Event: 680,067 GC heap after
Heap after GC invocations=4 (full 0):
 PSYoungGen      total 26112K, used 1488K [0x00000000e2b80000, 0x00000000e4880000, 0x0000000100000000)
  eden space 22528K, 0% used [0x00000000e2b80000,0x00000000e2b80000,0x00000000e4180000)
  from space 3584K, 41% used [0x00000000e4500000,0x00000000e4674010,0x00000000e4880000)
  to   space 3584K, 0% used [0x00000000e4180000,0x00000000e4180000,0x00000000e4500000)
 ParOldGen       total 60416K, used 40K [0x00000000a8200000, 0x00000000abd00000, 0x00000000e2b80000)
  object space 60416K, 0% used [0x00000000a8200000,0x00000000a820a000,0x00000000abd00000)
 Metaspace       used 8904K, capacity 9158K, committed 9344K, reserved 1056768K
  class space    used 944K, capacity 1025K, committed 1152K, reserved 1048576K
}
Event: 680,191 GC heap before
{Heap before GC invocations=5 (full 0):
 PSYoungGen      total 26112K, used 24016K [0x00000000e2b80000, 0x00000000e4880000, 0x0000000100000000)
  eden space 22528K, 100% used [0x00000000e2b80000,0x00000000e4180000,0x00000000e4180000)
  from space 3584K, 41% used [0x00000000e4500000,0x00000000e4674010,0x00000000e4880000)
  to   space 3584K, 0% used [0x00000000e4180000,0x00000000e4180000,0x00000000e4500000)
 ParOldGen       total 60416K, used 40K [0x00000000a8200000, 0x00000000abd00000, 0x00000000e2b80000)
  object space 60416K, 0% used [0x00000000a8200000,0x00000000a820a000,0x00000000abd00000)
 Metaspace       used 8904K, capacity 9158K, committed 9344K, reserved 1056768K
  class space    used 944K, capacity 1025K, committed 1152K, reserved 1048576K
Event: 680,200 GC heap after
Heap after GC invocations=5 (full 0):
 PSYoungGen      total 26112K, used 1488K [0x00000000e2b80000, 0x00000000e5b80000, 0x0000000100000000)
  eden space 22528K, 0% used [0x00000000e2b80000,0x00000000e2b80000,0x00000000e4180000)
  from space 3584K, 41% used [0x00000000e4180000,0x00000000e42f4010,0x00000000e4500000)
  to   space 2048K, 0% used [0x00000000e5980000,0x00000000e5980000,0x00000000e5b80000)
 ParOldGen       total 60416K, used 48K [0x00000000a8200000, 0x00000000abd00000, 0x00000000e2b80000)
  object space 60416K, 0% used [0x00000000a8200000,0x00000000a820c000,0x00000000abd00000)
 Metaspace       used 8904K, capacity 9158K, committed 9344K, reserved 1056768K
  class space    used 944K, capacity 1025K, committed 1152K, reserved 1048576K
}
Event: 687,521 GC heap before
{Heap before GC invocations=6 (full 0):
 PSYoungGen      total 26112K, used 24016K [0x00000000e2b80000, 0x00000000e5b80000, 0x0000000100000000)
  eden space 22528K, 100% used [0x00000000e2b80000,0x00000000e4180000,0x00000000e4180000)
  from space 3584K, 41% used [0x00000000e4180000,0x00000000e42f4010,0x00000000e4500000)
  to   space 2048K, 0% used [0x00000000e5980000,0x00000000e5980000,0x00000000e5b80000)
 ParOldGen       total 60416K, used 48K [0x00000000a8200000, 0x00000000abd00000, 0x00000000e2b80000)
  object space 60416K, 0% used [0x00000000a8200000,0x00000000a820c000,0x00000000abd00000)
 Metaspace       used 8904K, capacity 9158K, committed 9344K, reserved 1056768K
  class space    used 944K, capacity 1025K, committed 1152K, reserved 1048576K
Event: 687,759 GC heap after
Heap after GC invocations=6 (full 0):
 PSYoungGen      total 46592K, used 1504K [0x00000000e2b80000, 0x00000000e5b00000, 0x0000000100000000)
  eden space 45056K, 0% used [0x00000000e2b80000,0x00000000e2b80000,0x00000000e5780000)
  from space 1536K, 97% used [0x00000000e5980000,0x00000000e5af8000,0x00000000e5b00000)
  to   space 1536K, 0% used [0x00000000e5800000,0x00000000e5800000,0x00000000e5980000)
 ParOldGen       total 60416K, used 48K [0x00000000a8200000, 0x00000000abd00000, 0x00000000e2b80000)
  object space 60416K, 0% used [0x00000000a8200000,0x00000000a820c000,0x00000000abd00000)
 Metaspace       used 8904K, capacity 9158K, committed 9344K, reserved 1056768K
  class space    used 944K, capacity 1025K, committed 1152K, reserved 1048576K
}
Event: 828,330 GC heap before
{Heap before GC invocations=7 (full 0):
 PSYoungGen      total 46592K, used 46560K [0x00000000e2b80000, 0x00000000e5b00000, 0x0000000100000000)
  eden space 45056K, 100% used [0x00000000e2b80000,0x00000000e5780000,0x00000000e5780000)
  from space 1536K, 97% used [0x00000000e5980000,0x00000000e5af8000,0x00000000e5b00000)
  to   space 1536K, 0% used [0x00000000e5800000,0x00000000e5800000,0x00000000e5980000)
 ParOldGen       total 60416K, used 48K [0x00000000a8200000, 0x00000000abd00000, 0x00000000e2b80000)
  object space 60416K, 0% used [0x00000000a8200000,0x00000000a820c000,0x00000000abd00000)
 Metaspace       used 8904K, capacity 9158K, committed 9344K, reserved 1056768K
  class space    used 944K, capacity 1025K, committed 1152K, reserved 1048576K

Deoptimization events (1 events):
Event: 284,536 Thread 0x00007f76181fa800 Uncommon trap: reason=unloaded action=reinterpret pc=0x00007f76091be844 method=cliente.SocketClient.escribir(Ljava/lang/String;)V @ 14

Internal exceptions (10 events):
Event: 804,659 Thread 0x00007f76181fa800 Exception <a 'java/io/IOException'> (0x00000000e573a418) thrown at [/build/java8-openjdk/src/jdk8u-jdk8u40-b20/hotspot/src/share/vm/prims/jni.cpp, line 709]
Event: 804,659 Thread 0x00007f76181fa800 Exception <a 'java/net/SocketException'> (0x00000000e573a658) thrown at [/build/java8-openjdk/src/jdk8u-jdk8u40-b20/hotspot/src/share/vm/prims/jni.cpp, line 709]
Event: 804,660 Thread 0x00007f76181fa800 Exception <a 'java/io/IOException'> (0x00000000e574b328) thrown at [/build/java8-openjdk/src/jdk8u-jdk8u40-b20/hotspot/src/share/vm/prims/jni.cpp, line 709]
Event: 804,660 Thread 0x00007f76181fa800 Exception <a 'java/net/SocketException'> (0x00000000e574b568) thrown at [/build/java8-openjdk/src/jdk8u-jdk8u40-b20/hotspot/src/share/vm/prims/jni.cpp, line 709]
Event: 804,660 Thread 0x00007f76181fa800 Exception <a 'java/io/IOException'> (0x00000000e575c238) thrown at [/build/java8-openjdk/src/jdk8u-jdk8u40-b20/hotspot/src/share/vm/prims/jni.cpp, line 709]
Event: 804,660 Thread 0x00007f76181fa800 Exception <a 'java/net/SocketException'> (0x00000000e575c478) thrown at [/build/java8-openjdk/src/jdk8u-jdk8u40-b20/hotspot/src/share/vm/prims/jni.cpp, line 709]
Event: 804,660 Thread 0x00007f76181fa800 Exception <a 'java/io/IOException'> (0x00000000e576d148) thrown at [/build/java8-openjdk/src/jdk8u-jdk8u40-b20/hotspot/src/share/vm/prims/jni.cpp, line 709]
Event: 804,660 Thread 0x00007f76181fa800 Exception <a 'java/net/SocketException'> (0x00000000e576d388) thrown at [/build/java8-openjdk/src/jdk8u-jdk8u40-b20/hotspot/src/share/vm/prims/jni.cpp, line 709]
Event: 804,661 Thread 0x00007f76181fa800 Exception <a 'java/io/IOException'> (0x00000000e577e058) thrown at [/build/java8-openjdk/src/jdk8u-jdk8u40-b20/hotspot/src/share/vm/prims/jni.cpp, line 709]
Event: 804,661 Thread 0x00007f76181fa800 Exception <a 'java/net/SocketException'> (0x00000000e577e298) thrown at [/build/java8-openjdk/src/jdk8u-jdk8u40-b20/hotspot/src/share/vm/prims/jni.cpp, line 709]

Events (10 events):
Event: 646,767 Executing VM operation: ParallelGCFailedAllocation done
Event: 650,000 Executing VM operation: ParallelGCFailedAllocation
Event: 664,039 Executing VM operation: ParallelGCFailedAllocation done
Event: 664,422 Executing VM operation: ParallelGCFailedAllocation
Event: 680,067 Executing VM operation: ParallelGCFailedAllocation done
Event: 680,191 Executing VM operation: ParallelGCFailedAllocation
Event: 680,200 Executing VM operation: ParallelGCFailedAllocation done
Event: 680,292 Executing VM operation: ParallelGCFailedAllocation
Event: 687,759 Executing VM operation: ParallelGCFailedAllocation done
Event: 804,671 Executing VM operation: ParallelGCFailedAllocation


Dynamic libraries:
00400000-00401000 r-xp 00000000 08:07 428440                             /usr/lib/jvm/java-8-openjdk/jre/bin/java
00600000-00601000 rw-p 00000000 08:07 428440                             /usr/lib/jvm/java-8-openjdk/jre/bin/java
0060a000-0062b000 rw-p 00000000 00:00 0                                  [heap]
a8200000-abd00000 rw-p 00000000 00:00 0 
abd00000-e2b80000 ---p 00000000 00:00 0 
e2b80000-e5b00000 rw-p 00000000 00:00 0 
e8780000-100000000 ---p 00000000 00:00 0 
100000000-100120000 rw-p 00000000 00:00 0 
100120000-140000000 ---p 00000000 00:00 0 
7f75c4000000-7f75c40d5000 rw-p 00000000 00:00 0 
7f75c40d5000-7f75c8000000 ---p 00000000 00:00 0 
7f75cc000000-7f75cc021000 rw-p 00000000 00:00 0 
7f75cc021000-7f75d0000000 ---p 00000000 00:00 0 
7f75d0000000-7f75d0021000 rw-p 00000000 00:00 0 
7f75d0021000-7f75d4000000 ---p 00000000 00:00 0 
7f75d4000000-7f75d4021000 rw-p 00000000 00:00 0 
7f75d4021000-7f75d8000000 ---p 00000000 00:00 0 
7f75d8000000-7f75d8021000 rw-p 00000000 00:00 0 
7f75d8021000-7f75dc000000 ---p 00000000 00:00 0 
7f75dd786000-7f75dd791000 r--s 00116000 08:07 428369                     /usr/lib/jvm/java-8-openjdk/jre/lib/ext/localedata.jar
7f75dd793000-7f75dd7af000 r--s 00393000 08:07 428370                     /usr/lib/jvm/java-8-openjdk/jre/lib/ext/cldrdata.jar
7f75dd7af000-7f75dd7e0000 rw-p 00000000 00:00 0 
7f75dd7e0000-7f75dd7f6000 r-xp 00000000 08:07 428410                     /usr/lib/jvm/java-8-openjdk/jre/lib/amd64/libnet.so
7f75dd7f6000-7f75dd9f6000 ---p 00016000 08:07 428410                     /usr/lib/jvm/java-8-openjdk/jre/lib/amd64/libnet.so
7f75dd9f6000-7f75dd9f7000 rw-p 00016000 08:07 428410                     /usr/lib/jvm/java-8-openjdk/jre/lib/amd64/libnet.so
7f75dd9fd000-7f75dda00000 ---p 00000000 00:00 0 
7f75dda00000-7f75ddafe000 rw-p 00000000 00:00 0                          [stack:16418]
7f75ddafe000-7f75ddb01000 ---p 00000000 00:00 0 
7f75ddb01000-7f75ddbff000 rw-p 00000000 00:00 0                          [stack:16415]
7f75ddbff000-7f75ddc02000 ---p 00000000 00:00 0 
7f75ddc02000-7f75ddd00000 rw-p 00000000 00:00 0                          [stack:16410]
7f75ddd00000-7f75ddd05000 r-xp 00000000 08:07 159396                     /usr/lib/libXfixes.so.3.1.0
7f75ddd05000-7f75ddf04000 ---p 00005000 08:07 159396                     /usr/lib/libXfixes.so.3.1.0
7f75ddf04000-7f75ddf05000 r--p 00004000 08:07 159396                     /usr/lib/libXfixes.so.3.1.0
7f75ddf05000-7f75ddf06000 rw-p 00005000 08:07 159396                     /usr/lib/libXfixes.so.3.1.0
7f75ddf08000-7f75ddf12000 r-xp 00000000 08:07 160813                     /usr/lib/libXcursor.so.1.0.2
7f75ddf12000-7f75de111000 ---p 0000a000 08:07 160813                     /usr/lib/libXcursor.so.1.0.2
7f75de111000-7f75de112000 r--p 00009000 08:07 160813                     /usr/lib/libXcursor.so.1.0.2
7f75de112000-7f75de113000 rw-p 0000a000 08:07 160813                     /usr/lib/libXcursor.so.1.0.2
7f75de117000-7f75de11a000 ---p 00000000 00:00 0 
7f75de11a000-7f75de218000 rw-p 00000000 00:00 0                          [stack:16374]
7f75de218000-7f75de286000 r-xp 00000000 08:07 141965                     /usr/lib/libpcre.so.1.2.4
7f75de286000-7f75de485000 ---p 0006e000 08:07 141965                     /usr/lib/libpcre.so.1.2.4
7f75de485000-7f75de486000 r--p 0006d000 08:07 141965                     /usr/lib/libpcre.so.1.2.4
7f75de486000-7f75de487000 rw-p 0006e000 08:07 141965                     /usr/lib/libpcre.so.1.2.4
7f75de488000-7f75de4a4000 r-xp 00000000 08:07 159932                     /usr/lib/libgraphite2.so.3.0.1
7f75de4a4000-7f75de6a3000 ---p 0001c000 08:07 159932                     /usr/lib/libgraphite2.so.3.0.1
7f75de6a3000-7f75de6a5000 r--p 0001b000 08:07 159932                     /usr/lib/libgraphite2.so.3.0.1
7f75de6a5000-7f75de6a6000 rw-p 0001d000 08:07 159932                     /usr/lib/libgraphite2.so.3.0.1
7f75de6a8000-7f75de7b4000 r-xp 00000000 08:07 186737                     /usr/lib/libglib-2.0.so.0.4200.2
7f75de7b4000-7f75de9b3000 ---p 0010c000 08:07 186737                     /usr/lib/libglib-2.0.so.0.4200.2
7f75de9b3000-7f75de9b4000 r--p 0010b000 08:07 186737                     /usr/lib/libglib-2.0.so.0.4200.2
7f75de9b4000-7f75de9b5000 rw-p 0010c000 08:07 186737                     /usr/lib/libglib-2.0.so.0.4200.2
7f75de9b5000-7f75de9b6000 rw-p 00000000 00:00 0 
7f75de9b8000-7f75dea12000 r-xp 00000000 08:07 159941                     /usr/lib/libharfbuzz.so.0.940.0
7f75dea12000-7f75dec11000 ---p 0005a000 08:07 159941                     /usr/lib/libharfbuzz.so.0.940.0
7f75dec11000-7f75dec14000 r--p 00059000 08:07 159941                     /usr/lib/libharfbuzz.so.0.940.0
7f75dec14000-7f75dec15000 rw-p 0005c000 08:07 159941                     /usr/lib/libharfbuzz.so.0.940.0
7f75dec18000-7f75dec4d000 r-xp 00000000 08:07 159517                     /usr/lib/libpng16.so.16.16.0
7f75dec4d000-7f75dee4c000 ---p 00035000 08:07 159517                     /usr/lib/libpng16.so.16.16.0
7f75dee4c000-7f75dee4d000 r--p 00034000 08:07 159517                     /usr/lib/libpng16.so.16.16.0
7f75dee4d000-7f75dee4e000 rw-p 00035000 08:07 159517                     /usr/lib/libpng16.so.16.16.0
7f75dee50000-7f75dee5f000 r-xp 00000000 08:07 136853                     /usr/lib/libbz2.so.1.0.6
7f75dee5f000-7f75df05e000 ---p 0000f000 08:07 136853                     /usr/lib/libbz2.so.1.0.6
7f75df05e000-7f75df060000 rw-p 0000e000 08:07 136853                     /usr/lib/libbz2.so.1.0.6
7f75df060000-7f75df076000 r-xp 00000000 08:07 134103                     /usr/lib/libgcc_s.so.1
7f75df076000-7f75df275000 ---p 00016000 08:07 134103                     /usr/lib/libgcc_s.so.1
7f75df275000-7f75df276000 rw-p 00015000 08:07 134103                     /usr/lib/libgcc_s.so.1
7f75df278000-7f75df32e000 r-xp 00000000 08:07 159955                     /usr/lib/libfreetype.so.6.11.4
7f75df32e000-7f75df52e000 ---p 000b6000 08:07 159955                     /usr/lib/libfreetype.so.6.11.4
7f75df52e000-7f75df534000 r--p 000b6000 08:07 159955                     /usr/lib/libfreetype.so.6.11.4
7f75df534000-7f75df535000 rw-p 000bc000 08:07 159955                     /usr/lib/libfreetype.so.6.11.4
7f75df538000-7f75df599000 r-xp 00000000 08:07 428427                     /usr/lib/jvm/java-8-openjdk/jre/lib/amd64/libfontmanager.so
7f75df599000-7f75df798000 ---p 00061000 08:07 428427                     /usr/lib/jvm/java-8-openjdk/jre/lib/amd64/libfontmanager.so
7f75df798000-7f75df79c000 rw-p 00060000 08:07 428427                     /usr/lib/jvm/java-8-openjdk/jre/lib/amd64/libfontmanager.so
7f75df79c000-7f75df7af000 rw-p 00000000 00:00 0 
7f75df7b0000-7f75df7b5000 r-xp 00000000 08:07 156005                     /usr/lib/libXdmcp.so.6.0.0
7f75df7b5000-7f75df9b4000 ---p 00005000 08:07 156005                     /usr/lib/libXdmcp.so.6.0.0
7f75df9b4000-7f75df9b5000 r--p 00004000 08:07 156005                     /usr/lib/libXdmcp.so.6.0.0
7f75df9b5000-7f75df9b6000 rw-p 00005000 08:07 156005                     /usr/lib/libXdmcp.so.6.0.0
7f75df9b8000-7f75df9ba000 r-xp 00000000 08:07 156010                     /usr/lib/libXau.so.6.0.0
7f75df9ba000-7f75dfbba000 ---p 00002000 08:07 156010                     /usr/lib/libXau.so.6.0.0
7f75dfbba000-7f75dfbbb000 r--p 00002000 08:07 156010                     /usr/lib/libXau.so.6.0.0
7f75dfbbb000-7f75dfbbc000 rw-p 00003000 08:07 156010                     /usr/lib/libXau.so.6.0.0
7f75dfbc0000-7f75dfbe1000 r-xp 00000000 08:07 158332                     /usr/lib/libxcb.so.1.1.0
7f75dfbe1000-7f75dfde0000 ---p 00021000 08:07 158332                     /usr/lib/libxcb.so.1.1.0
7f75dfde0000-7f75dfde1000 r--p 00020000 08:07 158332                     /usr/lib/libxcb.so.1.1.0
7f75dfde1000-7f75dfde2000 rw-p 00021000 08:07 158332                     /usr/lib/libxcb.so.1.1.0
7f75dfde8000-7f75dfdf7000 r-xp 00000000 08:07 159390                     /usr/lib/libXi.so.6.1.0
7f75dfdf7000-7f75dfff7000 ---p 0000f000 08:07 159390                     /usr/lib/libXi.so.6.1.0
7f75dfff7000-7f75dfff8000 r--p 0000f000 08:07 159390                     /usr/lib/libXi.so.6.1.0
7f75dfff8000-7f75dfff9000 rw-p 00010000 08:07 159390                     /usr/lib/libXi.so.6.1.0
7f75e0000000-7f75e0327000 rw-p 00000000 00:00 0 
7f75e0327000-7f75e4000000 ---p 00000000 00:00 0 
7f75e4000000-7f75e4021000 rw-p 00000000 00:00 0 
7f75e4021000-7f75e8000000 ---p 00000000 00:00 0 
7f75e8000000-7f75e8021000 rw-p 00000000 00:00 0 
7f75e8021000-7f75ec000000 ---p 00000000 00:00 0 
7f75ec000000-7f75ec8f2000 rw-p 00000000 00:00 0 
7f75ec8f2000-7f75f0000000 ---p 00000000 00:00 0 
7f75f0000000-7f75f0021000 rw-p 00000000 00:00 0 
7f75f0021000-7f75f4000000 ---p 00000000 00:00 0 
7f75f4000000-7f75f4021000 rw-p 00000000 00:00 0 
7f75f4021000-7f75f8000000 ---p 00000000 00:00 0 
7f75f8000000-7f75f8021000 rw-p 00000000 00:00 0 
7f75f8021000-7f75fc000000 ---p 00000000 00:00 0 
7f75fc000000-7f75fc021000 rw-p 00000000 00:00 0 
7f75fc021000-7f7600000000 ---p 00000000 00:00 0 
7f7600000000-7f7600021000 rw-p 00000000 00:00 0 
7f7600021000-7f7604000000 ---p 00000000 00:00 0 
7f7604010000-7f7604029000 r--s 00000000 08:07 669984                     /var/cache/fontconfig/8d4af663993b81a124ee82e610bb31f9-le64.cache-4
7f7604030000-7f760403f000 r--s 00000000 08:07 658776                     /var/cache/fontconfig/5a02e0a9ca9b27d0aa4bd0c42ba2438d-le64.cache-4
7f7604040000-7f760404a000 r--s 00000000 08:07 655257                     /var/cache/fontconfig/d62e99ef547d1d24cdb1bd22ec1a2976-le64.cache-4
7f7604050000-7f760405d000 r--s 00000000 08:07 675069                     /var/cache/fontconfig/f6b893a7224233d96cb72fd88691c0b4-le64.cache-4
7f7604060000-7f7604065000 r-xp 00000000 08:07 159412                     /usr/lib/libXtst.so.6.1.0
7f7604065000-7f7604264000 ---p 00005000 08:07 159412                     /usr/lib/libXtst.so.6.1.0
7f7604264000-7f7604265000 r--p 00004000 08:07 159412                     /usr/lib/libXtst.so.6.1.0
7f7604265000-7f7604266000 rw-p 00005000 08:07 159412                     /usr/lib/libXtst.so.6.1.0
7f7604268000-7f7604271000 r-xp 00000000 08:07 159929                     /usr/lib/libXrender.so.1.3.0
7f7604271000-7f7604470000 ---p 00009000 08:07 159929                     /usr/lib/libXrender.so.1.3.0
7f7604470000-7f7604471000 r--p 00008000 08:07 159929                     /usr/lib/libXrender.so.1.3.0
7f7604471000-7f7604472000 rw-p 00009000 08:07 159929                     /usr/lib/libXrender.so.1.3.0
7f7604478000-7f76045b3000 r-xp 00000000 08:07 158413                     /usr/lib/libX11.so.6.3.0
7f76045b3000-7f76047b2000 ---p 0013b000 08:07 158413                     /usr/lib/libX11.so.6.3.0
7f76047b2000-7f76047b4000 r--p 0013a000 08:07 158413                     /usr/lib/libX11.so.6.3.0
7f76047b4000-7f76047b9000 rw-p 0013c000 08:07 158413                     /usr/lib/libX11.so.6.3.0
7f76047b9000-7f76047ba000 rw-p 00000000 00:00 0 
7f76047c0000-7f76047d1000 r-xp 00000000 08:07 159311                     /usr/lib/libXext.so.6.4.0
7f76047d1000-7f76049d0000 ---p 00011000 08:07 159311                     /usr/lib/libXext.so.6.4.0
7f76049d0000-7f76049d1000 r--p 00010000 08:07 159311                     /usr/lib/libXext.so.6.4.0
7f76049d1000-7f76049d2000 rw-p 00011000 08:07 159311                     /usr/lib/libXext.so.6.4.0
7f76049d8000-7f76049da000 r--s 00000000 08:07 669321                     /var/cache/fontconfig/452f1fac34b224105d7acfae3034bcd5-le64.cache-4
7f76049e0000-7f76049e9000 r--s 00000000 08:07 669908                     /var/cache/fontconfig/f349e9996a5320f6dd491cedd2b1f964-le64.cache-4
7f76049ed000-7f7604a00000 r--s 00345000 08:07 428351                     /usr/lib/jvm/java-8-openjdk/jre/lib/resources.jar
7f7604a00000-7f7604a26000 r--p 00000000 08:07 133714                     /usr/share/locale/es/LC_MESSAGES/libc.mo
7f7604a28000-7f7604a7b000 r-xp 00000000 08:07 428425                     /usr/lib/jvm/java-8-openjdk/jre/lib/amd64/libawt_xawt.so
7f7604a7b000-7f7604c7a000 ---p 00053000 08:07 428425                     /usr/lib/jvm/java-8-openjdk/jre/lib/amd64/libawt_xawt.so
7f7604c7a000-7f7604c7e000 rw-p 00052000 08:07 428425                     /usr/lib/jvm/java-8-openjdk/jre/lib/amd64/libawt_xawt.so
7f7604c7e000-7f7604c7f000 rw-p 00000000 00:00 0 
7f7604c80000-7f7604d20000 r-xp 00000000 08:07 428422                     /usr/lib/jvm/java-8-openjdk/jre/lib/amd64/libawt.so
7f7604d20000-7f7604f20000 ---p 000a0000 08:07 428422                     /usr/lib/jvm/java-8-openjdk/jre/lib/amd64/libawt.so
7f7604f20000-7f7604f2c000 rw-p 000a0000 08:07 428422                     /usr/lib/jvm/java-8-openjdk/jre/lib/amd64/libawt.so
7f7604f2c000-7f7604f50000 rw-p 00000000 00:00 0 
7f7604f50000-7f7604f55000 r--s 002f8000 08:07 428349                     /usr/lib/jvm/java-8-openjdk/jre/lib/charsets.jar
7f7604f5c000-7f7604f63000 r--s 00094000 08:07 565039                     /usr/share/netbeans/java/modules/ext/beansbinding-1.2.1.jar
7f7604f63000-7f7604f64000 ---p 00000000 00:00 0 
7f7604f64000-7f7605064000 rw-p 00000000 00:00 0                          [stack:16165]
7f7605064000-7f7605067000 ---p 00000000 00:00 0 
7f7605067000-7f7605165000 rw-p 00000000 00:00 0                          [stack:16164]
7f7605165000-7f7605168000 ---p 00000000 00:00 0 
7f7605168000-7f7605266000 rw-p 00000000 00:00 0                          [stack:16163]
7f7605266000-7f7605269000 ---p 00000000 00:00 0 
7f7605269000-7f7605367000 rw-p 00000000 00:00 0                          [stack:16162]
7f7605367000-7f760536a000 ---p 00000000 00:00 0 
7f760536a000-7f7605468000 rw-p 00000000 00:00 0                          [stack:16161]
7f7605468000-7f76055f1000 r--p 00000000 08:07 159448                     /usr/lib/locale/locale-archive
7f76055f4000-7f76055f7000 ---p 00000000 00:00 0 
7f76055f7000-7f76056f5000 rw-p 00000000 00:00 0                          [stack:16147]
7f76056f5000-7f76056f8000 ---p 00000000 00:00 0 
7f76056f8000-7f76057f6000 rw-p 00000000 00:00 0                          [stack:16144]
7f76057f6000-7f76057f7000 ---p 00000000 00:00 0 
7f76057f7000-7f7606242000 rw-p 00000000 00:00 0                          [stack:16141]
7f7606242000-7f7606410000 r--s 03bd2000 08:07 428353                     /usr/lib/jvm/java-8-openjdk/jre/lib/rt.jar
7f7606410000-7f7609000000 rw-p 00000000 00:00 0 
7f7609000000-7f7609330000 rwxp 00000000 00:00 0 
7f7609330000-7f7618000000 ---p 00000000 00:00 0 
7f7618000000-7f76181fc000 rw-p 00000000 00:00 0 
7f76181fc000-7f761c000000 ---p 00000000 00:00 0 
7f761c000000-7f761c001000 r--s 00000000 08:07 655184                     /var/cache/fontconfig/6ba42ae0000f58711b5caaf10d690066-le64.cache-4
7f761c008000-7f761c009000 r--s 00000000 08:07 565038                     /usr/share/netbeans/java/modules/ext/AbsoluteLayout.jar
7f761c00b000-7f761cb61000 rw-p 00000000 00:00 0 
7f761cb61000-7f761cb62000 ---p 00000000 00:00 0 
7f761cb62000-7f761cc62000 rw-p 00000000 00:00 0                          [stack:16124]
7f761cc62000-7f761cc63000 ---p 00000000 00:00 0 
7f761cc63000-7f761cd81000 rw-p 00000000 00:00 0                          [stack:16121]
7f761cd81000-7f761cf38000 ---p 00000000 00:00 0 
7f761cf38000-7f761cf56000 rw-p 00000000 00:00 0 
7f761cf56000-7f761d10c000 ---p 00000000 00:00 0 
7f761d10c000-7f761d125000 rw-p 00000000 00:00 0 
7f761d125000-7f761d1f7000 ---p 00000000 00:00 0 
7f761d1f7000-7f761d205000 rw-p 00000000 00:00 0 
7f761d205000-7f761d5b8000 ---p 00000000 00:00 0 
7f761d5b8000-7f761d5c0000 r-xp 00000000 08:07 428408                     /usr/lib/jvm/java-8-openjdk/jre/lib/amd64/libzip.so
7f761d5c0000-7f761d7bf000 ---p 00008000 08:07 428408                     /usr/lib/jvm/java-8-openjdk/jre/lib/amd64/libzip.so
7f761d7bf000-7f761d7c0000 rw-p 00007000 08:07 428408                     /usr/lib/jvm/java-8-openjdk/jre/lib/amd64/libzip.so
7f761d7c0000-7f761d7cb000 r-xp 00000000 08:07 133754                     /usr/lib/libnss_files-2.21.so
7f761d7cb000-7f761d9cb000 ---p 0000b000 08:07 133754                     /usr/lib/libnss_files-2.21.so
7f761d9cb000-7f761d9cc000 r--p 0000b000 08:07 133754                     /usr/lib/libnss_files-2.21.so
7f761d9cc000-7f761d9cd000 rw-p 0000c000 08:07 133754                     /usr/lib/libnss_files-2.21.so
7f761d9d0000-7f761d9fd000 r-xp 00000000 08:07 428407                     /usr/lib/jvm/java-8-openjdk/jre/lib/amd64/libjava.so
7f761d9fd000-7f761dbfd000 ---p 0002d000 08:07 428407                     /usr/lib/jvm/java-8-openjdk/jre/lib/amd64/libjava.so
7f761dbfd000-7f761dbff000 rw-p 0002d000 08:07 428407                     /usr/lib/jvm/java-8-openjdk/jre/lib/amd64/libjava.so
7f761dc00000-7f761dc0d000 r-xp 00000000 08:07 428399                     /usr/lib/jvm/java-8-openjdk/jre/lib/amd64/libverify.so
7f761dc0d000-7f761de0c000 ---p 0000d000 08:07 428399                     /usr/lib/jvm/java-8-openjdk/jre/lib/amd64/libverify.so
7f761de0c000-7f761de0e000 rw-p 0000c000 08:07 428399                     /usr/lib/jvm/java-8-openjdk/jre/lib/amd64/libverify.so
7f761de10000-7f761de17000 r-xp 00000000 08:07 133786                     /usr/lib/librt-2.21.so
7f761de17000-7f761e016000 ---p 00007000 08:07 133786                     /usr/lib/librt-2.21.so
7f761e016000-7f761e017000 r--p 00006000 08:07 133786                     /usr/lib/librt-2.21.so
7f761e017000-7f761e018000 rw-p 00007000 08:07 133786                     /usr/lib/librt-2.21.so
7f761e018000-7f761e11b000 r-xp 00000000 08:07 133813                     /usr/lib/libm-2.21.so
7f761e11b000-7f761e31b000 ---p 00103000 08:07 133813                     /usr/lib/libm-2.21.so
7f761e31b000-7f761e31c000 r--p 00103000 08:07 133813                     /usr/lib/libm-2.21.so
7f761e31c000-7f761e31d000 rw-p 00104000 08:07 133813                     /usr/lib/libm-2.21.so
7f761e320000-7f761efbf000 r-xp 00000000 08:07 428431                     /usr/lib/jvm/java-8-openjdk/jre/lib/amd64/server/libjvm.so
7f761efbf000-7f761f1bf000 ---p 00c9f000 08:07 428431                     /usr/lib/jvm/java-8-openjdk/jre/lib/amd64/server/libjvm.so
7f761f1bf000-7f761f28b000 rw-p 00c9f000 08:07 428431                     /usr/lib/jvm/java-8-openjdk/jre/lib/amd64/server/libjvm.so
7f761f28b000-7f761f2cc000 rw-p 00000000 00:00 0 
7f761f2d0000-7f761f469000 r-xp 00000000 08:07 133765                     /usr/lib/libc-2.21.so
7f761f469000-7f761f669000 ---p 00199000 08:07 133765                     /usr/lib/libc-2.21.so
7f761f669000-7f761f66d000 r--p 00199000 08:07 133765                     /usr/lib/libc-2.21.so
7f761f66d000-7f761f66f000 rw-p 0019d000 08:07 133765                     /usr/lib/libc-2.21.so
7f761f66f000-7f761f673000 rw-p 00000000 00:00 0 
7f761f678000-7f761f67a000 r-xp 00000000 08:07 133795                     /usr/lib/libdl-2.21.so
7f761f67a000-7f761f87a000 ---p 00002000 08:07 133795                     /usr/lib/libdl-2.21.so
7f761f87a000-7f761f87b000 r--p 00002000 08:07 133795                     /usr/lib/libdl-2.21.so
7f761f87b000-7f761f87c000 rw-p 00003000 08:07 133795                     /usr/lib/libdl-2.21.so
7f761f880000-7f761f88d000 r-xp 00000000 08:07 428428                     /usr/lib/jvm/java-8-openjdk/jre/lib/amd64/jli/libjli.so
7f761f88d000-7f761fa8d000 ---p 0000d000 08:07 428428                     /usr/lib/jvm/java-8-openjdk/jre/lib/amd64/jli/libjli.so
7f761fa8d000-7f761fa8e000 rw-p 0000d000 08:07 428428                     /usr/lib/jvm/java-8-openjdk/jre/lib/amd64/jli/libjli.so
7f761fa90000-7f761faa5000 r-xp 00000000 08:07 136861                     /usr/lib/libz.so.1.2.8
7f761faa5000-7f761fca4000 ---p 00015000 08:07 136861                     /usr/lib/libz.so.1.2.8
7f761fca4000-7f761fca5000 r--p 00014000 08:07 136861                     /usr/lib/libz.so.1.2.8
7f761fca5000-7f761fca6000 rw-p 00015000 08:07 136861                     /usr/lib/libz.so.1.2.8
7f761fca8000-7f761fcc0000 r-xp 00000000 08:07 133785                     /usr/lib/libpthread-2.21.so
7f761fcc0000-7f761febf000 ---p 00018000 08:07 133785                     /usr/lib/libpthread-2.21.so
7f761febf000-7f761fec0000 r--p 00017000 08:07 133785                     /usr/lib/libpthread-2.21.so
7f761fec0000-7f761fec1000 rw-p 00018000 08:07 133785                     /usr/lib/libpthread-2.21.so
7f761fec1000-7f761fec5000 rw-p 00000000 00:00 0 
7f761fec8000-7f761feea000 r-xp 00000000 08:07 133809                     /usr/lib/ld-2.21.so
7f761feec000-7f761ffd8000 rw-p 00000000 00:00 0 
7f761ffd8000-7f761ffe0000 rw-s 00000000 00:1f 3764339                    /tmp/hsperfdata_maximiliano/16108
7f761ffe4000-7f761ffe5000 rw-p 00000000 00:00 0 
7f761ffe5000-7f761ffe6000 ---p 00000000 00:00 0 
7f761ffe6000-7f761ffe9000 ---p 00000000 00:00 0 
7f761ffe9000-7f76200e9000 rw-p 00000000 00:00 0                          [stack:16117]
7f76200e9000-7f76200ea000 r--p 00021000 08:07 133809                     /usr/lib/ld-2.21.so
7f76200ea000-7f76200eb000 rw-p 00022000 08:07 133809                     /usr/lib/ld-2.21.so
7f76200eb000-7f76200ed000 rw-p 00000000 00:00 0 
7f76200ed000-7f76200ef000 rw-p 00000000 00:00 0 
7ffe00250000-7ffe00271000 rw-p 00000000 00:00 0                          [stack]
7ffe00288000-7ffe0028a000 r--p 00000000 00:00 0                          [vvar]
7ffe0028a000-7ffe0028c000 r-xp 00000000 00:00 0                          [vdso]
ffffffffff600000-ffffffffff601000 r-xp 00000000 00:00 0                  [vsyscall]

VM Arguments:
jvm_args: -Dfile.encoding=UTF-8 
java_command: cliente.Cliente
java_class_path (initial): /usr/share/netbeans/java/modules/ext/AbsoluteLayout.jar:/usr/share/netbeans/java/modules/ext/beansbinding-1.2.1.jar:/home/maximiliano/NetBeansProjects/socket/build/classes
Launcher Type: SUN_STANDARD

Environment Variables:
PATH=/usr/local/sbin:/usr/local/bin:/usr/bin:/usr/lib/jvm/default/bin:/usr/bin/site_perl:/usr/bin/vendor_perl:/usr/bin/core_perl
LD_LIBRARY_PATH=/usr/lib/jvm/default/bin/../jre/lib/amd64:/usr/lib/jvm/default/bin/../jre/lib/i386:
SHELL=/bin/bash
DISPLAY=:0

Signal Handlers:
SIGSEGV: [libjvm.so+0xa8f160], sa_mask[0]=11111111011111111101111111111110, sa_flags=SA_RESTART|SA_SIGINFO
SIGBUS: [libjvm.so+0xa8f160], sa_mask[0]=11111111011111111101111111111110, sa_flags=SA_RESTART|SA_SIGINFO
SIGFPE: [libjvm.so+0x8daa30], sa_mask[0]=11111111011111111101111111111110, sa_flags=SA_RESTART|SA_SIGINFO
SIGPIPE: [libjvm.so+0x8daa30], sa_mask[0]=11111111011111111101111111111110, sa_flags=SA_RESTART|SA_SIGINFO
SIGXFSZ: [libjvm.so+0x8daa30], sa_mask[0]=11111111011111111101111111111110, sa_flags=SA_RESTART|SA_SIGINFO
SIGILL: [libjvm.so+0x8daa30], sa_mask[0]=11111111011111111101111111111110, sa_flags=SA_RESTART|SA_SIGINFO
SIGUSR1: SIG_DFL, sa_mask[0]=00000000000000000000000000000000, sa_flags=none
SIGUSR2: [libjvm.so+0x8da8e0], sa_mask[0]=00100000000000000000000000000000, sa_flags=SA_RESTART|SA_SIGINFO
SIGHUP: [libjvm.so+0x8dab00], sa_mask[0]=11111111011111111101111111111110, sa_flags=SA_RESTART|SA_SIGINFO
SIGINT: SIG_IGN, sa_mask[0]=00000000000000000000000000000000, sa_flags=none
SIGTERM: [libjvm.so+0x8dab00], sa_mask[0]=11111111011111111101111111111110, sa_flags=SA_RESTART|SA_SIGINFO
SIGQUIT: [libjvm.so+0x8dab00], sa_mask[0]=11111111011111111101111111111110, sa_flags=SA_RESTART|SA_SIGINFO


---------------  S Y S T E M  ---------------

OS:NAME="Arch Linux"
ID=arch
PRETTY_NAME="Arch Linux"
ANSI_COLOR="0;36"
HOME_URL="https://www.archlinux.org/"
SUPPORT_URL="https://bbs.archlinux.org/"
BUG_REPORT_URL="https://bugs.archlinux.org/"


uname:Linux 3.19.2-1-ARCH #1 SMP PREEMPT Wed Mar 18 16:21:02 CET 2015 x86_64
libc:glibc 2.21 NPTL 2.21 
rlimit: STACK 8192k, CORE 0k, NPROC 22460, NOFILE 4096, AS infinity
load average:205,24 188,29 104,90

/proc/meminfo:
MemTotal:        5755352 kB
MemFree:          111144 kB
MemAvailable:      52272 kB
Buffers:             512 kB
Cached:            36168 kB
SwapCached:         5608 kB
Active:          4373304 kB
Inactive:         955576 kB
Active(anon):    4359608 kB
Inactive(anon):   943364 kB
Active(file):      13696 kB
Inactive(file):    12212 kB
Unevictable:          32 kB
Mlocked:              32 kB
SwapTotal:       1048572 kB
SwapFree:          25728 kB
Dirty:                 0 kB
Writeback:          1716 kB
AnonPages:       5323280 kB
Mapped:            21600 kB
Shmem:             10820 kB
Slab:             104612 kB
SReclaimable:      25268 kB
SUnreclaim:        79344 kB
KernelStack:       24976 kB
PageTables:        70796 kB
NFS_Unstable:          0 kB
Bounce:                0 kB
WritebackTmp:          0 kB
CommitLimit:     3926248 kB
Committed_AS:   18720640 kB
VmallocTotal:   34359738367 kB
VmallocUsed:      308060 kB
VmallocChunk:   34359426940 kB
HardwareCorrupted:     0 kB
AnonHugePages:   1425408 kB
HugePages_Total:       0
HugePages_Free:        0
HugePages_Rsvd:        0
HugePages_Surp:        0
Hugepagesize:       2048 kB
DirectMap4k:      689540 kB
DirectMap2M:     5302272 kB
DirectMap1G:           0 kB


CPU:total 2 (2 cores per cpu, 1 threads per core) family 21 model 16 stepping 1, cmov, cx8, fxsr, mmx, sse, sse2, sse3, ssse3, sse4.1, sse4.2, popcnt, avx, aes, clmul, mmxext, 3dnowpref, lzcnt, sse4a, tsc, tscinvbit, tscinv, bmi1

/proc/cpuinfo:
processor	: 0
vendor_id	: AuthenticAMD
cpu family	: 21
model		: 16
model name	: AMD A6-4455M APU with Radeon(tm) HD Graphics
stepping	: 1
microcode	: 0x6001119
cpu MHz		: 2100.000
cache size	: 2048 KB
physical id	: 0
siblings	: 2
core id		: 0
cpu cores	: 1
apicid		: 16
initial apicid	: 0
fpu		: yes
fpu_exception	: yes
cpuid level	: 13
wp		: yes
flags		: fpu vme de pse tsc msr pae mce cx8 apic sep mtrr pge mca cmov pat pse36 clflush mmx fxsr sse sse2 ht syscall nx mmxext fxsr_opt pdpe1gb rdtscp lm constant_tsc rep_good nopl nonstop_tsc extd_apicid aperfmperf pni pclmulqdq monitor ssse3 fma cx16 sse4_1 sse4_2 popcnt aes xsave avx f16c lahf_lm cmp_legacy svm extapic cr8_legacy abm sse4a misalignsse 3dnowprefetch osvw ibs xop skinit wdt lwp fma4 tce nodeid_msr tbm topoext perfctr_core perfctr_nb arat cpb hw_pstate npt lbrv svm_lock nrip_save tsc_scale vmcb_clean flushbyasid decodeassists pausefilter pfthreshold vmmcall bmi1
bugs		: fxsave_leak
bogomips	: 4194.02
TLB size	: 1536 4K pages
clflush size	: 64
cache_alignment	: 64
address sizes	: 48 bits physical, 48 bits virtual
power management: ts ttp tm 100mhzsteps hwpstate cpb eff_freq_ro

processor	: 1
vendor_id	: AuthenticAMD
cpu family	: 21
model		: 16
model name	: AMD A6-4455M APU with Radeon(tm) HD Graphics   
stepping	: 1
microcode	: 0x6001119
cpu MHz		: 2100.000
cache size	: 2048 KB
physical id	: 0
siblings	: 2
core id		: 1
cpu cores	: 1
apicid		: 17
initial apicid	: 1
fpu		: yes
fpu_exception	: yes
cpuid level	: 13
wp		: yes
flags		: fpu vme de pse tsc msr pae mce cx8 apic sep mtrr pge mca cmov pat pse36 clflush mmx fxsr sse sse2 ht syscall nx mmxext fxsr_opt pdpe1gb rdtscp lm constant_tsc rep_good nopl nonstop_tsc extd_apicid aperfmperf pni pclmulqdq monitor ssse3 fma cx16 sse4_1 sse4_2 popcnt aes xsave avx f16c lahf_lm cmp_legacy svm extapic cr8_legacy abm sse4a misalignsse 3dnowprefetch osvw ibs xop skinit wdt lwp fma4 tce nodeid_msr tbm topoext perfctr_core perfctr_nb arat cpb hw_pstate npt lbrv svm_lock nrip_save tsc_scale vmcb_clean flushbyasid decodeassists pausefilter pfthreshold vmmcall bmi1
bugs		: fxsave_leak
bogomips	: 4194.02
TLB size	: 1536 4K pages
clflush size	: 64
cache_alignment	: 64
address sizes	: 48 bits physical, 48 bits virtual
power management: ts ttp tm 100mhzsteps hwpstate cpb eff_freq_ro



Memory: 4k page, physical 5755352k(111144k free), swap 1048572k(25748k free)

vm_info: OpenJDK 64-Bit Server VM (25.40-b23) for linux-amd64 JRE (1.8.0_40-b20), built on Mar 15 2015 09:37:38 by "builduser" with gcc 4.9.2 20150304 (prerelease)

time: Sat Mar 28 19:13:21 2015
elapsed time: 872 seconds (0d 0h 14m 32s)

