#
# There is insufficient memory for the Java Runtime Environment to continue.
# Native memory allocation (mmap) failed to map 89128960 bytes for committing reserved memory.
# Possible reasons:
#   The system is out of physical RAM or swap space
#   In 32 bit mode, the process size limit was hit
# Possible solutions:
#   Reduce memory load on the system
#   Increase physical memory or swap space
#   Check if swap backing store is full
#   Use 64 bit Java on a 64 bit OS
#   Decrease Java heap size (-Xmx/-Xms)
#   Decrease number of Java threads
#   Decrease Java thread stack sizes (-Xss)
#   Set larger code cache with -XX:ReservedCodeCacheSize=
# This output file may be truncated or incomplete.
#
#  Out of Memory Error (os_linux.cpp:2673), pid=16399, tid=139780717278976
#
# JRE version: OpenJDK Runtime Environment (8.0_40-b20) (build 1.8.0_40-b20)
# Java VM: OpenJDK 64-Bit Server VM (25.40-b23 mixed mode linux-amd64 compressed oops)
# Failed to write core dump. Core dumps have been disabled. To enable core dumping, try "ulimit -c unlimited" before starting Java again
#

---------------  T H R E A D  ---------------

Current thread (0x00007f2154071800):  VMThread [stack: 0x00007f213beff000,0x00007f213c000000] [id=16437]

Stack: [0x00007f213beff000,0x00007f213c000000],  sp=0x00007f213bffe4d0,  free space=1021k
Native frames: (J=compiled Java code, j=interpreted, Vv=VM code, C=native code)
V  [libjvm.so+0xa8e69d]
V  [libjvm.so+0x4e856c]
V  [libjvm.so+0x8df110]
V  [libjvm.so+0x8d98de]
V  [libjvm.so+0x952cdb]
V  [libjvm.so+0x954043]
V  [libjvm.so+0x950cce]
V  [libjvm.so+0x950fbc]
V  [libjvm.so+0x903a63]
V  [libjvm.so+0xa90112]
V  [libjvm.so+0xa94c17]
V  [libjvm.so+0xa92f1c]
V  [libjvm.so+0xa93737]
V  [libjvm.so+0xa93c71]
V  [libjvm.so+0x8dc612]

VM_Operation (0x00007f21382c3280): ParallelGCFailedAllocation, mode: safepoint, requested by thread 0x00007f2154224800


---------------  P R O C E S S  ---------------

Java Threads: ( => current thread )
  0x00007f2154008800 JavaThread "DestroyJavaVM" [_thread_blocked, id=16404, stack(0x00007f215a7d8000,0x00007f215a8d9000)]
  0x00007f2154224800 JavaThread "AWT-EventQueue-0" [_thread_blocked, id=16716, stack(0x00007f21381c5000,0x00007f21382c6000)]
  0x00007f2154222800 JavaThread "AWT-Shutdown" [_thread_blocked, id=16715, stack(0x00007f21382c6000,0x00007f21383c7000)]
  0x00007f2154220800 JavaThread "AWT-XAWT" daemon [_thread_blocked, id=16714, stack(0x00007f21383c7000,0x00007f21384c8000)]
  0x00007f21541f8000 JavaThread "Java2D Disposer" daemon [_thread_blocked, id=16709, stack(0x00007f21388df000,0x00007f21389e0000)]
  0x00007f21540c2800 JavaThread "Service Thread" daemon [_thread_blocked, id=16510, stack(0x00007f213b76c000,0x00007f213b86d000)]
  0x00007f21540b5800 JavaThread "C1 CompilerThread1" daemon [_thread_blocked, id=16508, stack(0x00007f213b86d000,0x00007f213b96e000)]
  0x00007f21540b2800 JavaThread "C2 CompilerThread0" daemon [_thread_in_native, id=16504, stack(0x00007f213b96e000,0x00007f213ba6f000)]
  0x00007f21540b1000 JavaThread "Signal Dispatcher" daemon [_thread_blocked, id=16501, stack(0x00007f213ba6f000,0x00007f213bb70000)]
  0x00007f2154078800 JavaThread "Finalizer" daemon [_thread_blocked, id=16440, stack(0x00007f213bcfd000,0x00007f213bdfe000)]
  0x00007f2154076800 JavaThread "Reference Handler" daemon [_thread_blocked, id=16438, stack(0x00007f213bdfe000,0x00007f213beff000)]

Other Threads:
=>0x00007f2154071800 VMThread [stack: 0x00007f213beff000,0x00007f213c000000] [id=16437]
  0x00007f21540c5000 WatcherThread [stack: 0x00007f213b66b000,0x00007f213b76c000] [id=16512]

VM state:at safepoint (normal execution)

VM Mutex/Monitor currently owned by a thread:  ([mutex/lock_event])
[0x00007f2154006050] Threads_lock - owner thread: 0x00007f2154071800
[0x00007f2154006550] Heap_lock - owner thread: 0x00007f2154224800

Heap:
 PSYoungGen      total 93696K, used 1504K [0x00000000e2b80000, 0x00000000e8a80000, 0x0000000100000000)
  eden space 90112K, 0% used [0x00000000e2b80000,0x00000000e2b80000,0x00000000e8380000)
  from space 3584K, 41% used [0x00000000e8380000,0x00000000e84f8000,0x00000000e8700000)
  to   space 3584K, 0% used [0x00000000e8700000,0x00000000e8700000,0x00000000e8a80000)
 ParOldGen       total 60416K, used 40K [0x00000000a8200000, 0x00000000abd00000, 0x00000000e2b80000)
  object space 60416K, 0% used [0x00000000a8200000,0x00000000a820a000,0x00000000abd00000)
 Metaspace       used 8905K, capacity 9158K, committed 9344K, reserved 1056768K
  class space    used 944K, capacity 1025K, committed 1152K, reserved 1048576K

Card table byte_map: [0x00007f2144568000,0x00007f2144828000] byte_map_base: 0x00007f2144027000

Marking Bits: (ParMarkBitMap*) 0x00007f2159a8f580
 Begin Bits: [0x00007f21416a2000, 0x00007f2142c9a000)
 End Bits:   [0x00007f2142c9a000, 0x00007f2144292000)

Polling page: 0x00007f215a7d7000

CodeCache: size=245760Kb used=3317Kb max_used=3335Kb free=242442Kb
 bounds [0x00007f2144be8000, 0x00007f2144f38000, 0x00007f2153be8000]
 total_blobs=1239 nmethods=798 adapters=357
 compilation: enabled

Compilation events (10 events):
Event: 1058,077 Thread 0x00007f21540b5800  814       1       java.io.StringWriter::close (1 bytes)
Event: 1058,077 Thread 0x00007f21540b5800 nmethod 814 0x00007f2144f17050 code [0x00007f2144f171a0, 0x00007f2144f172b0]
Event: 1058,093 Thread 0x00007f21540b2800 nmethod 812 0x00007f2144f082d0 code [0x00007f2144f08440, 0x00007f2144f08718]
Event: 1058,094 Thread 0x00007f21540b2800  815       4       java.util.Calendar::<init> (59 bytes)
Event: 1058,446 Thread 0x00007f21540b2800 nmethod 815 0x00007f2144f17d10 code [0x00007f2144f17ec0, 0x00007f2144f184f8]
Event: 1058,446 Thread 0x00007f21540b2800  811       4       java.util.Calendar$Builder::build (635 bytes)
Event: 1098,007 Thread 0x00007f21540b2800 nmethod 811 0x00007f2144f25d10 code [0x00007f2144f25fa0, 0x00007f2144f27098]
Event: 1098,007 Thread 0x00007f21540b2800  816   !   4       java.lang.Throwable::printStackTrace (177 bytes)
Event: 1098,684 Thread 0x00007f21540b2800 nmethod 816 0x00007f2144f2b590 code [0x00007f2144f2b840, 0x00007f2144f2d250]
Event: 1098,684 Thread 0x00007f21540b2800  813       4       java.util.Formatter$FormatSpecifier::print (1536 bytes)

GC Heap History (9 events):
Event: 419,298 GC heap before
{Heap before GC invocations=1 (full 0):
 PSYoungGen      total 26112K, used 22528K [0x00000000e2b80000, 0x00000000e4880000, 0x0000000100000000)
  eden space 22528K, 100% used [0x00000000e2b80000,0x00000000e4180000,0x00000000e4180000)
  from space 3584K, 0% used [0x00000000e4500000,0x00000000e4500000,0x00000000e4880000)
  to   space 3584K, 0% used [0x00000000e4180000,0x00000000e4180000,0x00000000e4500000)
 ParOldGen       total 60416K, used 0K [0x00000000a8200000, 0x00000000abd00000, 0x00000000e2b80000)
  object space 60416K, 0% used [0x00000000a8200000,0x00000000a8200000,0x00000000abd00000)
 Metaspace       used 8827K, capacity 9094K, committed 9344K, reserved 1056768K
  class space    used 944K, capacity 1025K, committed 1152K, reserved 1048576K
Event: 438,325 GC heap after
Heap after GC invocations=1 (full 0):
 PSYoungGen      total 26112K, used 1536K [0x00000000e2b80000, 0x00000000e5e80000, 0x0000000100000000)
  eden space 22528K, 0% used [0x00000000e2b80000,0x00000000e2b80000,0x00000000e4180000)
  from space 3584K, 42% used [0x00000000e4180000,0x00000000e4300000,0x00000000e4500000)
  to   space 3584K, 0% used [0x00000000e5b00000,0x00000000e5b00000,0x00000000e5e80000)
 ParOldGen       total 60416K, used 16K [0x00000000a8200000, 0x00000000abd00000, 0x00000000e2b80000)
  object space 60416K, 0% used [0x00000000a8200000,0x00000000a8204000,0x00000000abd00000)
 Metaspace       used 8827K, capacity 9094K, committed 9344K, reserved 1056768K
  class space    used 944K, capacity 1025K, committed 1152K, reserved 1048576K
}
Event: 613,260 GC heap before
{Heap before GC invocations=2 (full 0):
 PSYoungGen      total 26112K, used 24064K [0x00000000e2b80000, 0x00000000e5e80000, 0x0000000100000000)
  eden space 22528K, 100% used [0x00000000e2b80000,0x00000000e4180000,0x00000000e4180000)
  from space 3584K, 42% used [0x00000000e4180000,0x00000000e4300000,0x00000000e4500000)
  to   space 3584K, 0% used [0x00000000e5b00000,0x00000000e5b00000,0x00000000e5e80000)
 ParOldGen       total 60416K, used 16K [0x00000000a8200000, 0x00000000abd00000, 0x00000000e2b80000)
  object space 60416K, 0% used [0x00000000a8200000,0x00000000a8204000,0x00000000abd00000)
 Metaspace       used 8896K, capacity 9158K, committed 9344K, reserved 1056768K
  class space    used 944K, capacity 1025K, committed 1152K, reserved 1048576K
Event: 636,737 GC heap after
Heap after GC invocations=2 (full 0):
 PSYoungGen      total 48640K, used 1504K [0x00000000e2b80000, 0x00000000e5e80000, 0x0000000100000000)
  eden space 45056K, 0% used [0x00000000e2b80000,0x00000000e2b80000,0x00000000e5780000)
  from space 3584K, 41% used [0x00000000e5b00000,0x00000000e5c78000,0x00000000e5e80000)
  to   space 3584K, 0% used [0x00000000e5780000,0x00000000e5780000,0x00000000e5b00000)
 ParOldGen       total 60416K, used 24K [0x00000000a8200000, 0x00000000abd00000, 0x00000000e2b80000)
  object space 60416K, 0% used [0x00000000a8200000,0x00000000a8206000,0x00000000abd00000)
 Metaspace       used 8896K, capacity 9158K, committed 9344K, reserved 1056768K
  class space    used 944K, capacity 1025K, committed 1152K, reserved 1048576K
}
Event: 882,777 GC heap before
{Heap before GC invocations=3 (full 0):
 PSYoungGen      total 48640K, used 46560K [0x00000000e2b80000, 0x00000000e5e80000, 0x0000000100000000)
  eden space 45056K, 100% used [0x00000000e2b80000,0x00000000e5780000,0x00000000e5780000)
  from space 3584K, 41% used [0x00000000e5b00000,0x00000000e5c78000,0x00000000e5e80000)
  to   space 3584K, 0% used [0x00000000e5780000,0x00000000e5780000,0x00000000e5b00000)
 ParOldGen       total 60416K, used 24K [0x00000000a8200000, 0x00000000abd00000, 0x00000000e2b80000)
  object space 60416K, 0% used [0x00000000a8200000,0x00000000a8206000,0x00000000abd00000)
 Metaspace       used 8905K, capacity 9158K, committed 9344K, reserved 1056768K
  class space    used 944K, capacity 1025K, committed 1152K, reserved 1048576K
Event: 945,957 GC heap after
Heap after GC invocations=3 (full 0):
 PSYoungGen      total 48640K, used 1504K [0x00000000e2b80000, 0x00000000e8a80000, 0x0000000100000000)
  eden space 45056K, 0% used [0x00000000e2b80000,0x00000000e2b80000,0x00000000e5780000)
  from space 3584K, 41% used [0x00000000e5780000,0x00000000e58f8000,0x00000000e5b00000)
  to   space 3584K, 0% used [0x00000000e8700000,0x00000000e8700000,0x00000000e8a80000)
 ParOldGen       total 60416K, used 32K [0x00000000a8200000, 0x00000000abd00000, 0x00000000e2b80000)
  object space 60416K, 0% used [0x00000000a8200000,0x00000000a8208000,0x00000000abd00000)
 Metaspace       used 8905K, capacity 9158K, committed 9344K, reserved 1056768K
  class space    used 944K, capacity 1025K, committed 1152K, reserved 1048576K
}
Event: 1132,621 GC heap before
{Heap before GC invocations=4 (full 0):
 PSYoungGen      total 48640K, used 46560K [0x00000000e2b80000, 0x00000000e8a80000, 0x0000000100000000)
  eden space 45056K, 100% used [0x00000000e2b80000,0x00000000e5780000,0x00000000e5780000)
  from space 3584K, 41% used [0x00000000e5780000,0x00000000e58f8000,0x00000000e5b00000)
  to   space 3584K, 0% used [0x00000000e8700000,0x00000000e8700000,0x00000000e8a80000)
 ParOldGen       total 60416K, used 32K [0x00000000a8200000, 0x00000000abd00000, 0x00000000e2b80000)
  object space 60416K, 0% used [0x00000000a8200000,0x00000000a8208000,0x00000000abd00000)
 Metaspace       used 8905K, capacity 9158K, committed 9344K, reserved 1056768K
  class space    used 944K, capacity 1025K, committed 1152K, reserved 1048576K
Event: 1135,295 GC heap after
Heap after GC invocations=4 (full 0):
 PSYoungGen      total 93696K, used 1520K [0x00000000e2b80000, 0x00000000e8a80000, 0x0000000100000000)
  eden space 90112K, 0% used [0x00000000e2b80000,0x00000000e2b80000,0x00000000e8380000)
  from space 3584K, 42% used [0x00000000e8700000,0x00000000e887c010,0x00000000e8a80000)
  to   space 3584K, 0% used [0x00000000e8380000,0x00000000e8380000,0x00000000e8700000)
 ParOldGen       total 60416K, used 40K [0x00000000a8200000, 0x00000000abd00000, 0x00000000e2b80000)
  object space 60416K, 0% used [0x00000000a8200000,0x00000000a820a000,0x00000000abd00000)
 Metaspace       used 8905K, capacity 9158K, committed 9344K, reserved 1056768K
  class space    used 944K, capacity 1025K, committed 1152K, reserved 1048576K
}
Event: 1275,816 GC heap before
{Heap before GC invocations=5 (full 0):
 PSYoungGen      total 93696K, used 91632K [0x00000000e2b80000, 0x00000000e8a80000, 0x0000000100000000)
  eden space 90112K, 100% used [0x00000000e2b80000,0x00000000e8380000,0x00000000e8380000)
  from space 3584K, 42% used [0x00000000e8700000,0x00000000e887c010,0x00000000e8a80000)
  to   space 3584K, 0% used [0x00000000e8380000,0x00000000e8380000,0x00000000e8700000)
 ParOldGen       total 60416K, used 40K [0x00000000a8200000, 0x00000000abd00000, 0x00000000e2b80000)
  object space 60416K, 0% used [0x00000000a8200000,0x00000000a820a000,0x00000000abd00000)
 Metaspace       used 8905K, capacity 9158K, committed 9344K, reserved 1056768K
  class space    used 944K, capacity 1025K, committed 1152K, reserved 1048576K

Deoptimization events (1 events):
Event: 278,678 Thread 0x00007f2154224800 Uncommon trap: reason=unloaded action=reinterpret pc=0x00007f2144da9884 method=cliente.SocketClient.escribir(Ljava/lang/String;)V @ 14

Internal exceptions (10 events):
Event: 1250,483 Thread 0x00007f2154224800 Exception <a 'java/io/IOException'> (0x00000000e833af60) thrown at [/build/java8-openjdk/src/jdk8u-jdk8u40-b20/hotspot/src/share/vm/prims/jni.cpp, line 709]
Event: 1250,483 Thread 0x00007f2154224800 Exception <a 'java/net/SocketException'> (0x00000000e833b1a0) thrown at [/build/java8-openjdk/src/jdk8u-jdk8u40-b20/hotspot/src/share/vm/prims/jni.cpp, line 709]
Event: 1250,483 Thread 0x00007f2154224800 Exception <a 'java/io/IOException'> (0x00000000e834be58) thrown at [/build/java8-openjdk/src/jdk8u-jdk8u40-b20/hotspot/src/share/vm/prims/jni.cpp, line 709]
Event: 1250,483 Thread 0x00007f2154224800 Exception <a 'java/net/SocketException'> (0x00000000e834c098) thrown at [/build/java8-openjdk/src/jdk8u-jdk8u40-b20/hotspot/src/share/vm/prims/jni.cpp, line 709]
Event: 1250,483 Thread 0x00007f2154224800 Exception <a 'java/io/IOException'> (0x00000000e835cd50) thrown at [/build/java8-openjdk/src/jdk8u-jdk8u40-b20/hotspot/src/share/vm/prims/jni.cpp, line 709]
Event: 1250,485 Thread 0x00007f2154224800 Exception <a 'java/net/SocketException'> (0x00000000e835cf90) thrown at [/build/java8-openjdk/src/jdk8u-jdk8u40-b20/hotspot/src/share/vm/prims/jni.cpp, line 709]
Event: 1250,485 Thread 0x00007f2154224800 Exception <a 'java/io/IOException'> (0x00000000e836dc48) thrown at [/build/java8-openjdk/src/jdk8u-jdk8u40-b20/hotspot/src/share/vm/prims/jni.cpp, line 709]
Event: 1250,485 Thread 0x00007f2154224800 Exception <a 'java/net/SocketException'> (0x00000000e836de88) thrown at [/build/java8-openjdk/src/jdk8u-jdk8u40-b20/hotspot/src/share/vm/prims/jni.cpp, line 709]
Event: 1250,487 Thread 0x00007f2154224800 Exception <a 'java/io/IOException'> (0x00000000e837eb40) thrown at [/build/java8-openjdk/src/jdk8u-jdk8u40-b20/hotspot/src/share/vm/prims/jni.cpp, line 709]
Event: 1250,487 Thread 0x00007f2154224800 Exception <a 'java/net/SocketException'> (0x00000000e837ed80) thrown at [/build/java8-openjdk/src/jdk8u-jdk8u40-b20/hotspot/src/share/vm/prims/jni.cpp, line 709]

Events (10 events):
Event: 439,509 Executing VM operation: RevokeBias
Event: 439,509 Executing VM operation: RevokeBias done
Event: 439,509 Thread 0x00007f21540b5800 flushing nmethod 0x00007f2144cf3850
Event: 613,258 Executing VM operation: ParallelGCFailedAllocation
Event: 636,738 Executing VM operation: ParallelGCFailedAllocation done
Event: 863,716 Executing VM operation: ParallelGCFailedAllocation
Event: 945,957 Executing VM operation: ParallelGCFailedAllocation done
Event: 1112,319 Executing VM operation: ParallelGCFailedAllocation
Event: 1135,303 Executing VM operation: ParallelGCFailedAllocation done
Event: 1250,487 Executing VM operation: ParallelGCFailedAllocation


Dynamic libraries:
00400000-00401000 r-xp 00000000 08:07 428440                             /usr/lib/jvm/java-8-openjdk/jre/bin/java
00600000-00601000 rw-p 00000000 08:07 428440                             /usr/lib/jvm/java-8-openjdk/jre/bin/java
013c5000-013e6000 rw-p 00000000 00:00 0                                  [heap]
a8200000-abd00000 rw-p 00000000 00:00 0 
abd00000-e2b80000 ---p 00000000 00:00 0 
e2b80000-e8a80000 rw-p 00000000 00:00 0 
edf80000-100000000 ---p 00000000 00:00 0 
100000000-100120000 rw-p 00000000 00:00 0 
100120000-140000000 ---p 00000000 00:00 0 
7f2100000000-7f21000b0000 rw-p 00000000 00:00 0 
7f21000b0000-7f2104000000 ---p 00000000 00:00 0 
7f2107de8000-7f2107dfe000 r-xp 00000000 08:07 428410                     /usr/lib/jvm/java-8-openjdk/jre/lib/amd64/libnet.so
7f2107dfe000-7f2107ffe000 ---p 00016000 08:07 428410                     /usr/lib/jvm/java-8-openjdk/jre/lib/amd64/libnet.so
7f2107ffe000-7f2107fff000 rw-p 00016000 08:07 428410                     /usr/lib/jvm/java-8-openjdk/jre/lib/amd64/libnet.so
7f2108000000-7f2108021000 rw-p 00000000 00:00 0 
7f2108021000-7f210c000000 ---p 00000000 00:00 0 
7f210c000000-7f210c021000 rw-p 00000000 00:00 0 
7f210c021000-7f2110000000 ---p 00000000 00:00 0 
7f2110000000-7f2110021000 rw-p 00000000 00:00 0 
7f2110021000-7f2114000000 ---p 00000000 00:00 0 
7f2114000000-7f2114021000 rw-p 00000000 00:00 0 
7f2114021000-7f2118000000 ---p 00000000 00:00 0 
7f2118000000-7f21183a6000 rw-p 00000000 00:00 0 
7f21183a6000-7f211c000000 ---p 00000000 00:00 0 
7f211c000000-7f211c021000 rw-p 00000000 00:00 0 
7f211c021000-7f2120000000 ---p 00000000 00:00 0 
7f2120000000-7f2120021000 rw-p 00000000 00:00 0 
7f2120021000-7f2124000000 ---p 00000000 00:00 0 
7f2124000000-7f2124cbf000 rw-p 00000000 00:00 0 
7f2124cbf000-7f2128000000 ---p 00000000 00:00 0 
7f2128000000-7f2128021000 rw-p 00000000 00:00 0 
7f2128021000-7f212c000000 ---p 00000000 00:00 0 
7f212c000000-7f212c021000 rw-p 00000000 00:00 0 
7f212c021000-7f2130000000 ---p 00000000 00:00 0 
7f2130000000-7f2130021000 rw-p 00000000 00:00 0 
7f2130021000-7f2134000000 ---p 00000000 00:00 0 
7f2134000000-7f2134021000 rw-p 00000000 00:00 0 
7f2134021000-7f2138000000 ---p 00000000 00:00 0 
7f2138173000-7f213818f000 r--s 00393000 08:07 428370                     /usr/lib/jvm/java-8-openjdk/jre/lib/ext/cldrdata.jar
7f2138194000-7f21381c5000 rw-p 00000000 00:00 0 
7f21381c5000-7f21381c8000 ---p 00000000 00:00 0 
7f21381c8000-7f21382c6000 rw-p 00000000 00:00 0                          [stack:16716]
7f21382c6000-7f21382c9000 ---p 00000000 00:00 0 
7f21382c9000-7f21383c7000 rw-p 00000000 00:00 0                          [stack:16715]
7f21383c7000-7f21383ca000 ---p 00000000 00:00 0 
7f21383ca000-7f21384c8000 rw-p 00000000 00:00 0                          [stack:16714]
7f21384c8000-7f21384cd000 r-xp 00000000 08:07 159396                     /usr/lib/libXfixes.so.3.1.0
7f21384cd000-7f21386cc000 ---p 00005000 08:07 159396                     /usr/lib/libXfixes.so.3.1.0
7f21386cc000-7f21386cd000 r--p 00004000 08:07 159396                     /usr/lib/libXfixes.so.3.1.0
7f21386cd000-7f21386ce000 rw-p 00005000 08:07 159396                     /usr/lib/libXfixes.so.3.1.0
7f21386d0000-7f21386da000 r-xp 00000000 08:07 160813                     /usr/lib/libXcursor.so.1.0.2
7f21386da000-7f21388d9000 ---p 0000a000 08:07 160813                     /usr/lib/libXcursor.so.1.0.2
7f21388d9000-7f21388da000 r--p 00009000 08:07 160813                     /usr/lib/libXcursor.so.1.0.2
7f21388da000-7f21388db000 rw-p 0000a000 08:07 160813                     /usr/lib/libXcursor.so.1.0.2
7f21388df000-7f21388e2000 ---p 00000000 00:00 0 
7f21388e2000-7f21389e0000 rw-p 00000000 00:00 0                          [stack:16709]
7f21389e0000-7f2138a4e000 r-xp 00000000 08:07 141965                     /usr/lib/libpcre.so.1.2.4
7f2138a4e000-7f2138c4d000 ---p 0006e000 08:07 141965                     /usr/lib/libpcre.so.1.2.4
7f2138c4d000-7f2138c4e000 r--p 0006d000 08:07 141965                     /usr/lib/libpcre.so.1.2.4
7f2138c4e000-7f2138c4f000 rw-p 0006e000 08:07 141965                     /usr/lib/libpcre.so.1.2.4
7f2138c50000-7f2138c6c000 r-xp 00000000 08:07 159932                     /usr/lib/libgraphite2.so.3.0.1
7f2138c6c000-7f2138e6b000 ---p 0001c000 08:07 159932                     /usr/lib/libgraphite2.so.3.0.1
7f2138e6b000-7f2138e6d000 r--p 0001b000 08:07 159932                     /usr/lib/libgraphite2.so.3.0.1
7f2138e6d000-7f2138e6e000 rw-p 0001d000 08:07 159932                     /usr/lib/libgraphite2.so.3.0.1
7f2138e70000-7f2138f7c000 r-xp 00000000 08:07 186737                     /usr/lib/libglib-2.0.so.0.4200.2
7f2138f7c000-7f213917b000 ---p 0010c000 08:07 186737                     /usr/lib/libglib-2.0.so.0.4200.2
7f213917b000-7f213917c000 r--p 0010b000 08:07 186737                     /usr/lib/libglib-2.0.so.0.4200.2
7f213917c000-7f213917d000 rw-p 0010c000 08:07 186737                     /usr/lib/libglib-2.0.so.0.4200.2
7f213917d000-7f213917e000 rw-p 00000000 00:00 0 
7f2139180000-7f21391da000 r-xp 00000000 08:07 159941                     /usr/lib/libharfbuzz.so.0.940.0
7f21391da000-7f21393d9000 ---p 0005a000 08:07 159941                     /usr/lib/libharfbuzz.so.0.940.0
7f21393d9000-7f21393dc000 r--p 00059000 08:07 159941                     /usr/lib/libharfbuzz.so.0.940.0
7f21393dc000-7f21393dd000 rw-p 0005c000 08:07 159941                     /usr/lib/libharfbuzz.so.0.940.0
7f21393e0000-7f2139415000 r-xp 00000000 08:07 159517                     /usr/lib/libpng16.so.16.16.0
7f2139415000-7f2139614000 ---p 00035000 08:07 159517                     /usr/lib/libpng16.so.16.16.0
7f2139614000-7f2139615000 r--p 00034000 08:07 159517                     /usr/lib/libpng16.so.16.16.0
7f2139615000-7f2139616000 rw-p 00035000 08:07 159517                     /usr/lib/libpng16.so.16.16.0
7f2139618000-7f2139627000 r-xp 00000000 08:07 136853                     /usr/lib/libbz2.so.1.0.6
7f2139627000-7f2139826000 ---p 0000f000 08:07 136853                     /usr/lib/libbz2.so.1.0.6
7f2139826000-7f2139828000 rw-p 0000e000 08:07 136853                     /usr/lib/libbz2.so.1.0.6
7f2139828000-7f213983e000 r-xp 00000000 08:07 134103                     /usr/lib/libgcc_s.so.1
7f213983e000-7f2139a3d000 ---p 00016000 08:07 134103                     /usr/lib/libgcc_s.so.1
7f2139a3d000-7f2139a3e000 rw-p 00015000 08:07 134103                     /usr/lib/libgcc_s.so.1
7f2139a40000-7f2139af6000 r-xp 00000000 08:07 159955                     /usr/lib/libfreetype.so.6.11.4
7f2139af6000-7f2139cf6000 ---p 000b6000 08:07 159955                     /usr/lib/libfreetype.so.6.11.4
7f2139cf6000-7f2139cfc000 r--p 000b6000 08:07 159955                     /usr/lib/libfreetype.so.6.11.4
7f2139cfc000-7f2139cfd000 rw-p 000bc000 08:07 159955                     /usr/lib/libfreetype.so.6.11.4
7f2139d00000-7f2139d61000 r-xp 00000000 08:07 428427                     /usr/lib/jvm/java-8-openjdk/jre/lib/amd64/libfontmanager.so
7f2139d61000-7f2139f60000 ---p 00061000 08:07 428427                     /usr/lib/jvm/java-8-openjdk/jre/lib/amd64/libfontmanager.so
7f2139f60000-7f2139f64000 rw-p 00060000 08:07 428427                     /usr/lib/jvm/java-8-openjdk/jre/lib/amd64/libfontmanager.so
7f2139f64000-7f2139f77000 rw-p 00000000 00:00 0 
7f2139f78000-7f2139f7d000 r-xp 00000000 08:07 156005                     /usr/lib/libXdmcp.so.6.0.0
7f2139f7d000-7f213a17c000 ---p 00005000 08:07 156005                     /usr/lib/libXdmcp.so.6.0.0
7f213a17c000-7f213a17d000 r--p 00004000 08:07 156005                     /usr/lib/libXdmcp.so.6.0.0
7f213a17d000-7f213a17e000 rw-p 00005000 08:07 156005                     /usr/lib/libXdmcp.so.6.0.0
7f213a180000-7f213a182000 r-xp 00000000 08:07 156010                     /usr/lib/libXau.so.6.0.0
7f213a182000-7f213a382000 ---p 00002000 08:07 156010                     /usr/lib/libXau.so.6.0.0
7f213a382000-7f213a383000 r--p 00002000 08:07 156010                     /usr/lib/libXau.so.6.0.0
7f213a383000-7f213a384000 rw-p 00003000 08:07 156010                     /usr/lib/libXau.so.6.0.0
7f213a388000-7f213a3a9000 r-xp 00000000 08:07 158332                     /usr/lib/libxcb.so.1.1.0
7f213a3a9000-7f213a5a8000 ---p 00021000 08:07 158332                     /usr/lib/libxcb.so.1.1.0
7f213a5a8000-7f213a5a9000 r--p 00020000 08:07 158332                     /usr/lib/libxcb.so.1.1.0
7f213a5a9000-7f213a5aa000 rw-p 00021000 08:07 158332                     /usr/lib/libxcb.so.1.1.0
7f213a5b0000-7f213a5bf000 r-xp 00000000 08:07 159390                     /usr/lib/libXi.so.6.1.0
7f213a5bf000-7f213a7bf000 ---p 0000f000 08:07 159390                     /usr/lib/libXi.so.6.1.0
7f213a7bf000-7f213a7c0000 r--p 0000f000 08:07 159390                     /usr/lib/libXi.so.6.1.0
7f213a7c0000-7f213a7c1000 rw-p 00010000 08:07 159390                     /usr/lib/libXi.so.6.1.0
7f213a7c8000-7f213a7cd000 r-xp 00000000 08:07 159412                     /usr/lib/libXtst.so.6.1.0
7f213a7cd000-7f213a9cc000 ---p 00005000 08:07 159412                     /usr/lib/libXtst.so.6.1.0
7f213a9cc000-7f213a9cd000 r--p 00004000 08:07 159412                     /usr/lib/libXtst.so.6.1.0
7f213a9cd000-7f213a9ce000 rw-p 00005000 08:07 159412                     /usr/lib/libXtst.so.6.1.0
7f213a9d0000-7f213a9d9000 r-xp 00000000 08:07 159929                     /usr/lib/libXrender.so.1.3.0
7f213a9d9000-7f213abd8000 ---p 00009000 08:07 159929                     /usr/lib/libXrender.so.1.3.0
7f213abd8000-7f213abd9000 r--p 00008000 08:07 159929                     /usr/lib/libXrender.so.1.3.0
7f213abd9000-7f213abda000 rw-p 00009000 08:07 159929                     /usr/lib/libXrender.so.1.3.0
7f213abe0000-7f213ad1b000 r-xp 00000000 08:07 158413                     /usr/lib/libX11.so.6.3.0
7f213ad1b000-7f213af1a000 ---p 0013b000 08:07 158413                     /usr/lib/libX11.so.6.3.0
7f213af1a000-7f213af1c000 r--p 0013a000 08:07 158413                     /usr/lib/libX11.so.6.3.0
7f213af1c000-7f213af21000 rw-p 0013c000 08:07 158413                     /usr/lib/libX11.so.6.3.0
7f213af21000-7f213af22000 rw-p 00000000 00:00 0 
7f213af28000-7f213af39000 r-xp 00000000 08:07 159311                     /usr/lib/libXext.so.6.4.0
7f213af39000-7f213b138000 ---p 00011000 08:07 159311                     /usr/lib/libXext.so.6.4.0
7f213b138000-7f213b139000 r--p 00010000 08:07 159311                     /usr/lib/libXext.so.6.4.0
7f213b139000-7f213b13a000 rw-p 00011000 08:07 159311                     /usr/lib/libXext.so.6.4.0
7f213b140000-7f213b193000 r-xp 00000000 08:07 428425                     /usr/lib/jvm/java-8-openjdk/jre/lib/amd64/libawt_xawt.so
7f213b193000-7f213b392000 ---p 00053000 08:07 428425                     /usr/lib/jvm/java-8-openjdk/jre/lib/amd64/libawt_xawt.so
7f213b392000-7f213b396000 rw-p 00052000 08:07 428425                     /usr/lib/jvm/java-8-openjdk/jre/lib/amd64/libawt_xawt.so
7f213b396000-7f213b397000 rw-p 00000000 00:00 0 
7f213b398000-7f213b438000 r-xp 00000000 08:07 428422                     /usr/lib/jvm/java-8-openjdk/jre/lib/amd64/libawt.so
7f213b438000-7f213b638000 ---p 000a0000 08:07 428422                     /usr/lib/jvm/java-8-openjdk/jre/lib/amd64/libawt.so
7f213b638000-7f213b644000 rw-p 000a0000 08:07 428422                     /usr/lib/jvm/java-8-openjdk/jre/lib/amd64/libawt.so
7f213b644000-7f213b668000 rw-p 00000000 00:00 0 
7f213b66b000-7f213b66c000 ---p 00000000 00:00 0 
7f213b66c000-7f213b76c000 rw-p 00000000 00:00 0                          [stack:16512]
7f213b76c000-7f213b76f000 ---p 00000000 00:00 0 
7f213b76f000-7f213b86d000 rw-p 00000000 00:00 0                          [stack:16510]
7f213b86d000-7f213b870000 ---p 00000000 00:00 0 
7f213b870000-7f213b96e000 rw-p 00000000 00:00 0                          [stack:16508]
7f213b96e000-7f213b971000 ---p 00000000 00:00 0 
7f213b971000-7f213ba6f000 rw-p 00000000 00:00 0                          [stack:16504]
7f213ba6f000-7f213ba72000 ---p 00000000 00:00 0 
7f213ba72000-7f213bb70000 rw-p 00000000 00:00 0                          [stack:16501]
7f213bb70000-7f213bcf9000 r--p 00000000 08:07 159448                     /usr/lib/locale/locale-archive
7f213bcfd000-7f213bd00000 ---p 00000000 00:00 0 
7f213bd00000-7f213bdfe000 rw-p 00000000 00:00 0                          [stack:16440]
7f213bdfe000-7f213be01000 ---p 00000000 00:00 0 
7f213be01000-7f213beff000 rw-p 00000000 00:00 0                          [stack:16438]
7f213beff000-7f213bf00000 ---p 00000000 00:00 0 
7f213bf00000-7f213c000000 rw-p 00000000 00:00 0                          [stack:16437]
7f213c000000-7f213c021000 rw-p 00000000 00:00 0 
7f213c021000-7f2140000000 ---p 00000000 00:00 0 
7f214000e000-7f2140019000 r--s 00116000 08:07 428369                     /usr/lib/jvm/java-8-openjdk/jre/lib/ext/localedata.jar
7f2140020000-7f2140039000 r--s 00000000 08:07 669984                     /var/cache/fontconfig/8d4af663993b81a124ee82e610bb31f9-le64.cache-4
7f2140040000-7f2140042000 r--s 00000000 08:07 669321                     /var/cache/fontconfig/452f1fac34b224105d7acfae3034bcd5-le64.cache-4
7f2140048000-7f2140049000 r--s 00000000 08:07 655184                     /var/cache/fontconfig/6ba42ae0000f58711b5caaf10d690066-le64.cache-4
7f2140050000-7f214005f000 r--s 00000000 08:07 658776                     /var/cache/fontconfig/5a02e0a9ca9b27d0aa4bd0c42ba2438d-le64.cache-4
7f2140060000-7f214006a000 r--s 00000000 08:07 655257                     /var/cache/fontconfig/d62e99ef547d1d24cdb1bd22ec1a2976-le64.cache-4
7f2140070000-7f214007d000 r--s 00000000 08:07 675069                     /var/cache/fontconfig/f6b893a7224233d96cb72fd88691c0b4-le64.cache-4
7f2140080000-7f2140089000 r--s 00000000 08:07 669908                     /var/cache/fontconfig/f349e9996a5320f6dd491cedd2b1f964-le64.cache-4
7f214008d000-7f21400a0000 r--s 00345000 08:07 428351                     /usr/lib/jvm/java-8-openjdk/jre/lib/resources.jar
7f21400a0000-7f21400c6000 r--p 00000000 08:07 133714                     /usr/share/locale/es/LC_MESSAGES/libc.mo
7f21400c8000-7f21400cd000 r--s 002f8000 08:07 428349                     /usr/lib/jvm/java-8-openjdk/jre/lib/charsets.jar
7f21400d4000-7f21400db000 r--s 00094000 08:07 565039                     /usr/share/netbeans/java/modules/ext/beansbinding-1.2.1.jar
7f21400e0000-7f21400e1000 r--s 00000000 08:07 565038                     /usr/share/netbeans/java/modules/ext/AbsoluteLayout.jar
7f21400e8000-7f2140a12000 rw-p 00000000 00:00 0 
7f2140a12000-7f2140be0000 r--s 03bd2000 08:07 428353                     /usr/lib/jvm/java-8-openjdk/jre/lib/rt.jar
7f2140be3000-7f2144292000 rw-p 00000000 00:00 0 
7f2144292000-7f2144293000 ---p 00000000 00:00 0 
7f2144293000-7f21443b1000 rw-p 00000000 00:00 0                          [stack:16417]
7f21443b1000-7f2144568000 ---p 00000000 00:00 0 
7f2144568000-7f2144586000 rw-p 00000000 00:00 0 
7f2144586000-7f214473c000 ---p 00000000 00:00 0 
7f214473c000-7f214476d000 rw-p 00000000 00:00 0 
7f214476d000-7f2144827000 ---p 00000000 00:00 0 
7f2144827000-7f2144836000 rw-p 00000000 00:00 0 
7f2144836000-7f2144be8000 ---p 00000000 00:00 0 
7f2144be8000-7f2144f38000 rwxp 00000000 00:00 0 
7f2144f38000-7f2153be8000 ---p 00000000 00:00 0 
7f2153be8000-7f2153bf0000 r-xp 00000000 08:07 428408                     /usr/lib/jvm/java-8-openjdk/jre/lib/amd64/libzip.so
7f2153bf0000-7f2153def000 ---p 00008000 08:07 428408                     /usr/lib/jvm/java-8-openjdk/jre/lib/amd64/libzip.so
7f2153def000-7f2153df0000 rw-p 00007000 08:07 428408                     /usr/lib/jvm/java-8-openjdk/jre/lib/amd64/libzip.so
7f2153df0000-7f2153dfb000 r-xp 00000000 08:07 133754                     /usr/lib/libnss_files-2.21.so
7f2153dfb000-7f2153ffb000 ---p 0000b000 08:07 133754                     /usr/lib/libnss_files-2.21.so
7f2153ffb000-7f2153ffc000 r--p 0000b000 08:07 133754                     /usr/lib/libnss_files-2.21.so
7f2153ffc000-7f2153ffd000 rw-p 0000c000 08:07 133754                     /usr/lib/libnss_files-2.21.so
7f2154000000-7f2154226000 rw-p 00000000 00:00 0 
7f2154226000-7f2158000000 ---p 00000000 00:00 0 
7f2158007000-7f21580bf000 rw-p 00000000 00:00 0 
7f21580bf000-7f21580c0000 ---p 00000000 00:00 0 
7f21580c0000-7f21581c0000 rw-p 00000000 00:00 0                          [stack:16411]
7f21581c0000-7f21581ed000 r-xp 00000000 08:07 428407                     /usr/lib/jvm/java-8-openjdk/jre/lib/amd64/libjava.so
7f21581ed000-7f21583ed000 ---p 0002d000 08:07 428407                     /usr/lib/jvm/java-8-openjdk/jre/lib/amd64/libjava.so
7f21583ed000-7f21583ef000 rw-p 0002d000 08:07 428407                     /usr/lib/jvm/java-8-openjdk/jre/lib/amd64/libjava.so
7f21583f0000-7f21583fd000 r-xp 00000000 08:07 428399                     /usr/lib/jvm/java-8-openjdk/jre/lib/amd64/libverify.so
7f21583fd000-7f21585fc000 ---p 0000d000 08:07 428399                     /usr/lib/jvm/java-8-openjdk/jre/lib/amd64/libverify.so
7f21585fc000-7f21585fe000 rw-p 0000c000 08:07 428399                     /usr/lib/jvm/java-8-openjdk/jre/lib/amd64/libverify.so
7f2158600000-7f2158607000 r-xp 00000000 08:07 133786                     /usr/lib/librt-2.21.so
7f2158607000-7f2158806000 ---p 00007000 08:07 133786                     /usr/lib/librt-2.21.so
7f2158806000-7f2158807000 r--p 00006000 08:07 133786                     /usr/lib/librt-2.21.so
7f2158807000-7f2158808000 rw-p 00007000 08:07 133786                     /usr/lib/librt-2.21.so
7f2158808000-7f215890b000 r-xp 00000000 08:07 133813                     /usr/lib/libm-2.21.so
7f215890b000-7f2158b0b000 ---p 00103000 08:07 133813                     /usr/lib/libm-2.21.so
7f2158b0b000-7f2158b0c000 r--p 00103000 08:07 133813                     /usr/lib/libm-2.21.so
7f2158b0c000-7f2158b0d000 rw-p 00104000 08:07 133813                     /usr/lib/libm-2.21.so
7f2158b10000-7f21597af000 r-xp 00000000 08:07 428431                     /usr/lib/jvm/java-8-openjdk/jre/lib/amd64/server/libjvm.so
7f21597af000-7f21599af000 ---p 00c9f000 08:07 428431                     /usr/lib/jvm/java-8-openjdk/jre/lib/amd64/server/libjvm.so
7f21599af000-7f2159a7b000 rw-p 00c9f000 08:07 428431                     /usr/lib/jvm/java-8-openjdk/jre/lib/amd64/server/libjvm.so
7f2159a7b000-7f2159abc000 rw-p 00000000 00:00 0 
7f2159ac0000-7f2159c59000 r-xp 00000000 08:07 133765                     /usr/lib/libc-2.21.so
7f2159c59000-7f2159e59000 ---p 00199000 08:07 133765                     /usr/lib/libc-2.21.so
7f2159e59000-7f2159e5d000 r--p 00199000 08:07 133765                     /usr/lib/libc-2.21.so
7f2159e5d000-7f2159e5f000 rw-p 0019d000 08:07 133765                     /usr/lib/libc-2.21.so
7f2159e5f000-7f2159e63000 rw-p 00000000 00:00 0 
7f2159e68000-7f2159e6a000 r-xp 00000000 08:07 133795                     /usr/lib/libdl-2.21.so
7f2159e6a000-7f215a06a000 ---p 00002000 08:07 133795                     /usr/lib/libdl-2.21.so
7f215a06a000-7f215a06b000 r--p 00002000 08:07 133795                     /usr/lib/libdl-2.21.so
7f215a06b000-7f215a06c000 rw-p 00003000 08:07 133795                     /usr/lib/libdl-2.21.so
7f215a070000-7f215a07d000 r-xp 00000000 08:07 428428                     /usr/lib/jvm/java-8-openjdk/jre/lib/amd64/jli/libjli.so
7f215a07d000-7f215a27d000 ---p 0000d000 08:07 428428                     /usr/lib/jvm/java-8-openjdk/jre/lib/amd64/jli/libjli.so
7f215a27d000-7f215a27e000 rw-p 0000d000 08:07 428428                     /usr/lib/jvm/java-8-openjdk/jre/lib/amd64/jli/libjli.so
7f215a280000-7f215a295000 r-xp 00000000 08:07 136861                     /usr/lib/libz.so.1.2.8
7f215a295000-7f215a494000 ---p 00015000 08:07 136861                     /usr/lib/libz.so.1.2.8
7f215a494000-7f215a495000 r--p 00014000 08:07 136861                     /usr/lib/libz.so.1.2.8
7f215a495000-7f215a496000 rw-p 00015000 08:07 136861                     /usr/lib/libz.so.1.2.8
7f215a498000-7f215a4b0000 r-xp 00000000 08:07 133785                     /usr/lib/libpthread-2.21.so
7f215a4b0000-7f215a6af000 ---p 00018000 08:07 133785                     /usr/lib/libpthread-2.21.so
7f215a6af000-7f215a6b0000 r--p 00017000 08:07 133785                     /usr/lib/libpthread-2.21.so
7f215a6b0000-7f215a6b1000 rw-p 00018000 08:07 133785                     /usr/lib/libpthread-2.21.so
7f215a6b1000-7f215a6b5000 rw-p 00000000 00:00 0 
7f215a6b8000-7f215a6da000 r-xp 00000000 08:07 133809                     /usr/lib/ld-2.21.so
7f215a6dc000-7f215a7c8000 rw-p 00000000 00:00 0 
7f215a7c8000-7f215a7d0000 rw-s 00000000 00:1f 3771150                    /tmp/hsperfdata_maximiliano/16399
7f215a7d5000-7f215a7d7000 rw-p 00000000 00:00 0 
7f215a7d7000-7f215a7d8000 ---p 00000000 00:00 0 
7f215a7d8000-7f215a7db000 ---p 00000000 00:00 0 
7f215a7db000-7f215a8d9000 rw-p 00000000 00:00 0                          [stack:16404]
7f215a8d9000-7f215a8da000 r--p 00021000 08:07 133809                     /usr/lib/ld-2.21.so
7f215a8da000-7f215a8db000 rw-p 00022000 08:07 133809                     /usr/lib/ld-2.21.so
7f215a8db000-7f215a8dd000 rw-p 00000000 00:00 0 
7f215a8dd000-7f215a8e1000 rw-p 00000000 00:00 0 
7ffd72a94000-7ffd72ab5000 rw-p 00000000 00:00 0                          [stack]
7ffd72c00000-7ffd72c02000 r--p 00000000 00:00 0                          [vvar]
7ffd72c02000-7ffd72c04000 r-xp 00000000 00:00 0                          [vdso]
ffffffffff600000-ffffffffff601000 r-xp 00000000 00:00 0                  [vsyscall]

VM Arguments:
jvm_args: -Dfile.encoding=UTF-8 
java_command: cliente.Cliente
java_class_path (initial): /usr/share/netbeans/java/modules/ext/AbsoluteLayout.jar:/usr/share/netbeans/java/modules/ext/beansbinding-1.2.1.jar:/home/maximiliano/NetBeansProjects/socket/build/classes
Launcher Type: SUN_STANDARD

Environment Variables:
PATH=/usr/local/sbin:/usr/local/bin:/usr/bin:/usr/lib/jvm/default/bin:/usr/bin/site_perl:/usr/bin/vendor_perl:/usr/bin/core_perl
LD_LIBRARY_PATH=/usr/lib/jvm/default/bin/../jre/lib/amd64:/usr/lib/jvm/default/bin/../jre/lib/i386:
SHELL=/bin/bash
DISPLAY=:0

Signal Handlers:
SIGSEGV: [libjvm.so+0xa8f160], sa_mask[0]=11111111011111111101111111111110, sa_flags=SA_RESTART|SA_SIGINFO
SIGBUS: [libjvm.so+0xa8f160], sa_mask[0]=11111111011111111101111111111110, sa_flags=SA_RESTART|SA_SIGINFO
SIGFPE: [libjvm.so+0x8daa30], sa_mask[0]=11111111011111111101111111111110, sa_flags=SA_RESTART|SA_SIGINFO
SIGPIPE: [libjvm.so+0x8daa30], sa_mask[0]=11111111011111111101111111111110, sa_flags=SA_RESTART|SA_SIGINFO
SIGXFSZ: [libjvm.so+0x8daa30], sa_mask[0]=11111111011111111101111111111110, sa_flags=SA_RESTART|SA_SIGINFO
SIGILL: [libjvm.so+0x8daa30], sa_mask[0]=11111111011111111101111111111110, sa_flags=SA_RESTART|SA_SIGINFO
SIGUSR1: SIG_DFL, sa_mask[0]=00000000000000000000000000000000, sa_flags=none
SIGUSR2: [libjvm.so+0x8da8e0], sa_mask[0]=00100000000000000000000000000000, sa_flags=SA_RESTART|SA_SIGINFO
SIGHUP: [libjvm.so+0x8dab00], sa_mask[0]=11111111011111111101111111111110, sa_flags=SA_RESTART|SA_SIGINFO
SIGINT: SIG_IGN, sa_mask[0]=00000000000000000000000000000000, sa_flags=none
SIGTERM: [libjvm.so+0x8dab00], sa_mask[0]=11111111011111111101111111111110, sa_flags=SA_RESTART|SA_SIGINFO
SIGQUIT: [libjvm.so+0x8dab00], sa_mask[0]=11111111011111111101111111111110, sa_flags=SA_RESTART|SA_SIGINFO


---------------  S Y S T E M  ---------------

OS:NAME="Arch Linux"
ID=arch
PRETTY_NAME="Arch Linux"
ANSI_COLOR="0;36"
HOME_URL="https://www.archlinux.org/"
SUPPORT_URL="https://bbs.archlinux.org/"
BUG_REPORT_URL="https://bugs.archlinux.org/"


uname:Linux 3.19.2-1-ARCH #1 SMP PREEMPT Wed Mar 18 16:21:02 CET 2015 x86_64
libc:glibc 2.21 NPTL 2.21 
rlimit: STACK 8192k, CORE 0k, NPROC 22460, NOFILE 4096, AS infinity
load average:144,89 156,37 121,08

/proc/meminfo:
MemTotal:        5755352 kB
MemFree:           95156 kB
MemAvailable:      35804 kB
Buffers:             504 kB
Cached:            43640 kB
SwapCached:        26920 kB
Active:          4282696 kB
Inactive:        1084760 kB
Active(anon):    4272460 kB
Inactive(anon):  1069660 kB
Active(file):      10236 kB
Inactive(file):    15100 kB
Unevictable:          32 kB
Mlocked:              32 kB
SwapTotal:       1048572 kB
SwapFree:          30844 kB
Dirty:                 0 kB
Writeback:          1084 kB
AnonPages:       5331228 kB
Mapped:            24688 kB
Shmem:             18736 kB
Slab:              99592 kB
SReclaimable:      24888 kB
SUnreclaim:        74704 kB
KernelStack:       18416 kB
PageTables:        62812 kB
NFS_Unstable:          0 kB
Bounce:                0 kB
WritebackTmp:          0 kB
CommitLimit:     3926248 kB
Committed_AS:   16546652 kB
VmallocTotal:   34359738367 kB
VmallocUsed:      308092 kB
VmallocChunk:   34359426940 kB
HardwareCorrupted:     0 kB
AnonHugePages:   1349632 kB
HugePages_Total:       0
HugePages_Free:        0
HugePages_Rsvd:        0
HugePages_Surp:        0
Hugepagesize:       2048 kB
DirectMap4k:      689540 kB
DirectMap2M:     5302272 kB
DirectMap1G:           0 kB


CPU:total 2 (2 cores per cpu, 1 threads per core) family 21 model 16 stepping 1, cmov, cx8, fxsr, mmx, sse, sse2, sse3, ssse3, sse4.1, sse4.2, popcnt, avx, aes, clmul, mmxext, 3dnowpref, lzcnt, sse4a, tsc, tscinvbit, tscinv, bmi1

/proc/cpuinfo:
processor	: 0
vendor_id	: AuthenticAMD
cpu family	: 21
model		: 16
model name	: AMD A6-4455M APU with Radeon(tm) HD Graphics
stepping	: 1
microcode	: 0x6001119
cpu MHz		: 2100.000
cache size	: 2048 KB
physical id	: 0
siblings	: 2
core id		: 0
cpu cores	: 1
apicid		: 16
initial apicid	: 0
fpu		: yes
fpu_exception	: yes
cpuid level	: 13
wp		: yes
flags		: fpu vme de pse tsc msr pae mce cx8 apic sep mtrr pge mca cmov pat pse36 clflush mmx fxsr sse sse2 ht syscall nx mmxext fxsr_opt pdpe1gb rdtscp lm constant_tsc rep_good nopl nonstop_tsc extd_apicid aperfmperf pni pclmulqdq monitor ssse3 fma cx16 sse4_1 sse4_2 popcnt aes xsave avx f16c lahf_lm cmp_legacy svm extapic cr8_legacy abm sse4a misalignsse 3dnowprefetch osvw ibs xop skinit wdt lwp fma4 tce nodeid_msr tbm topoext perfctr_core perfctr_nb arat cpb hw_pstate npt lbrv svm_lock nrip_save tsc_scale vmcb_clean flushbyasid decodeassists pausefilter pfthreshold vmmcall bmi1
bugs		: fxsave_leak
bogomips	: 4194.02
TLB size	: 1536 4K pages
clflush size	: 64
cache_alignment	: 64
address sizes	: 48 bits physical, 48 bits virtual
power management: ts ttp tm 100mhzsteps hwpstate cpb eff_freq_ro

processor	: 1
vendor_id	: AuthenticAMD
cpu family	: 21
model		: 16
model name	: AMD A6-4455M APU with Radeon(tm) HD Graphics   
stepping	: 1
microcode	: 0x6001119
cpu MHz		: 2100.000
cache size	: 2048 KB
physical id	: 0
siblings	: 2
core id		: 1
cpu cores	: 1
apicid		: 17
initial apicid	: 1
fpu		: yes
fpu_exception	: yes
cpuid level	: 13
wp		: yes
flags		: fpu vme de pse tsc msr pae mce cx8 apic sep mtrr pge mca cmov pat pse36 clflush mmx fxsr sse sse2 ht syscall nx mmxext fxsr_opt pdpe1gb rdtscp lm constant_tsc rep_good nopl nonstop_tsc extd_apicid aperfmperf pni pclmulqdq monitor ssse3 fma cx16 sse4_1 sse4_2 popcnt aes xsave avx f16c lahf_lm cmp_legacy svm extapic cr8_legacy abm sse4a misalignsse 3dnowprefetch osvw ibs xop skinit wdt lwp fma4 tce nodeid_msr tbm topoext perfctr_core perfctr_nb arat cpb hw_pstate npt lbrv svm_lock nrip_save tsc_scale vmcb_clean flushbyasid decodeassists pausefilter pfthreshold vmmcall bmi1
bugs		: fxsave_leak
bogomips	: 4194.02
TLB size	: 1536 4K pages
clflush size	: 64
cache_alignment	: 64
address sizes	: 48 bits physical, 48 bits virtual
power management: ts ttp tm 100mhzsteps hwpstate cpb eff_freq_ro



Memory: 4k page, physical 5755352k(95256k free), swap 1048572k(30660k free)

vm_info: OpenJDK 64-Bit Server VM (25.40-b23) for linux-amd64 JRE (1.8.0_40-b20), built on Mar 15 2015 09:37:38 by "builduser" with gcc 4.9.2 20150304 (prerelease)

time: Sat Mar 28 19:20:21 2015
elapsed time: 1285 seconds (0d 0h 21m 25s)

