#
# There is insufficient memory for the Java Runtime Environment to continue.
# Native memory allocation (mmap) failed to map 30408704 bytes for committing reserved memory.
# Possible reasons:
#   The system is out of physical RAM or swap space
#   In 32 bit mode, the process size limit was hit
# Possible solutions:
#   Reduce memory load on the system
#   Increase physical memory or swap space
#   Check if swap backing store is full
#   Use 64 bit Java on a 64 bit OS
#   Decrease Java heap size (-Xmx/-Xms)
#   Decrease number of Java threads
#   Decrease Java thread stack sizes (-Xss)
#   Set larger code cache with -XX:ReservedCodeCacheSize=
# This output file may be truncated or incomplete.
#
#  Out of Memory Error (os_linux.cpp:2673), pid=13720, tid=140693734487808
#
# JRE version:  (8.0_40-b20) (build )
# Java VM: OpenJDK 64-Bit Server VM (25.40-b23 mixed mode linux-amd64 compressed oops)
# Failed to write core dump. Core dumps have been disabled. To enable core dumping, try "ulimit -c unlimited" before starting Java again
#

---------------  T H R E A D  ---------------

Current thread (0x00007ff5c8008800):  JavaThread "Unknown thread" [_thread_in_vm, id=13726, stack(0x00007ff5d000f000,0x00007ff5d0110000)]

Stack: [0x00007ff5d000f000,0x00007ff5d0110000],  sp=0x00007ff5d010e660,  free space=1021k
Native frames: (J=compiled Java code, j=interpreted, Vv=VM code, C=native code)
V  [libjvm.so+0xa8e69d]
V  [libjvm.so+0x4e856c]
V  [libjvm.so+0x8df110]
V  [libjvm.so+0x8d98de]
V  [libjvm.so+0x952cdb]
V  [libjvm.so+0x954d3d]
V  [libjvm.so+0x2c80f7]
V  [libjvm.so+0x9044cb]
V  [libjvm.so+0xa52759]
V  [libjvm.so+0xa52a72]
V  [libjvm.so+0x63229f]
V  [libjvm.so+0xa35e8a]
V  [libjvm.so+0x6ab02e]  JNI_CreateJavaVM+0x5e
C  [libjli.so+0x2d5f]
C  [libpthread.so.0+0x7374]  start_thread+0xc4


---------------  P R O C E S S  ---------------

Java Threads: ( => current thread )

Other Threads:

=>0x00007ff5c8008800 (exited) JavaThread "Unknown thread" [_thread_in_vm, id=13726, stack(0x00007ff5d000f000,0x00007ff5d0110000)]

VM state:not at safepoint (not fully initialized)

VM Mutex/Monitor currently owned by a thread: None

GC Heap History (0 events):
No events

Deoptimization events (0 events):
No events

Internal exceptions (0 events):
No events

Events (0 events):
No events


Dynamic libraries:
00400000-00401000 r-xp 00000000 08:07 428440                             /usr/lib/jvm/java-8-openjdk/jre/bin/java
00600000-00601000 rw-p 00000000 08:07 428440                             /usr/lib/jvm/java-8-openjdk/jre/bin/java
00b66000-00b87000 rw-p 00000000 00:00 0                                  [heap]
a8200000-e2b80000 ---p 00000000 00:00 0 
e4880000-100000000 ---p 00000000 00:00 0 
7ff5b9000000-7ff5b9270000 rwxp 00000000 00:00 0 
7ff5b9270000-7ff5c8000000 ---p 00000000 00:00 0 
7ff5c8000000-7ff5c802e000 rw-p 00000000 00:00 0 
7ff5c802e000-7ff5cc000000 ---p 00000000 00:00 0 
7ff5ccf60000-7ff5cd21f000 ---p 00000000 00:00 0 
7ff5cd21f000-7ff5cd22a000 rw-p 00000000 00:00 0 
7ff5cd22a000-7ff5cd5e0000 ---p 00000000 00:00 0 
7ff5cd5e0000-7ff5cd5e8000 r-xp 00000000 08:07 428408                     /usr/lib/jvm/java-8-openjdk/jre/lib/amd64/libzip.so
7ff5cd5e8000-7ff5cd7e7000 ---p 00008000 08:07 428408                     /usr/lib/jvm/java-8-openjdk/jre/lib/amd64/libzip.so
7ff5cd7e7000-7ff5cd7e8000 rw-p 00007000 08:07 428408                     /usr/lib/jvm/java-8-openjdk/jre/lib/amd64/libzip.so
7ff5cd7e8000-7ff5cd7f3000 r-xp 00000000 08:07 133754                     /usr/lib/libnss_files-2.21.so
7ff5cd7f3000-7ff5cd9f3000 ---p 0000b000 08:07 133754                     /usr/lib/libnss_files-2.21.so
7ff5cd9f3000-7ff5cd9f4000 r--p 0000b000 08:07 133754                     /usr/lib/libnss_files-2.21.so
7ff5cd9f4000-7ff5cd9f5000 rw-p 0000c000 08:07 133754                     /usr/lib/libnss_files-2.21.so
7ff5cd9f8000-7ff5cda25000 r-xp 00000000 08:07 428407                     /usr/lib/jvm/java-8-openjdk/jre/lib/amd64/libjava.so
7ff5cda25000-7ff5cdc25000 ---p 0002d000 08:07 428407                     /usr/lib/jvm/java-8-openjdk/jre/lib/amd64/libjava.so
7ff5cdc25000-7ff5cdc27000 rw-p 0002d000 08:07 428407                     /usr/lib/jvm/java-8-openjdk/jre/lib/amd64/libjava.so
7ff5cdc28000-7ff5cdc35000 r-xp 00000000 08:07 428399                     /usr/lib/jvm/java-8-openjdk/jre/lib/amd64/libverify.so
7ff5cdc35000-7ff5cde34000 ---p 0000d000 08:07 428399                     /usr/lib/jvm/java-8-openjdk/jre/lib/amd64/libverify.so
7ff5cde34000-7ff5cde36000 rw-p 0000c000 08:07 428399                     /usr/lib/jvm/java-8-openjdk/jre/lib/amd64/libverify.so
7ff5cde38000-7ff5cde3f000 r-xp 00000000 08:07 133786                     /usr/lib/librt-2.21.so
7ff5cde3f000-7ff5ce03e000 ---p 00007000 08:07 133786                     /usr/lib/librt-2.21.so
7ff5ce03e000-7ff5ce03f000 r--p 00006000 08:07 133786                     /usr/lib/librt-2.21.so
7ff5ce03f000-7ff5ce040000 rw-p 00007000 08:07 133786                     /usr/lib/librt-2.21.so
7ff5ce040000-7ff5ce143000 r-xp 00000000 08:07 133813                     /usr/lib/libm-2.21.so
7ff5ce143000-7ff5ce343000 ---p 00103000 08:07 133813                     /usr/lib/libm-2.21.so
7ff5ce343000-7ff5ce344000 r--p 00103000 08:07 133813                     /usr/lib/libm-2.21.so
7ff5ce344000-7ff5ce345000 rw-p 00104000 08:07 133813                     /usr/lib/libm-2.21.so
7ff5ce348000-7ff5cefe7000 r-xp 00000000 08:07 428431                     /usr/lib/jvm/java-8-openjdk/jre/lib/amd64/server/libjvm.so
7ff5cefe7000-7ff5cf1e7000 ---p 00c9f000 08:07 428431                     /usr/lib/jvm/java-8-openjdk/jre/lib/amd64/server/libjvm.so
7ff5cf1e7000-7ff5cf2b3000 rw-p 00c9f000 08:07 428431                     /usr/lib/jvm/java-8-openjdk/jre/lib/amd64/server/libjvm.so
7ff5cf2b3000-7ff5cf2f4000 rw-p 00000000 00:00 0 
7ff5cf2f8000-7ff5cf491000 r-xp 00000000 08:07 133765                     /usr/lib/libc-2.21.so
7ff5cf491000-7ff5cf691000 ---p 00199000 08:07 133765                     /usr/lib/libc-2.21.so
7ff5cf691000-7ff5cf695000 r--p 00199000 08:07 133765                     /usr/lib/libc-2.21.so
7ff5cf695000-7ff5cf697000 rw-p 0019d000 08:07 133765                     /usr/lib/libc-2.21.so
7ff5cf697000-7ff5cf69b000 rw-p 00000000 00:00 0 
7ff5cf6a0000-7ff5cf6a2000 r-xp 00000000 08:07 133795                     /usr/lib/libdl-2.21.so
7ff5cf6a2000-7ff5cf8a2000 ---p 00002000 08:07 133795                     /usr/lib/libdl-2.21.so
7ff5cf8a2000-7ff5cf8a3000 r--p 00002000 08:07 133795                     /usr/lib/libdl-2.21.so
7ff5cf8a3000-7ff5cf8a4000 rw-p 00003000 08:07 133795                     /usr/lib/libdl-2.21.so
7ff5cf8a8000-7ff5cf8b5000 r-xp 00000000 08:07 428428                     /usr/lib/jvm/java-8-openjdk/jre/lib/amd64/jli/libjli.so
7ff5cf8b5000-7ff5cfab5000 ---p 0000d000 08:07 428428                     /usr/lib/jvm/java-8-openjdk/jre/lib/amd64/jli/libjli.so
7ff5cfab5000-7ff5cfab6000 rw-p 0000d000 08:07 428428                     /usr/lib/jvm/java-8-openjdk/jre/lib/amd64/jli/libjli.so
7ff5cfab8000-7ff5cfacd000 r-xp 00000000 08:07 136861                     /usr/lib/libz.so.1.2.8
7ff5cfacd000-7ff5cfccc000 ---p 00015000 08:07 136861                     /usr/lib/libz.so.1.2.8
7ff5cfccc000-7ff5cfccd000 r--p 00014000 08:07 136861                     /usr/lib/libz.so.1.2.8
7ff5cfccd000-7ff5cfcce000 rw-p 00015000 08:07 136861                     /usr/lib/libz.so.1.2.8
7ff5cfcd0000-7ff5cfce8000 r-xp 00000000 08:07 133785                     /usr/lib/libpthread-2.21.so
7ff5cfce8000-7ff5cfee7000 ---p 00018000 08:07 133785                     /usr/lib/libpthread-2.21.so
7ff5cfee7000-7ff5cfee8000 r--p 00017000 08:07 133785                     /usr/lib/libpthread-2.21.so
7ff5cfee8000-7ff5cfee9000 rw-p 00018000 08:07 133785                     /usr/lib/libpthread-2.21.so
7ff5cfee9000-7ff5cfeed000 rw-p 00000000 00:00 0 
7ff5cfef0000-7ff5cff12000 r-xp 00000000 08:07 133809                     /usr/lib/ld-2.21.so
7ff5d0000000-7ff5d0008000 rw-s 00000000 00:1f 3554880                    /tmp/hsperfdata_maximiliano/13720
7ff5d000a000-7ff5d000e000 rw-p 00000000 00:00 0 
7ff5d000e000-7ff5d000f000 r--p 00000000 00:00 0 
7ff5d000f000-7ff5d0012000 ---p 00000000 00:00 0 
7ff5d0012000-7ff5d0111000 rw-p 00000000 00:00 0                          [stack:13726]
7ff5d0111000-7ff5d0112000 r--p 00021000 08:07 133809                     /usr/lib/ld-2.21.so
7ff5d0112000-7ff5d0113000 rw-p 00022000 08:07 133809                     /usr/lib/ld-2.21.so
7ff5d0113000-7ff5d0115000 rw-p 00000000 00:00 0 
7ff5d0115000-7ff5d0118000 rw-p 00000000 00:00 0 
7ffeed16c000-7ffeed18d000 rw-p 00000000 00:00 0                          [stack]
7ffeed1e8000-7ffeed1ea000 r--p 00000000 00:00 0                          [vvar]
7ffeed1ea000-7ffeed1ec000 r-xp 00000000 00:00 0                          [vdso]
ffffffffff600000-ffffffffff601000 r-xp 00000000 00:00 0                  [vsyscall]

VM Arguments:
jvm_args: -Dfile.encoding=UTF-8 
java_command: cliente.Cliente
java_class_path (initial): /usr/share/netbeans/java/modules/ext/AbsoluteLayout.jar:/usr/share/netbeans/java/modules/ext/beansbinding-1.2.1.jar:/home/maximiliano/NetBeansProjects/socket/build/classes
Launcher Type: SUN_STANDARD

Environment Variables:
PATH=/usr/local/sbin:/usr/local/bin:/usr/bin:/usr/lib/jvm/default/bin:/usr/bin/site_perl:/usr/bin/vendor_perl:/usr/bin/core_perl
LD_LIBRARY_PATH=/usr/lib/jvm/default/bin/../jre/lib/amd64:/usr/lib/jvm/default/bin/../jre/lib/i386:
SHELL=/bin/bash
DISPLAY=:0

Signal Handlers:
SIGSEGV: [libjvm.so+0xa8f160], sa_mask[0]=11111111011111111101111111111110, sa_flags=SA_RESTART|SA_SIGINFO
SIGBUS: [libjvm.so+0xa8f160], sa_mask[0]=11111111011111111101111111111110, sa_flags=SA_RESTART|SA_SIGINFO
SIGFPE: [libjvm.so+0x8daa30], sa_mask[0]=11111111011111111101111111111110, sa_flags=SA_RESTART|SA_SIGINFO
SIGPIPE: [libjvm.so+0x8daa30], sa_mask[0]=11111111011111111101111111111110, sa_flags=SA_RESTART|SA_SIGINFO
SIGXFSZ: [libjvm.so+0x8daa30], sa_mask[0]=11111111011111111101111111111110, sa_flags=SA_RESTART|SA_SIGINFO
SIGILL: [libjvm.so+0x8daa30], sa_mask[0]=11111111011111111101111111111110, sa_flags=SA_RESTART|SA_SIGINFO
SIGUSR1: SIG_DFL, sa_mask[0]=00000000000000000000000000000000, sa_flags=none
SIGUSR2: [libjvm.so+0x8da8e0], sa_mask[0]=00100000000000000000000000000000, sa_flags=SA_RESTART|SA_SIGINFO
SIGHUP: SIG_DFL, sa_mask[0]=00000000000000000000000000000000, sa_flags=none
SIGINT: SIG_IGN, sa_mask[0]=00000000000000000000000000000000, sa_flags=none
SIGTERM: SIG_DFL, sa_mask[0]=00000000000000000000000000000000, sa_flags=none
SIGQUIT: SIG_DFL, sa_mask[0]=00000000000000000000000000000000, sa_flags=none


---------------  S Y S T E M  ---------------

OS:NAME="Arch Linux"
ID=arch
PRETTY_NAME="Arch Linux"
ANSI_COLOR="0;36"
HOME_URL="https://www.archlinux.org/"
SUPPORT_URL="https://bbs.archlinux.org/"
BUG_REPORT_URL="https://bugs.archlinux.org/"


uname:Linux 3.19.2-1-ARCH #1 SMP PREEMPT Wed Mar 18 16:21:02 CET 2015 x86_64
libc:glibc 2.21 NPTL 2.21 
rlimit: STACK 8192k, CORE 0k, NPROC 22460, NOFILE 4096, AS infinity
load average:29.27 14.48 6.04

/proc/meminfo:
MemTotal:        5755352 kB
MemFree:           96692 kB
MemAvailable:      43200 kB
Buffers:             540 kB
Cached:            55072 kB
SwapCached:          316 kB
Active:          4479940 kB
Inactive:         847968 kB
Active(anon):    4460080 kB
Inactive(anon):   835104 kB
Active(file):      19860 kB
Inactive(file):    12864 kB
Unevictable:          32 kB
Mlocked:              32 kB
SwapTotal:       1048572 kB
SwapFree:              0 kB
Dirty:                 0 kB
Writeback:             0 kB
AnonPages:       5273064 kB
Mapped:            29720 kB
Shmem:             22112 kB
Slab:              85904 kB
SReclaimable:      29212 kB
SUnreclaim:        56692 kB
KernelStack:       45552 kB
PageTables:        87768 kB
NFS_Unstable:          0 kB
Bounce:                0 kB
WritebackTmp:          0 kB
CommitLimit:     3926248 kB
Committed_AS:   25944132 kB
VmallocTotal:   34359738367 kB
VmallocUsed:      308272 kB
VmallocChunk:   34359426940 kB
HardwareCorrupted:     0 kB
AnonHugePages:   1816576 kB
HugePages_Total:       0
HugePages_Free:        0
HugePages_Rsvd:        0
HugePages_Surp:        0
Hugepagesize:       2048 kB
DirectMap4k:      232836 kB
DirectMap2M:     5758976 kB
DirectMap1G:           0 kB


CPU:total 2 (2 cores per cpu, 1 threads per core) family 21 model 16 stepping 1, cmov, cx8, fxsr, mmx, sse, sse2, sse3, ssse3, sse4.1, sse4.2, popcnt, avx, aes, clmul, mmxext, 3dnowpref, lzcnt, sse4a, tsc, tscinvbit, tscinv, bmi1

/proc/cpuinfo:
processor	: 0
vendor_id	: AuthenticAMD
cpu family	: 21
model		: 16
model name	: AMD A6-4455M APU with Radeon(tm) HD Graphics
stepping	: 1
microcode	: 0x6001119
cpu MHz		: 2100.000
cache size	: 2048 KB
physical id	: 0
siblings	: 2
core id		: 0
cpu cores	: 1
apicid		: 16
initial apicid	: 0
fpu		: yes
fpu_exception	: yes
cpuid level	: 13
wp		: yes
flags		: fpu vme de pse tsc msr pae mce cx8 apic sep mtrr pge mca cmov pat pse36 clflush mmx fxsr sse sse2 ht syscall nx mmxext fxsr_opt pdpe1gb rdtscp lm constant_tsc rep_good nopl nonstop_tsc extd_apicid aperfmperf pni pclmulqdq monitor ssse3 fma cx16 sse4_1 sse4_2 popcnt aes xsave avx f16c lahf_lm cmp_legacy svm extapic cr8_legacy abm sse4a misalignsse 3dnowprefetch osvw ibs xop skinit wdt lwp fma4 tce nodeid_msr tbm topoext perfctr_core perfctr_nb arat cpb hw_pstate npt lbrv svm_lock nrip_save tsc_scale vmcb_clean flushbyasid decodeassists pausefilter pfthreshold vmmcall bmi1
bugs		: fxsave_leak
bogomips	: 4194.02
TLB size	: 1536 4K pages
clflush size	: 64
cache_alignment	: 64
address sizes	: 48 bits physical, 48 bits virtual
power management: ts ttp tm 100mhzsteps hwpstate cpb eff_freq_ro

processor	: 1
vendor_id	: AuthenticAMD
cpu family	: 21
model		: 16
model name	: AMD A6-4455M APU with Radeon(tm) HD Graphics   
stepping	: 1
microcode	: 0x6001119
cpu MHz		: 2100.000
cache size	: 2048 KB
physical id	: 0
siblings	: 2
core id		: 1
cpu cores	: 1
apicid		: 17
initial apicid	: 1
fpu		: yes
fpu_exception	: yes
cpuid level	: 13
wp		: yes
flags		: fpu vme de pse tsc msr pae mce cx8 apic sep mtrr pge mca cmov pat pse36 clflush mmx fxsr sse sse2 ht syscall nx mmxext fxsr_opt pdpe1gb rdtscp lm constant_tsc rep_good nopl nonstop_tsc extd_apicid aperfmperf pni pclmulqdq monitor ssse3 fma cx16 sse4_1 sse4_2 popcnt aes xsave avx f16c lahf_lm cmp_legacy svm extapic cr8_legacy abm sse4a misalignsse 3dnowprefetch osvw ibs xop skinit wdt lwp fma4 tce nodeid_msr tbm topoext perfctr_core perfctr_nb arat cpb hw_pstate npt lbrv svm_lock nrip_save tsc_scale vmcb_clean flushbyasid decodeassists pausefilter pfthreshold vmmcall bmi1
bugs		: fxsave_leak
bogomips	: 4194.02
TLB size	: 1536 4K pages
clflush size	: 64
cache_alignment	: 64
address sizes	: 48 bits physical, 48 bits virtual
power management: ts ttp tm 100mhzsteps hwpstate cpb eff_freq_ro



Memory: 4k page, physical 5755352k(96692k free), swap 1048572k(0k free)

vm_info: OpenJDK 64-Bit Server VM (25.40-b23) for linux-amd64 JRE (1.8.0_40-b20), built on Mar 15 2015 09:37:38 by "builduser" with gcc 4.9.2 20150304 (prerelease)

time: Sat Mar 28 18:39:31 2015
elapsed time: 0 seconds (0d 0h 0m 0s)

