#
# There is insufficient memory for the Java Runtime Environment to continue.
# Native memory allocation (mmap) failed to map 65536 bytes for committing reserved memory.
# Possible reasons:
#   The system is out of physical RAM or swap space
#   In 32 bit mode, the process size limit was hit
# Possible solutions:
#   Reduce memory load on the system
#   Increase physical memory or swap space
#   Check if swap backing store is full
#   Use 64 bit Java on a 64 bit OS
#   Decrease Java heap size (-Xmx/-Xms)
#   Decrease number of Java threads
#   Decrease Java thread stack sizes (-Xss)
#   Set larger code cache with -XX:ReservedCodeCacheSize=
# This output file may be truncated or incomplete.
#
#  Out of Memory Error (os_linux.cpp:2673), pid=17131, tid=140294857447168
#
# JRE version: OpenJDK Runtime Environment (8.0_40-b20) (build 1.8.0_40-b20)
# Java VM: OpenJDK 64-Bit Server VM (25.40-b23 mixed mode linux-amd64 compressed oops)
# Failed to write core dump. Core dumps have been disabled. To enable core dumping, try "ulimit -c unlimited" before starting Java again
#

---------------  T H R E A D  ---------------

Current thread (0x00007f99040b5800):  JavaThread "C1 CompilerThread1" daemon [_thread_in_vm, id=17207, stack(0x00007f98f1145000,0x00007f98f1246000)]

Stack: [0x00007f98f1145000,0x00007f98f1246000],  sp=0x00007f98f12440f0,  free space=1020k
Native frames: (J=compiled Java code, j=interpreted, Vv=VM code, C=native code)
V  [libjvm.so+0xa8e69d]
V  [libjvm.so+0x4e856c]
V  [libjvm.so+0x8df110]
V  [libjvm.so+0x8d98de]
V  [libjvm.so+0xa8b2b4]
V  [libjvm.so+0x60b0ed]
V  [libjvm.so+0x465666]
V  [libjvm.so+0x8ae7c5]
V  [libjvm.so+0x3faf7c]
V  [libjvm.so+0x33c6e4]
V  [libjvm.so+0x33ca2f]
V  [libjvm.so+0x33d767]
V  [libjvm.so+0x496586]
V  [libjvm.so+0x497b5f]
V  [libjvm.so+0xa330e8]
V  [libjvm.so+0x8dc612]
C  [libpthread.so.0+0x7374]  start_thread+0xc4


Current CompileTask:
C1: 500153  670       3       java.util.Formatter::parse (151 bytes)


---------------  P R O C E S S  ---------------

Java Threads: ( => current thread )
  0x00007f9904008800 JavaThread "DestroyJavaVM" [_thread_blocked, id=17143, stack(0x00007f990bfd4000,0x00007f990c0d5000)]
  0x00007f990420e800 JavaThread "AWT-EventQueue-0" [_thread_blocked, id=17381, stack(0x00007f98c995d000,0x00007f98c9a5e000)]
  0x00007f990420c800 JavaThread "AWT-Shutdown" [_thread_blocked, id=17379, stack(0x00007f98c9a5e000,0x00007f98c9b5f000)]
  0x00007f9904208800 JavaThread "AWT-XAWT" daemon [_thread_blocked, id=17376, stack(0x00007f98c9b5f000,0x00007f98c9c60000)]
  0x00007f99041e0000 JavaThread "Java2D Disposer" daemon [_thread_blocked, id=17348, stack(0x00007f98ca0c7000,0x00007f98ca1c8000)]
  0x00007f99040ba800 JavaThread "Service Thread" daemon [_thread_blocked, id=17208, stack(0x00007f98f1044000,0x00007f98f1145000)]
=>0x00007f99040b5800 JavaThread "C1 CompilerThread1" daemon [_thread_in_vm, id=17207, stack(0x00007f98f1145000,0x00007f98f1246000)]
  0x00007f99040b2800 JavaThread "C2 CompilerThread0" daemon [_thread_blocked, id=17206, stack(0x00007f98f1246000,0x00007f98f1347000)]
  0x00007f99040b1000 JavaThread "Signal Dispatcher" daemon [_thread_blocked, id=17204, stack(0x00007f98f1347000,0x00007f98f1448000)]
  0x00007f9904078800 JavaThread "Finalizer" daemon [_thread_blocked, id=17169, stack(0x00007f98f15d3000,0x00007f98f16d4000)]
  0x00007f9904076800 JavaThread "Reference Handler" daemon [_thread_blocked, id=17168, stack(0x00007f98f16d4000,0x00007f98f17d5000)]

Other Threads:
  0x00007f9904071800 VMThread [stack: 0x00007f98f17d5000,0x00007f98f18d6000] [id=17164]
  0x00007f99040bd000 WatcherThread [stack: 0x00007f98f0f43000,0x00007f98f1044000] [id=17210]

VM state:synchronizing (normal execution)

VM Mutex/Monitor currently owned by a thread:  ([mutex/lock_event])
[0x00007f99040053d0] CodeCache_lock - owner thread: 0x00007f99040b5800
[0x00007f9904006050] Threads_lock - owner thread: 0x00007f9904071800
[0x00007f9904006a50] Compile_lock - owner thread: 0x00007f99040b5800
[0x00007f9904006b50] MethodCompileQueue_lock - owner thread: 0x00007f99040b5800

Heap:
 PSYoungGen      total 26112K, used 22121K [0x00000000e2b80000, 0x00000000e4880000, 0x0000000100000000)
  eden space 22528K, 98% used [0x00000000e2b80000,0x00000000e411a740,0x00000000e4180000)
  from space 3584K, 0% used [0x00000000e4500000,0x00000000e4500000,0x00000000e4880000)
  to   space 3584K, 0% used [0x00000000e4180000,0x00000000e4180000,0x00000000e4500000)
 ParOldGen       total 60416K, used 0K [0x00000000a8200000, 0x00000000abd00000, 0x00000000e2b80000)
  object space 60416K, 0% used [0x00000000a8200000,0x00000000a8200000,0x00000000abd00000)
 Metaspace       used 8817K, capacity 9094K, committed 9344K, reserved 1056768K
  class space    used 944K, capacity 1025K, committed 1152K, reserved 1048576K

Card table byte_map: [0x00007f9908f28000,0x00007f99091e8000] byte_map_base: 0x00007f99089e7000

Marking Bits: (ParMarkBitMap*) 0x00007f990b28f580
 Begin Bits: [0x00007f98f2410000, 0x00007f98f3a08000)
 End Bits:   [0x00007f98f3a08000, 0x00007f98f5000000)

Polling page: 0x00007f990bfd3000

CodeCache: size=245760Kb used=2789Kb max_used=2801Kb free=242970Kb
 bounds [0x00007f98f5000000, 0x00007f98f52c0000, 0x00007f9904000000]
 total_blobs=1089 nmethods=647 adapters=357
 compilation: enabled

Compilation events (10 events):
Event: 407,034 Thread 0x00007f99040b5800  665       3       java.util.Formatter::<init> (23 bytes)
Event: 407,035 Thread 0x00007f99040b5800 nmethod 665 0x00007f98f52b8550 code [0x00007f98f52b86e0, 0x00007f98f52b8ad8]
Event: 415,739 Thread 0x00007f99040b2800  666       4       java.util.regex.Matcher::start (22 bytes)
Event: 415,739 Thread 0x00007f99040b2800 nmethod 666 0x00007f98f52a4f50 code [0x00007f98f52a50a0, 0x00007f98f52a5118]
Event: 415,759 Thread 0x00007f99040b2800  667       4       java.util.regex.Pattern$Node::match (27 bytes)
Event: 415,761 Thread 0x00007f99040b2800 nmethod 667 0x00007f98f52acb10 code [0x00007f98f52acc60, 0x00007f98f52acd18]
Event: 415,761 Thread 0x00007f99040b2800  668       4       java.util.GregorianCalendar::getWeekNumber (89 bytes)
Event: 415,766 Thread 0x00007f99040b2800 nmethod 668 0x00007f98f52adfd0 code [0x00007f98f52ae120, 0x00007f98f52ae278]
Event: 415,766 Thread 0x00007f99040b2800  669   !   4       java.io.PrintWriter::write (58 bytes)
Event: 415,768 Thread 0x00007f99040b5800  670       3       java.util.Formatter::parse (151 bytes)

GC Heap History (0 events):
No events

Deoptimization events (1 events):
Event: 254,570 Thread 0x00007f990420e800 Uncommon trap: reason=unloaded action=reinterpret pc=0x00007f98f51c2fc4 method=cliente.SocketClient.escribir(Ljava/lang/String;)V @ 14

Internal exceptions (10 events):
Event: 415,763 Thread 0x00007f990420e800 Exception <a 'java/io/IOException'> (0x00000000e4074438) thrown at [/build/java8-openjdk/src/jdk8u-jdk8u40-b20/hotspot/src/share/vm/prims/jni.cpp, line 709]
Event: 415,763 Thread 0x00007f990420e800 Exception <a 'java/net/SocketException'> (0x00000000e4074678) thrown at [/build/java8-openjdk/src/jdk8u-jdk8u40-b20/hotspot/src/share/vm/prims/jni.cpp, line 709]
Event: 415,764 Thread 0x00007f990420e800 Exception <a 'java/io/IOException'> (0x00000000e4086068) thrown at [/build/java8-openjdk/src/jdk8u-jdk8u40-b20/hotspot/src/share/vm/prims/jni.cpp, line 709]
Event: 415,764 Thread 0x00007f990420e800 Exception <a 'java/net/SocketException'> (0x00000000e40862a8) thrown at [/build/java8-openjdk/src/jdk8u-jdk8u40-b20/hotspot/src/share/vm/prims/jni.cpp, line 709]
Event: 415,764 Thread 0x00007f990420e800 Exception <a 'java/io/IOException'> (0x00000000e4097c98) thrown at [/build/java8-openjdk/src/jdk8u-jdk8u40-b20/hotspot/src/share/vm/prims/jni.cpp, line 709]
Event: 415,764 Thread 0x00007f990420e800 Exception <a 'java/net/SocketException'> (0x00000000e4097ed8) thrown at [/build/java8-openjdk/src/jdk8u-jdk8u40-b20/hotspot/src/share/vm/prims/jni.cpp, line 709]
Event: 415,765 Thread 0x00007f990420e800 Exception <a 'java/io/IOException'> (0x00000000e40a98c8) thrown at [/build/java8-openjdk/src/jdk8u-jdk8u40-b20/hotspot/src/share/vm/prims/jni.cpp, line 709]
Event: 415,765 Thread 0x00007f990420e800 Exception <a 'java/net/SocketException'> (0x00000000e40a9b08) thrown at [/build/java8-openjdk/src/jdk8u-jdk8u40-b20/hotspot/src/share/vm/prims/jni.cpp, line 709]
Event: 415,850 Thread 0x00007f990420e800 Exception <a 'java/io/IOException'> (0x00000000e40bb548) thrown at [/build/java8-openjdk/src/jdk8u-jdk8u40-b20/hotspot/src/share/vm/prims/jni.cpp, line 709]
Event: 415,851 Thread 0x00007f990420e800 Exception <a 'java/net/SocketException'> (0x00000000e40bb788) thrown at [/build/java8-openjdk/src/jdk8u-jdk8u40-b20/hotspot/src/share/vm/prims/jni.cpp, line 709]

Events (10 events):
Event: 366,648 loading class java/io/InterruptedIOException done
Event: 371,250 Thread 0x00007f990420e800 DEOPT PACKING pc=0x00007f98f5240b71 sp=0x00007f98c9a5b360
Event: 371,250 Thread 0x00007f990420e800 DEOPT UNPACKING pc=0x00007f98f5046f73 sp=0x00007f98c9a5b198 mode 0
Event: 371,877 Executing VM operation: BulkRevokeBias
Event: 371,881 Executing VM operation: BulkRevokeBias done
Event: 372,704 Thread 0x00007f990420e800 DEOPT PACKING pc=0x00007f98f5240b71 sp=0x00007f98c9a5b360
Event: 372,704 Thread 0x00007f990420e800 DEOPT UNPACKING pc=0x00007f98f5046f73 sp=0x00007f98c9a5b198 mode 0
Event: 373,641 Thread 0x00007f990420e800 DEOPT PACKING pc=0x00007f98f5240b71 sp=0x00007f98c9a5b360
Event: 373,641 Thread 0x00007f990420e800 DEOPT UNPACKING pc=0x00007f98f5046f73 sp=0x00007f98c9a5b198 mode 0
Event: 386,614 Thread 0x00007f99040b5800 flushing nmethod 0x00007f98f5108490


Dynamic libraries:
00400000-00401000 r-xp 00000000 08:07 428440                             /usr/lib/jvm/java-8-openjdk/jre/bin/java
00600000-00601000 rw-p 00000000 08:07 428440                             /usr/lib/jvm/java-8-openjdk/jre/bin/java
0259c000-025bd000 rw-p 00000000 00:00 0                                  [heap]
a8200000-abd00000 rw-p 00000000 00:00 0 
abd00000-e2b80000 ---p 00000000 00:00 0 
e2b80000-e4880000 rw-p 00000000 00:00 0 
e4880000-100000000 ---p 00000000 00:00 0 
100000000-100120000 rw-p 00000000 00:00 0 
100120000-140000000 ---p 00000000 00:00 0 
7f98b0000000-7f98b00a8000 rw-p 00000000 00:00 0 
7f98b00a8000-7f98b4000000 ---p 00000000 00:00 0 
7f98b8000000-7f98b8021000 rw-p 00000000 00:00 0 
7f98b8021000-7f98bc000000 ---p 00000000 00:00 0 
7f98bc000000-7f98bc021000 rw-p 00000000 00:00 0 
7f98bc021000-7f98c0000000 ---p 00000000 00:00 0 
7f98c0000000-7f98c0021000 rw-p 00000000 00:00 0 
7f98c0021000-7f98c4000000 ---p 00000000 00:00 0 
7f98c4000000-7f98c4021000 rw-p 00000000 00:00 0 
7f98c4021000-7f98c8000000 ---p 00000000 00:00 0 
7f98c9740000-7f98c9756000 r-xp 00000000 08:07 428410                     /usr/lib/jvm/java-8-openjdk/jre/lib/amd64/libnet.so
7f98c9756000-7f98c9956000 ---p 00016000 08:07 428410                     /usr/lib/jvm/java-8-openjdk/jre/lib/amd64/libnet.so
7f98c9956000-7f98c9957000 rw-p 00016000 08:07 428410                     /usr/lib/jvm/java-8-openjdk/jre/lib/amd64/libnet.so
7f98c995d000-7f98c9960000 ---p 00000000 00:00 0 
7f98c9960000-7f98c9a5e000 rw-p 00000000 00:00 0                          [stack:17381]
7f98c9a5e000-7f98c9a61000 ---p 00000000 00:00 0 
7f98c9a61000-7f98c9b5f000 rw-p 00000000 00:00 0                          [stack:17379]
7f98c9b5f000-7f98c9b62000 ---p 00000000 00:00 0 
7f98c9b62000-7f98c9c60000 rw-p 00000000 00:00 0                          [stack:17376]
7f98c9c60000-7f98c9c65000 r-xp 00000000 08:07 159396                     /usr/lib/libXfixes.so.3.1.0
7f98c9c65000-7f98c9e64000 ---p 00005000 08:07 159396                     /usr/lib/libXfixes.so.3.1.0
7f98c9e64000-7f98c9e65000 r--p 00004000 08:07 159396                     /usr/lib/libXfixes.so.3.1.0
7f98c9e65000-7f98c9e66000 rw-p 00005000 08:07 159396                     /usr/lib/libXfixes.so.3.1.0
7f98c9e68000-7f98c9e72000 r-xp 00000000 08:07 160813                     /usr/lib/libXcursor.so.1.0.2
7f98c9e72000-7f98ca071000 ---p 0000a000 08:07 160813                     /usr/lib/libXcursor.so.1.0.2
7f98ca071000-7f98ca072000 r--p 00009000 08:07 160813                     /usr/lib/libXcursor.so.1.0.2
7f98ca072000-7f98ca073000 rw-p 0000a000 08:07 160813                     /usr/lib/libXcursor.so.1.0.2
7f98ca0ab000-7f98ca0c7000 r--s 00393000 08:07 428370                     /usr/lib/jvm/java-8-openjdk/jre/lib/ext/cldrdata.jar
7f98ca0c7000-7f98ca0ca000 ---p 00000000 00:00 0 
7f98ca0ca000-7f98ca1c8000 rw-p 00000000 00:00 0                          [stack:17348]
7f98ca1c8000-7f98ca236000 r-xp 00000000 08:07 141965                     /usr/lib/libpcre.so.1.2.4
7f98ca236000-7f98ca435000 ---p 0006e000 08:07 141965                     /usr/lib/libpcre.so.1.2.4
7f98ca435000-7f98ca436000 r--p 0006d000 08:07 141965                     /usr/lib/libpcre.so.1.2.4
7f98ca436000-7f98ca437000 rw-p 0006e000 08:07 141965                     /usr/lib/libpcre.so.1.2.4
7f98ca438000-7f98ca454000 r-xp 00000000 08:07 159932                     /usr/lib/libgraphite2.so.3.0.1
7f98ca454000-7f98ca653000 ---p 0001c000 08:07 159932                     /usr/lib/libgraphite2.so.3.0.1
7f98ca653000-7f98ca655000 r--p 0001b000 08:07 159932                     /usr/lib/libgraphite2.so.3.0.1
7f98ca655000-7f98ca656000 rw-p 0001d000 08:07 159932                     /usr/lib/libgraphite2.so.3.0.1
7f98ca658000-7f98ca764000 r-xp 00000000 08:07 186737                     /usr/lib/libglib-2.0.so.0.4200.2
7f98ca764000-7f98ca963000 ---p 0010c000 08:07 186737                     /usr/lib/libglib-2.0.so.0.4200.2
7f98ca963000-7f98ca964000 r--p 0010b000 08:07 186737                     /usr/lib/libglib-2.0.so.0.4200.2
7f98ca964000-7f98ca965000 rw-p 0010c000 08:07 186737                     /usr/lib/libglib-2.0.so.0.4200.2
7f98ca965000-7f98ca966000 rw-p 00000000 00:00 0 
7f98ca968000-7f98ca9c2000 r-xp 00000000 08:07 159941                     /usr/lib/libharfbuzz.so.0.940.0
7f98ca9c2000-7f98cabc1000 ---p 0005a000 08:07 159941                     /usr/lib/libharfbuzz.so.0.940.0
7f98cabc1000-7f98cabc4000 r--p 00059000 08:07 159941                     /usr/lib/libharfbuzz.so.0.940.0
7f98cabc4000-7f98cabc5000 rw-p 0005c000 08:07 159941                     /usr/lib/libharfbuzz.so.0.940.0
7f98cabc8000-7f98cabfd000 r-xp 00000000 08:07 159517                     /usr/lib/libpng16.so.16.16.0
7f98cabfd000-7f98cadfc000 ---p 00035000 08:07 159517                     /usr/lib/libpng16.so.16.16.0
7f98cadfc000-7f98cadfd000 r--p 00034000 08:07 159517                     /usr/lib/libpng16.so.16.16.0
7f98cadfd000-7f98cadfe000 rw-p 00035000 08:07 159517                     /usr/lib/libpng16.so.16.16.0
7f98cae00000-7f98cae0f000 r-xp 00000000 08:07 136853                     /usr/lib/libbz2.so.1.0.6
7f98cae0f000-7f98cb00e000 ---p 0000f000 08:07 136853                     /usr/lib/libbz2.so.1.0.6
7f98cb00e000-7f98cb010000 rw-p 0000e000 08:07 136853                     /usr/lib/libbz2.so.1.0.6
7f98cb010000-7f98cb026000 r-xp 00000000 08:07 134103                     /usr/lib/libgcc_s.so.1
7f98cb026000-7f98cb225000 ---p 00016000 08:07 134103                     /usr/lib/libgcc_s.so.1
7f98cb225000-7f98cb226000 rw-p 00015000 08:07 134103                     /usr/lib/libgcc_s.so.1
7f98cb228000-7f98cb2de000 r-xp 00000000 08:07 159955                     /usr/lib/libfreetype.so.6.11.4
7f98cb2de000-7f98cb4de000 ---p 000b6000 08:07 159955                     /usr/lib/libfreetype.so.6.11.4
7f98cb4de000-7f98cb4e4000 r--p 000b6000 08:07 159955                     /usr/lib/libfreetype.so.6.11.4
7f98cb4e4000-7f98cb4e5000 rw-p 000bc000 08:07 159955                     /usr/lib/libfreetype.so.6.11.4
7f98cb4e7000-7f98cb518000 rw-p 00000000 00:00 0 
7f98cb518000-7f98cb531000 r--s 00000000 08:07 669984                     /var/cache/fontconfig/8d4af663993b81a124ee82e610bb31f9-le64.cache-4
7f98cb538000-7f98cb599000 r-xp 00000000 08:07 428427                     /usr/lib/jvm/java-8-openjdk/jre/lib/amd64/libfontmanager.so
7f98cb599000-7f98cb798000 ---p 00061000 08:07 428427                     /usr/lib/jvm/java-8-openjdk/jre/lib/amd64/libfontmanager.so
7f98cb798000-7f98cb79c000 rw-p 00060000 08:07 428427                     /usr/lib/jvm/java-8-openjdk/jre/lib/amd64/libfontmanager.so
7f98cb79c000-7f98cb7af000 rw-p 00000000 00:00 0 
7f98cb7b0000-7f98cb7b5000 r-xp 00000000 08:07 156005                     /usr/lib/libXdmcp.so.6.0.0
7f98cb7b5000-7f98cb9b4000 ---p 00005000 08:07 156005                     /usr/lib/libXdmcp.so.6.0.0
7f98cb9b4000-7f98cb9b5000 r--p 00004000 08:07 156005                     /usr/lib/libXdmcp.so.6.0.0
7f98cb9b5000-7f98cb9b6000 rw-p 00005000 08:07 156005                     /usr/lib/libXdmcp.so.6.0.0
7f98cb9b8000-7f98cb9ba000 r-xp 00000000 08:07 156010                     /usr/lib/libXau.so.6.0.0
7f98cb9ba000-7f98cbbba000 ---p 00002000 08:07 156010                     /usr/lib/libXau.so.6.0.0
7f98cbbba000-7f98cbbbb000 r--p 00002000 08:07 156010                     /usr/lib/libXau.so.6.0.0
7f98cbbbb000-7f98cbbbc000 rw-p 00003000 08:07 156010                     /usr/lib/libXau.so.6.0.0
7f98cbbc0000-7f98cbbe1000 r-xp 00000000 08:07 158332                     /usr/lib/libxcb.so.1.1.0
7f98cbbe1000-7f98cbde0000 ---p 00021000 08:07 158332                     /usr/lib/libxcb.so.1.1.0
7f98cbde0000-7f98cbde1000 r--p 00020000 08:07 158332                     /usr/lib/libxcb.so.1.1.0
7f98cbde1000-7f98cbde2000 rw-p 00021000 08:07 158332                     /usr/lib/libxcb.so.1.1.0
7f98cbde8000-7f98cbdf7000 r-xp 00000000 08:07 159390                     /usr/lib/libXi.so.6.1.0
7f98cbdf7000-7f98cbff7000 ---p 0000f000 08:07 159390                     /usr/lib/libXi.so.6.1.0
7f98cbff7000-7f98cbff8000 r--p 0000f000 08:07 159390                     /usr/lib/libXi.so.6.1.0
7f98cbff8000-7f98cbff9000 rw-p 00010000 08:07 159390                     /usr/lib/libXi.so.6.1.0
7f98cc000000-7f98cc375000 rw-p 00000000 00:00 0 
7f98cc375000-7f98d0000000 ---p 00000000 00:00 0 
7f98d0000000-7f98d0021000 rw-p 00000000 00:00 0 
7f98d0021000-7f98d4000000 ---p 00000000 00:00 0 
7f98d4000000-7f98d4021000 rw-p 00000000 00:00 0 
7f98d4021000-7f98d8000000 ---p 00000000 00:00 0 
7f98d8000000-7f98d8223000 rw-p 00000000 00:00 0 
7f98d8223000-7f98dc000000 ---p 00000000 00:00 0 
7f98dc000000-7f98dc021000 rw-p 00000000 00:00 0 
7f98dc021000-7f98e0000000 ---p 00000000 00:00 0 
7f98e0000000-7f98e0021000 rw-p 00000000 00:00 0 
7f98e0021000-7f98e4000000 ---p 00000000 00:00 0 
7f98e4000000-7f98e4021000 rw-p 00000000 00:00 0 
7f98e4021000-7f98e8000000 ---p 00000000 00:00 0 
7f98e8000000-7f98e8021000 rw-p 00000000 00:00 0 
7f98e8021000-7f98ec000000 ---p 00000000 00:00 0 
7f98ec000000-7f98ec021000 rw-p 00000000 00:00 0 
7f98ec021000-7f98f0000000 ---p 00000000 00:00 0 
7f98f0006000-7f98f0011000 r--s 00116000 08:07 428369                     /usr/lib/jvm/java-8-openjdk/jre/lib/ext/localedata.jar
7f98f0018000-7f98f001a000 r--s 00000000 08:07 669321                     /var/cache/fontconfig/452f1fac34b224105d7acfae3034bcd5-le64.cache-4
7f98f0020000-7f98f002f000 r--s 00000000 08:07 658776                     /var/cache/fontconfig/5a02e0a9ca9b27d0aa4bd0c42ba2438d-le64.cache-4
7f98f0030000-7f98f003a000 r--s 00000000 08:07 655257                     /var/cache/fontconfig/d62e99ef547d1d24cdb1bd22ec1a2976-le64.cache-4
7f98f0040000-7f98f004d000 r--s 00000000 08:07 675069                     /var/cache/fontconfig/f6b893a7224233d96cb72fd88691c0b4-le64.cache-4
7f98f0050000-7f98f0055000 r-xp 00000000 08:07 159412                     /usr/lib/libXtst.so.6.1.0
7f98f0055000-7f98f0254000 ---p 00005000 08:07 159412                     /usr/lib/libXtst.so.6.1.0
7f98f0254000-7f98f0255000 r--p 00004000 08:07 159412                     /usr/lib/libXtst.so.6.1.0
7f98f0255000-7f98f0256000 rw-p 00005000 08:07 159412                     /usr/lib/libXtst.so.6.1.0
7f98f0258000-7f98f0261000 r-xp 00000000 08:07 159929                     /usr/lib/libXrender.so.1.3.0
7f98f0261000-7f98f0460000 ---p 00009000 08:07 159929                     /usr/lib/libXrender.so.1.3.0
7f98f0460000-7f98f0461000 r--p 00008000 08:07 159929                     /usr/lib/libXrender.so.1.3.0
7f98f0461000-7f98f0462000 rw-p 00009000 08:07 159929                     /usr/lib/libXrender.so.1.3.0
7f98f0468000-7f98f05a3000 r-xp 00000000 08:07 158413                     /usr/lib/libX11.so.6.3.0
7f98f05a3000-7f98f07a2000 ---p 0013b000 08:07 158413                     /usr/lib/libX11.so.6.3.0
7f98f07a2000-7f98f07a4000 r--p 0013a000 08:07 158413                     /usr/lib/libX11.so.6.3.0
7f98f07a4000-7f98f07a9000 rw-p 0013c000 08:07 158413                     /usr/lib/libX11.so.6.3.0
7f98f07a9000-7f98f07aa000 rw-p 00000000 00:00 0 
7f98f07b0000-7f98f07c1000 r-xp 00000000 08:07 159311                     /usr/lib/libXext.so.6.4.0
7f98f07c1000-7f98f09c0000 ---p 00011000 08:07 159311                     /usr/lib/libXext.so.6.4.0
7f98f09c0000-7f98f09c1000 r--p 00010000 08:07 159311                     /usr/lib/libXext.so.6.4.0
7f98f09c1000-7f98f09c2000 rw-p 00011000 08:07 159311                     /usr/lib/libXext.so.6.4.0
7f98f09c8000-7f98f09c9000 r--s 00000000 08:07 655184                     /var/cache/fontconfig/6ba42ae0000f58711b5caaf10d690066-le64.cache-4
7f98f09d0000-7f98f09d9000 r--s 00000000 08:07 669908                     /var/cache/fontconfig/f349e9996a5320f6dd491cedd2b1f964-le64.cache-4
7f98f09dd000-7f98f09f0000 r--s 00345000 08:07 428351                     /usr/lib/jvm/java-8-openjdk/jre/lib/resources.jar
7f98f09f0000-7f98f0a16000 r--p 00000000 08:07 133714                     /usr/share/locale/es/LC_MESSAGES/libc.mo
7f98f0a18000-7f98f0a6b000 r-xp 00000000 08:07 428425                     /usr/lib/jvm/java-8-openjdk/jre/lib/amd64/libawt_xawt.so
7f98f0a6b000-7f98f0c6a000 ---p 00053000 08:07 428425                     /usr/lib/jvm/java-8-openjdk/jre/lib/amd64/libawt_xawt.so
7f98f0c6a000-7f98f0c6e000 rw-p 00052000 08:07 428425                     /usr/lib/jvm/java-8-openjdk/jre/lib/amd64/libawt_xawt.so
7f98f0c6e000-7f98f0c6f000 rw-p 00000000 00:00 0 
7f98f0c70000-7f98f0d10000 r-xp 00000000 08:07 428422                     /usr/lib/jvm/java-8-openjdk/jre/lib/amd64/libawt.so
7f98f0d10000-7f98f0f10000 ---p 000a0000 08:07 428422                     /usr/lib/jvm/java-8-openjdk/jre/lib/amd64/libawt.so
7f98f0f10000-7f98f0f1c000 rw-p 000a0000 08:07 428422                     /usr/lib/jvm/java-8-openjdk/jre/lib/amd64/libawt.so
7f98f0f1c000-7f98f0f40000 rw-p 00000000 00:00 0 
7f98f0f43000-7f98f0f44000 ---p 00000000 00:00 0 
7f98f0f44000-7f98f1044000 rw-p 00000000 00:00 0                          [stack:17210]
7f98f1044000-7f98f1047000 ---p 00000000 00:00 0 
7f98f1047000-7f98f1145000 rw-p 00000000 00:00 0                          [stack:17208]
7f98f1145000-7f98f1148000 ---p 00000000 00:00 0 
7f98f1148000-7f98f1246000 rw-p 00000000 00:00 0                          [stack:17207]
7f98f1246000-7f98f1249000 ---p 00000000 00:00 0 
7f98f1249000-7f98f1347000 rw-p 00000000 00:00 0                          [stack:17206]
7f98f1347000-7f98f134a000 ---p 00000000 00:00 0 
7f98f134a000-7f98f1448000 rw-p 00000000 00:00 0                          [stack:17204]
7f98f1448000-7f98f15d1000 r--p 00000000 08:07 159448                     /usr/lib/locale/locale-archive
7f98f15d3000-7f98f15d6000 ---p 00000000 00:00 0 
7f98f15d6000-7f98f16d4000 rw-p 00000000 00:00 0                          [stack:17169]
7f98f16d4000-7f98f16d7000 ---p 00000000 00:00 0 
7f98f16d7000-7f98f17d5000 rw-p 00000000 00:00 0                          [stack:17168]
7f98f17d5000-7f98f17d6000 ---p 00000000 00:00 0 
7f98f17d6000-7f98f2242000 rw-p 00000000 00:00 0                          [stack:17164]
7f98f2242000-7f98f2410000 r--s 03bd2000 08:07 428353                     /usr/lib/jvm/java-8-openjdk/jre/lib/rt.jar
7f98f2410000-7f98f5000000 rw-p 00000000 00:00 0 
7f98f5000000-7f98f52c0000 rwxp 00000000 00:00 0 
7f98f52d0000-7f9904000000 ---p 00000000 00:00 0 
7f9904000000-7f9904210000 rw-p 00000000 00:00 0 
7f9904210000-7f9908000000 ---p 00000000 00:00 0 
7f9908000000-7f9908005000 r--s 002f8000 08:07 428349                     /usr/lib/jvm/java-8-openjdk/jre/lib/charsets.jar
7f990800c000-7f9908013000 r--s 00094000 08:07 565039                     /usr/share/netbeans/java/modules/ext/beansbinding-1.2.1.jar
7f9908018000-7f9908019000 r--s 00000000 08:07 565038                     /usr/share/netbeans/java/modules/ext/AbsoluteLayout.jar
7f990801c000-7f9908b51000 rw-p 00000000 00:00 0 
7f9908b51000-7f9908b52000 ---p 00000000 00:00 0 
7f9908b52000-7f9908c52000 rw-p 00000000 00:00 0                          [stack:17146]
7f9908c52000-7f9908c53000 ---p 00000000 00:00 0 
7f9908c53000-7f9908d71000 rw-p 00000000 00:00 0                          [stack:17145]
7f9908d71000-7f9908f28000 ---p 00000000 00:00 0 
7f9908f28000-7f9908f46000 rw-p 00000000 00:00 0 
7f9908f46000-7f99090fc000 ---p 00000000 00:00 0 
7f99090fc000-7f990910c000 rw-p 00000000 00:00 0 
7f990910c000-7f99091e7000 ---p 00000000 00:00 0 
7f99091e7000-7f99091f3000 rw-p 00000000 00:00 0 
7f99091f3000-7f99095a8000 ---p 00000000 00:00 0 
7f99095a8000-7f99095b0000 r-xp 00000000 08:07 428408                     /usr/lib/jvm/java-8-openjdk/jre/lib/amd64/libzip.so
7f99095b0000-7f99097af000 ---p 00008000 08:07 428408                     /usr/lib/jvm/java-8-openjdk/jre/lib/amd64/libzip.so
7f99097af000-7f99097b0000 rw-p 00007000 08:07 428408                     /usr/lib/jvm/java-8-openjdk/jre/lib/amd64/libzip.so
7f99097b0000-7f99097bb000 r-xp 00000000 08:07 133754                     /usr/lib/libnss_files-2.21.so
7f99097bb000-7f99099bb000 ---p 0000b000 08:07 133754                     /usr/lib/libnss_files-2.21.so
7f99099bb000-7f99099bc000 r--p 0000b000 08:07 133754                     /usr/lib/libnss_files-2.21.so
7f99099bc000-7f99099bd000 rw-p 0000c000 08:07 133754                     /usr/lib/libnss_files-2.21.so
7f99099c0000-7f99099ed000 r-xp 00000000 08:07 428407                     /usr/lib/jvm/java-8-openjdk/jre/lib/amd64/libjava.so
7f99099ed000-7f9909bed000 ---p 0002d000 08:07 428407                     /usr/lib/jvm/java-8-openjdk/jre/lib/amd64/libjava.so
7f9909bed000-7f9909bef000 rw-p 0002d000 08:07 428407                     /usr/lib/jvm/java-8-openjdk/jre/lib/amd64/libjava.so
7f9909bf0000-7f9909bfd000 r-xp 00000000 08:07 428399                     /usr/lib/jvm/java-8-openjdk/jre/lib/amd64/libverify.so
7f9909bfd000-7f9909dfc000 ---p 0000d000 08:07 428399                     /usr/lib/jvm/java-8-openjdk/jre/lib/amd64/libverify.so
7f9909dfc000-7f9909dfe000 rw-p 0000c000 08:07 428399                     /usr/lib/jvm/java-8-openjdk/jre/lib/amd64/libverify.so
7f9909e00000-7f9909e07000 r-xp 00000000 08:07 133786                     /usr/lib/librt-2.21.so
7f9909e07000-7f990a006000 ---p 00007000 08:07 133786                     /usr/lib/librt-2.21.so
7f990a006000-7f990a007000 r--p 00006000 08:07 133786                     /usr/lib/librt-2.21.so
7f990a007000-7f990a008000 rw-p 00007000 08:07 133786                     /usr/lib/librt-2.21.so
7f990a008000-7f990a10b000 r-xp 00000000 08:07 133813                     /usr/lib/libm-2.21.so
7f990a10b000-7f990a30b000 ---p 00103000 08:07 133813                     /usr/lib/libm-2.21.so
7f990a30b000-7f990a30c000 r--p 00103000 08:07 133813                     /usr/lib/libm-2.21.so
7f990a30c000-7f990a30d000 rw-p 00104000 08:07 133813                     /usr/lib/libm-2.21.so
7f990a310000-7f990afaf000 r-xp 00000000 08:07 428431                     /usr/lib/jvm/java-8-openjdk/jre/lib/amd64/server/libjvm.so
7f990afaf000-7f990b1af000 ---p 00c9f000 08:07 428431                     /usr/lib/jvm/java-8-openjdk/jre/lib/amd64/server/libjvm.so
7f990b1af000-7f990b27b000 rw-p 00c9f000 08:07 428431                     /usr/lib/jvm/java-8-openjdk/jre/lib/amd64/server/libjvm.so
7f990b27b000-7f990b2bc000 rw-p 00000000 00:00 0 
7f990b2c0000-7f990b459000 r-xp 00000000 08:07 133765                     /usr/lib/libc-2.21.so
7f990b459000-7f990b659000 ---p 00199000 08:07 133765                     /usr/lib/libc-2.21.so
7f990b659000-7f990b65d000 r--p 00199000 08:07 133765                     /usr/lib/libc-2.21.so
7f990b65d000-7f990b65f000 rw-p 0019d000 08:07 133765                     /usr/lib/libc-2.21.so
7f990b65f000-7f990b663000 rw-p 00000000 00:00 0 
7f990b668000-7f990b66a000 r-xp 00000000 08:07 133795                     /usr/lib/libdl-2.21.so
7f990b66a000-7f990b86a000 ---p 00002000 08:07 133795                     /usr/lib/libdl-2.21.so
7f990b86a000-7f990b86b000 r--p 00002000 08:07 133795                     /usr/lib/libdl-2.21.so
7f990b86b000-7f990b86c000 rw-p 00003000 08:07 133795                     /usr/lib/libdl-2.21.so
7f990b870000-7f990b87d000 r-xp 00000000 08:07 428428                     /usr/lib/jvm/java-8-openjdk/jre/lib/amd64/jli/libjli.so
7f990b87d000-7f990ba7d000 ---p 0000d000 08:07 428428                     /usr/lib/jvm/java-8-openjdk/jre/lib/amd64/jli/libjli.so
7f990ba7d000-7f990ba7e000 rw-p 0000d000 08:07 428428                     /usr/lib/jvm/java-8-openjdk/jre/lib/amd64/jli/libjli.so
7f990ba80000-7f990ba95000 r-xp 00000000 08:07 136861                     /usr/lib/libz.so.1.2.8
7f990ba95000-7f990bc94000 ---p 00015000 08:07 136861                     /usr/lib/libz.so.1.2.8
7f990bc94000-7f990bc95000 r--p 00014000 08:07 136861                     /usr/lib/libz.so.1.2.8
7f990bc95000-7f990bc96000 rw-p 00015000 08:07 136861                     /usr/lib/libz.so.1.2.8
7f990bc98000-7f990bcb0000 r-xp 00000000 08:07 133785                     /usr/lib/libpthread-2.21.so
7f990bcb0000-7f990beaf000 ---p 00018000 08:07 133785                     /usr/lib/libpthread-2.21.so
7f990beaf000-7f990beb0000 r--p 00017000 08:07 133785                     /usr/lib/libpthread-2.21.so
7f990beb0000-7f990beb1000 rw-p 00018000 08:07 133785                     /usr/lib/libpthread-2.21.so
7f990beb1000-7f990beb5000 rw-p 00000000 00:00 0 
7f990beb8000-7f990beda000 r-xp 00000000 08:07 133809                     /usr/lib/ld-2.21.so
7f990bedc000-7f990bfc8000 rw-p 00000000 00:00 0 
7f990bfc8000-7f990bfd0000 rw-s 00000000 00:1f 3793848                    /tmp/hsperfdata_maximiliano/17131
7f990bfd0000-7f990bfd3000 rw-p 00000000 00:00 0 
7f990bfd3000-7f990bfd4000 ---p 00000000 00:00 0 
7f990bfd4000-7f990bfd7000 ---p 00000000 00:00 0 
7f990bfd7000-7f990c0d9000 rw-p 00000000 00:00 0                          [stack:17143]
7f990c0d9000-7f990c0da000 r--p 00021000 08:07 133809                     /usr/lib/ld-2.21.so
7f990c0da000-7f990c0db000 rw-p 00022000 08:07 133809                     /usr/lib/ld-2.21.so
7f990c0db000-7f990c0dd000 rw-p 00000000 00:00 0 
7ffd438e6000-7ffd43907000 rw-p 00000000 00:00 0                          [stack]
7ffd43938000-7ffd4393a000 r--p 00000000 00:00 0                          [vvar]
7ffd4393a000-7ffd4393c000 r-xp 00000000 00:00 0                          [vdso]
ffffffffff600000-ffffffffff601000 r-xp 00000000 00:00 0                  [vsyscall]

VM Arguments:
jvm_args: -Dfile.encoding=UTF-8 
java_command: cliente.Cliente
java_class_path (initial): /usr/share/netbeans/java/modules/ext/AbsoluteLayout.jar:/usr/share/netbeans/java/modules/ext/beansbinding-1.2.1.jar:/home/maximiliano/NetBeansProjects/socket/build/classes
Launcher Type: SUN_STANDARD

Environment Variables:
PATH=/usr/local/sbin:/usr/local/bin:/usr/bin:/usr/lib/jvm/default/bin:/usr/bin/site_perl:/usr/bin/vendor_perl:/usr/bin/core_perl
LD_LIBRARY_PATH=/usr/lib/jvm/default/bin/../jre/lib/amd64:/usr/lib/jvm/default/bin/../jre/lib/i386:
SHELL=/bin/bash
DISPLAY=:0

Signal Handlers:
SIGSEGV: [libjvm.so+0xa8f160], sa_mask[0]=11111111011111111101111111111110, sa_flags=SA_RESTART|SA_SIGINFO
SIGBUS: [libjvm.so+0xa8f160], sa_mask[0]=11111111011111111101111111111110, sa_flags=SA_RESTART|SA_SIGINFO
SIGFPE: [libjvm.so+0x8daa30], sa_mask[0]=11111111011111111101111111111110, sa_flags=SA_RESTART|SA_SIGINFO
SIGPIPE: [libjvm.so+0x8daa30], sa_mask[0]=11111111011111111101111111111110, sa_flags=SA_RESTART|SA_SIGINFO
SIGXFSZ: [libjvm.so+0x8daa30], sa_mask[0]=11111111011111111101111111111110, sa_flags=SA_RESTART|SA_SIGINFO
SIGILL: [libjvm.so+0x8daa30], sa_mask[0]=11111111011111111101111111111110, sa_flags=SA_RESTART|SA_SIGINFO
SIGUSR1: SIG_DFL, sa_mask[0]=00000000000000000000000000000000, sa_flags=none
SIGUSR2: [libjvm.so+0x8da8e0], sa_mask[0]=00100000000000000000000000000000, sa_flags=SA_RESTART|SA_SIGINFO
SIGHUP: [libjvm.so+0x8dab00], sa_mask[0]=11111111011111111101111111111110, sa_flags=SA_RESTART|SA_SIGINFO
SIGINT: SIG_IGN, sa_mask[0]=00000000000000000000000000000000, sa_flags=none
SIGTERM: [libjvm.so+0x8dab00], sa_mask[0]=11111111011111111101111111111110, sa_flags=SA_RESTART|SA_SIGINFO
SIGQUIT: [libjvm.so+0x8dab00], sa_mask[0]=11111111011111111101111111111110, sa_flags=SA_RESTART|SA_SIGINFO


---------------  S Y S T E M  ---------------

OS:NAME="Arch Linux"
ID=arch
PRETTY_NAME="Arch Linux"
ANSI_COLOR="0;36"
HOME_URL="https://www.archlinux.org/"
SUPPORT_URL="https://bbs.archlinux.org/"
BUG_REPORT_URL="https://bugs.archlinux.org/"


uname:Linux 3.19.2-1-ARCH #1 SMP PREEMPT Wed Mar 18 16:21:02 CET 2015 x86_64
libc:glibc 2.21 NPTL 2.21 
rlimit: STACK 8192k, CORE 0k, NPROC 22460, NOFILE 4096, AS infinity
load average:282,36 134,95 56,22

/proc/meminfo:
MemTotal:        5755352 kB
MemFree:           95500 kB
MemAvailable:      42052 kB
Buffers:             724 kB
Cached:            51768 kB
SwapCached:        19272 kB
Active:          4261688 kB
Inactive:        1084224 kB
Active(anon):    4245412 kB
Inactive(anon):  1064336 kB
Active(file):      16276 kB
Inactive(file):    19888 kB
Unevictable:          32 kB
Mlocked:              32 kB
SwapTotal:       1048572 kB
SwapFree:           7636 kB
Dirty:               520 kB
Writeback:          1672 kB
AnonPages:       5281208 kB
Mapped:            38628 kB
Shmem:             15932 kB
Slab:             108096 kB
SReclaimable:      25860 kB
SUnreclaim:        82236 kB
KernelStack:       32816 kB
PageTables:        81948 kB
NFS_Unstable:          0 kB
Bounce:                0 kB
WritebackTmp:          0 kB
CommitLimit:     3926248 kB
Committed_AS:   22958640 kB
VmallocTotal:   34359738367 kB
VmallocUsed:      308092 kB
VmallocChunk:   34359426940 kB
HardwareCorrupted:     0 kB
AnonHugePages:   1675264 kB
HugePages_Total:       0
HugePages_Free:        0
HugePages_Rsvd:        0
HugePages_Surp:        0
Hugepagesize:       2048 kB
DirectMap4k:      689540 kB
DirectMap2M:     5302272 kB
DirectMap1G:           0 kB


CPU:total 2 (2 cores per cpu, 1 threads per core) family 21 model 16 stepping 1, cmov, cx8, fxsr, mmx, sse, sse2, sse3, ssse3, sse4.1, sse4.2, popcnt, avx, aes, clmul, mmxext, 3dnowpref, lzcnt, sse4a, tsc, tscinvbit, tscinv, bmi1

/proc/cpuinfo:
processor	: 0
vendor_id	: AuthenticAMD
cpu family	: 21
model		: 16
model name	: AMD A6-4455M APU with Radeon(tm) HD Graphics
stepping	: 1
microcode	: 0x6001119
cpu MHz		: 2100.000
cache size	: 2048 KB
physical id	: 0
siblings	: 2
core id		: 0
cpu cores	: 1
apicid		: 16
initial apicid	: 0
fpu		: yes
fpu_exception	: yes
cpuid level	: 13
wp		: yes
flags		: fpu vme de pse tsc msr pae mce cx8 apic sep mtrr pge mca cmov pat pse36 clflush mmx fxsr sse sse2 ht syscall nx mmxext fxsr_opt pdpe1gb rdtscp lm constant_tsc rep_good nopl nonstop_tsc extd_apicid aperfmperf pni pclmulqdq monitor ssse3 fma cx16 sse4_1 sse4_2 popcnt aes xsave avx f16c lahf_lm cmp_legacy svm extapic cr8_legacy abm sse4a misalignsse 3dnowprefetch osvw ibs xop skinit wdt lwp fma4 tce nodeid_msr tbm topoext perfctr_core perfctr_nb arat cpb hw_pstate npt lbrv svm_lock nrip_save tsc_scale vmcb_clean flushbyasid decodeassists pausefilter pfthreshold vmmcall bmi1
bugs		: fxsave_leak
bogomips	: 4194.02
TLB size	: 1536 4K pages
clflush size	: 64
cache_alignment	: 64
address sizes	: 48 bits physical, 48 bits virtual
power management: ts ttp tm 100mhzsteps hwpstate cpb eff_freq_ro

processor	: 1
vendor_id	: AuthenticAMD
cpu family	: 21
model		: 16
model name	: AMD A6-4455M APU with Radeon(tm) HD Graphics   
stepping	: 1
microcode	: 0x6001119
cpu MHz		: 2100.000
cache size	: 2048 KB
physical id	: 0
siblings	: 2
core id		: 1
cpu cores	: 1
apicid		: 17
initial apicid	: 1
fpu		: yes
fpu_exception	: yes
cpuid level	: 13
wp		: yes
flags		: fpu vme de pse tsc msr pae mce cx8 apic sep mtrr pge mca cmov pat pse36 clflush mmx fxsr sse sse2 ht syscall nx mmxext fxsr_opt pdpe1gb rdtscp lm constant_tsc rep_good nopl nonstop_tsc extd_apicid aperfmperf pni pclmulqdq monitor ssse3 fma cx16 sse4_1 sse4_2 popcnt aes xsave avx f16c lahf_lm cmp_legacy svm extapic cr8_legacy abm sse4a misalignsse 3dnowprefetch osvw ibs xop skinit wdt lwp fma4 tce nodeid_msr tbm topoext perfctr_core perfctr_nb arat cpb hw_pstate npt lbrv svm_lock nrip_save tsc_scale vmcb_clean flushbyasid decodeassists pausefilter pfthreshold vmmcall bmi1
bugs		: fxsave_leak
bogomips	: 4194.02
TLB size	: 1536 4K pages
clflush size	: 64
cache_alignment	: 64
address sizes	: 48 bits physical, 48 bits virtual
power management: ts ttp tm 100mhzsteps hwpstate cpb eff_freq_ro



Memory: 4k page, physical 5755352k(95328k free), swap 1048572k(688k free)

vm_info: OpenJDK 64-Bit Server VM (25.40-b23) for linux-amd64 JRE (1.8.0_40-b20), built on Mar 15 2015 09:37:38 by "builduser" with gcc 4.9.2 20150304 (prerelease)

time: Sat Mar 28 19:07:41 2015
elapsed time: 502 seconds (0d 0h 8m 22s)

