#
# There is insufficient memory for the Java Runtime Environment to continue.
# Native memory allocation (mmap) failed to map 88080384 bytes for committing reserved memory.
# Possible reasons:
#   The system is out of physical RAM or swap space
#   In 32 bit mode, the process size limit was hit
# Possible solutions:
#   Reduce memory load on the system
#   Increase physical memory or swap space
#   Check if swap backing store is full
#   Use 64 bit Java on a 64 bit OS
#   Decrease Java heap size (-Xmx/-Xms)
#   Decrease number of Java threads
#   Decrease Java thread stack sizes (-Xss)
#   Set larger code cache with -XX:ReservedCodeCacheSize=
# This output file may be truncated or incomplete.
#
#  Out of Memory Error (os_linux.cpp:2673), pid=15854, tid=139760388101888
#
# JRE version: OpenJDK Runtime Environment (8.0_40-b20) (build 1.8.0_40-b20)
# Java VM: OpenJDK 64-Bit Server VM (25.40-b23 mixed mode linux-amd64 compressed oops)
# Failed to write core dump. Core dumps have been disabled. To enable core dumping, try "ulimit -c unlimited" before starting Java again
#

---------------  T H R E A D  ---------------

Current thread (0x00007f1c7c071800):  VMThread [stack: 0x00007f1c80395000,0x00007f1c80496000] [id=15876]

Stack: [0x00007f1c80395000,0x00007f1c80496000],  sp=0x00007f1c804944d0,  free space=1021k
Native frames: (J=compiled Java code, j=interpreted, Vv=VM code, C=native code)
V  [libjvm.so+0xa8e69d]
V  [libjvm.so+0x4e856c]
V  [libjvm.so+0x8df110]
V  [libjvm.so+0x8d98de]
V  [libjvm.so+0x952cdb]
V  [libjvm.so+0x954043]
V  [libjvm.so+0x950cce]
V  [libjvm.so+0x950fbc]
V  [libjvm.so+0x903a63]
V  [libjvm.so+0xa90112]
V  [libjvm.so+0xa94c17]
V  [libjvm.so+0xa92f1c]
V  [libjvm.so+0xa93737]
V  [libjvm.so+0xa93c71]
V  [libjvm.so+0x8dc612]

VM_Operation (0x00007f1c42a4b310): ParallelGCFailedAllocation, mode: safepoint, requested by thread 0x00007f1c7c214000


---------------  P R O C E S S  ---------------

Java Threads: ( => current thread )
  0x00007f1c7c008800 JavaThread "DestroyJavaVM" [_thread_blocked, id=15856, stack(0x00007f1c84f90000,0x00007f1c85091000)]
  0x00007f1c7c214000 JavaThread "AWT-EventQueue-0" [_thread_blocked, id=15985, stack(0x00007f1c4294d000,0x00007f1c42a4e000)]
  0x00007f1c7c212800 JavaThread "AWT-Shutdown" [_thread_blocked, id=15984, stack(0x00007f1c42a4e000,0x00007f1c42b4f000)]
  0x00007f1c7c210800 JavaThread "AWT-XAWT" daemon [_thread_blocked, id=15982, stack(0x00007f1c42b4f000,0x00007f1c42c50000)]
  0x00007f1c7c1e8000 JavaThread "Java2D Disposer" daemon [_thread_blocked, id=15971, stack(0x00007f1c430b7000,0x00007f1c431b8000)]
  0x00007f1c7c0ba800 JavaThread "Service Thread" daemon [_thread_blocked, id=15918, stack(0x00007f1c6a00c000,0x00007f1c6a10d000)]
  0x00007f1c7c0b5800 JavaThread "C1 CompilerThread1" daemon [_thread_blocked, id=15916, stack(0x00007f1c6a10d000,0x00007f1c6a20e000)]
  0x00007f1c7c0b2800 JavaThread "C2 CompilerThread0" daemon [_thread_blocked, id=15915, stack(0x00007f1c6a20e000,0x00007f1c6a30f000)]
  0x00007f1c7c0b1000 JavaThread "Signal Dispatcher" daemon [_thread_blocked, id=15914, stack(0x00007f1c6a30f000,0x00007f1c6a410000)]
  0x00007f1c7c078800 JavaThread "Finalizer" daemon [_thread_blocked, id=15883, stack(0x00007f1c80193000,0x00007f1c80294000)]
  0x00007f1c7c076800 JavaThread "Reference Handler" daemon [_thread_blocked, id=15881, stack(0x00007f1c80294000,0x00007f1c80395000)]

Other Threads:
=>0x00007f1c7c071800 VMThread [stack: 0x00007f1c80395000,0x00007f1c80496000] [id=15876]
  0x00007f1c7c0bc800 WatcherThread [stack: 0x00007f1c69f0b000,0x00007f1c6a00c000] [id=15920]

VM state:at safepoint (normal execution)

VM Mutex/Monitor currently owned by a thread:  ([mutex/lock_event])
[0x00007f1c7c006050] Threads_lock - owner thread: 0x00007f1c7c071800
[0x00007f1c7c006550] Heap_lock - owner thread: 0x00007f1c7c214000

Heap:
 PSYoungGen      total 93696K, used 1504K [0x00000000e2b80000, 0x00000000e8a80000, 0x0000000100000000)
  eden space 90112K, 0% used [0x00000000e2b80000,0x00000000e2b80000,0x00000000e8380000)
  from space 3584K, 41% used [0x00000000e8380000,0x00000000e84f8020,0x00000000e8700000)
  to   space 3584K, 0% used [0x00000000e8700000,0x00000000e8700000,0x00000000e8a80000)
 ParOldGen       total 60416K, used 40K [0x00000000a8200000, 0x00000000abd00000, 0x00000000e2b80000)
  object space 60416K, 0% used [0x00000000a8200000,0x00000000a820a000,0x00000000abd00000)
 Metaspace       used 8915K, capacity 9158K, committed 9344K, reserved 1056768K
  class space    used 944K, capacity 1025K, committed 1152K, reserved 1048576K

Card table byte_map: [0x00007f1c81ee0000,0x00007f1c821a0000] byte_map_base: 0x00007f1c8199f000

Marking Bits: (ParMarkBitMap*) 0x00007f1c84247580
 Begin Bits: [0x00007f1c6a410000, 0x00007f1c6ba08000)
 End Bits:   [0x00007f1c6ba08000, 0x00007f1c6d000000)

Polling page: 0x00007f1c84f8f000

CodeCache: size=245760Kb used=3358Kb max_used=3370Kb free=242401Kb
 bounds [0x00007f1c6d000000, 0x00007f1c6d350000, 0x00007f1c7c000000]
 total_blobs=1256 nmethods=815 adapters=357
 compilation: enabled

Compilation events (10 events):
Event: 936,042 Thread 0x00007f1c7c0b5800 nmethod 867 0x00007f1c6d332a50 code [0x00007f1c6d332bc0, 0x00007f1c6d332db0]
Event: 1026,605 Thread 0x00007f1c7c0b2800 nmethod 825 0x00007f1c6d33a550 code [0x00007f1c6d33b180, 0x00007f1c6d341590]
Event: 1026,623 Thread 0x00007f1c7c0b2800  827       4       java.util.GregorianCalendar::computeFields (1571 bytes)
Event: 1055,957 Thread 0x00007f1c7c0b2800 nmethod 827 0x00007f1c6d333490 code [0x00007f1c6d3336c0, 0x00007f1c6d334818]
Event: 1067,134 Thread 0x00007f1c7c0b2800  861       4       java.util.Formatter::checkText (58 bytes)
Event: 1067,183 Thread 0x00007f1c7c0b2800 nmethod 861 0x00007f1c6d333090 code [0x00007f1c6d3331e0, 0x00007f1c6d333358]
Event: 1086,469 Thread 0x00007f1c7c0b2800  859       4       sun.nio.cs.UTF_8$Decoder::decode (779 bytes)
Event: 1113,329 Thread 0x00007f1c7c0b2800 nmethod 859 0x00007f1c6d336790 code [0x00007f1c6d336900, 0x00007f1c6d336f58]
Event: 1115,453 Thread 0x00007f1c7c0b2800  863  s    4       java.lang.Throwable::getOurStackTrace (80 bytes)
Event: 1115,913 Thread 0x00007f1c7c0b2800 nmethod 863 0x00007f1c6d34d610 code [0x00007f1c6d34d780, 0x00007f1c6d34dc18]

GC Heap History (9 events):
Event: 448,232 GC heap before
{Heap before GC invocations=1 (full 0):
 PSYoungGen      total 26112K, used 22528K [0x00000000e2b80000, 0x00000000e4880000, 0x0000000100000000)
  eden space 22528K, 100% used [0x00000000e2b80000,0x00000000e4180000,0x00000000e4180000)
  from space 3584K, 0% used [0x00000000e4500000,0x00000000e4500000,0x00000000e4880000)
  to   space 3584K, 0% used [0x00000000e4180000,0x00000000e4180000,0x00000000e4500000)
 ParOldGen       total 60416K, used 0K [0x00000000a8200000, 0x00000000abd00000, 0x00000000e2b80000)
  object space 60416K, 0% used [0x00000000a8200000,0x00000000a8200000,0x00000000abd00000)
 Metaspace       used 8833K, capacity 9094K, committed 9344K, reserved 1056768K
  class space    used 944K, capacity 1025K, committed 1152K, reserved 1048576K
Event: 453,107 GC heap after
Heap after GC invocations=1 (full 0):
 PSYoungGen      total 26112K, used 1536K [0x00000000e2b80000, 0x00000000e5e80000, 0x0000000100000000)
  eden space 22528K, 0% used [0x00000000e2b80000,0x00000000e2b80000,0x00000000e4180000)
  from space 3584K, 42% used [0x00000000e4180000,0x00000000e4300000,0x00000000e4500000)
  to   space 3584K, 0% used [0x00000000e5b00000,0x00000000e5b00000,0x00000000e5e80000)
 ParOldGen       total 60416K, used 8K [0x00000000a8200000, 0x00000000abd00000, 0x00000000e2b80000)
  object space 60416K, 0% used [0x00000000a8200000,0x00000000a8202000,0x00000000abd00000)
 Metaspace       used 8833K, capacity 9094K, committed 9344K, reserved 1056768K
  class space    used 944K, capacity 1025K, committed 1152K, reserved 1048576K
}
Event: 554,206 GC heap before
{Heap before GC invocations=2 (full 0):
 PSYoungGen      total 26112K, used 24064K [0x00000000e2b80000, 0x00000000e5e80000, 0x0000000100000000)
  eden space 22528K, 100% used [0x00000000e2b80000,0x00000000e4180000,0x00000000e4180000)
  from space 3584K, 42% used [0x00000000e4180000,0x00000000e4300000,0x00000000e4500000)
  to   space 3584K, 0% used [0x00000000e5b00000,0x00000000e5b00000,0x00000000e5e80000)
 ParOldGen       total 60416K, used 8K [0x00000000a8200000, 0x00000000abd00000, 0x00000000e2b80000)
  object space 60416K, 0% used [0x00000000a8200000,0x00000000a8202000,0x00000000abd00000)
 Metaspace       used 8890K, capacity 9158K, committed 9344K, reserved 1056768K
  class space    used 944K, capacity 1025K, committed 1152K, reserved 1048576K
Event: 595,205 GC heap after
Heap after GC invocations=2 (full 0):
 PSYoungGen      total 48640K, used 1504K [0x00000000e2b80000, 0x00000000e5e80000, 0x0000000100000000)
  eden space 45056K, 0% used [0x00000000e2b80000,0x00000000e2b80000,0x00000000e5780000)
  from space 3584K, 41% used [0x00000000e5b00000,0x00000000e5c78000,0x00000000e5e80000)
  to   space 3584K, 0% used [0x00000000e5780000,0x00000000e5780000,0x00000000e5b00000)
 ParOldGen       total 60416K, used 24K [0x00000000a8200000, 0x00000000abd00000, 0x00000000e2b80000)
  object space 60416K, 0% used [0x00000000a8200000,0x00000000a8206000,0x00000000abd00000)
 Metaspace       used 8890K, capacity 9158K, committed 9344K, reserved 1056768K
  class space    used 944K, capacity 1025K, committed 1152K, reserved 1048576K
}
Event: 823,705 GC heap before
{Heap before GC invocations=3 (full 0):
 PSYoungGen      total 48640K, used 46560K [0x00000000e2b80000, 0x00000000e5e80000, 0x0000000100000000)
  eden space 45056K, 100% used [0x00000000e2b80000,0x00000000e5780000,0x00000000e5780000)
  from space 3584K, 41% used [0x00000000e5b00000,0x00000000e5c78000,0x00000000e5e80000)
  to   space 3584K, 0% used [0x00000000e5780000,0x00000000e5780000,0x00000000e5b00000)
 ParOldGen       total 60416K, used 24K [0x00000000a8200000, 0x00000000abd00000, 0x00000000e2b80000)
  object space 60416K, 0% used [0x00000000a8200000,0x00000000a8206000,0x00000000abd00000)
 Metaspace       used 8913K, capacity 9158K, committed 9344K, reserved 1056768K
  class space    used 944K, capacity 1025K, committed 1152K, reserved 1048576K
Event: 851,626 GC heap after
Heap after GC invocations=3 (full 0):
 PSYoungGen      total 48640K, used 1472K [0x00000000e2b80000, 0x00000000e8a80000, 0x0000000100000000)
  eden space 45056K, 0% used [0x00000000e2b80000,0x00000000e2b80000,0x00000000e5780000)
  from space 3584K, 41% used [0x00000000e5780000,0x00000000e58f0020,0x00000000e5b00000)
  to   space 3584K, 0% used [0x00000000e8700000,0x00000000e8700000,0x00000000e8a80000)
 ParOldGen       total 60416K, used 32K [0x00000000a8200000, 0x00000000abd00000, 0x00000000e2b80000)
  object space 60416K, 0% used [0x00000000a8200000,0x00000000a8208000,0x00000000abd00000)
 Metaspace       used 8913K, capacity 9158K, committed 9344K, reserved 1056768K
  class space    used 944K, capacity 1025K, committed 1152K, reserved 1048576K
}
Event: 854,525 GC heap before
{Heap before GC invocations=4 (full 0):
 PSYoungGen      total 48640K, used 46528K [0x00000000e2b80000, 0x00000000e8a80000, 0x0000000100000000)
  eden space 45056K, 100% used [0x00000000e2b80000,0x00000000e5780000,0x00000000e5780000)
  from space 3584K, 41% used [0x00000000e5780000,0x00000000e58f0020,0x00000000e5b00000)
  to   space 3584K, 0% used [0x00000000e8700000,0x00000000e8700000,0x00000000e8a80000)
 ParOldGen       total 60416K, used 32K [0x00000000a8200000, 0x00000000abd00000, 0x00000000e2b80000)
  object space 60416K, 0% used [0x00000000a8200000,0x00000000a8208000,0x00000000abd00000)
 Metaspace       used 8913K, capacity 9158K, committed 9344K, reserved 1056768K
  class space    used 944K, capacity 1025K, committed 1152K, reserved 1048576K
Event: 878,564 GC heap after
Heap after GC invocations=4 (full 0):
 PSYoungGen      total 93696K, used 1504K [0x00000000e2b80000, 0x00000000e8a80000, 0x0000000100000000)
  eden space 90112K, 0% used [0x00000000e2b80000,0x00000000e2b80000,0x00000000e8380000)
  from space 3584K, 41% used [0x00000000e8700000,0x00000000e8878020,0x00000000e8a80000)
  to   space 3584K, 0% used [0x00000000e8380000,0x00000000e8380000,0x00000000e8700000)
 ParOldGen       total 60416K, used 40K [0x00000000a8200000, 0x00000000abd00000, 0x00000000e2b80000)
  object space 60416K, 0% used [0x00000000a8200000,0x00000000a820a000,0x00000000abd00000)
 Metaspace       used 8913K, capacity 9158K, committed 9344K, reserved 1056768K
  class space    used 944K, capacity 1025K, committed 1152K, reserved 1048576K
}
Event: 1138,741 GC heap before
{Heap before GC invocations=5 (full 0):
 PSYoungGen      total 93696K, used 91616K [0x00000000e2b80000, 0x00000000e8a80000, 0x0000000100000000)
  eden space 90112K, 100% used [0x00000000e2b80000,0x00000000e8380000,0x00000000e8380000)
  from space 3584K, 41% used [0x00000000e8700000,0x00000000e8878020,0x00000000e8a80000)
  to   space 3584K, 0% used [0x00000000e8380000,0x00000000e8380000,0x00000000e8700000)
 ParOldGen       total 60416K, used 40K [0x00000000a8200000, 0x00000000abd00000, 0x00000000e2b80000)
  object space 60416K, 0% used [0x00000000a8200000,0x00000000a820a000,0x00000000abd00000)
 Metaspace       used 8915K, capacity 9158K, committed 9344K, reserved 1056768K
  class space    used 944K, capacity 1025K, committed 1152K, reserved 1048576K

Deoptimization events (1 events):
Event: 293,384 Thread 0x00007f1c7c214000 Uncommon trap: reason=unloaded action=reinterpret pc=0x00007f1c6d1c7004 method=cliente.SocketClient.escribir(Ljava/lang/String;)V @ 14

Internal exceptions (10 events):
Event: 1123,253 Thread 0x00007f1c7c214000 Exception <a 'java/io/IOException'> (0x00000000e83334e0) thrown at [/build/java8-openjdk/src/jdk8u-jdk8u40-b20/hotspot/src/share/vm/prims/jni.cpp, line 709]
Event: 1123,253 Thread 0x00007f1c7c214000 Exception <a 'java/net/SocketException'> (0x00000000e8333720) thrown at [/build/java8-openjdk/src/jdk8u-jdk8u40-b20/hotspot/src/share/vm/prims/jni.cpp, line 709]
Event: 1123,253 Thread 0x00007f1c7c214000 Exception <a 'java/io/IOException'> (0x00000000e8344310) thrown at [/build/java8-openjdk/src/jdk8u-jdk8u40-b20/hotspot/src/share/vm/prims/jni.cpp, line 709]
Event: 1123,253 Thread 0x00007f1c7c214000 Exception <a 'java/net/SocketException'> (0x00000000e8344550) thrown at [/build/java8-openjdk/src/jdk8u-jdk8u40-b20/hotspot/src/share/vm/prims/jni.cpp, line 709]
Event: 1123,254 Thread 0x00007f1c7c214000 Exception <a 'java/io/IOException'> (0x00000000e8355140) thrown at [/build/java8-openjdk/src/jdk8u-jdk8u40-b20/hotspot/src/share/vm/prims/jni.cpp, line 709]
Event: 1123,254 Thread 0x00007f1c7c214000 Exception <a 'java/net/SocketException'> (0x00000000e8355380) thrown at [/build/java8-openjdk/src/jdk8u-jdk8u40-b20/hotspot/src/share/vm/prims/jni.cpp, line 709]
Event: 1123,254 Thread 0x00007f1c7c214000 Exception <a 'java/io/IOException'> (0x00000000e8365f70) thrown at [/build/java8-openjdk/src/jdk8u-jdk8u40-b20/hotspot/src/share/vm/prims/jni.cpp, line 709]
Event: 1123,254 Thread 0x00007f1c7c214000 Exception <a 'java/net/SocketException'> (0x00000000e83661b0) thrown at [/build/java8-openjdk/src/jdk8u-jdk8u40-b20/hotspot/src/share/vm/prims/jni.cpp, line 709]
Event: 1123,254 Thread 0x00007f1c7c214000 Exception <a 'java/io/IOException'> (0x00000000e8376da0) thrown at [/build/java8-openjdk/src/jdk8u-jdk8u40-b20/hotspot/src/share/vm/prims/jni.cpp, line 709]
Event: 1123,254 Thread 0x00007f1c7c214000 Exception <a 'java/net/SocketException'> (0x00000000e8376fe0) thrown at [/build/java8-openjdk/src/jdk8u-jdk8u40-b20/hotspot/src/share/vm/prims/jni.cpp, line 709]

Events (10 events):
Event: 453,723 Executing VM operation: RevokeBias done
Event: 453,723 Executing VM operation: RevokeBias
Event: 453,723 Executing VM operation: RevokeBias done
Event: 540,110 Executing VM operation: ParallelGCFailedAllocation
Event: 595,205 Executing VM operation: ParallelGCFailedAllocation done
Event: 804,424 Executing VM operation: ParallelGCFailedAllocation
Event: 851,626 Executing VM operation: ParallelGCFailedAllocation done
Event: 854,525 Executing VM operation: ParallelGCFailedAllocation
Event: 882,084 Executing VM operation: ParallelGCFailedAllocation done
Event: 1123,272 Executing VM operation: ParallelGCFailedAllocation


Dynamic libraries:
00400000-00401000 r-xp 00000000 08:07 428440                             /usr/lib/jvm/java-8-openjdk/jre/bin/java
00600000-00601000 rw-p 00000000 08:07 428440                             /usr/lib/jvm/java-8-openjdk/jre/bin/java
01545000-01566000 rw-p 00000000 00:00 0                                  [heap]
a8200000-abd00000 rw-p 00000000 00:00 0 
abd00000-e2b80000 ---p 00000000 00:00 0 
e2b80000-e8a80000 rw-p 00000000 00:00 0 
ede80000-100000000 ---p 00000000 00:00 0 
100000000-100120000 rw-p 00000000 00:00 0 
100120000-140000000 ---p 00000000 00:00 0 
7f1c28000000-7f1c280bd000 rw-p 00000000 00:00 0 
7f1c280bd000-7f1c2c000000 ---p 00000000 00:00 0 
7f1c30000000-7f1c30021000 rw-p 00000000 00:00 0 
7f1c30021000-7f1c34000000 ---p 00000000 00:00 0 
7f1c34000000-7f1c34021000 rw-p 00000000 00:00 0 
7f1c34021000-7f1c38000000 ---p 00000000 00:00 0 
7f1c38000000-7f1c38021000 rw-p 00000000 00:00 0 
7f1c38021000-7f1c3c000000 ---p 00000000 00:00 0 
7f1c3c000000-7f1c3c021000 rw-p 00000000 00:00 0 
7f1c3c021000-7f1c40000000 ---p 00000000 00:00 0 
7f1c42713000-7f1c4272f000 r--s 00393000 08:07 428370                     /usr/lib/jvm/java-8-openjdk/jre/lib/ext/cldrdata.jar
7f1c42730000-7f1c42746000 r-xp 00000000 08:07 428410                     /usr/lib/jvm/java-8-openjdk/jre/lib/amd64/libnet.so
7f1c42746000-7f1c42946000 ---p 00016000 08:07 428410                     /usr/lib/jvm/java-8-openjdk/jre/lib/amd64/libnet.so
7f1c42946000-7f1c42947000 rw-p 00016000 08:07 428410                     /usr/lib/jvm/java-8-openjdk/jre/lib/amd64/libnet.so
7f1c4294d000-7f1c42950000 ---p 00000000 00:00 0 
7f1c42950000-7f1c42a4e000 rw-p 00000000 00:00 0                          [stack:15985]
7f1c42a4e000-7f1c42a51000 ---p 00000000 00:00 0 
7f1c42a51000-7f1c42b4f000 rw-p 00000000 00:00 0                          [stack:15984]
7f1c42b4f000-7f1c42b52000 ---p 00000000 00:00 0 
7f1c42b52000-7f1c42c50000 rw-p 00000000 00:00 0                          [stack:15982]
7f1c42c50000-7f1c42c55000 r-xp 00000000 08:07 159396                     /usr/lib/libXfixes.so.3.1.0
7f1c42c55000-7f1c42e54000 ---p 00005000 08:07 159396                     /usr/lib/libXfixes.so.3.1.0
7f1c42e54000-7f1c42e55000 r--p 00004000 08:07 159396                     /usr/lib/libXfixes.so.3.1.0
7f1c42e55000-7f1c42e56000 rw-p 00005000 08:07 159396                     /usr/lib/libXfixes.so.3.1.0
7f1c42e58000-7f1c42e62000 r-xp 00000000 08:07 160813                     /usr/lib/libXcursor.so.1.0.2
7f1c42e62000-7f1c43061000 ---p 0000a000 08:07 160813                     /usr/lib/libXcursor.so.1.0.2
7f1c43061000-7f1c43062000 r--p 00009000 08:07 160813                     /usr/lib/libXcursor.so.1.0.2
7f1c43062000-7f1c43063000 rw-p 0000a000 08:07 160813                     /usr/lib/libXcursor.so.1.0.2
7f1c43067000-7f1c43098000 rw-p 00000000 00:00 0 
7f1c43098000-7f1c430b1000 r--s 00000000 08:07 669984                     /var/cache/fontconfig/8d4af663993b81a124ee82e610bb31f9-le64.cache-4
7f1c430b7000-7f1c430ba000 ---p 00000000 00:00 0 
7f1c430ba000-7f1c431b8000 rw-p 00000000 00:00 0                          [stack:15971]
7f1c431b8000-7f1c43226000 r-xp 00000000 08:07 141965                     /usr/lib/libpcre.so.1.2.4
7f1c43226000-7f1c43425000 ---p 0006e000 08:07 141965                     /usr/lib/libpcre.so.1.2.4
7f1c43425000-7f1c43426000 r--p 0006d000 08:07 141965                     /usr/lib/libpcre.so.1.2.4
7f1c43426000-7f1c43427000 rw-p 0006e000 08:07 141965                     /usr/lib/libpcre.so.1.2.4
7f1c43428000-7f1c43444000 r-xp 00000000 08:07 159932                     /usr/lib/libgraphite2.so.3.0.1
7f1c43444000-7f1c43643000 ---p 0001c000 08:07 159932                     /usr/lib/libgraphite2.so.3.0.1
7f1c43643000-7f1c43645000 r--p 0001b000 08:07 159932                     /usr/lib/libgraphite2.so.3.0.1
7f1c43645000-7f1c43646000 rw-p 0001d000 08:07 159932                     /usr/lib/libgraphite2.so.3.0.1
7f1c43648000-7f1c43754000 r-xp 00000000 08:07 186737                     /usr/lib/libglib-2.0.so.0.4200.2
7f1c43754000-7f1c43953000 ---p 0010c000 08:07 186737                     /usr/lib/libglib-2.0.so.0.4200.2
7f1c43953000-7f1c43954000 r--p 0010b000 08:07 186737                     /usr/lib/libglib-2.0.so.0.4200.2
7f1c43954000-7f1c43955000 rw-p 0010c000 08:07 186737                     /usr/lib/libglib-2.0.so.0.4200.2
7f1c43955000-7f1c43956000 rw-p 00000000 00:00 0 
7f1c43958000-7f1c439b2000 r-xp 00000000 08:07 159941                     /usr/lib/libharfbuzz.so.0.940.0
7f1c439b2000-7f1c43bb1000 ---p 0005a000 08:07 159941                     /usr/lib/libharfbuzz.so.0.940.0
7f1c43bb1000-7f1c43bb4000 r--p 00059000 08:07 159941                     /usr/lib/libharfbuzz.so.0.940.0
7f1c43bb4000-7f1c43bb5000 rw-p 0005c000 08:07 159941                     /usr/lib/libharfbuzz.so.0.940.0
7f1c43bb8000-7f1c43bed000 r-xp 00000000 08:07 159517                     /usr/lib/libpng16.so.16.16.0
7f1c43bed000-7f1c43dec000 ---p 00035000 08:07 159517                     /usr/lib/libpng16.so.16.16.0
7f1c43dec000-7f1c43ded000 r--p 00034000 08:07 159517                     /usr/lib/libpng16.so.16.16.0
7f1c43ded000-7f1c43dee000 rw-p 00035000 08:07 159517                     /usr/lib/libpng16.so.16.16.0
7f1c43df0000-7f1c43dff000 r-xp 00000000 08:07 136853                     /usr/lib/libbz2.so.1.0.6
7f1c43dff000-7f1c43ffe000 ---p 0000f000 08:07 136853                     /usr/lib/libbz2.so.1.0.6
7f1c43ffe000-7f1c44000000 rw-p 0000e000 08:07 136853                     /usr/lib/libbz2.so.1.0.6
7f1c44000000-7f1c44325000 rw-p 00000000 00:00 0 
7f1c44325000-7f1c48000000 ---p 00000000 00:00 0 
7f1c48000000-7f1c48021000 rw-p 00000000 00:00 0 
7f1c48021000-7f1c4c000000 ---p 00000000 00:00 0 
7f1c4c000000-7f1c4c021000 rw-p 00000000 00:00 0 
7f1c4c021000-7f1c50000000 ---p 00000000 00:00 0 
7f1c50000000-7f1c511ce000 rw-p 00000000 00:00 0 
7f1c511ce000-7f1c54000000 ---p 00000000 00:00 0 
7f1c54000000-7f1c54021000 rw-p 00000000 00:00 0 
7f1c54021000-7f1c58000000 ---p 00000000 00:00 0 
7f1c58000000-7f1c58021000 rw-p 00000000 00:00 0 
7f1c58021000-7f1c5c000000 ---p 00000000 00:00 0 
7f1c5c000000-7f1c5c021000 rw-p 00000000 00:00 0 
7f1c5c021000-7f1c60000000 ---p 00000000 00:00 0 
7f1c60000000-7f1c60021000 rw-p 00000000 00:00 0 
7f1c60021000-7f1c64000000 ---p 00000000 00:00 0 
7f1c64000000-7f1c64021000 rw-p 00000000 00:00 0 
7f1c64021000-7f1c68000000 ---p 00000000 00:00 0 
7f1c68018000-7f1c6802e000 r-xp 00000000 08:07 134103                     /usr/lib/libgcc_s.so.1
7f1c6802e000-7f1c6822d000 ---p 00016000 08:07 134103                     /usr/lib/libgcc_s.so.1
7f1c6822d000-7f1c6822e000 rw-p 00015000 08:07 134103                     /usr/lib/libgcc_s.so.1
7f1c68230000-7f1c682e6000 r-xp 00000000 08:07 159955                     /usr/lib/libfreetype.so.6.11.4
7f1c682e6000-7f1c684e6000 ---p 000b6000 08:07 159955                     /usr/lib/libfreetype.so.6.11.4
7f1c684e6000-7f1c684ec000 r--p 000b6000 08:07 159955                     /usr/lib/libfreetype.so.6.11.4
7f1c684ec000-7f1c684ed000 rw-p 000bc000 08:07 159955                     /usr/lib/libfreetype.so.6.11.4
7f1c684f6000-7f1c68501000 r--s 00116000 08:07 428369                     /usr/lib/jvm/java-8-openjdk/jre/lib/ext/localedata.jar
7f1c68508000-7f1c6850a000 r--s 00000000 08:07 669321                     /var/cache/fontconfig/452f1fac34b224105d7acfae3034bcd5-le64.cache-4
7f1c68510000-7f1c6851f000 r--s 00000000 08:07 658776                     /var/cache/fontconfig/5a02e0a9ca9b27d0aa4bd0c42ba2438d-le64.cache-4
7f1c68520000-7f1c6852a000 r--s 00000000 08:07 655257                     /var/cache/fontconfig/d62e99ef547d1d24cdb1bd22ec1a2976-le64.cache-4
7f1c68530000-7f1c6853d000 r--s 00000000 08:07 675069                     /var/cache/fontconfig/f6b893a7224233d96cb72fd88691c0b4-le64.cache-4
7f1c68540000-7f1c685a1000 r-xp 00000000 08:07 428427                     /usr/lib/jvm/java-8-openjdk/jre/lib/amd64/libfontmanager.so
7f1c685a1000-7f1c687a0000 ---p 00061000 08:07 428427                     /usr/lib/jvm/java-8-openjdk/jre/lib/amd64/libfontmanager.so
7f1c687a0000-7f1c687a4000 rw-p 00060000 08:07 428427                     /usr/lib/jvm/java-8-openjdk/jre/lib/amd64/libfontmanager.so
7f1c687a4000-7f1c687b7000 rw-p 00000000 00:00 0 
7f1c687b8000-7f1c687bd000 r-xp 00000000 08:07 156005                     /usr/lib/libXdmcp.so.6.0.0
7f1c687bd000-7f1c689bc000 ---p 00005000 08:07 156005                     /usr/lib/libXdmcp.so.6.0.0
7f1c689bc000-7f1c689bd000 r--p 00004000 08:07 156005                     /usr/lib/libXdmcp.so.6.0.0
7f1c689bd000-7f1c689be000 rw-p 00005000 08:07 156005                     /usr/lib/libXdmcp.so.6.0.0
7f1c689c0000-7f1c689c2000 r-xp 00000000 08:07 156010                     /usr/lib/libXau.so.6.0.0
7f1c689c2000-7f1c68bc2000 ---p 00002000 08:07 156010                     /usr/lib/libXau.so.6.0.0
7f1c68bc2000-7f1c68bc3000 r--p 00002000 08:07 156010                     /usr/lib/libXau.so.6.0.0
7f1c68bc3000-7f1c68bc4000 rw-p 00003000 08:07 156010                     /usr/lib/libXau.so.6.0.0
7f1c68bc8000-7f1c68be9000 r-xp 00000000 08:07 158332                     /usr/lib/libxcb.so.1.1.0
7f1c68be9000-7f1c68de8000 ---p 00021000 08:07 158332                     /usr/lib/libxcb.so.1.1.0
7f1c68de8000-7f1c68de9000 r--p 00020000 08:07 158332                     /usr/lib/libxcb.so.1.1.0
7f1c68de9000-7f1c68dea000 rw-p 00021000 08:07 158332                     /usr/lib/libxcb.so.1.1.0
7f1c68df0000-7f1c68dff000 r-xp 00000000 08:07 159390                     /usr/lib/libXi.so.6.1.0
7f1c68dff000-7f1c68fff000 ---p 0000f000 08:07 159390                     /usr/lib/libXi.so.6.1.0
7f1c68fff000-7f1c69000000 r--p 0000f000 08:07 159390                     /usr/lib/libXi.so.6.1.0
7f1c69000000-7f1c69001000 rw-p 00010000 08:07 159390                     /usr/lib/libXi.so.6.1.0
7f1c69008000-7f1c6900d000 r-xp 00000000 08:07 159412                     /usr/lib/libXtst.so.6.1.0
7f1c6900d000-7f1c6920c000 ---p 00005000 08:07 159412                     /usr/lib/libXtst.so.6.1.0
7f1c6920c000-7f1c6920d000 r--p 00004000 08:07 159412                     /usr/lib/libXtst.so.6.1.0
7f1c6920d000-7f1c6920e000 rw-p 00005000 08:07 159412                     /usr/lib/libXtst.so.6.1.0
7f1c69210000-7f1c69219000 r-xp 00000000 08:07 159929                     /usr/lib/libXrender.so.1.3.0
7f1c69219000-7f1c69418000 ---p 00009000 08:07 159929                     /usr/lib/libXrender.so.1.3.0
7f1c69418000-7f1c69419000 r--p 00008000 08:07 159929                     /usr/lib/libXrender.so.1.3.0
7f1c69419000-7f1c6941a000 rw-p 00009000 08:07 159929                     /usr/lib/libXrender.so.1.3.0
7f1c69420000-7f1c6955b000 r-xp 00000000 08:07 158413                     /usr/lib/libX11.so.6.3.0
7f1c6955b000-7f1c6975a000 ---p 0013b000 08:07 158413                     /usr/lib/libX11.so.6.3.0
7f1c6975a000-7f1c6975c000 r--p 0013a000 08:07 158413                     /usr/lib/libX11.so.6.3.0
7f1c6975c000-7f1c69761000 rw-p 0013c000 08:07 158413                     /usr/lib/libX11.so.6.3.0
7f1c69761000-7f1c69762000 rw-p 00000000 00:00 0 
7f1c69768000-7f1c69779000 r-xp 00000000 08:07 159311                     /usr/lib/libXext.so.6.4.0
7f1c69779000-7f1c69978000 ---p 00011000 08:07 159311                     /usr/lib/libXext.so.6.4.0
7f1c69978000-7f1c69979000 r--p 00010000 08:07 159311                     /usr/lib/libXext.so.6.4.0
7f1c69979000-7f1c6997a000 rw-p 00011000 08:07 159311                     /usr/lib/libXext.so.6.4.0
7f1c69980000-7f1c69981000 r--s 00000000 08:07 655184                     /var/cache/fontconfig/6ba42ae0000f58711b5caaf10d690066-le64.cache-4
7f1c69988000-7f1c69991000 r--s 00000000 08:07 669908                     /var/cache/fontconfig/f349e9996a5320f6dd491cedd2b1f964-le64.cache-4
7f1c69995000-7f1c699a8000 r--s 00345000 08:07 428351                     /usr/lib/jvm/java-8-openjdk/jre/lib/resources.jar
7f1c699a8000-7f1c699ce000 r--p 00000000 08:07 133714                     /usr/share/locale/es/LC_MESSAGES/libc.mo
7f1c699d0000-7f1c69a23000 r-xp 00000000 08:07 428425                     /usr/lib/jvm/java-8-openjdk/jre/lib/amd64/libawt_xawt.so
7f1c69a23000-7f1c69c22000 ---p 00053000 08:07 428425                     /usr/lib/jvm/java-8-openjdk/jre/lib/amd64/libawt_xawt.so
7f1c69c22000-7f1c69c26000 rw-p 00052000 08:07 428425                     /usr/lib/jvm/java-8-openjdk/jre/lib/amd64/libawt_xawt.so
7f1c69c26000-7f1c69c27000 rw-p 00000000 00:00 0 
7f1c69c28000-7f1c69cc8000 r-xp 00000000 08:07 428422                     /usr/lib/jvm/java-8-openjdk/jre/lib/amd64/libawt.so
7f1c69cc8000-7f1c69ec8000 ---p 000a0000 08:07 428422                     /usr/lib/jvm/java-8-openjdk/jre/lib/amd64/libawt.so
7f1c69ec8000-7f1c69ed4000 rw-p 000a0000 08:07 428422                     /usr/lib/jvm/java-8-openjdk/jre/lib/amd64/libawt.so
7f1c69ed4000-7f1c69ef8000 rw-p 00000000 00:00 0 
7f1c69ef8000-7f1c69efd000 r--s 002f8000 08:07 428349                     /usr/lib/jvm/java-8-openjdk/jre/lib/charsets.jar
7f1c69f04000-7f1c69f0b000 r--s 00094000 08:07 565039                     /usr/share/netbeans/java/modules/ext/beansbinding-1.2.1.jar
7f1c69f0b000-7f1c69f0c000 ---p 00000000 00:00 0 
7f1c69f0c000-7f1c6a00c000 rw-p 00000000 00:00 0                          [stack:15920]
7f1c6a00c000-7f1c6a00f000 ---p 00000000 00:00 0 
7f1c6a00f000-7f1c6a10d000 rw-p 00000000 00:00 0                          [stack:15918]
7f1c6a10d000-7f1c6a110000 ---p 00000000 00:00 0 
7f1c6a110000-7f1c6a20e000 rw-p 00000000 00:00 0                          [stack:15916]
7f1c6a20e000-7f1c6a211000 ---p 00000000 00:00 0 
7f1c6a211000-7f1c6a30f000 rw-p 00000000 00:00 0                          [stack:15915]
7f1c6a30f000-7f1c6a312000 ---p 00000000 00:00 0 
7f1c6a312000-7f1c6d000000 rw-p 00000000 00:00 0                          [stack:15914]
7f1c6d000000-7f1c6d350000 rwxp 00000000 00:00 0 
7f1c6d350000-7f1c7c000000 ---p 00000000 00:00 0 
7f1c7c000000-7f1c7c216000 rw-p 00000000 00:00 0 
7f1c7c216000-7f1c80000000 ---p 00000000 00:00 0 
7f1c80000000-7f1c80001000 r--s 00000000 08:07 565038                     /usr/share/netbeans/java/modules/ext/AbsoluteLayout.jar
7f1c80008000-7f1c80191000 r--p 00000000 08:07 159448                     /usr/lib/locale/locale-archive
7f1c80193000-7f1c80196000 ---p 00000000 00:00 0 
7f1c80196000-7f1c80294000 rw-p 00000000 00:00 0                          [stack:15883]
7f1c80294000-7f1c80297000 ---p 00000000 00:00 0 
7f1c80297000-7f1c80395000 rw-p 00000000 00:00 0                          [stack:15881]
7f1c80395000-7f1c80396000 ---p 00000000 00:00 0 
7f1c80396000-7f1c80e02000 rw-p 00000000 00:00 0                          [stack:15876]
7f1c80e02000-7f1c80fd0000 r--s 03bd2000 08:07 428353                     /usr/lib/jvm/java-8-openjdk/jre/lib/rt.jar
7f1c80fd4000-7f1c81b09000 rw-p 00000000 00:00 0 
7f1c81b09000-7f1c81b0a000 ---p 00000000 00:00 0 
7f1c81b0a000-7f1c81c0a000 rw-p 00000000 00:00 0                          [stack:15861]
7f1c81c0a000-7f1c81c0b000 ---p 00000000 00:00 0 
7f1c81c0b000-7f1c81d29000 rw-p 00000000 00:00 0                          [stack:15860]
7f1c81d29000-7f1c81ee0000 ---p 00000000 00:00 0 
7f1c81ee0000-7f1c81efe000 rw-p 00000000 00:00 0 
7f1c81efe000-7f1c820b4000 ---p 00000000 00:00 0 
7f1c820b4000-7f1c820e5000 rw-p 00000000 00:00 0 
7f1c820e5000-7f1c8219f000 ---p 00000000 00:00 0 
7f1c8219f000-7f1c821ae000 rw-p 00000000 00:00 0 
7f1c821ae000-7f1c82560000 ---p 00000000 00:00 0 
7f1c82560000-7f1c82568000 r-xp 00000000 08:07 428408                     /usr/lib/jvm/java-8-openjdk/jre/lib/amd64/libzip.so
7f1c82568000-7f1c82767000 ---p 00008000 08:07 428408                     /usr/lib/jvm/java-8-openjdk/jre/lib/amd64/libzip.so
7f1c82767000-7f1c82768000 rw-p 00007000 08:07 428408                     /usr/lib/jvm/java-8-openjdk/jre/lib/amd64/libzip.so
7f1c82768000-7f1c82773000 r-xp 00000000 08:07 133754                     /usr/lib/libnss_files-2.21.so
7f1c82773000-7f1c82973000 ---p 0000b000 08:07 133754                     /usr/lib/libnss_files-2.21.so
7f1c82973000-7f1c82974000 r--p 0000b000 08:07 133754                     /usr/lib/libnss_files-2.21.so
7f1c82974000-7f1c82975000 rw-p 0000c000 08:07 133754                     /usr/lib/libnss_files-2.21.so
7f1c82978000-7f1c829a5000 r-xp 00000000 08:07 428407                     /usr/lib/jvm/java-8-openjdk/jre/lib/amd64/libjava.so
7f1c829a5000-7f1c82ba5000 ---p 0002d000 08:07 428407                     /usr/lib/jvm/java-8-openjdk/jre/lib/amd64/libjava.so
7f1c82ba5000-7f1c82ba7000 rw-p 0002d000 08:07 428407                     /usr/lib/jvm/java-8-openjdk/jre/lib/amd64/libjava.so
7f1c82ba8000-7f1c82bb5000 r-xp 00000000 08:07 428399                     /usr/lib/jvm/java-8-openjdk/jre/lib/amd64/libverify.so
7f1c82bb5000-7f1c82db4000 ---p 0000d000 08:07 428399                     /usr/lib/jvm/java-8-openjdk/jre/lib/amd64/libverify.so
7f1c82db4000-7f1c82db6000 rw-p 0000c000 08:07 428399                     /usr/lib/jvm/java-8-openjdk/jre/lib/amd64/libverify.so
7f1c82db8000-7f1c82dbf000 r-xp 00000000 08:07 133786                     /usr/lib/librt-2.21.so
7f1c82dbf000-7f1c82fbe000 ---p 00007000 08:07 133786                     /usr/lib/librt-2.21.so
7f1c82fbe000-7f1c82fbf000 r--p 00006000 08:07 133786                     /usr/lib/librt-2.21.so
7f1c82fbf000-7f1c82fc0000 rw-p 00007000 08:07 133786                     /usr/lib/librt-2.21.so
7f1c82fc0000-7f1c830c3000 r-xp 00000000 08:07 133813                     /usr/lib/libm-2.21.so
7f1c830c3000-7f1c832c3000 ---p 00103000 08:07 133813                     /usr/lib/libm-2.21.so
7f1c832c3000-7f1c832c4000 r--p 00103000 08:07 133813                     /usr/lib/libm-2.21.so
7f1c832c4000-7f1c832c5000 rw-p 00104000 08:07 133813                     /usr/lib/libm-2.21.so
7f1c832c8000-7f1c83f67000 r-xp 00000000 08:07 428431                     /usr/lib/jvm/java-8-openjdk/jre/lib/amd64/server/libjvm.so
7f1c83f67000-7f1c84167000 ---p 00c9f000 08:07 428431                     /usr/lib/jvm/java-8-openjdk/jre/lib/amd64/server/libjvm.so
7f1c84167000-7f1c84233000 rw-p 00c9f000 08:07 428431                     /usr/lib/jvm/java-8-openjdk/jre/lib/amd64/server/libjvm.so
7f1c84233000-7f1c84274000 rw-p 00000000 00:00 0 
7f1c84278000-7f1c84411000 r-xp 00000000 08:07 133765                     /usr/lib/libc-2.21.so
7f1c84411000-7f1c84611000 ---p 00199000 08:07 133765                     /usr/lib/libc-2.21.so
7f1c84611000-7f1c84615000 r--p 00199000 08:07 133765                     /usr/lib/libc-2.21.so
7f1c84615000-7f1c84617000 rw-p 0019d000 08:07 133765                     /usr/lib/libc-2.21.so
7f1c84617000-7f1c8461b000 rw-p 00000000 00:00 0 
7f1c84620000-7f1c84622000 r-xp 00000000 08:07 133795                     /usr/lib/libdl-2.21.so
7f1c84622000-7f1c84822000 ---p 00002000 08:07 133795                     /usr/lib/libdl-2.21.so
7f1c84822000-7f1c84823000 r--p 00002000 08:07 133795                     /usr/lib/libdl-2.21.so
7f1c84823000-7f1c84824000 rw-p 00003000 08:07 133795                     /usr/lib/libdl-2.21.so
7f1c84828000-7f1c84835000 r-xp 00000000 08:07 428428                     /usr/lib/jvm/java-8-openjdk/jre/lib/amd64/jli/libjli.so
7f1c84835000-7f1c84a35000 ---p 0000d000 08:07 428428                     /usr/lib/jvm/java-8-openjdk/jre/lib/amd64/jli/libjli.so
7f1c84a35000-7f1c84a36000 rw-p 0000d000 08:07 428428                     /usr/lib/jvm/java-8-openjdk/jre/lib/amd64/jli/libjli.so
7f1c84a38000-7f1c84a4d000 r-xp 00000000 08:07 136861                     /usr/lib/libz.so.1.2.8
7f1c84a4d000-7f1c84c4c000 ---p 00015000 08:07 136861                     /usr/lib/libz.so.1.2.8
7f1c84c4c000-7f1c84c4d000 r--p 00014000 08:07 136861                     /usr/lib/libz.so.1.2.8
7f1c84c4d000-7f1c84c4e000 rw-p 00015000 08:07 136861                     /usr/lib/libz.so.1.2.8
7f1c84c50000-7f1c84c68000 r-xp 00000000 08:07 133785                     /usr/lib/libpthread-2.21.so
7f1c84c68000-7f1c84e67000 ---p 00018000 08:07 133785                     /usr/lib/libpthread-2.21.so
7f1c84e67000-7f1c84e68000 r--p 00017000 08:07 133785                     /usr/lib/libpthread-2.21.so
7f1c84e68000-7f1c84e69000 rw-p 00018000 08:07 133785                     /usr/lib/libpthread-2.21.so
7f1c84e69000-7f1c84e6d000 rw-p 00000000 00:00 0 
7f1c84e70000-7f1c84e92000 r-xp 00000000 08:07 133809                     /usr/lib/ld-2.21.so
7f1c84e94000-7f1c84f80000 rw-p 00000000 00:00 0 
7f1c84f80000-7f1c84f88000 rw-s 00000000 00:1f 3757816                    /tmp/hsperfdata_maximiliano/15854
7f1c84f8d000-7f1c84f8f000 rw-p 00000000 00:00 0 
7f1c84f8f000-7f1c84f90000 ---p 00000000 00:00 0 
7f1c84f90000-7f1c84f93000 ---p 00000000 00:00 0 
7f1c84f93000-7f1c85091000 rw-p 00000000 00:00 0                          [stack:15856]
7f1c85091000-7f1c85092000 r--p 00021000 08:07 133809                     /usr/lib/ld-2.21.so
7f1c85092000-7f1c85093000 rw-p 00022000 08:07 133809                     /usr/lib/ld-2.21.so
7f1c85093000-7f1c85095000 rw-p 00000000 00:00 0 
7f1c85095000-7f1c85099000 rw-p 00000000 00:00 0 
7ffdf29db000-7ffdf29fc000 rw-p 00000000 00:00 0                          [stack]
7ffdf2a00000-7ffdf2a02000 r--p 00000000 00:00 0                          [vvar]
7ffdf2a02000-7ffdf2a04000 r-xp 00000000 00:00 0                          [vdso]
ffffffffff600000-ffffffffff601000 r-xp 00000000 00:00 0                  [vsyscall]

VM Arguments:
jvm_args: -Dfile.encoding=UTF-8 
java_command: cliente.Cliente
java_class_path (initial): /usr/share/netbeans/java/modules/ext/AbsoluteLayout.jar:/usr/share/netbeans/java/modules/ext/beansbinding-1.2.1.jar:/home/maximiliano/NetBeansProjects/socket/build/classes
Launcher Type: SUN_STANDARD

Environment Variables:
PATH=/usr/local/sbin:/usr/local/bin:/usr/bin:/usr/lib/jvm/default/bin:/usr/bin/site_perl:/usr/bin/vendor_perl:/usr/bin/core_perl
LD_LIBRARY_PATH=/usr/lib/jvm/default/bin/../jre/lib/amd64:/usr/lib/jvm/default/bin/../jre/lib/i386:
SHELL=/bin/bash
DISPLAY=:0

Signal Handlers:
SIGSEGV: [libjvm.so+0xa8f160], sa_mask[0]=11111111011111111101111111111110, sa_flags=SA_RESTART|SA_SIGINFO
SIGBUS: [libjvm.so+0xa8f160], sa_mask[0]=11111111011111111101111111111110, sa_flags=SA_RESTART|SA_SIGINFO
SIGFPE: [libjvm.so+0x8daa30], sa_mask[0]=11111111011111111101111111111110, sa_flags=SA_RESTART|SA_SIGINFO
SIGPIPE: [libjvm.so+0x8daa30], sa_mask[0]=11111111011111111101111111111110, sa_flags=SA_RESTART|SA_SIGINFO
SIGXFSZ: [libjvm.so+0x8daa30], sa_mask[0]=11111111011111111101111111111110, sa_flags=SA_RESTART|SA_SIGINFO
SIGILL: [libjvm.so+0x8daa30], sa_mask[0]=11111111011111111101111111111110, sa_flags=SA_RESTART|SA_SIGINFO
SIGUSR1: SIG_DFL, sa_mask[0]=00000000000000000000000000000000, sa_flags=none
SIGUSR2: [libjvm.so+0x8da8e0], sa_mask[0]=00100000000000000000000000000000, sa_flags=SA_RESTART|SA_SIGINFO
SIGHUP: [libjvm.so+0x8dab00], sa_mask[0]=11111111011111111101111111111110, sa_flags=SA_RESTART|SA_SIGINFO
SIGINT: SIG_IGN, sa_mask[0]=00000000000000000000000000000000, sa_flags=none
SIGTERM: [libjvm.so+0x8dab00], sa_mask[0]=11111111011111111101111111111110, sa_flags=SA_RESTART|SA_SIGINFO
SIGQUIT: [libjvm.so+0x8dab00], sa_mask[0]=11111111011111111101111111111110, sa_flags=SA_RESTART|SA_SIGINFO


---------------  S Y S T E M  ---------------

OS:NAME="Arch Linux"
ID=arch
PRETTY_NAME="Arch Linux"
ANSI_COLOR="0;36"
HOME_URL="https://www.archlinux.org/"
SUPPORT_URL="https://bbs.archlinux.org/"
BUG_REPORT_URL="https://bugs.archlinux.org/"


uname:Linux 3.19.2-1-ARCH #1 SMP PREEMPT Wed Mar 18 16:21:02 CET 2015 x86_64
libc:glibc 2.21 NPTL 2.21 
rlimit: STACK 8192k, CORE 0k, NPROC 22460, NOFILE 4096, AS infinity
load average:151,41 170,91 119,10

/proc/meminfo:
MemTotal:        5755352 kB
MemFree:          229984 kB
MemAvailable:     166016 kB
Buffers:             404 kB
Cached:            26432 kB
SwapCached:         2436 kB
Active:          4191624 kB
Inactive:        1070228 kB
Active(anon):    4188760 kB
Inactive(anon):  1057216 kB
Active(file):       2864 kB
Inactive(file):    13012 kB
Unevictable:          32 kB
Mlocked:              32 kB
SwapTotal:       1048572 kB
SwapFree:           3872 kB
Dirty:                12 kB
Writeback:           704 kB
AnonPages:       5233412 kB
Mapped:            16904 kB
Shmem:             10736 kB
Slab:             101616 kB
SReclaimable:      25112 kB
SUnreclaim:        76504 kB
KernelStack:       20544 kB
PageTables:        65584 kB
NFS_Unstable:          0 kB
Bounce:                0 kB
WritebackTmp:          0 kB
CommitLimit:     3926248 kB
Committed_AS:   17012040 kB
VmallocTotal:   34359738367 kB
VmallocUsed:      308092 kB
VmallocChunk:   34359426940 kB
HardwareCorrupted:     0 kB
AnonHugePages:   1239040 kB
HugePages_Total:       0
HugePages_Free:        0
HugePages_Rsvd:        0
HugePages_Surp:        0
Hugepagesize:       2048 kB
DirectMap4k:      689540 kB
DirectMap2M:     5302272 kB
DirectMap1G:           0 kB


CPU:total 2 (2 cores per cpu, 1 threads per core) family 21 model 16 stepping 1, cmov, cx8, fxsr, mmx, sse, sse2, sse3, ssse3, sse4.1, sse4.2, popcnt, avx, aes, clmul, mmxext, 3dnowpref, lzcnt, sse4a, tsc, tscinvbit, tscinv, bmi1

/proc/cpuinfo:
processor	: 0
vendor_id	: AuthenticAMD
cpu family	: 21
model		: 16
model name	: AMD A6-4455M APU with Radeon(tm) HD Graphics
stepping	: 1
microcode	: 0x6001119
cpu MHz		: 2100.000
cache size	: 2048 KB
physical id	: 0
siblings	: 2
core id		: 0
cpu cores	: 1
apicid		: 16
initial apicid	: 0
fpu		: yes
fpu_exception	: yes
cpuid level	: 13
wp		: yes
flags		: fpu vme de pse tsc msr pae mce cx8 apic sep mtrr pge mca cmov pat pse36 clflush mmx fxsr sse sse2 ht syscall nx mmxext fxsr_opt pdpe1gb rdtscp lm constant_tsc rep_good nopl nonstop_tsc extd_apicid aperfmperf pni pclmulqdq monitor ssse3 fma cx16 sse4_1 sse4_2 popcnt aes xsave avx f16c lahf_lm cmp_legacy svm extapic cr8_legacy abm sse4a misalignsse 3dnowprefetch osvw ibs xop skinit wdt lwp fma4 tce nodeid_msr tbm topoext perfctr_core perfctr_nb arat cpb hw_pstate npt lbrv svm_lock nrip_save tsc_scale vmcb_clean flushbyasid decodeassists pausefilter pfthreshold vmmcall bmi1
bugs		: fxsave_leak
bogomips	: 4194.02
TLB size	: 1536 4K pages
clflush size	: 64
cache_alignment	: 64
address sizes	: 48 bits physical, 48 bits virtual
power management: ts ttp tm 100mhzsteps hwpstate cpb eff_freq_ro

processor	: 1
vendor_id	: AuthenticAMD
cpu family	: 21
model		: 16
model name	: AMD A6-4455M APU with Radeon(tm) HD Graphics   
stepping	: 1
microcode	: 0x6001119
cpu MHz		: 2100.000
cache size	: 2048 KB
physical id	: 0
siblings	: 2
core id		: 1
cpu cores	: 1
apicid		: 17
initial apicid	: 1
fpu		: yes
fpu_exception	: yes
cpuid level	: 13
wp		: yes
flags		: fpu vme de pse tsc msr pae mce cx8 apic sep mtrr pge mca cmov pat pse36 clflush mmx fxsr sse sse2 ht syscall nx mmxext fxsr_opt pdpe1gb rdtscp lm constant_tsc rep_good nopl nonstop_tsc extd_apicid aperfmperf pni pclmulqdq monitor ssse3 fma cx16 sse4_1 sse4_2 popcnt aes xsave avx f16c lahf_lm cmp_legacy svm extapic cr8_legacy abm sse4a misalignsse 3dnowprefetch osvw ibs xop skinit wdt lwp fma4 tce nodeid_msr tbm topoext perfctr_core perfctr_nb arat cpb hw_pstate npt lbrv svm_lock nrip_save tsc_scale vmcb_clean flushbyasid decodeassists pausefilter pfthreshold vmmcall bmi1
bugs		: fxsave_leak
bogomips	: 4194.02
TLB size	: 1536 4K pages
clflush size	: 64
cache_alignment	: 64
address sizes	: 48 bits physical, 48 bits virtual
power management: ts ttp tm 100mhzsteps hwpstate cpb eff_freq_ro



Memory: 4k page, physical 5755352k(229984k free), swap 1048572k(3884k free)

vm_info: OpenJDK 64-Bit Server VM (25.40-b23) for linux-amd64 JRE (1.8.0_40-b20), built on Mar 15 2015 09:37:38 by "builduser" with gcc 4.9.2 20150304 (prerelease)

time: Sat Mar 28 19:17:52 2015
elapsed time: 1151 seconds (0d 0h 19m 11s)

