#
# There is insufficient memory for the Java Runtime Environment to continue.
# Native memory allocation (mmap) failed to map 89128960 bytes for committing reserved memory.
# Possible reasons:
#   The system is out of physical RAM or swap space
#   In 32 bit mode, the process size limit was hit
# Possible solutions:
#   Reduce memory load on the system
#   Increase physical memory or swap space
#   Check if swap backing store is full
#   Use 64 bit Java on a 64 bit OS
#   Decrease Java heap size (-Xmx/-Xms)
#   Decrease number of Java threads
#   Decrease Java thread stack sizes (-Xss)
#   Set larger code cache with -XX:ReservedCodeCacheSize=
# This output file may be truncated or incomplete.
#
#  Out of Memory Error (os_linux.cpp:2673), pid=17763, tid=140290959472384
#
# JRE version: OpenJDK Runtime Environment (8.0_40-b20) (build 1.8.0_40-b20)
# Java VM: OpenJDK 64-Bit Server VM (25.40-b23 mixed mode linux-amd64 compressed oops)
# Failed to write core dump. Core dumps have been disabled. To enable core dumping, try "ulimit -c unlimited" before starting Java again
#

---------------  T H R E A D  ---------------

Current thread (0x00007f981c071800):  VMThread [stack: 0x00007f9808bdf000,0x00007f9808ce0000] [id=17777]

Stack: [0x00007f9808bdf000,0x00007f9808ce0000],  sp=0x00007f9808cde4d0,  free space=1021k
Native frames: (J=compiled Java code, j=interpreted, Vv=VM code, C=native code)
V  [libjvm.so+0xa8e69d]
V  [libjvm.so+0x4e856c]
V  [libjvm.so+0x8df110]
V  [libjvm.so+0x8d98de]
V  [libjvm.so+0x952cdb]
V  [libjvm.so+0x954043]
V  [libjvm.so+0x950cce]
V  [libjvm.so+0x950fbc]
V  [libjvm.so+0x903a63]
V  [libjvm.so+0xa90112]
V  [libjvm.so+0xa94c17]
V  [libjvm.so+0xa92f1c]
V  [libjvm.so+0xa93737]
V  [libjvm.so+0xa93c71]
V  [libjvm.so+0x8dc612]

VM_Operation (0x00007f97e0e8b340): ParallelGCFailedAllocation, mode: safepoint, requested by thread 0x00007f981c1d7800


---------------  P R O C E S S  ---------------

Java Threads: ( => current thread )
  0x00007f981c008800 JavaThread "DestroyJavaVM" [_thread_blocked, id=17767, stack(0x00007f98233e6000,0x00007f98234e7000)]
  0x00007f981c1d7800 JavaThread "AWT-EventQueue-0" [_thread_blocked, id=17823, stack(0x00007f97e0d8d000,0x00007f97e0e8e000)]
  0x00007f981c1d5800 JavaThread "AWT-Shutdown" [_thread_blocked, id=17822, stack(0x00007f97e0e8e000,0x00007f97e0f8f000)]
  0x00007f981c1d3800 JavaThread "AWT-XAWT" daemon [_thread_blocked, id=17819, stack(0x00007f97e0f8f000,0x00007f97e1090000)]
  0x00007f981c1e8800 JavaThread "Java2D Disposer" daemon [_thread_blocked, id=17815, stack(0x00007f97e14f7000,0x00007f97e15f8000)]
  0x00007f981c0c2000 JavaThread "Service Thread" daemon [_thread_blocked, id=17799, stack(0x00007f980844c000,0x00007f980854d000)]
  0x00007f981c0b5800 JavaThread "C1 CompilerThread1" daemon [_thread_blocked, id=17798, stack(0x00007f980854d000,0x00007f980864e000)]
  0x00007f981c0b2800 JavaThread "C2 CompilerThread0" daemon [_thread_blocked, id=17797, stack(0x00007f980864e000,0x00007f980874f000)]
  0x00007f981c0b1800 JavaThread "Signal Dispatcher" daemon [_thread_blocked, id=17796, stack(0x00007f980874f000,0x00007f9808850000)]
  0x00007f981c078800 JavaThread "Finalizer" daemon [_thread_blocked, id=17779, stack(0x00007f98089dd000,0x00007f9808ade000)]
  0x00007f981c076800 JavaThread "Reference Handler" daemon [_thread_blocked, id=17778, stack(0x00007f9808ade000,0x00007f9808bdf000)]

Other Threads:
=>0x00007f981c071800 VMThread [stack: 0x00007f9808bdf000,0x00007f9808ce0000] [id=17777]
  0x00007f981c0c5000 WatcherThread [stack: 0x00007f980834b000,0x00007f980844c000] [id=17800]

VM state:at safepoint (normal execution)

VM Mutex/Monitor currently owned by a thread:  ([mutex/lock_event])
[0x00007f981c006050] Threads_lock - owner thread: 0x00007f981c071800
[0x00007f981c006550] Heap_lock - owner thread: 0x00007f981c1d7800

Heap:
 PSYoungGen      total 93696K, used 1472K [0x00000000e2b80000, 0x00000000e8a80000, 0x0000000100000000)
  eden space 90112K, 0% used [0x00000000e2b80000,0x00000000e2b80000,0x00000000e8380000)
  from space 3584K, 41% used [0x00000000e8380000,0x00000000e84f0020,0x00000000e8700000)
  to   space 3584K, 0% used [0x00000000e8700000,0x00000000e8700000,0x00000000e8a80000)
 ParOldGen       total 60416K, used 32K [0x00000000a8200000, 0x00000000abd00000, 0x00000000e2b80000)
  object space 60416K, 0% used [0x00000000a8200000,0x00000000a8208000,0x00000000abd00000)
 Metaspace       used 8907K, capacity 9158K, committed 9344K, reserved 1056768K
  class space    used 944K, capacity 1025K, committed 1152K, reserved 1048576K

Card table byte_map: [0x00007f9820338000,0x00007f98205f8000] byte_map_base: 0x00007f981fdf7000

Marking Bits: (ParMarkBitMap*) 0x00007f982269f580
 Begin Bits: [0x00007f980a30f000, 0x00007f980b907000)
 End Bits:   [0x00007f980b907000, 0x00007f980ceff000)

Polling page: 0x00007f98233e5000

CodeCache: size=245760Kb used=3337Kb max_used=3354Kb free=242422Kb
 bounds [0x00007f980d000000, 0x00007f980d350000, 0x00007f981c000000]
 total_blobs=1246 nmethods=805 adapters=357
 compilation: enabled

Compilation events (10 events):
Event: 517,160 Thread 0x00007f981c0b2800 nmethod 812 0x00007f980d33e650 code [0x00007f980d33e820, 0x00007f980d33f498]
Event: 517,160 Thread 0x00007f981c0b2800  806       4       java.util.regex.Pattern$CharProperty::match (56 bytes)
Event: 547,247 Thread 0x00007f981c0b2800 nmethod 806 0x00007f980d3401d0 code [0x00007f980d340400, 0x00007f980d340d18]
Event: 547,248 Thread 0x00007f981c0b2800  808       4       java.util.Formatter$FormatSpecifier::<init> (246 bytes)
Event: 638,117 Thread 0x00007f981c0b2800 nmethod 808 0x00007f980d345f90 code [0x00007f980d347060, 0x00007f980d34a2e8]
Event: 638,125 Thread 0x00007f981c0b2800  821       4       sun.util.locale.LocaleUtils::isAlphaNumericString (33 bytes)
Event: 638,145 Thread 0x00007f981c0b2800 nmethod 821 0x00007f980d32ef90 code [0x00007f980d32f100, 0x00007f980d32f358]
Event: 638,163 Thread 0x00007f981c0b2800  816  s    4       java.lang.Throwable::getOurStackTrace (80 bytes)
Event: 638,221 Thread 0x00007f981c0b2800 nmethod 816 0x00007f980d33c2d0 code [0x00007f980d33c440, 0x00007f980d33c8d8]
Event: 638,228 Thread 0x00007f981c0b2800  817   !   4       java.lang.Throwable::printStackTrace (177 bytes)

GC Heap History (9 events):
Event: 380,714 GC heap before
{Heap before GC invocations=1 (full 0):
 PSYoungGen      total 26112K, used 22528K [0x00000000e2b80000, 0x00000000e4880000, 0x0000000100000000)
  eden space 22528K, 100% used [0x00000000e2b80000,0x00000000e4180000,0x00000000e4180000)
  from space 3584K, 0% used [0x00000000e4500000,0x00000000e4500000,0x00000000e4880000)
  to   space 3584K, 0% used [0x00000000e4180000,0x00000000e4180000,0x00000000e4500000)
 ParOldGen       total 60416K, used 0K [0x00000000a8200000, 0x00000000abd00000, 0x00000000e2b80000)
  object space 60416K, 0% used [0x00000000a8200000,0x00000000a8200000,0x00000000abd00000)
 Metaspace       used 8818K, capacity 9094K, committed 9344K, reserved 1056768K
  class space    used 944K, capacity 1025K, committed 1152K, reserved 1048576K
Event: 404,678 GC heap after
Heap after GC invocations=1 (full 0):
 PSYoungGen      total 26112K, used 1536K [0x00000000e2b80000, 0x00000000e5e80000, 0x0000000100000000)
  eden space 22528K, 0% used [0x00000000e2b80000,0x00000000e2b80000,0x00000000e4180000)
  from space 3584K, 42% used [0x00000000e4180000,0x00000000e4300000,0x00000000e4500000)
  to   space 3584K, 0% used [0x00000000e5b00000,0x00000000e5b00000,0x00000000e5e80000)
 ParOldGen       total 60416K, used 8K [0x00000000a8200000, 0x00000000abd00000, 0x00000000e2b80000)
  object space 60416K, 0% used [0x00000000a8200000,0x00000000a8202000,0x00000000abd00000)
 Metaspace       used 8818K, capacity 9094K, committed 9344K, reserved 1056768K
  class space    used 944K, capacity 1025K, committed 1152K, reserved 1048576K
}
Event: 413,123 GC heap before
{Heap before GC invocations=2 (full 0):
 PSYoungGen      total 26112K, used 24064K [0x00000000e2b80000, 0x00000000e5e80000, 0x0000000100000000)
  eden space 22528K, 100% used [0x00000000e2b80000,0x00000000e4180000,0x00000000e4180000)
  from space 3584K, 42% used [0x00000000e4180000,0x00000000e4300000,0x00000000e4500000)
  to   space 3584K, 0% used [0x00000000e5b00000,0x00000000e5b00000,0x00000000e5e80000)
 ParOldGen       total 60416K, used 8K [0x00000000a8200000, 0x00000000abd00000, 0x00000000e2b80000)
  object space 60416K, 0% used [0x00000000a8200000,0x00000000a8202000,0x00000000abd00000)
 Metaspace       used 8898K, capacity 9158K, committed 9344K, reserved 1056768K
  class space    used 944K, capacity 1025K, committed 1152K, reserved 1048576K
Event: 420,990 GC heap after
Heap after GC invocations=2 (full 0):
 PSYoungGen      total 48640K, used 1536K [0x00000000e2b80000, 0x00000000e5e80000, 0x0000000100000000)
  eden space 45056K, 0% used [0x00000000e2b80000,0x00000000e2b80000,0x00000000e5780000)
  from space 3584K, 42% used [0x00000000e5b00000,0x00000000e5c80000,0x00000000e5e80000)
  to   space 3584K, 0% used [0x00000000e5780000,0x00000000e5780000,0x00000000e5b00000)
 ParOldGen       total 60416K, used 16K [0x00000000a8200000, 0x00000000abd00000, 0x00000000e2b80000)
  object space 60416K, 0% used [0x00000000a8200000,0x00000000a8204000,0x00000000abd00000)
 Metaspace       used 8898K, capacity 9158K, committed 9344K, reserved 1056768K
  class space    used 944K, capacity 1025K, committed 1152K, reserved 1048576K
}
Event: 481,613 GC heap before
{Heap before GC invocations=3 (full 0):
 PSYoungGen      total 48640K, used 46592K [0x00000000e2b80000, 0x00000000e5e80000, 0x0000000100000000)
  eden space 45056K, 100% used [0x00000000e2b80000,0x00000000e5780000,0x00000000e5780000)
  from space 3584K, 42% used [0x00000000e5b00000,0x00000000e5c80000,0x00000000e5e80000)
  to   space 3584K, 0% used [0x00000000e5780000,0x00000000e5780000,0x00000000e5b00000)
 ParOldGen       total 60416K, used 16K [0x00000000a8200000, 0x00000000abd00000, 0x00000000e2b80000)
  object space 60416K, 0% used [0x00000000a8200000,0x00000000a8204000,0x00000000abd00000)
 Metaspace       used 8907K, capacity 9158K, committed 9344K, reserved 1056768K
  class space    used 944K, capacity 1025K, committed 1152K, reserved 1048576K
Event: 484,931 GC heap after
Heap after GC invocations=3 (full 0):
 PSYoungGen      total 48640K, used 1488K [0x00000000e2b80000, 0x00000000e8a80000, 0x0000000100000000)
  eden space 45056K, 0% used [0x00000000e2b80000,0x00000000e2b80000,0x00000000e5780000)
  from space 3584K, 41% used [0x00000000e5780000,0x00000000e58f4010,0x00000000e5b00000)
  to   space 3584K, 0% used [0x00000000e8700000,0x00000000e8700000,0x00000000e8a80000)
 ParOldGen       total 60416K, used 24K [0x00000000a8200000, 0x00000000abd00000, 0x00000000e2b80000)
  object space 60416K, 0% used [0x00000000a8200000,0x00000000a8206000,0x00000000abd00000)
 Metaspace       used 8907K, capacity 9158K, committed 9344K, reserved 1056768K
  class space    used 944K, capacity 1025K, committed 1152K, reserved 1048576K
}
Event: 537,580 GC heap before
{Heap before GC invocations=4 (full 0):
 PSYoungGen      total 48640K, used 46544K [0x00000000e2b80000, 0x00000000e8a80000, 0x0000000100000000)
  eden space 45056K, 100% used [0x00000000e2b80000,0x00000000e5780000,0x00000000e5780000)
  from space 3584K, 41% used [0x00000000e5780000,0x00000000e58f4010,0x00000000e5b00000)
  to   space 3584K, 0% used [0x00000000e8700000,0x00000000e8700000,0x00000000e8a80000)
 ParOldGen       total 60416K, used 24K [0x00000000a8200000, 0x00000000abd00000, 0x00000000e2b80000)
  object space 60416K, 0% used [0x00000000a8200000,0x00000000a8206000,0x00000000abd00000)
 Metaspace       used 8907K, capacity 9158K, committed 9344K, reserved 1056768K
  class space    used 944K, capacity 1025K, committed 1152K, reserved 1048576K
Event: 547,247 GC heap after
Heap after GC invocations=4 (full 0):
 PSYoungGen      total 93696K, used 1504K [0x00000000e2b80000, 0x00000000e8a80000, 0x0000000100000000)
  eden space 90112K, 0% used [0x00000000e2b80000,0x00000000e2b80000,0x00000000e8380000)
  from space 3584K, 41% used [0x00000000e8700000,0x00000000e8878020,0x00000000e8a80000)
  to   space 3584K, 0% used [0x00000000e8380000,0x00000000e8380000,0x00000000e8700000)
 ParOldGen       total 60416K, used 32K [0x00000000a8200000, 0x00000000abd00000, 0x00000000e2b80000)
  object space 60416K, 0% used [0x00000000a8200000,0x00000000a8208000,0x00000000abd00000)
 Metaspace       used 8907K, capacity 9158K, committed 9344K, reserved 1056768K
  class space    used 944K, capacity 1025K, committed 1152K, reserved 1048576K
}
Event: 638,308 GC heap before
{Heap before GC invocations=5 (full 0):
 PSYoungGen      total 93696K, used 91616K [0x00000000e2b80000, 0x00000000e8a80000, 0x0000000100000000)
  eden space 90112K, 100% used [0x00000000e2b80000,0x00000000e8380000,0x00000000e8380000)
  from space 3584K, 41% used [0x00000000e8700000,0x00000000e8878020,0x00000000e8a80000)
  to   space 3584K, 0% used [0x00000000e8380000,0x00000000e8380000,0x00000000e8700000)
 ParOldGen       total 60416K, used 32K [0x00000000a8200000, 0x00000000abd00000, 0x00000000e2b80000)
  object space 60416K, 0% used [0x00000000a8200000,0x00000000a8208000,0x00000000abd00000)
 Metaspace       used 8907K, capacity 9158K, committed 9344K, reserved 1056768K
  class space    used 944K, capacity 1025K, committed 1152K, reserved 1048576K

Deoptimization events (1 events):
Event: 249,306 Thread 0x00007f981c1d7800 Uncommon trap: reason=unloaded action=reinterpret pc=0x00007f980d1ca984 method=cliente.SocketClient.escribir(Ljava/lang/String;)V @ 14

Internal exceptions (10 events):
Event: 638,231 Thread 0x00007f981c1d7800 Exception <a 'java/io/IOException'> (0x00000000e832e210) thrown at [/build/java8-openjdk/src/jdk8u-jdk8u40-b20/hotspot/src/share/vm/prims/jni.cpp, line 709]
Event: 638,231 Thread 0x00007f981c1d7800 Exception <a 'java/net/SocketException'> (0x00000000e832e450) thrown at [/build/java8-openjdk/src/jdk8u-jdk8u40-b20/hotspot/src/share/vm/prims/jni.cpp, line 709]
Event: 638,232 Thread 0x00007f981c1d7800 Exception <a 'java/io/IOException'> (0x00000000e833f120) thrown at [/build/java8-openjdk/src/jdk8u-jdk8u40-b20/hotspot/src/share/vm/prims/jni.cpp, line 709]
Event: 638,232 Thread 0x00007f981c1d7800 Exception <a 'java/net/SocketException'> (0x00000000e833f360) thrown at [/build/java8-openjdk/src/jdk8u-jdk8u40-b20/hotspot/src/share/vm/prims/jni.cpp, line 709]
Event: 638,232 Thread 0x00007f981c1d7800 Exception <a 'java/io/IOException'> (0x00000000e8350030) thrown at [/build/java8-openjdk/src/jdk8u-jdk8u40-b20/hotspot/src/share/vm/prims/jni.cpp, line 709]
Event: 638,232 Thread 0x00007f981c1d7800 Exception <a 'java/net/SocketException'> (0x00000000e8350270) thrown at [/build/java8-openjdk/src/jdk8u-jdk8u40-b20/hotspot/src/share/vm/prims/jni.cpp, line 709]
Event: 638,232 Thread 0x00007f981c1d7800 Exception <a 'java/io/IOException'> (0x00000000e8360f40) thrown at [/build/java8-openjdk/src/jdk8u-jdk8u40-b20/hotspot/src/share/vm/prims/jni.cpp, line 709]
Event: 638,232 Thread 0x00007f981c1d7800 Exception <a 'java/net/SocketException'> (0x00000000e8361180) thrown at [/build/java8-openjdk/src/jdk8u-jdk8u40-b20/hotspot/src/share/vm/prims/jni.cpp, line 709]
Event: 638,233 Thread 0x00007f981c1d7800 Exception <a 'java/io/IOException'> (0x00000000e8371e50) thrown at [/build/java8-openjdk/src/jdk8u-jdk8u40-b20/hotspot/src/share/vm/prims/jni.cpp, line 709]
Event: 638,233 Thread 0x00007f981c1d7800 Exception <a 'java/net/SocketException'> (0x00000000e8372090) thrown at [/build/java8-openjdk/src/jdk8u-jdk8u40-b20/hotspot/src/share/vm/prims/jni.cpp, line 709]

Events (10 events):
Event: 404,845 Executing VM operation: RevokeBias
Event: 404,845 Executing VM operation: RevokeBias done
Event: 413,113 Executing VM operation: ParallelGCFailedAllocation
Event: 420,994 Executing VM operation: ParallelGCFailedAllocation done
Event: 481,612 Executing VM operation: ParallelGCFailedAllocation
Event: 484,935 Executing VM operation: ParallelGCFailedAllocation done
Event: 500,769 Thread 0x00007f981c0b2800 flushing nmethod 0x00007f980d107350
Event: 527,376 Executing VM operation: ParallelGCFailedAllocation
Event: 547,247 Executing VM operation: ParallelGCFailedAllocation done
Event: 638,288 Executing VM operation: ParallelGCFailedAllocation


Dynamic libraries:
00400000-00401000 r-xp 00000000 08:07 428440                             /usr/lib/jvm/java-8-openjdk/jre/bin/java
00600000-00601000 rw-p 00000000 08:07 428440                             /usr/lib/jvm/java-8-openjdk/jre/bin/java
01aa3000-01ac4000 rw-p 00000000 00:00 0                                  [heap]
a8200000-abd00000 rw-p 00000000 00:00 0 
abd00000-e2b80000 ---p 00000000 00:00 0 
e2b80000-e8a80000 rw-p 00000000 00:00 0 
edf80000-100000000 ---p 00000000 00:00 0 
100000000-100120000 rw-p 00000000 00:00 0 
100120000-140000000 ---p 00000000 00:00 0 
7f97c8000000-7f97c80c1000 rw-p 00000000 00:00 0 
7f97c80c1000-7f97cc000000 ---p 00000000 00:00 0 
7f97d0000000-7f97d0021000 rw-p 00000000 00:00 0 
7f97d0021000-7f97d4000000 ---p 00000000 00:00 0 
7f97d4000000-7f97d4021000 rw-p 00000000 00:00 0 
7f97d4021000-7f97d8000000 ---p 00000000 00:00 0 
7f97d8000000-7f97d8021000 rw-p 00000000 00:00 0 
7f97d8021000-7f97dc000000 ---p 00000000 00:00 0 
7f97dc000000-7f97dc021000 rw-p 00000000 00:00 0 
7f97dc021000-7f97e0000000 ---p 00000000 00:00 0 
7f97e0b70000-7f97e0b86000 r-xp 00000000 08:07 428410                     /usr/lib/jvm/java-8-openjdk/jre/lib/amd64/libnet.so
7f97e0b86000-7f97e0d86000 ---p 00016000 08:07 428410                     /usr/lib/jvm/java-8-openjdk/jre/lib/amd64/libnet.so
7f97e0d86000-7f97e0d87000 rw-p 00016000 08:07 428410                     /usr/lib/jvm/java-8-openjdk/jre/lib/amd64/libnet.so
7f97e0d8d000-7f97e0d90000 ---p 00000000 00:00 0 
7f97e0d90000-7f97e0e8e000 rw-p 00000000 00:00 0                          [stack:17823]
7f97e0e8e000-7f97e0e91000 ---p 00000000 00:00 0 
7f97e0e91000-7f97e0f8f000 rw-p 00000000 00:00 0                          [stack:17822]
7f97e0f8f000-7f97e0f92000 ---p 00000000 00:00 0 
7f97e0f92000-7f97e1090000 rw-p 00000000 00:00 0                          [stack:17819]
7f97e1090000-7f97e1095000 r-xp 00000000 08:07 159396                     /usr/lib/libXfixes.so.3.1.0
7f97e1095000-7f97e1294000 ---p 00005000 08:07 159396                     /usr/lib/libXfixes.so.3.1.0
7f97e1294000-7f97e1295000 r--p 00004000 08:07 159396                     /usr/lib/libXfixes.so.3.1.0
7f97e1295000-7f97e1296000 rw-p 00005000 08:07 159396                     /usr/lib/libXfixes.so.3.1.0
7f97e1298000-7f97e12a2000 r-xp 00000000 08:07 160813                     /usr/lib/libXcursor.so.1.0.2
7f97e12a2000-7f97e14a1000 ---p 0000a000 08:07 160813                     /usr/lib/libXcursor.so.1.0.2
7f97e14a1000-7f97e14a2000 r--p 00009000 08:07 160813                     /usr/lib/libXcursor.so.1.0.2
7f97e14a2000-7f97e14a3000 rw-p 0000a000 08:07 160813                     /usr/lib/libXcursor.so.1.0.2
7f97e14a3000-7f97e14bf000 r--s 00393000 08:07 428370                     /usr/lib/jvm/java-8-openjdk/jre/lib/ext/cldrdata.jar
7f97e14c6000-7f97e14f7000 rw-p 00000000 00:00 0 
7f97e14f7000-7f97e14fa000 ---p 00000000 00:00 0 
7f97e14fa000-7f97e15f8000 rw-p 00000000 00:00 0                          [stack:17815]
7f97e15f8000-7f97e1666000 r-xp 00000000 08:07 141965                     /usr/lib/libpcre.so.1.2.4
7f97e1666000-7f97e1865000 ---p 0006e000 08:07 141965                     /usr/lib/libpcre.so.1.2.4
7f97e1865000-7f97e1866000 r--p 0006d000 08:07 141965                     /usr/lib/libpcre.so.1.2.4
7f97e1866000-7f97e1867000 rw-p 0006e000 08:07 141965                     /usr/lib/libpcre.so.1.2.4
7f97e1868000-7f97e1884000 r-xp 00000000 08:07 159932                     /usr/lib/libgraphite2.so.3.0.1
7f97e1884000-7f97e1a83000 ---p 0001c000 08:07 159932                     /usr/lib/libgraphite2.so.3.0.1
7f97e1a83000-7f97e1a85000 r--p 0001b000 08:07 159932                     /usr/lib/libgraphite2.so.3.0.1
7f97e1a85000-7f97e1a86000 rw-p 0001d000 08:07 159932                     /usr/lib/libgraphite2.so.3.0.1
7f97e1a88000-7f97e1b94000 r-xp 00000000 08:07 186737                     /usr/lib/libglib-2.0.so.0.4200.2
7f97e1b94000-7f97e1d93000 ---p 0010c000 08:07 186737                     /usr/lib/libglib-2.0.so.0.4200.2
7f97e1d93000-7f97e1d94000 r--p 0010b000 08:07 186737                     /usr/lib/libglib-2.0.so.0.4200.2
7f97e1d94000-7f97e1d95000 rw-p 0010c000 08:07 186737                     /usr/lib/libglib-2.0.so.0.4200.2
7f97e1d95000-7f97e1d96000 rw-p 00000000 00:00 0 
7f97e1d98000-7f97e1df2000 r-xp 00000000 08:07 159941                     /usr/lib/libharfbuzz.so.0.940.0
7f97e1df2000-7f97e1ff1000 ---p 0005a000 08:07 159941                     /usr/lib/libharfbuzz.so.0.940.0
7f97e1ff1000-7f97e1ff4000 r--p 00059000 08:07 159941                     /usr/lib/libharfbuzz.so.0.940.0
7f97e1ff4000-7f97e1ff5000 rw-p 0005c000 08:07 159941                     /usr/lib/libharfbuzz.so.0.940.0
7f97e1ff8000-7f97e202d000 r-xp 00000000 08:07 159517                     /usr/lib/libpng16.so.16.16.0
7f97e202d000-7f97e222c000 ---p 00035000 08:07 159517                     /usr/lib/libpng16.so.16.16.0
7f97e222c000-7f97e222d000 r--p 00034000 08:07 159517                     /usr/lib/libpng16.so.16.16.0
7f97e222d000-7f97e222e000 rw-p 00035000 08:07 159517                     /usr/lib/libpng16.so.16.16.0
7f97e2230000-7f97e223f000 r-xp 00000000 08:07 136853                     /usr/lib/libbz2.so.1.0.6
7f97e223f000-7f97e243e000 ---p 0000f000 08:07 136853                     /usr/lib/libbz2.so.1.0.6
7f97e243e000-7f97e2440000 rw-p 0000e000 08:07 136853                     /usr/lib/libbz2.so.1.0.6
7f97e2440000-7f97e2456000 r-xp 00000000 08:07 134103                     /usr/lib/libgcc_s.so.1
7f97e2456000-7f97e2655000 ---p 00016000 08:07 134103                     /usr/lib/libgcc_s.so.1
7f97e2655000-7f97e2656000 rw-p 00015000 08:07 134103                     /usr/lib/libgcc_s.so.1
7f97e2658000-7f97e270e000 r-xp 00000000 08:07 159955                     /usr/lib/libfreetype.so.6.11.4
7f97e270e000-7f97e290e000 ---p 000b6000 08:07 159955                     /usr/lib/libfreetype.so.6.11.4
7f97e290e000-7f97e2914000 r--p 000b6000 08:07 159955                     /usr/lib/libfreetype.so.6.11.4
7f97e2914000-7f97e2915000 rw-p 000bc000 08:07 159955                     /usr/lib/libfreetype.so.6.11.4
7f97e291e000-7f97e2929000 r--s 00116000 08:07 428369                     /usr/lib/jvm/java-8-openjdk/jre/lib/ext/localedata.jar
7f97e2930000-7f97e2949000 r--s 00000000 08:07 669984                     /var/cache/fontconfig/8d4af663993b81a124ee82e610bb31f9-le64.cache-4
7f97e2950000-7f97e2952000 r--s 00000000 08:07 669321                     /var/cache/fontconfig/452f1fac34b224105d7acfae3034bcd5-le64.cache-4
7f97e2958000-7f97e2967000 r--s 00000000 08:07 658776                     /var/cache/fontconfig/5a02e0a9ca9b27d0aa4bd0c42ba2438d-le64.cache-4
7f97e2968000-7f97e29c9000 r-xp 00000000 08:07 428427                     /usr/lib/jvm/java-8-openjdk/jre/lib/amd64/libfontmanager.so
7f97e29c9000-7f97e2bc8000 ---p 00061000 08:07 428427                     /usr/lib/jvm/java-8-openjdk/jre/lib/amd64/libfontmanager.so
7f97e2bc8000-7f97e2bcc000 rw-p 00060000 08:07 428427                     /usr/lib/jvm/java-8-openjdk/jre/lib/amd64/libfontmanager.so
7f97e2bcc000-7f97e2bdf000 rw-p 00000000 00:00 0 
7f97e2be0000-7f97e2be5000 r-xp 00000000 08:07 156005                     /usr/lib/libXdmcp.so.6.0.0
7f97e2be5000-7f97e2de4000 ---p 00005000 08:07 156005                     /usr/lib/libXdmcp.so.6.0.0
7f97e2de4000-7f97e2de5000 r--p 00004000 08:07 156005                     /usr/lib/libXdmcp.so.6.0.0
7f97e2de5000-7f97e2de6000 rw-p 00005000 08:07 156005                     /usr/lib/libXdmcp.so.6.0.0
7f97e2de8000-7f97e2dea000 r-xp 00000000 08:07 156010                     /usr/lib/libXau.so.6.0.0
7f97e2dea000-7f97e2fea000 ---p 00002000 08:07 156010                     /usr/lib/libXau.so.6.0.0
7f97e2fea000-7f97e2feb000 r--p 00002000 08:07 156010                     /usr/lib/libXau.so.6.0.0
7f97e2feb000-7f97e2fec000 rw-p 00003000 08:07 156010                     /usr/lib/libXau.so.6.0.0
7f97e2ff0000-7f97e3011000 r-xp 00000000 08:07 158332                     /usr/lib/libxcb.so.1.1.0
7f97e3011000-7f97e3210000 ---p 00021000 08:07 158332                     /usr/lib/libxcb.so.1.1.0
7f97e3210000-7f97e3211000 r--p 00020000 08:07 158332                     /usr/lib/libxcb.so.1.1.0
7f97e3211000-7f97e3212000 rw-p 00021000 08:07 158332                     /usr/lib/libxcb.so.1.1.0
7f97e3218000-7f97e3227000 r-xp 00000000 08:07 159390                     /usr/lib/libXi.so.6.1.0
7f97e3227000-7f97e3427000 ---p 0000f000 08:07 159390                     /usr/lib/libXi.so.6.1.0
7f97e3427000-7f97e3428000 r--p 0000f000 08:07 159390                     /usr/lib/libXi.so.6.1.0
7f97e3428000-7f97e3429000 rw-p 00010000 08:07 159390                     /usr/lib/libXi.so.6.1.0
7f97e3430000-7f97e3435000 r-xp 00000000 08:07 159412                     /usr/lib/libXtst.so.6.1.0
7f97e3435000-7f97e3634000 ---p 00005000 08:07 159412                     /usr/lib/libXtst.so.6.1.0
7f97e3634000-7f97e3635000 r--p 00004000 08:07 159412                     /usr/lib/libXtst.so.6.1.0
7f97e3635000-7f97e3636000 rw-p 00005000 08:07 159412                     /usr/lib/libXtst.so.6.1.0
7f97e3638000-7f97e3641000 r-xp 00000000 08:07 159929                     /usr/lib/libXrender.so.1.3.0
7f97e3641000-7f97e3840000 ---p 00009000 08:07 159929                     /usr/lib/libXrender.so.1.3.0
7f97e3840000-7f97e3841000 r--p 00008000 08:07 159929                     /usr/lib/libXrender.so.1.3.0
7f97e3841000-7f97e3842000 rw-p 00009000 08:07 159929                     /usr/lib/libXrender.so.1.3.0
7f97e3848000-7f97e3983000 r-xp 00000000 08:07 158413                     /usr/lib/libX11.so.6.3.0
7f97e3983000-7f97e3b82000 ---p 0013b000 08:07 158413                     /usr/lib/libX11.so.6.3.0
7f97e3b82000-7f97e3b84000 r--p 0013a000 08:07 158413                     /usr/lib/libX11.so.6.3.0
7f97e3b84000-7f97e3b89000 rw-p 0013c000 08:07 158413                     /usr/lib/libX11.so.6.3.0
7f97e3b89000-7f97e3b8a000 rw-p 00000000 00:00 0 
7f97e3b90000-7f97e3ba1000 r-xp 00000000 08:07 159311                     /usr/lib/libXext.so.6.4.0
7f97e3ba1000-7f97e3da0000 ---p 00011000 08:07 159311                     /usr/lib/libXext.so.6.4.0
7f97e3da0000-7f97e3da1000 r--p 00010000 08:07 159311                     /usr/lib/libXext.so.6.4.0
7f97e3da1000-7f97e3da2000 rw-p 00011000 08:07 159311                     /usr/lib/libXext.so.6.4.0
7f97e3da8000-7f97e3dfb000 r-xp 00000000 08:07 428425                     /usr/lib/jvm/java-8-openjdk/jre/lib/amd64/libawt_xawt.so
7f97e3dfb000-7f97e3ffa000 ---p 00053000 08:07 428425                     /usr/lib/jvm/java-8-openjdk/jre/lib/amd64/libawt_xawt.so
7f97e3ffa000-7f97e3ffe000 rw-p 00052000 08:07 428425                     /usr/lib/jvm/java-8-openjdk/jre/lib/amd64/libawt_xawt.so
7f97e3ffe000-7f97e3fff000 rw-p 00000000 00:00 0 
7f97e4000000-7f97e439d000 rw-p 00000000 00:00 0 
7f97e439d000-7f97e8000000 ---p 00000000 00:00 0 
7f97e8000000-7f97e8021000 rw-p 00000000 00:00 0 
7f97e8021000-7f97ec000000 ---p 00000000 00:00 0 
7f97ec000000-7f97ec021000 rw-p 00000000 00:00 0 
7f97ec021000-7f97f0000000 ---p 00000000 00:00 0 
7f97f0000000-7f97f09c9000 rw-p 00000000 00:00 0 
7f97f09c9000-7f97f4000000 ---p 00000000 00:00 0 
7f97f4000000-7f97f4021000 rw-p 00000000 00:00 0 
7f97f4021000-7f97f8000000 ---p 00000000 00:00 0 
7f97f8000000-7f97f8021000 rw-p 00000000 00:00 0 
7f97f8021000-7f97fc000000 ---p 00000000 00:00 0 
7f97fc000000-7f97fc021000 rw-p 00000000 00:00 0 
7f97fc021000-7f9800000000 ---p 00000000 00:00 0 
7f9800000000-7f9800021000 rw-p 00000000 00:00 0 
7f9800021000-7f9804000000 ---p 00000000 00:00 0 
7f9804000000-7f9804021000 rw-p 00000000 00:00 0 
7f9804021000-7f9808000000 ---p 00000000 00:00 0 
7f9808008000-7f9808009000 r--s 00000000 08:07 655184                     /var/cache/fontconfig/6ba42ae0000f58711b5caaf10d690066-le64.cache-4
7f9808010000-7f980801a000 r--s 00000000 08:07 655257                     /var/cache/fontconfig/d62e99ef547d1d24cdb1bd22ec1a2976-le64.cache-4
7f9808020000-7f980802d000 r--s 00000000 08:07 675069                     /var/cache/fontconfig/f6b893a7224233d96cb72fd88691c0b4-le64.cache-4
7f9808030000-7f9808039000 r--s 00000000 08:07 669908                     /var/cache/fontconfig/f349e9996a5320f6dd491cedd2b1f964-le64.cache-4
7f980803d000-7f9808050000 r--s 00345000 08:07 428351                     /usr/lib/jvm/java-8-openjdk/jre/lib/resources.jar
7f9808050000-7f9808076000 r--p 00000000 08:07 133714                     /usr/share/locale/es/LC_MESSAGES/libc.mo
7f9808078000-7f9808118000 r-xp 00000000 08:07 428422                     /usr/lib/jvm/java-8-openjdk/jre/lib/amd64/libawt.so
7f9808118000-7f9808318000 ---p 000a0000 08:07 428422                     /usr/lib/jvm/java-8-openjdk/jre/lib/amd64/libawt.so
7f9808318000-7f9808324000 rw-p 000a0000 08:07 428422                     /usr/lib/jvm/java-8-openjdk/jre/lib/amd64/libawt.so
7f9808324000-7f9808348000 rw-p 00000000 00:00 0 
7f980834b000-7f980834c000 ---p 00000000 00:00 0 
7f980834c000-7f980844c000 rw-p 00000000 00:00 0                          [stack:17800]
7f980844c000-7f980844f000 ---p 00000000 00:00 0 
7f980844f000-7f980854d000 rw-p 00000000 00:00 0                          [stack:17799]
7f980854d000-7f9808550000 ---p 00000000 00:00 0 
7f9808550000-7f980864e000 rw-p 00000000 00:00 0                          [stack:17798]
7f980864e000-7f9808651000 ---p 00000000 00:00 0 
7f9808651000-7f980874f000 rw-p 00000000 00:00 0                          [stack:17797]
7f980874f000-7f9808752000 ---p 00000000 00:00 0 
7f9808752000-7f9808850000 rw-p 00000000 00:00 0                          [stack:17796]
7f9808850000-7f98089d9000 r--p 00000000 08:07 159448                     /usr/lib/locale/locale-archive
7f98089dd000-7f98089e0000 ---p 00000000 00:00 0 
7f98089e0000-7f9808ade000 rw-p 00000000 00:00 0                          [stack:17779]
7f9808ade000-7f9808ae1000 ---p 00000000 00:00 0 
7f9808ae1000-7f9808bdf000 rw-p 00000000 00:00 0                          [stack:17778]
7f9808bdf000-7f9808be0000 ---p 00000000 00:00 0 
7f9808be0000-7f980960a000 rw-p 00000000 00:00 0                          [stack:17777]
7f980960a000-7f98097d8000 r--s 03bd2000 08:07 428353                     /usr/lib/jvm/java-8-openjdk/jre/lib/rt.jar
7f98097da000-7f980ceff000 rw-p 00000000 00:00 0 
7f980ceff000-7f980cf00000 ---p 00000000 00:00 0 
7f980cf00000-7f980d000000 rw-p 00000000 00:00 0                          [stack:17775]
7f980d000000-7f980d350000 rwxp 00000000 00:00 0 
7f980d350000-7f981c000000 ---p 00000000 00:00 0 
7f981c000000-7f981c211000 rw-p 00000000 00:00 0 
7f981c211000-7f9820000000 ---p 00000000 00:00 0 
7f9820000000-7f9820005000 r--s 002f8000 08:07 428349                     /usr/lib/jvm/java-8-openjdk/jre/lib/charsets.jar
7f982000c000-7f9820013000 r--s 00094000 08:07 565039                     /usr/share/netbeans/java/modules/ext/beansbinding-1.2.1.jar
7f9820018000-7f9820019000 r--s 00000000 08:07 565038                     /usr/share/netbeans/java/modules/ext/AbsoluteLayout.jar
7f9820020000-7f9820062000 rw-p 00000000 00:00 0 
7f9820062000-7f9820063000 ---p 00000000 00:00 0 
7f9820063000-7f9820181000 rw-p 00000000 00:00 0                          [stack:17773]
7f9820181000-7f9820338000 ---p 00000000 00:00 0 
7f9820338000-7f9820356000 rw-p 00000000 00:00 0 
7f9820356000-7f982050c000 ---p 00000000 00:00 0 
7f982050c000-7f982053d000 rw-p 00000000 00:00 0 
7f982053d000-7f98205f7000 ---p 00000000 00:00 0 
7f98205f7000-7f9820606000 rw-p 00000000 00:00 0 
7f9820606000-7f98209b8000 ---p 00000000 00:00 0 
7f98209b8000-7f98209c0000 r-xp 00000000 08:07 428408                     /usr/lib/jvm/java-8-openjdk/jre/lib/amd64/libzip.so
7f98209c0000-7f9820bbf000 ---p 00008000 08:07 428408                     /usr/lib/jvm/java-8-openjdk/jre/lib/amd64/libzip.so
7f9820bbf000-7f9820bc0000 rw-p 00007000 08:07 428408                     /usr/lib/jvm/java-8-openjdk/jre/lib/amd64/libzip.so
7f9820bc0000-7f9820bcb000 r-xp 00000000 08:07 133754                     /usr/lib/libnss_files-2.21.so
7f9820bcb000-7f9820dcb000 ---p 0000b000 08:07 133754                     /usr/lib/libnss_files-2.21.so
7f9820dcb000-7f9820dcc000 r--p 0000b000 08:07 133754                     /usr/lib/libnss_files-2.21.so
7f9820dcc000-7f9820dcd000 rw-p 0000c000 08:07 133754                     /usr/lib/libnss_files-2.21.so
7f9820dd0000-7f9820dfd000 r-xp 00000000 08:07 428407                     /usr/lib/jvm/java-8-openjdk/jre/lib/amd64/libjava.so
7f9820dfd000-7f9820ffd000 ---p 0002d000 08:07 428407                     /usr/lib/jvm/java-8-openjdk/jre/lib/amd64/libjava.so
7f9820ffd000-7f9820fff000 rw-p 0002d000 08:07 428407                     /usr/lib/jvm/java-8-openjdk/jre/lib/amd64/libjava.so
7f9821000000-7f982100d000 r-xp 00000000 08:07 428399                     /usr/lib/jvm/java-8-openjdk/jre/lib/amd64/libverify.so
7f982100d000-7f982120c000 ---p 0000d000 08:07 428399                     /usr/lib/jvm/java-8-openjdk/jre/lib/amd64/libverify.so
7f982120c000-7f982120e000 rw-p 0000c000 08:07 428399                     /usr/lib/jvm/java-8-openjdk/jre/lib/amd64/libverify.so
7f9821210000-7f9821217000 r-xp 00000000 08:07 133786                     /usr/lib/librt-2.21.so
7f9821217000-7f9821416000 ---p 00007000 08:07 133786                     /usr/lib/librt-2.21.so
7f9821416000-7f9821417000 r--p 00006000 08:07 133786                     /usr/lib/librt-2.21.so
7f9821417000-7f9821418000 rw-p 00007000 08:07 133786                     /usr/lib/librt-2.21.so
7f9821418000-7f982151b000 r-xp 00000000 08:07 133813                     /usr/lib/libm-2.21.so
7f982151b000-7f982171b000 ---p 00103000 08:07 133813                     /usr/lib/libm-2.21.so
7f982171b000-7f982171c000 r--p 00103000 08:07 133813                     /usr/lib/libm-2.21.so
7f982171c000-7f982171d000 rw-p 00104000 08:07 133813                     /usr/lib/libm-2.21.so
7f9821720000-7f98223bf000 r-xp 00000000 08:07 428431                     /usr/lib/jvm/java-8-openjdk/jre/lib/amd64/server/libjvm.so
7f98223bf000-7f98225bf000 ---p 00c9f000 08:07 428431                     /usr/lib/jvm/java-8-openjdk/jre/lib/amd64/server/libjvm.so
7f98225bf000-7f982268b000 rw-p 00c9f000 08:07 428431                     /usr/lib/jvm/java-8-openjdk/jre/lib/amd64/server/libjvm.so
7f982268b000-7f98226cc000 rw-p 00000000 00:00 0 
7f98226d0000-7f9822869000 r-xp 00000000 08:07 133765                     /usr/lib/libc-2.21.so
7f9822869000-7f9822a69000 ---p 00199000 08:07 133765                     /usr/lib/libc-2.21.so
7f9822a69000-7f9822a6d000 r--p 00199000 08:07 133765                     /usr/lib/libc-2.21.so
7f9822a6d000-7f9822a6f000 rw-p 0019d000 08:07 133765                     /usr/lib/libc-2.21.so
7f9822a6f000-7f9822a73000 rw-p 00000000 00:00 0 
7f9822a78000-7f9822a7a000 r-xp 00000000 08:07 133795                     /usr/lib/libdl-2.21.so
7f9822a7a000-7f9822c7a000 ---p 00002000 08:07 133795                     /usr/lib/libdl-2.21.so
7f9822c7a000-7f9822c7b000 r--p 00002000 08:07 133795                     /usr/lib/libdl-2.21.so
7f9822c7b000-7f9822c7c000 rw-p 00003000 08:07 133795                     /usr/lib/libdl-2.21.so
7f9822c80000-7f9822c8d000 r-xp 00000000 08:07 428428                     /usr/lib/jvm/java-8-openjdk/jre/lib/amd64/jli/libjli.so
7f9822c8d000-7f9822e8d000 ---p 0000d000 08:07 428428                     /usr/lib/jvm/java-8-openjdk/jre/lib/amd64/jli/libjli.so
7f9822e8d000-7f9822e8e000 rw-p 0000d000 08:07 428428                     /usr/lib/jvm/java-8-openjdk/jre/lib/amd64/jli/libjli.so
7f9822e90000-7f9822ea5000 r-xp 00000000 08:07 136861                     /usr/lib/libz.so.1.2.8
7f9822ea5000-7f98230a4000 ---p 00015000 08:07 136861                     /usr/lib/libz.so.1.2.8
7f98230a4000-7f98230a5000 r--p 00014000 08:07 136861                     /usr/lib/libz.so.1.2.8
7f98230a5000-7f98230a6000 rw-p 00015000 08:07 136861                     /usr/lib/libz.so.1.2.8
7f98230a8000-7f98230c0000 r-xp 00000000 08:07 133785                     /usr/lib/libpthread-2.21.so
7f98230c0000-7f98232bf000 ---p 00018000 08:07 133785                     /usr/lib/libpthread-2.21.so
7f98232bf000-7f98232c0000 r--p 00017000 08:07 133785                     /usr/lib/libpthread-2.21.so
7f98232c0000-7f98232c1000 rw-p 00018000 08:07 133785                     /usr/lib/libpthread-2.21.so
7f98232c1000-7f98232c5000 rw-p 00000000 00:00 0 
7f98232c8000-7f98232ea000 r-xp 00000000 08:07 133809                     /usr/lib/ld-2.21.so
7f98232ec000-7f98233d8000 rw-p 00000000 00:00 0 
7f98233d8000-7f98233e0000 rw-s 00000000 00:1f 3818340                    /tmp/hsperfdata_maximiliano/17763
7f98233e3000-7f98233e5000 rw-p 00000000 00:00 0 
7f98233e5000-7f98233e6000 ---p 00000000 00:00 0 
7f98233e6000-7f98233e9000 ---p 00000000 00:00 0 
7f98233e9000-7f98234e9000 rw-p 00000000 00:00 0                          [stack:17767]
7f98234e9000-7f98234ea000 r--p 00021000 08:07 133809                     /usr/lib/ld-2.21.so
7f98234ea000-7f98234eb000 rw-p 00022000 08:07 133809                     /usr/lib/ld-2.21.so
7f98234eb000-7f98234ed000 rw-p 00000000 00:00 0 
7f98234ed000-7f98234ef000 rw-p 00000000 00:00 0 
7fff733fa000-7fff7341b000 rw-p 00000000 00:00 0                          [stack]
7fff734e0000-7fff734e2000 r--p 00000000 00:00 0                          [vvar]
7fff734e2000-7fff734e4000 r-xp 00000000 00:00 0                          [vdso]
ffffffffff600000-ffffffffff601000 r-xp 00000000 00:00 0                  [vsyscall]

VM Arguments:
jvm_args: -Dfile.encoding=UTF-8 
java_command: cliente.Cliente
java_class_path (initial): /usr/share/netbeans/java/modules/ext/AbsoluteLayout.jar:/usr/share/netbeans/java/modules/ext/beansbinding-1.2.1.jar:/home/maximiliano/NetBeansProjects/socket/build/classes
Launcher Type: SUN_STANDARD

Environment Variables:
PATH=/usr/local/sbin:/usr/local/bin:/usr/bin:/usr/lib/jvm/default/bin:/usr/bin/site_perl:/usr/bin/vendor_perl:/usr/bin/core_perl
LD_LIBRARY_PATH=/usr/lib/jvm/default/bin/../jre/lib/amd64:/usr/lib/jvm/default/bin/../jre/lib/i386:
SHELL=/bin/bash
DISPLAY=:0

Signal Handlers:
SIGSEGV: [libjvm.so+0xa8f160], sa_mask[0]=11111111011111111101111111111110, sa_flags=SA_RESTART|SA_SIGINFO
SIGBUS: [libjvm.so+0xa8f160], sa_mask[0]=11111111011111111101111111111110, sa_flags=SA_RESTART|SA_SIGINFO
SIGFPE: [libjvm.so+0x8daa30], sa_mask[0]=11111111011111111101111111111110, sa_flags=SA_RESTART|SA_SIGINFO
SIGPIPE: [libjvm.so+0x8daa30], sa_mask[0]=11111111011111111101111111111110, sa_flags=SA_RESTART|SA_SIGINFO
SIGXFSZ: [libjvm.so+0x8daa30], sa_mask[0]=11111111011111111101111111111110, sa_flags=SA_RESTART|SA_SIGINFO
SIGILL: [libjvm.so+0x8daa30], sa_mask[0]=11111111011111111101111111111110, sa_flags=SA_RESTART|SA_SIGINFO
SIGUSR1: SIG_DFL, sa_mask[0]=00000000000000000000000000000000, sa_flags=none
SIGUSR2: [libjvm.so+0x8da8e0], sa_mask[0]=00100000000000000000000000000000, sa_flags=SA_RESTART|SA_SIGINFO
SIGHUP: [libjvm.so+0x8dab00], sa_mask[0]=11111111011111111101111111111110, sa_flags=SA_RESTART|SA_SIGINFO
SIGINT: SIG_IGN, sa_mask[0]=00000000000000000000000000000000, sa_flags=none
SIGTERM: [libjvm.so+0x8dab00], sa_mask[0]=11111111011111111101111111111110, sa_flags=SA_RESTART|SA_SIGINFO
SIGQUIT: [libjvm.so+0x8dab00], sa_mask[0]=11111111011111111101111111111110, sa_flags=SA_RESTART|SA_SIGINFO


---------------  S Y S T E M  ---------------

OS:NAME="Arch Linux"
ID=arch
PRETTY_NAME="Arch Linux"
ANSI_COLOR="0;36"
HOME_URL="https://www.archlinux.org/"
SUPPORT_URL="https://bbs.archlinux.org/"
BUG_REPORT_URL="https://bugs.archlinux.org/"


uname:Linux 3.19.2-1-ARCH #1 SMP PREEMPT Wed Mar 18 16:21:02 CET 2015 x86_64
libc:glibc 2.21 NPTL 2.21 
rlimit: STACK 8192k, CORE 0k, NPROC 22460, NOFILE 4096, AS infinity
load average:212,97 168,39 82,08

/proc/meminfo:
MemTotal:        5755352 kB
MemFree:          136568 kB
MemAvailable:      79260 kB
Buffers:             444 kB
Cached:            41964 kB
SwapCached:         4532 kB
Active:          4270596 kB
Inactive:        1039268 kB
Active(anon):    4256820 kB
Inactive(anon):  1024324 kB
Active(file):      13776 kB
Inactive(file):    14944 kB
Unevictable:          32 kB
Mlocked:              32 kB
SwapTotal:       1048572 kB
SwapFree:           3208 kB
Dirty:                 0 kB
Writeback:          1140 kB
AnonPages:       5278572 kB
Mapped:            29748 kB
Shmem:             13552 kB
Slab:             106652 kB
SReclaimable:      25592 kB
SUnreclaim:        81060 kB
KernelStack:       28688 kB
PageTables:        76804 kB
NFS_Unstable:          0 kB
Bounce:                0 kB
WritebackTmp:          0 kB
CommitLimit:     3926248 kB
Committed_AS:   21187716 kB
VmallocTotal:   34359738367 kB
VmallocUsed:      308068 kB
VmallocChunk:   34359426940 kB
HardwareCorrupted:     0 kB
AnonHugePages:   1540096 kB
HugePages_Total:       0
HugePages_Free:        0
HugePages_Rsvd:        0
HugePages_Surp:        0
Hugepagesize:       2048 kB
DirectMap4k:      689540 kB
DirectMap2M:     5302272 kB
DirectMap1G:           0 kB


CPU:total 2 (2 cores per cpu, 1 threads per core) family 21 model 16 stepping 1, cmov, cx8, fxsr, mmx, sse, sse2, sse3, ssse3, sse4.1, sse4.2, popcnt, avx, aes, clmul, mmxext, 3dnowpref, lzcnt, sse4a, tsc, tscinvbit, tscinv, bmi1

/proc/cpuinfo:
processor	: 0
vendor_id	: AuthenticAMD
cpu family	: 21
model		: 16
model name	: AMD A6-4455M APU with Radeon(tm) HD Graphics
stepping	: 1
microcode	: 0x6001119
cpu MHz		: 2100.000
cache size	: 2048 KB
physical id	: 0
siblings	: 2
core id		: 0
cpu cores	: 1
apicid		: 16
initial apicid	: 0
fpu		: yes
fpu_exception	: yes
cpuid level	: 13
wp		: yes
flags		: fpu vme de pse tsc msr pae mce cx8 apic sep mtrr pge mca cmov pat pse36 clflush mmx fxsr sse sse2 ht syscall nx mmxext fxsr_opt pdpe1gb rdtscp lm constant_tsc rep_good nopl nonstop_tsc extd_apicid aperfmperf pni pclmulqdq monitor ssse3 fma cx16 sse4_1 sse4_2 popcnt aes xsave avx f16c lahf_lm cmp_legacy svm extapic cr8_legacy abm sse4a misalignsse 3dnowprefetch osvw ibs xop skinit wdt lwp fma4 tce nodeid_msr tbm topoext perfctr_core perfctr_nb arat cpb hw_pstate npt lbrv svm_lock nrip_save tsc_scale vmcb_clean flushbyasid decodeassists pausefilter pfthreshold vmmcall bmi1
bugs		: fxsave_leak
bogomips	: 4194.02
TLB size	: 1536 4K pages
clflush size	: 64
cache_alignment	: 64
address sizes	: 48 bits physical, 48 bits virtual
power management: ts ttp tm 100mhzsteps hwpstate cpb eff_freq_ro

processor	: 1
vendor_id	: AuthenticAMD
cpu family	: 21
model		: 16
model name	: AMD A6-4455M APU with Radeon(tm) HD Graphics   
stepping	: 1
microcode	: 0x6001119
cpu MHz		: 2100.000
cache size	: 2048 KB
physical id	: 0
siblings	: 2
core id		: 1
cpu cores	: 1
apicid		: 17
initial apicid	: 1
fpu		: yes
fpu_exception	: yes
cpuid level	: 13
wp		: yes
flags		: fpu vme de pse tsc msr pae mce cx8 apic sep mtrr pge mca cmov pat pse36 clflush mmx fxsr sse sse2 ht syscall nx mmxext fxsr_opt pdpe1gb rdtscp lm constant_tsc rep_good nopl nonstop_tsc extd_apicid aperfmperf pni pclmulqdq monitor ssse3 fma cx16 sse4_1 sse4_2 popcnt aes xsave avx f16c lahf_lm cmp_legacy svm extapic cr8_legacy abm sse4a misalignsse 3dnowprefetch osvw ibs xop skinit wdt lwp fma4 tce nodeid_msr tbm topoext perfctr_core perfctr_nb arat cpb hw_pstate npt lbrv svm_lock nrip_save tsc_scale vmcb_clean flushbyasid decodeassists pausefilter pfthreshold vmmcall bmi1
bugs		: fxsave_leak
bogomips	: 4194.02
TLB size	: 1536 4K pages
clflush size	: 64
cache_alignment	: 64
address sizes	: 48 bits physical, 48 bits virtual
power management: ts ttp tm 100mhzsteps hwpstate cpb eff_freq_ro



Memory: 4k page, physical 5755352k(135996k free), swap 1048572k(3120k free)

vm_info: OpenJDK 64-Bit Server VM (25.40-b23) for linux-amd64 JRE (1.8.0_40-b20), built on Mar 15 2015 09:37:38 by "builduser" with gcc 4.9.2 20150304 (prerelease)

time: Sat Mar 28 19:10:27 2015
elapsed time: 638 seconds (0d 0h 10m 38s)

