#
# There is insufficient memory for the Java Runtime Environment to continue.
# Native memory allocation (mmap) failed to map 262144 bytes for committing reserved memory.
# Possible reasons:
#   The system is out of physical RAM or swap space
#   In 32 bit mode, the process size limit was hit
# Possible solutions:
#   Reduce memory load on the system
#   Increase physical memory or swap space
#   Check if swap backing store is full
#   Use 64 bit Java on a 64 bit OS
#   Decrease Java heap size (-Xmx/-Xms)
#   Decrease number of Java threads
#   Decrease Java thread stack sizes (-Xss)
#   Set larger code cache with -XX:ReservedCodeCacheSize=
# This output file may be truncated or incomplete.
#
#  Out of Memory Error (os_linux.cpp:2673), pid=16269, tid=140297444448000
#
# JRE version: OpenJDK Runtime Environment (8.0_40-b20) (build 1.8.0_40-b20)
# Java VM: OpenJDK 64-Bit Server VM (25.40-b23 mixed mode linux-amd64 compressed oops)
# Failed to write core dump. Core dumps have been disabled. To enable core dumping, try "ulimit -c unlimited" before starting Java again
#

---------------  T H R E A D  ---------------

Current thread (0x00007f99a40b5800):  JavaThread "C1 CompilerThread1" daemon [_thread_in_vm, id=16390, stack(0x00007f998b46d000,0x00007f998b56e000)]

Stack: [0x00007f998b46d000,0x00007f998b56e000],  sp=0x00007f998b56bf90,  free space=1019k
Native frames: (J=compiled Java code, j=interpreted, Vv=VM code, C=native code)
V  [libjvm.so+0xa8e69d]
V  [libjvm.so+0x4e856c]
V  [libjvm.so+0x8df110]
V  [libjvm.so+0x8d98de]
V  [libjvm.so+0xa8b2b4]
V  [libjvm.so+0x85f8d9]
V  [libjvm.so+0x85fb4a]
V  [libjvm.so+0x860d64]
V  [libjvm.so+0x860ebb]
V  [libjvm.so+0x861b4b]
V  [libjvm.so+0x861f17]
V  [libjvm.so+0x883da7]
V  [libjvm.so+0x869b22]
V  [libjvm.so+0x40c7ab]
V  [libjvm.so+0x40cae5]
V  [libjvm.so+0x33c401]
V  [libjvm.so+0x33c582]
V  [libjvm.so+0x33ca2f]
V  [libjvm.so+0x33d767]
V  [libjvm.so+0x496586]
V  [libjvm.so+0x497b5f]
V  [libjvm.so+0xa330e8]
V  [libjvm.so+0x8dc612]
C  [libpthread.so.0+0x7374]  start_thread+0xc4


Current CompileTask:
C1: 331977  482       3       java.util.Calendar::setTimeInMillis (84 bytes)


---------------  P R O C E S S  ---------------

Java Threads: ( => current thread )
  0x00007f99a4008800 JavaThread "DestroyJavaVM" [_thread_blocked, id=16275, stack(0x00007f99aa340000,0x00007f99aa441000)]
  0x00007f99a41ee000 JavaThread "AWT-EventQueue-0" [_thread_in_vm, id=16687, stack(0x00007f995fbf6000,0x00007f995fcf7000)]
  0x00007f99a41ec800 JavaThread "AWT-Shutdown" [_thread_blocked, id=16685, stack(0x00007f995fcf7000,0x00007f995fdf8000)]
  0x00007f99a41e8800 JavaThread "AWT-XAWT" daemon [_thread_in_native, id=16681, stack(0x00007f99880df000,0x00007f99881e0000)]
  0x00007f99a4108000 JavaThread "Java2D Disposer" daemon [_thread_blocked, id=16666, stack(0x00007f998843f000,0x00007f9988540000)]
  0x00007f99a40ba800 JavaThread "Service Thread" daemon [_thread_blocked, id=16393, stack(0x00007f998b36c000,0x00007f998b46d000)]
=>0x00007f99a40b5800 JavaThread "C1 CompilerThread1" daemon [_thread_in_vm, id=16390, stack(0x00007f998b46d000,0x00007f998b56e000)]
  0x00007f99a40b2800 JavaThread "C2 CompilerThread0" daemon [_thread_blocked, id=16388, stack(0x00007f998b56e000,0x00007f998b66f000)]
  0x00007f99a40b1000 JavaThread "Signal Dispatcher" daemon [_thread_blocked, id=16385, stack(0x00007f998b66f000,0x00007f998b770000)]
  0x00007f99a4078800 JavaThread "Finalizer" daemon [_thread_blocked, id=16315, stack(0x00007f998b8f9000,0x00007f998b9fa000)]
  0x00007f99a4076800 JavaThread "Reference Handler" daemon [_thread_blocked, id=16312, stack(0x00007f998b9fa000,0x00007f998bafb000)]

Other Threads:
  0x00007f99a4071800 VMThread [stack: 0x00007f998bafb000,0x00007f998bbfc000] [id=16305]
  0x00007f99a40bc800 WatcherThread [stack: 0x00007f998b26b000,0x00007f998b36c000] [id=16397]

VM state:not at safepoint (normal execution)

VM Mutex/Monitor currently owned by a thread:  ([mutex/lock_event])
[0x00007f99a4006ad0] MethodData_lock - owner thread: 0x00007f99a40b5800

Heap:
 PSYoungGen      total 26112K, used 8118K [0x00000000e2b80000, 0x00000000e4880000, 0x0000000100000000)
  eden space 22528K, 36% used [0x00000000e2b80000,0x00000000e336d9c8,0x00000000e4180000)
  from space 3584K, 0% used [0x00000000e4500000,0x00000000e4500000,0x00000000e4880000)
  to   space 3584K, 0% used [0x00000000e4180000,0x00000000e4180000,0x00000000e4500000)
 ParOldGen       total 60416K, used 0K [0x00000000a8200000, 0x00000000abd00000, 0x00000000e2b80000)
  object space 60416K, 0% used [0x00000000a8200000,0x00000000a8200000,0x00000000abd00000)
 Metaspace       used 8675K, capacity 8902K, committed 9088K, reserved 1056768K
  class space    used 943K, capacity 1025K, committed 1152K, reserved 1048576K

Card table byte_map: [0x00007f9994128000,0x00007f99943e8000] byte_map_base: 0x00007f9993be7000

Marking Bits: (ParMarkBitMap*) 0x00007f99a95f7580
 Begin Bits: [0x00007f9991262000, 0x00007f999285a000)
 End Bits:   [0x00007f999285a000, 0x00007f9993e52000)

Polling page: 0x00007f99aa33f000

CodeCache: size=245760Kb used=2217Kb max_used=2217Kb free=243542Kb
 bounds [0x00007f99947a8000, 0x00007f9994a18000, 0x00007f99a37a8000]
 total_blobs=918 nmethods=477 adapters=357
 compilation: enabled

Compilation events (10 events):
Event: 321,954 Thread 0x00007f99a40b5800  480       3       java.util.Locale::getCountry (8 bytes)
Event: 321,955 Thread 0x00007f99a40b5800 nmethod 480 0x00007f99949c6810 code [0x00007f99949c6980, 0x00007f99949c6b70]
Event: 322,344 Thread 0x00007f99a40b5800  481       1       java.lang.CharacterDataLatin1::getProperties (11 bytes)
Event: 322,344 Thread 0x00007f99a40b5800 nmethod 481 0x00007f99949c6490 code [0x00007f99949c6600, 0x00007f99949c6730]
Event: 323,414 Thread 0x00007f99a40b5800  485       3       java.util.GregorianCalendar::computeFields (1571 bytes)
Event: 323,453 Thread 0x00007f99a40b2800 nmethod 449 0x00007f99949c4d10 code [0x00007f99949c4e60, 0x00007f99949c4ee8]
Event: 325,954 Thread 0x00007f99a40b5800 nmethod 485 0x00007f99949cb3d0 code [0x00007f99949cba60, 0x00007f99949d1db8]
Event: 325,954 Thread 0x00007f99a40b5800  487       3       java.util.regex.Pattern$CharProperty::match (56 bytes)
Event: 325,969 Thread 0x00007f99a40b5800 nmethod 487 0x00007f99949c4510 code [0x00007f99949c46c0, 0x00007f99949c4ba8]
Event: 325,970 Thread 0x00007f99a40b5800  482       3       java.util.Calendar::setTimeInMillis (84 bytes)

GC Heap History (0 events):
No events

Deoptimization events (1 events):
Event: 280,493 Thread 0x00007f99a41ee000 Uncommon trap: reason=unloaded action=reinterpret pc=0x00007f999496f9c4 method=cliente.SocketClient.escribir(Ljava/lang/String;)V @ 14

Internal exceptions (10 events):
Event: 321,197 Thread 0x00007f99a41ee000 Exception <a 'java/net/SocketException'> (0x00000000e32a33b8) thrown at [/build/java8-openjdk/src/jdk8u-jdk8u40-b20/hotspot/src/share/vm/prims/jni.cpp, line 709]
Event: 321,561 Thread 0x00007f99a41ee000 Exception <a 'java/net/SocketException'> (0x00000000e32b4da8) thrown at [/build/java8-openjdk/src/jdk8u-jdk8u40-b20/hotspot/src/share/vm/prims/jni.cpp, line 709]
Event: 321,851 Thread 0x00007f99a41ee000 Exception <a 'java/net/SocketException'> (0x00000000e32c6798) thrown at [/build/java8-openjdk/src/jdk8u-jdk8u40-b20/hotspot/src/share/vm/prims/jni.cpp, line 709]
Event: 321,955 Thread 0x00007f99a41ee000 Exception <a 'java/net/SocketException'> (0x00000000e32d8188) thrown at [/build/java8-openjdk/src/jdk8u-jdk8u40-b20/hotspot/src/share/vm/prims/jni.cpp, line 709]
Event: 323,143 Thread 0x00007f99a41ee000 Exception <a 'java/net/SocketException'> (0x00000000e32e9b78) thrown at [/build/java8-openjdk/src/jdk8u-jdk8u40-b20/hotspot/src/share/vm/prims/jni.cpp, line 709]
Event: 323,413 Thread 0x00007f99a41ee000 Exception <a 'java/net/SocketException'> (0x00000000e32fb568) thrown at [/build/java8-openjdk/src/jdk8u-jdk8u40-b20/hotspot/src/share/vm/prims/jni.cpp, line 709]
Event: 325,949 Thread 0x00007f99a41ee000 Exception <a 'java/net/SocketException'> (0x00000000e330cf98) thrown at [/build/java8-openjdk/src/jdk8u-jdk8u40-b20/hotspot/src/share/vm/prims/jni.cpp, line 709]
Event: 325,956 Thread 0x00007f99a41ee000 Exception <a 'java/net/SocketException'> (0x00000000e331e988) thrown at [/build/java8-openjdk/src/jdk8u-jdk8u40-b20/hotspot/src/share/vm/prims/jni.cpp, line 709]
Event: 325,960 Thread 0x00007f99a41ee000 Exception <a 'java/net/SocketException'> (0x00000000e3330378) thrown at [/build/java8-openjdk/src/jdk8u-jdk8u40-b20/hotspot/src/share/vm/prims/jni.cpp, line 709]
Event: 325,962 Thread 0x00007f99a41ee000 Exception <a 'java/net/SocketException'> (0x00000000e3341d68) thrown at [/build/java8-openjdk/src/jdk8u-jdk8u40-b20/hotspot/src/share/vm/prims/jni.cpp, line 709]

Events (10 events):
Event: 298,991 loading class sun/util/resources/es/CalendarData_es_CO
Event: 298,991 loading class sun/util/resources/es/CalendarData_es_CO done
Event: 299,574 loading class java/text/DateFormatSymbols
Event: 299,574 loading class java/text/DateFormatSymbols done
Event: 299,574 loading class sun/util/locale/provider/DateFormatSymbolsProviderImpl
Event: 299,574 loading class sun/util/locale/provider/DateFormatSymbolsProviderImpl done
Event: 300,029 loading class java/util/Formattable
Event: 300,029 loading class java/util/Formattable done
Event: 314,720 Executing VM operation: BulkRevokeBias
Event: 320,980 Executing VM operation: BulkRevokeBias done


Dynamic libraries:
00400000-00401000 r-xp 00000000 08:07 428440                             /usr/lib/jvm/java-8-openjdk/jre/bin/java
00600000-00601000 rw-p 00000000 08:07 428440                             /usr/lib/jvm/java-8-openjdk/jre/bin/java
00d4f000-00d70000 rw-p 00000000 00:00 0                                  [heap]
a8200000-abd00000 rw-p 00000000 00:00 0 
abd00000-e2b80000 ---p 00000000 00:00 0 
e2b80000-e4880000 rw-p 00000000 00:00 0 
e4880000-100000000 ---p 00000000 00:00 0 
100000000-100120000 rw-p 00000000 00:00 0 
100120000-140000000 ---p 00000000 00:00 0 
7f9950000000-7f9950021000 rw-p 00000000 00:00 0 
7f9950021000-7f9954000000 ---p 00000000 00:00 0 
7f9954000000-7f99540a8000 rw-p 00000000 00:00 0 
7f99540a8000-7f9958000000 ---p 00000000 00:00 0 
7f9958000000-7f9958021000 rw-p 00000000 00:00 0 
7f9958021000-7f995c000000 ---p 00000000 00:00 0 
7f995f9d8000-7f995f9ee000 r-xp 00000000 08:07 428410                     /usr/lib/jvm/java-8-openjdk/jre/lib/amd64/libnet.so
7f995f9ee000-7f995fbee000 ---p 00016000 08:07 428410                     /usr/lib/jvm/java-8-openjdk/jre/lib/amd64/libnet.so
7f995fbee000-7f995fbef000 rw-p 00016000 08:07 428410                     /usr/lib/jvm/java-8-openjdk/jre/lib/amd64/libnet.so
7f995fbf6000-7f995fbf9000 ---p 00000000 00:00 0 
7f995fbf9000-7f995fcf7000 rw-p 00000000 00:00 0                          [stack:16687]
7f995fcf7000-7f995fcfa000 ---p 00000000 00:00 0 
7f995fcfa000-7f995fdf8000 rw-p 00000000 00:00 0                          [stack:16685]
7f995fdf8000-7f995fdfd000 r-xp 00000000 08:07 159396                     /usr/lib/libXfixes.so.3.1.0
7f995fdfd000-7f995fffc000 ---p 00005000 08:07 159396                     /usr/lib/libXfixes.so.3.1.0
7f995fffc000-7f995fffd000 r--p 00004000 08:07 159396                     /usr/lib/libXfixes.so.3.1.0
7f995fffd000-7f995fffe000 rw-p 00005000 08:07 159396                     /usr/lib/libXfixes.so.3.1.0
7f9960000000-7f9960021000 rw-p 00000000 00:00 0 
7f9960021000-7f9964000000 ---p 00000000 00:00 0 
7f9964000000-7f9964021000 rw-p 00000000 00:00 0 
7f9964021000-7f9968000000 ---p 00000000 00:00 0 
7f9968000000-7f9968311000 rw-p 00000000 00:00 0 
7f9968311000-7f996c000000 ---p 00000000 00:00 0 
7f996c000000-7f996c021000 rw-p 00000000 00:00 0 
7f996c021000-7f9970000000 ---p 00000000 00:00 0 
7f9970000000-7f9970021000 rw-p 00000000 00:00 0 
7f9970021000-7f9974000000 ---p 00000000 00:00 0 
7f9974000000-7f997423f000 rw-p 00000000 00:00 0 
7f997423f000-7f9978000000 ---p 00000000 00:00 0 
7f9978000000-7f9978021000 rw-p 00000000 00:00 0 
7f9978021000-7f997c000000 ---p 00000000 00:00 0 
7f997c000000-7f997c021000 rw-p 00000000 00:00 0 
7f997c021000-7f9980000000 ---p 00000000 00:00 0 
7f9980000000-7f9980021000 rw-p 00000000 00:00 0 
7f9980021000-7f9984000000 ---p 00000000 00:00 0 
7f9984000000-7f9984021000 rw-p 00000000 00:00 0 
7f9984021000-7f9988000000 ---p 00000000 00:00 0 
7f99880df000-7f99880e2000 ---p 00000000 00:00 0 
7f99880e2000-7f99881e0000 rw-p 00000000 00:00 0                          [stack:16681]
7f99881e0000-7f99881ea000 r-xp 00000000 08:07 160813                     /usr/lib/libXcursor.so.1.0.2
7f99881ea000-7f99883e9000 ---p 0000a000 08:07 160813                     /usr/lib/libXcursor.so.1.0.2
7f99883e9000-7f99883ea000 r--p 00009000 08:07 160813                     /usr/lib/libXcursor.so.1.0.2
7f99883ea000-7f99883eb000 rw-p 0000a000 08:07 160813                     /usr/lib/libXcursor.so.1.0.2
7f9988416000-7f9988421000 r--s 00116000 08:07 428369                     /usr/lib/jvm/java-8-openjdk/jre/lib/ext/localedata.jar
7f9988423000-7f998843f000 r--s 00393000 08:07 428370                     /usr/lib/jvm/java-8-openjdk/jre/lib/ext/cldrdata.jar
7f998843f000-7f9988442000 ---p 00000000 00:00 0 
7f9988442000-7f9988540000 rw-p 00000000 00:00 0                          [stack:16666]
7f9988540000-7f99885ae000 r-xp 00000000 08:07 141965                     /usr/lib/libpcre.so.1.2.4
7f99885ae000-7f99887ad000 ---p 0006e000 08:07 141965                     /usr/lib/libpcre.so.1.2.4
7f99887ad000-7f99887ae000 r--p 0006d000 08:07 141965                     /usr/lib/libpcre.so.1.2.4
7f99887ae000-7f99887af000 rw-p 0006e000 08:07 141965                     /usr/lib/libpcre.so.1.2.4
7f99887b0000-7f99887cc000 r-xp 00000000 08:07 159932                     /usr/lib/libgraphite2.so.3.0.1
7f99887cc000-7f99889cb000 ---p 0001c000 08:07 159932                     /usr/lib/libgraphite2.so.3.0.1
7f99889cb000-7f99889cd000 r--p 0001b000 08:07 159932                     /usr/lib/libgraphite2.so.3.0.1
7f99889cd000-7f99889ce000 rw-p 0001d000 08:07 159932                     /usr/lib/libgraphite2.so.3.0.1
7f99889d0000-7f9988adc000 r-xp 00000000 08:07 186737                     /usr/lib/libglib-2.0.so.0.4200.2
7f9988adc000-7f9988cdb000 ---p 0010c000 08:07 186737                     /usr/lib/libglib-2.0.so.0.4200.2
7f9988cdb000-7f9988cdc000 r--p 0010b000 08:07 186737                     /usr/lib/libglib-2.0.so.0.4200.2
7f9988cdc000-7f9988cdd000 rw-p 0010c000 08:07 186737                     /usr/lib/libglib-2.0.so.0.4200.2
7f9988cdd000-7f9988cde000 rw-p 00000000 00:00 0 
7f9988ce0000-7f9988d3a000 r-xp 00000000 08:07 159941                     /usr/lib/libharfbuzz.so.0.940.0
7f9988d3a000-7f9988f39000 ---p 0005a000 08:07 159941                     /usr/lib/libharfbuzz.so.0.940.0
7f9988f39000-7f9988f3c000 r--p 00059000 08:07 159941                     /usr/lib/libharfbuzz.so.0.940.0
7f9988f3c000-7f9988f3d000 rw-p 0005c000 08:07 159941                     /usr/lib/libharfbuzz.so.0.940.0
7f9988f40000-7f9988f75000 r-xp 00000000 08:07 159517                     /usr/lib/libpng16.so.16.16.0
7f9988f75000-7f9989174000 ---p 00035000 08:07 159517                     /usr/lib/libpng16.so.16.16.0
7f9989174000-7f9989175000 r--p 00034000 08:07 159517                     /usr/lib/libpng16.so.16.16.0
7f9989175000-7f9989176000 rw-p 00035000 08:07 159517                     /usr/lib/libpng16.so.16.16.0
7f9989178000-7f9989187000 r-xp 00000000 08:07 136853                     /usr/lib/libbz2.so.1.0.6
7f9989187000-7f9989386000 ---p 0000f000 08:07 136853                     /usr/lib/libbz2.so.1.0.6
7f9989386000-7f9989388000 rw-p 0000e000 08:07 136853                     /usr/lib/libbz2.so.1.0.6
7f9989388000-7f998939e000 r-xp 00000000 08:07 134103                     /usr/lib/libgcc_s.so.1
7f998939e000-7f998959d000 ---p 00016000 08:07 134103                     /usr/lib/libgcc_s.so.1
7f998959d000-7f998959e000 rw-p 00015000 08:07 134103                     /usr/lib/libgcc_s.so.1
7f99895a0000-7f9989656000 r-xp 00000000 08:07 159955                     /usr/lib/libfreetype.so.6.11.4
7f9989656000-7f9989856000 ---p 000b6000 08:07 159955                     /usr/lib/libfreetype.so.6.11.4
7f9989856000-7f998985c000 r--p 000b6000 08:07 159955                     /usr/lib/libfreetype.so.6.11.4
7f998985c000-7f998985d000 rw-p 000bc000 08:07 159955                     /usr/lib/libfreetype.so.6.11.4
7f998985f000-7f9989890000 rw-p 00000000 00:00 0 
7f9989890000-7f99898a9000 r--s 00000000 08:07 669984                     /var/cache/fontconfig/8d4af663993b81a124ee82e610bb31f9-le64.cache-4
7f99898b0000-7f9989911000 r-xp 00000000 08:07 428427                     /usr/lib/jvm/java-8-openjdk/jre/lib/amd64/libfontmanager.so
7f9989911000-7f9989b10000 ---p 00061000 08:07 428427                     /usr/lib/jvm/java-8-openjdk/jre/lib/amd64/libfontmanager.so
7f9989b10000-7f9989b14000 rw-p 00060000 08:07 428427                     /usr/lib/jvm/java-8-openjdk/jre/lib/amd64/libfontmanager.so
7f9989b14000-7f9989b27000 rw-p 00000000 00:00 0 
7f9989b28000-7f9989b2d000 r-xp 00000000 08:07 156005                     /usr/lib/libXdmcp.so.6.0.0
7f9989b2d000-7f9989d2c000 ---p 00005000 08:07 156005                     /usr/lib/libXdmcp.so.6.0.0
7f9989d2c000-7f9989d2d000 r--p 00004000 08:07 156005                     /usr/lib/libXdmcp.so.6.0.0
7f9989d2d000-7f9989d2e000 rw-p 00005000 08:07 156005                     /usr/lib/libXdmcp.so.6.0.0
7f9989d30000-7f9989d32000 r-xp 00000000 08:07 156010                     /usr/lib/libXau.so.6.0.0
7f9989d32000-7f9989f32000 ---p 00002000 08:07 156010                     /usr/lib/libXau.so.6.0.0
7f9989f32000-7f9989f33000 r--p 00002000 08:07 156010                     /usr/lib/libXau.so.6.0.0
7f9989f33000-7f9989f34000 rw-p 00003000 08:07 156010                     /usr/lib/libXau.so.6.0.0
7f9989f38000-7f9989f59000 r-xp 00000000 08:07 158332                     /usr/lib/libxcb.so.1.1.0
7f9989f59000-7f998a158000 ---p 00021000 08:07 158332                     /usr/lib/libxcb.so.1.1.0
7f998a158000-7f998a159000 r--p 00020000 08:07 158332                     /usr/lib/libxcb.so.1.1.0
7f998a159000-7f998a15a000 rw-p 00021000 08:07 158332                     /usr/lib/libxcb.so.1.1.0
7f998a160000-7f998a16f000 r-xp 00000000 08:07 159390                     /usr/lib/libXi.so.6.1.0
7f998a16f000-7f998a36f000 ---p 0000f000 08:07 159390                     /usr/lib/libXi.so.6.1.0
7f998a36f000-7f998a370000 r--p 0000f000 08:07 159390                     /usr/lib/libXi.so.6.1.0
7f998a370000-7f998a371000 rw-p 00010000 08:07 159390                     /usr/lib/libXi.so.6.1.0
7f998a378000-7f998a37d000 r-xp 00000000 08:07 159412                     /usr/lib/libXtst.so.6.1.0
7f998a37d000-7f998a57c000 ---p 00005000 08:07 159412                     /usr/lib/libXtst.so.6.1.0
7f998a57c000-7f998a57d000 r--p 00004000 08:07 159412                     /usr/lib/libXtst.so.6.1.0
7f998a57d000-7f998a57e000 rw-p 00005000 08:07 159412                     /usr/lib/libXtst.so.6.1.0
7f998a580000-7f998a589000 r-xp 00000000 08:07 159929                     /usr/lib/libXrender.so.1.3.0
7f998a589000-7f998a788000 ---p 00009000 08:07 159929                     /usr/lib/libXrender.so.1.3.0
7f998a788000-7f998a789000 r--p 00008000 08:07 159929                     /usr/lib/libXrender.so.1.3.0
7f998a789000-7f998a78a000 rw-p 00009000 08:07 159929                     /usr/lib/libXrender.so.1.3.0
7f998a790000-7f998a8cb000 r-xp 00000000 08:07 158413                     /usr/lib/libX11.so.6.3.0
7f998a8cb000-7f998aaca000 ---p 0013b000 08:07 158413                     /usr/lib/libX11.so.6.3.0
7f998aaca000-7f998aacc000 r--p 0013a000 08:07 158413                     /usr/lib/libX11.so.6.3.0
7f998aacc000-7f998aad1000 rw-p 0013c000 08:07 158413                     /usr/lib/libX11.so.6.3.0
7f998aad1000-7f998aad2000 rw-p 00000000 00:00 0 
7f998aad8000-7f998aae9000 r-xp 00000000 08:07 159311                     /usr/lib/libXext.so.6.4.0
7f998aae9000-7f998ace8000 ---p 00011000 08:07 159311                     /usr/lib/libXext.so.6.4.0
7f998ace8000-7f998ace9000 r--p 00010000 08:07 159311                     /usr/lib/libXext.so.6.4.0
7f998ace9000-7f998acea000 rw-p 00011000 08:07 159311                     /usr/lib/libXext.so.6.4.0
7f998acf0000-7f998acf2000 r--s 00000000 08:07 669321                     /var/cache/fontconfig/452f1fac34b224105d7acfae3034bcd5-le64.cache-4
7f998acf8000-7f998acf9000 r--s 00000000 08:07 655184                     /var/cache/fontconfig/6ba42ae0000f58711b5caaf10d690066-le64.cache-4
7f998ad00000-7f998ad0f000 r--s 00000000 08:07 658776                     /var/cache/fontconfig/5a02e0a9ca9b27d0aa4bd0c42ba2438d-le64.cache-4
7f998ad10000-7f998ad1a000 r--s 00000000 08:07 655257                     /var/cache/fontconfig/d62e99ef547d1d24cdb1bd22ec1a2976-le64.cache-4
7f998ad20000-7f998ad2d000 r--s 00000000 08:07 675069                     /var/cache/fontconfig/f6b893a7224233d96cb72fd88691c0b4-le64.cache-4
7f998ad2d000-7f998ad40000 r--s 00345000 08:07 428351                     /usr/lib/jvm/java-8-openjdk/jre/lib/resources.jar
7f998ad40000-7f998ad93000 r-xp 00000000 08:07 428425                     /usr/lib/jvm/java-8-openjdk/jre/lib/amd64/libawt_xawt.so
7f998ad93000-7f998af92000 ---p 00053000 08:07 428425                     /usr/lib/jvm/java-8-openjdk/jre/lib/amd64/libawt_xawt.so
7f998af92000-7f998af96000 rw-p 00052000 08:07 428425                     /usr/lib/jvm/java-8-openjdk/jre/lib/amd64/libawt_xawt.so
7f998af96000-7f998af97000 rw-p 00000000 00:00 0 
7f998af98000-7f998b038000 r-xp 00000000 08:07 428422                     /usr/lib/jvm/java-8-openjdk/jre/lib/amd64/libawt.so
7f998b038000-7f998b238000 ---p 000a0000 08:07 428422                     /usr/lib/jvm/java-8-openjdk/jre/lib/amd64/libawt.so
7f998b238000-7f998b244000 rw-p 000a0000 08:07 428422                     /usr/lib/jvm/java-8-openjdk/jre/lib/amd64/libawt.so
7f998b244000-7f998b268000 rw-p 00000000 00:00 0 
7f998b26b000-7f998b26c000 ---p 00000000 00:00 0 
7f998b26c000-7f998b36c000 rw-p 00000000 00:00 0                          [stack:16397]
7f998b36c000-7f998b36f000 ---p 00000000 00:00 0 
7f998b36f000-7f998b46d000 rw-p 00000000 00:00 0                          [stack:16393]
7f998b46d000-7f998b470000 ---p 00000000 00:00 0 
7f998b470000-7f998b56e000 rw-p 00000000 00:00 0                          [stack:16390]
7f998b56e000-7f998b571000 ---p 00000000 00:00 0 
7f998b571000-7f998b66f000 rw-p 00000000 00:00 0                          [stack:16388]
7f998b66f000-7f998b672000 ---p 00000000 00:00 0 
7f998b672000-7f998b770000 rw-p 00000000 00:00 0                          [stack:16385]
7f998b770000-7f998b8f9000 r--p 00000000 08:07 159448                     /usr/lib/locale/locale-archive
7f998b8f9000-7f998b8fc000 ---p 00000000 00:00 0 
7f998b8fc000-7f998b9fa000 rw-p 00000000 00:00 0                          [stack:16315]
7f998b9fa000-7f998b9fd000 ---p 00000000 00:00 0 
7f998b9fd000-7f998bafb000 rw-p 00000000 00:00 0                          [stack:16312]
7f998bafb000-7f998bafc000 ---p 00000000 00:00 0 
7f998bafc000-7f998c000000 rw-p 00000000 00:00 0                          [stack:16305]
7f998c000000-7f998c021000 rw-p 00000000 00:00 0 
7f998c021000-7f9990000000 ---p 00000000 00:00 0 
7f9990000000-7f9990009000 r--s 00000000 08:07 669908                     /var/cache/fontconfig/f349e9996a5320f6dd491cedd2b1f964-le64.cache-4
7f9990010000-7f9990036000 r--p 00000000 08:07 133714                     /usr/share/locale/es/LC_MESSAGES/libc.mo
7f9990038000-7f999003d000 r--s 002f8000 08:07 428349                     /usr/lib/jvm/java-8-openjdk/jre/lib/charsets.jar
7f9990044000-7f999004b000 r--s 00094000 08:07 565039                     /usr/share/netbeans/java/modules/ext/beansbinding-1.2.1.jar
7f9990050000-7f9990051000 r--s 00000000 08:07 565038                     /usr/share/netbeans/java/modules/ext/AbsoluteLayout.jar
7f9990055000-7f999055a000 rw-p 00000000 00:00 0 
7f999055a000-7f9990728000 r--s 03bd2000 08:07 428353                     /usr/lib/jvm/java-8-openjdk/jre/lib/rt.jar
7f999072d000-7f9990f63000 rw-p 00000000 00:00 0 
7f9990fa3000-7f9993e52000 rw-p 00000000 00:00 0 
7f9993e52000-7f9993e53000 ---p 00000000 00:00 0 
7f9993e53000-7f9993f71000 rw-p 00000000 00:00 0                          [stack:16281]
7f9993f71000-7f9994128000 ---p 00000000 00:00 0 
7f9994128000-7f9994146000 rw-p 00000000 00:00 0 
7f9994146000-7f99942fc000 ---p 00000000 00:00 0 
7f99942fc000-7f999430c000 rw-p 00000000 00:00 0 
7f999430c000-7f99943e7000 ---p 00000000 00:00 0 
7f99943e7000-7f99943f2000 rw-p 00000000 00:00 0 
7f99943f2000-7f99947a8000 ---p 00000000 00:00 0 
7f99947a8000-7f9994a18000 rwxp 00000000 00:00 0 
7f9994a18000-7f99a37a8000 ---p 00000000 00:00 0 
7f99a37a8000-7f99a37b0000 r-xp 00000000 08:07 428408                     /usr/lib/jvm/java-8-openjdk/jre/lib/amd64/libzip.so
7f99a37b0000-7f99a39af000 ---p 00008000 08:07 428408                     /usr/lib/jvm/java-8-openjdk/jre/lib/amd64/libzip.so
7f99a39af000-7f99a39b0000 rw-p 00007000 08:07 428408                     /usr/lib/jvm/java-8-openjdk/jre/lib/amd64/libzip.so
7f99a39b0000-7f99a39bb000 r-xp 00000000 08:07 133754                     /usr/lib/libnss_files-2.21.so
7f99a39bb000-7f99a3bbb000 ---p 0000b000 08:07 133754                     /usr/lib/libnss_files-2.21.so
7f99a3bbb000-7f99a3bbc000 r--p 0000b000 08:07 133754                     /usr/lib/libnss_files-2.21.so
7f99a3bbc000-7f99a3bbd000 rw-p 0000c000 08:07 133754                     /usr/lib/libnss_files-2.21.so
7f99a3bc0000-7f99a3bed000 r-xp 00000000 08:07 428407                     /usr/lib/jvm/java-8-openjdk/jre/lib/amd64/libjava.so
7f99a3bed000-7f99a3ded000 ---p 0002d000 08:07 428407                     /usr/lib/jvm/java-8-openjdk/jre/lib/amd64/libjava.so
7f99a3ded000-7f99a3def000 rw-p 0002d000 08:07 428407                     /usr/lib/jvm/java-8-openjdk/jre/lib/amd64/libjava.so
7f99a3df0000-7f99a3dfd000 r-xp 00000000 08:07 428399                     /usr/lib/jvm/java-8-openjdk/jre/lib/amd64/libverify.so
7f99a3dfd000-7f99a3ffc000 ---p 0000d000 08:07 428399                     /usr/lib/jvm/java-8-openjdk/jre/lib/amd64/libverify.so
7f99a3ffc000-7f99a3ffe000 rw-p 0000c000 08:07 428399                     /usr/lib/jvm/java-8-openjdk/jre/lib/amd64/libverify.so
7f99a4000000-7f99a41f0000 rw-p 00000000 00:00 0 
7f99a41f0000-7f99a8000000 ---p 00000000 00:00 0 
7f99a8004000-7f99a8067000 rw-p 00000000 00:00 0 
7f99a8067000-7f99a8068000 ---p 00000000 00:00 0 
7f99a8068000-7f99a8168000 rw-p 00000000 00:00 0                          [stack:16280]
7f99a8168000-7f99a816f000 r-xp 00000000 08:07 133786                     /usr/lib/librt-2.21.so
7f99a816f000-7f99a836e000 ---p 00007000 08:07 133786                     /usr/lib/librt-2.21.so
7f99a836e000-7f99a836f000 r--p 00006000 08:07 133786                     /usr/lib/librt-2.21.so
7f99a836f000-7f99a8370000 rw-p 00007000 08:07 133786                     /usr/lib/librt-2.21.so
7f99a8370000-7f99a8473000 r-xp 00000000 08:07 133813                     /usr/lib/libm-2.21.so
7f99a8473000-7f99a8673000 ---p 00103000 08:07 133813                     /usr/lib/libm-2.21.so
7f99a8673000-7f99a8674000 r--p 00103000 08:07 133813                     /usr/lib/libm-2.21.so
7f99a8674000-7f99a8675000 rw-p 00104000 08:07 133813                     /usr/lib/libm-2.21.so
7f99a8678000-7f99a9317000 r-xp 00000000 08:07 428431                     /usr/lib/jvm/java-8-openjdk/jre/lib/amd64/server/libjvm.so
7f99a9317000-7f99a9517000 ---p 00c9f000 08:07 428431                     /usr/lib/jvm/java-8-openjdk/jre/lib/amd64/server/libjvm.so
7f99a9517000-7f99a95e3000 rw-p 00c9f000 08:07 428431                     /usr/lib/jvm/java-8-openjdk/jre/lib/amd64/server/libjvm.so
7f99a95e3000-7f99a9624000 rw-p 00000000 00:00 0 
7f99a9628000-7f99a97c1000 r-xp 00000000 08:07 133765                     /usr/lib/libc-2.21.so
7f99a97c1000-7f99a99c1000 ---p 00199000 08:07 133765                     /usr/lib/libc-2.21.so
7f99a99c1000-7f99a99c5000 r--p 00199000 08:07 133765                     /usr/lib/libc-2.21.so
7f99a99c5000-7f99a99c7000 rw-p 0019d000 08:07 133765                     /usr/lib/libc-2.21.so
7f99a99c7000-7f99a99cb000 rw-p 00000000 00:00 0 
7f99a99d0000-7f99a99d2000 r-xp 00000000 08:07 133795                     /usr/lib/libdl-2.21.so
7f99a99d2000-7f99a9bd2000 ---p 00002000 08:07 133795                     /usr/lib/libdl-2.21.so
7f99a9bd2000-7f99a9bd3000 r--p 00002000 08:07 133795                     /usr/lib/libdl-2.21.so
7f99a9bd3000-7f99a9bd4000 rw-p 00003000 08:07 133795                     /usr/lib/libdl-2.21.so
7f99a9bd8000-7f99a9be5000 r-xp 00000000 08:07 428428                     /usr/lib/jvm/java-8-openjdk/jre/lib/amd64/jli/libjli.so
7f99a9be5000-7f99a9de5000 ---p 0000d000 08:07 428428                     /usr/lib/jvm/java-8-openjdk/jre/lib/amd64/jli/libjli.so
7f99a9de5000-7f99a9de6000 rw-p 0000d000 08:07 428428                     /usr/lib/jvm/java-8-openjdk/jre/lib/amd64/jli/libjli.so
7f99a9de8000-7f99a9dfd000 r-xp 00000000 08:07 136861                     /usr/lib/libz.so.1.2.8
7f99a9dfd000-7f99a9ffc000 ---p 00015000 08:07 136861                     /usr/lib/libz.so.1.2.8
7f99a9ffc000-7f99a9ffd000 r--p 00014000 08:07 136861                     /usr/lib/libz.so.1.2.8
7f99a9ffd000-7f99a9ffe000 rw-p 00015000 08:07 136861                     /usr/lib/libz.so.1.2.8
7f99aa000000-7f99aa018000 r-xp 00000000 08:07 133785                     /usr/lib/libpthread-2.21.so
7f99aa018000-7f99aa217000 ---p 00018000 08:07 133785                     /usr/lib/libpthread-2.21.so
7f99aa217000-7f99aa218000 r--p 00017000 08:07 133785                     /usr/lib/libpthread-2.21.so
7f99aa218000-7f99aa219000 rw-p 00018000 08:07 133785                     /usr/lib/libpthread-2.21.so
7f99aa219000-7f99aa21d000 rw-p 00000000 00:00 0 
7f99aa220000-7f99aa242000 r-xp 00000000 08:07 133809                     /usr/lib/ld-2.21.so
7f99aa244000-7f99aa330000 rw-p 00000000 00:00 0 
7f99aa330000-7f99aa338000 rw-s 00000000 00:1f 3769384                    /tmp/hsperfdata_maximiliano/16269
7f99aa33c000-7f99aa33f000 rw-p 00000000 00:00 0 
7f99aa33f000-7f99aa340000 r--p 00000000 00:00 0 
7f99aa340000-7f99aa343000 ---p 00000000 00:00 0 
7f99aa343000-7f99aa441000 rw-p 00000000 00:00 0                          [stack:16275]
7f99aa441000-7f99aa442000 r--p 00021000 08:07 133809                     /usr/lib/ld-2.21.so
7f99aa442000-7f99aa443000 rw-p 00022000 08:07 133809                     /usr/lib/ld-2.21.so
7f99aa443000-7f99aa445000 rw-p 00000000 00:00 0 
7f99aa445000-7f99aa449000 rw-p 00000000 00:00 0 
7fff48889000-7fff488aa000 rw-p 00000000 00:00 0                          [stack]
7fff489d0000-7fff489d2000 r--p 00000000 00:00 0                          [vvar]
7fff489d2000-7fff489d4000 r-xp 00000000 00:00 0                          [vdso]
ffffffffff600000-ffffffffff601000 r-xp 00000000 00:00 0                  [vsyscall]

VM Arguments:
jvm_args: -Dfile.encoding=UTF-8 
java_command: cliente.Cliente
java_class_path (initial): /usr/share/netbeans/java/modules/ext/AbsoluteLayout.jar:/usr/share/netbeans/java/modules/ext/beansbinding-1.2.1.jar:/home/maximiliano/NetBeansProjects/socket/build/classes
Launcher Type: SUN_STANDARD

Environment Variables:
PATH=/usr/local/sbin:/usr/local/bin:/usr/bin:/usr/lib/jvm/default/bin:/usr/bin/site_perl:/usr/bin/vendor_perl:/usr/bin/core_perl
LD_LIBRARY_PATH=/usr/lib/jvm/default/bin/../jre/lib/amd64:/usr/lib/jvm/default/bin/../jre/lib/i386:
SHELL=/bin/bash
DISPLAY=:0

Signal Handlers:
SIGSEGV: [libjvm.so+0xa8f160], sa_mask[0]=11111111011111111101111111111110, sa_flags=SA_RESTART|SA_SIGINFO
SIGBUS: [libjvm.so+0xa8f160], sa_mask[0]=11111111011111111101111111111110, sa_flags=SA_RESTART|SA_SIGINFO
SIGFPE: [libjvm.so+0x8daa30], sa_mask[0]=11111111011111111101111111111110, sa_flags=SA_RESTART|SA_SIGINFO
SIGPIPE: [libjvm.so+0x8daa30], sa_mask[0]=11111111011111111101111111111110, sa_flags=SA_RESTART|SA_SIGINFO
SIGXFSZ: [libjvm.so+0x8daa30], sa_mask[0]=11111111011111111101111111111110, sa_flags=SA_RESTART|SA_SIGINFO
SIGILL: [libjvm.so+0x8daa30], sa_mask[0]=11111111011111111101111111111110, sa_flags=SA_RESTART|SA_SIGINFO
SIGUSR1: SIG_DFL, sa_mask[0]=00000000000000000000000000000000, sa_flags=none
SIGUSR2: [libjvm.so+0x8da8e0], sa_mask[0]=00100000000000000000000000000000, sa_flags=SA_RESTART|SA_SIGINFO
SIGHUP: [libjvm.so+0x8dab00], sa_mask[0]=11111111011111111101111111111110, sa_flags=SA_RESTART|SA_SIGINFO
SIGINT: SIG_IGN, sa_mask[0]=00000000000000000000000000000000, sa_flags=none
SIGTERM: [libjvm.so+0x8dab00], sa_mask[0]=11111111011111111101111111111110, sa_flags=SA_RESTART|SA_SIGINFO
SIGQUIT: [libjvm.so+0x8dab00], sa_mask[0]=11111111011111111101111111111110, sa_flags=SA_RESTART|SA_SIGINFO


---------------  S Y S T E M  ---------------

OS:NAME="Arch Linux"
ID=arch
PRETTY_NAME="Arch Linux"
ANSI_COLOR="0;36"
HOME_URL="https://www.archlinux.org/"
SUPPORT_URL="https://bbs.archlinux.org/"
BUG_REPORT_URL="https://bugs.archlinux.org/"


uname:Linux 3.19.2-1-ARCH #1 SMP PREEMPT Wed Mar 18 16:21:02 CET 2015 x86_64
libc:glibc 2.21 NPTL 2.21 
rlimit: STACK 8192k, CORE 0k, NPROC 22460, NOFILE 4096, AS infinity
load average:144,08 42,33 17,36

/proc/meminfo:
MemTotal:        5755352 kB
MemFree:          131680 kB
MemAvailable:      69924 kB
Buffers:             420 kB
Cached:            25348 kB
SwapCached:          352 kB
Active:          4313428 kB
Inactive:         963480 kB
Active(anon):    4301092 kB
Inactive(anon):   958840 kB
Active(file):      12336 kB
Inactive(file):     4640 kB
Unevictable:          32 kB
Mlocked:              32 kB
SwapTotal:       1048572 kB
SwapFree:              0 kB
Dirty:                40 kB
Writeback:           156 kB
AnonPages:       5251764 kB
Mapped:            18144 kB
Shmem:              8148 kB
Slab:             111608 kB
SReclaimable:      28440 kB
SUnreclaim:        83168 kB
KernelStack:       49376 kB
PageTables:        90796 kB
NFS_Unstable:          0 kB
Bounce:                0 kB
WritebackTmp:          0 kB
CommitLimit:     3926248 kB
Committed_AS:   27254100 kB
VmallocTotal:   34359738367 kB
VmallocUsed:      308136 kB
VmallocChunk:   34359426940 kB
HardwareCorrupted:     0 kB
AnonHugePages:   1638400 kB
HugePages_Total:       0
HugePages_Free:        0
HugePages_Rsvd:        0
HugePages_Surp:        0
Hugepagesize:       2048 kB
DirectMap4k:      689540 kB
DirectMap2M:     5302272 kB
DirectMap1G:           0 kB


CPU:total 2 (2 cores per cpu, 1 threads per core) family 21 model 16 stepping 1, cmov, cx8, fxsr, mmx, sse, sse2, sse3, ssse3, sse4.1, sse4.2, popcnt, avx, aes, clmul, mmxext, 3dnowpref, lzcnt, sse4a, tsc, tscinvbit, tscinv, bmi1

/proc/cpuinfo:
processor	: 0
vendor_id	: AuthenticAMD
cpu family	: 21
model		: 16
model name	: AMD A6-4455M APU with Radeon(tm) HD Graphics
stepping	: 1
microcode	: 0x6001119
cpu MHz		: 2100.000
cache size	: 2048 KB
physical id	: 0
siblings	: 2
core id		: 0
cpu cores	: 1
apicid		: 16
initial apicid	: 0
fpu		: yes
fpu_exception	: yes
cpuid level	: 13
wp		: yes
flags		: fpu vme de pse tsc msr pae mce cx8 apic sep mtrr pge mca cmov pat pse36 clflush mmx fxsr sse sse2 ht syscall nx mmxext fxsr_opt pdpe1gb rdtscp lm constant_tsc rep_good nopl nonstop_tsc extd_apicid aperfmperf pni pclmulqdq monitor ssse3 fma cx16 sse4_1 sse4_2 popcnt aes xsave avx f16c lahf_lm cmp_legacy svm extapic cr8_legacy abm sse4a misalignsse 3dnowprefetch osvw ibs xop skinit wdt lwp fma4 tce nodeid_msr tbm topoext perfctr_core perfctr_nb arat cpb hw_pstate npt lbrv svm_lock nrip_save tsc_scale vmcb_clean flushbyasid decodeassists pausefilter pfthreshold vmmcall bmi1
bugs		: fxsave_leak
bogomips	: 4194.02
TLB size	: 1536 4K pages
clflush size	: 64
cache_alignment	: 64
address sizes	: 48 bits physical, 48 bits virtual
power management: ts ttp tm 100mhzsteps hwpstate cpb eff_freq_ro

processor	: 1
vendor_id	: AuthenticAMD
cpu family	: 21
model		: 16
model name	: AMD A6-4455M APU with Radeon(tm) HD Graphics   
stepping	: 1
microcode	: 0x6001119
cpu MHz		: 2100.000
cache size	: 2048 KB
physical id	: 0
siblings	: 2
core id		: 1
cpu cores	: 1
apicid		: 17
initial apicid	: 1
fpu		: yes
fpu_exception	: yes
cpuid level	: 13
wp		: yes
flags		: fpu vme de pse tsc msr pae mce cx8 apic sep mtrr pge mca cmov pat pse36 clflush mmx fxsr sse sse2 ht syscall nx mmxext fxsr_opt pdpe1gb rdtscp lm constant_tsc rep_good nopl nonstop_tsc extd_apicid aperfmperf pni pclmulqdq monitor ssse3 fma cx16 sse4_1 sse4_2 popcnt aes xsave avx f16c lahf_lm cmp_legacy svm extapic cr8_legacy abm sse4a misalignsse 3dnowprefetch osvw ibs xop skinit wdt lwp fma4 tce nodeid_msr tbm topoext perfctr_core perfctr_nb arat cpb hw_pstate npt lbrv svm_lock nrip_save tsc_scale vmcb_clean flushbyasid decodeassists pausefilter pfthreshold vmmcall bmi1
bugs		: fxsave_leak
bogomips	: 4194.02
TLB size	: 1536 4K pages
clflush size	: 64
cache_alignment	: 64
address sizes	: 48 bits physical, 48 bits virtual
power management: ts ttp tm 100mhzsteps hwpstate cpb eff_freq_ro



Memory: 4k page, physical 5755352k(131680k free), swap 1048572k(0k free)

vm_info: OpenJDK 64-Bit Server VM (25.40-b23) for linux-amd64 JRE (1.8.0_40-b20), built on Mar 15 2015 09:37:38 by "builduser" with gcc 4.9.2 20150304 (prerelease)

time: Sat Mar 28 19:04:26 2015
elapsed time: 332 seconds (0d 0h 5m 32s)

